{"timestamp":"2026-02-23 21:37:59","level":"PHP","user":"guest","ip":"::1","url":"\/DISTRIBUIDORAFINAL\/api\/login\/authenticate","message":"PHP Error: Cannot modify header information - headers already sent by (output started at C:\\xampp\\htdocs\\DistribuidoraFinal\\app\\Controllers\\api\\AuthController.php:28)","context":{"file":"C:\\xampp\\htdocs\\DistribuidoraFinal\\app\\core\\BaseController.php","line":22,"type":2}}
{"timestamp":"2026-02-23 22:37:30","level":"PHP","user":"Erick Adrian Retes López","ip":"::1","url":"\/DISTRIBUIDORAFINAL\/","message":"PHP Error: Undefined array key \"modulos\"","context":{"file":"C:\\xampp\\htdocs\\DistribuidoraFinal\\app\\Views\\layout\\menu.php","line":2,"type":2}}
{"timestamp":"2026-02-23 22:37:30","level":"PHP","user":"Erick Adrian Retes López","ip":"::1","url":"\/DISTRIBUIDORAFINAL\/","message":"PHP Error: foreach() argument must be of type array|object, null given","context":{"file":"C:\\xampp\\htdocs\\DistribuidoraFinal\\app\\Views\\layout\\menu.php","line":11,"type":2}}
{"timestamp":"2026-02-23 22:37:30","level":"PHP","user":"Erick Adrian Retes López","ip":"::1","url":"\/DISTRIBUIDORAFINAL\/","message":"Uncaught Exception: Class \"RutasController\" not found","context":{"file":"C:\\xampp\\htdocs\\DistribuidoraFinal\\app\\Views\\layout\\scripts.php","line":84}}
{"timestamp":"2026-02-23 22:37:38","level":"PHP","user":"guest","ip":"::1","url":"\/DISTRIBUIDORAFINAL\/login","message":"PHP Error: Undefined array key \"username\"","context":{"file":"C:\\xampp\\htdocs\\DistribuidoraFinal\\app\\Views\\layout\\header.php","line":72,"type":2}}
{"timestamp":"2026-02-23 22:37:38","level":"PHP","user":"guest","ip":"::1","url":"\/DISTRIBUIDORAFINAL\/login","message":"PHP Error: Undefined array key \"modulos\"","context":{"file":"C:\\xampp\\htdocs\\DistribuidoraFinal\\app\\Views\\layout\\menu.php","line":2,"type":2}}
{"timestamp":"2026-02-23 22:37:38","level":"PHP","user":"guest","ip":"::1","url":"\/DISTRIBUIDORAFINAL\/login","message":"PHP Error: foreach() argument must be of type array|object, null given","context":{"file":"C:\\xampp\\htdocs\\DistribuidoraFinal\\app\\Views\\layout\\menu.php","line":11,"type":2}}
{"timestamp":"2026-02-23 22:37:38","level":"PHP","user":"guest","ip":"::1","url":"\/DISTRIBUIDORAFINAL\/login","message":"Uncaught Exception: Class \"RutasController\" not found","context":{"file":"C:\\xampp\\htdocs\\DistribuidoraFinal\\app\\Views\\layout\\scripts.php","line":84}}
{"timestamp":"2026-02-23 22:37:51","level":"PHP","user":"guest","ip":"::1","url":"\/DISTRIBUIDORAFINAL\/login","message":"PHP Error: Undefined array key \"username\"","context":{"file":"C:\\xampp\\htdocs\\DistribuidoraFinal\\app\\Views\\layout\\header.php","line":72,"type":2}}
{"timestamp":"2026-02-23 22:37:51","level":"PHP","user":"guest","ip":"::1","url":"\/DISTRIBUIDORAFINAL\/login","message":"PHP Error: Undefined array key \"modulos\"","context":{"file":"C:\\xampp\\htdocs\\DistribuidoraFinal\\app\\Views\\layout\\menu.php","line":2,"type":2}}
{"timestamp":"2026-02-23 22:37:51","level":"PHP","user":"guest","ip":"::1","url":"\/DISTRIBUIDORAFINAL\/login","message":"PHP Error: foreach() argument must be of type array|object, null given","context":{"file":"C:\\xampp\\htdocs\\DistribuidoraFinal\\app\\Views\\layout\\menu.php","line":11,"type":2}}
{"timestamp":"2026-02-23 22:37:51","level":"PHP","user":"guest","ip":"::1","url":"\/DISTRIBUIDORAFINAL\/login","message":"Uncaught Exception: Class \"RutasController\" not found","context":{"file":"C:\\xampp\\htdocs\\DistribuidoraFinal\\app\\Views\\layout\\scripts.php","line":84}}
{"timestamp":"2026-02-23 22:38:49","level":"PHP","user":"guest","ip":"::1","url":"\/DISTRIBUIDORAFINAL\/login","message":"PHP Error: Undefined array key \"username\"","context":{"file":"C:\\xampp\\htdocs\\DistribuidoraFinal\\app\\Views\\layout\\header.php","line":72,"type":2}}
{"timestamp":"2026-02-23 22:38:49","level":"PHP","user":"guest","ip":"::1","url":"\/DISTRIBUIDORAFINAL\/login","message":"PHP Error: Undefined array key \"modulos\"","context":{"file":"C:\\xampp\\htdocs\\DistribuidoraFinal\\app\\Views\\layout\\menu.php","line":2,"type":2}}
{"timestamp":"2026-02-23 22:38:49","level":"PHP","user":"guest","ip":"::1","url":"\/DISTRIBUIDORAFINAL\/login","message":"PHP Error: foreach() argument must be of type array|object, null given","context":{"file":"C:\\xampp\\htdocs\\DistribuidoraFinal\\app\\Views\\layout\\menu.php","line":11,"type":2}}
{"timestamp":"2026-02-23 22:38:49","level":"PHP","user":"guest","ip":"::1","url":"\/DISTRIBUIDORAFINAL\/login","message":"Uncaught Exception: Class \"RutasController\" not found","context":{"file":"C:\\xampp\\htdocs\\DistribuidoraFinal\\app\\Views\\layout\\scripts.php","line":84}}
{"timestamp":"2026-02-23 22:38:54","level":"PHP","user":"guest","ip":"::1","url":"\/DISTRIBUIDORAFINAL\/login","message":"PHP Error: Undefined array key \"username\"","context":{"file":"C:\\xampp\\htdocs\\DistribuidoraFinal\\app\\Views\\layout\\header.php","line":72,"type":2}}
{"timestamp":"2026-02-23 22:38:54","level":"PHP","user":"guest","ip":"::1","url":"\/DISTRIBUIDORAFINAL\/login","message":"PHP Error: Undefined array key \"modulos\"","context":{"file":"C:\\xampp\\htdocs\\DistribuidoraFinal\\app\\Views\\layout\\menu.php","line":2,"type":2}}
{"timestamp":"2026-02-23 22:38:54","level":"PHP","user":"guest","ip":"::1","url":"\/DISTRIBUIDORAFINAL\/login","message":"PHP Error: foreach() argument must be of type array|object, null given","context":{"file":"C:\\xampp\\htdocs\\DistribuidoraFinal\\app\\Views\\layout\\menu.php","line":11,"type":2}}
{"timestamp":"2026-02-23 22:38:54","level":"PHP","user":"guest","ip":"::1","url":"\/DISTRIBUIDORAFINAL\/login","message":"Uncaught Exception: Class \"RutasController\" not found","context":{"file":"C:\\xampp\\htdocs\\DistribuidoraFinal\\app\\Views\\layout\\scripts.php","line":84}}
{"timestamp":"2026-02-23 22:41:40","level":"PHP","user":"guest","ip":"::1","url":"\/DISTRIBUIDORAFINAL\/login","message":"PHP Error: Undefined array key \"username\"","context":{"file":"C:\\xampp\\htdocs\\DistribuidoraFinal\\app\\Views\\layout\\header.php","line":72,"type":2}}
{"timestamp":"2026-02-23 22:41:40","level":"PHP","user":"guest","ip":"::1","url":"\/DISTRIBUIDORAFINAL\/login","message":"PHP Error: Undefined array key \"modulos\"","context":{"file":"C:\\xampp\\htdocs\\DistribuidoraFinal\\app\\Views\\layout\\menu.php","line":2,"type":2}}
{"timestamp":"2026-02-23 22:41:40","level":"PHP","user":"guest","ip":"::1","url":"\/DISTRIBUIDORAFINAL\/login","message":"PHP Error: foreach() argument must be of type array|object, null given","context":{"file":"C:\\xampp\\htdocs\\DistribuidoraFinal\\app\\Views\\layout\\menu.php","line":11,"type":2}}
{"timestamp":"2026-02-23 22:41:40","level":"PHP","user":"guest","ip":"::1","url":"\/DISTRIBUIDORAFINAL\/login","message":"Uncaught Exception: Class \"RutasController\" not found","context":{"file":"C:\\xampp\\htdocs\\DistribuidoraFinal\\app\\Views\\layout\\scripts.php","line":84}}
{"timestamp":"2026-02-23 22:47:39","level":"PHP","user":"guest","ip":"::1","url":"\/DISTRIBUIDORAFINAL\/login","message":"PHP Error: Undefined array key \"username\"","context":{"file":"C:\\xampp\\htdocs\\DistribuidoraFinal\\app\\Views\\layout\\header.php","line":72,"type":2}}
{"timestamp":"2026-02-23 22:47:39","level":"PHP","user":"guest","ip":"::1","url":"\/DISTRIBUIDORAFINAL\/login","message":"PHP Error: Undefined array key \"modulos\"","context":{"file":"C:\\xampp\\htdocs\\DistribuidoraFinal\\app\\Views\\layout\\menu.php","line":2,"type":2}}
{"timestamp":"2026-02-23 22:47:39","level":"PHP","user":"guest","ip":"::1","url":"\/DISTRIBUIDORAFINAL\/login","message":"PHP Error: foreach() argument must be of type array|object, null given","context":{"file":"C:\\xampp\\htdocs\\DistribuidoraFinal\\app\\Views\\layout\\menu.php","line":11,"type":2}}
{"timestamp":"2026-02-23 22:47:39","level":"PHP","user":"guest","ip":"::1","url":"\/DISTRIBUIDORAFINAL\/login","message":"Uncaught Exception: Class \"RutasController\" not found","context":{"file":"C:\\xampp\\htdocs\\DistribuidoraFinal\\app\\Views\\layout\\scripts.php","line":84}}
{"timestamp":"2026-02-23 22:47:44","level":"PHP","user":"guest","ip":"::1","url":"\/DISTRIBUIDORAFINAL\/login","message":"PHP Error: Undefined array key \"username\"","context":{"file":"C:\\xampp\\htdocs\\DistribuidoraFinal\\app\\Views\\layout\\header.php","line":72,"type":2}}
{"timestamp":"2026-02-23 22:47:44","level":"PHP","user":"guest","ip":"::1","url":"\/DISTRIBUIDORAFINAL\/login","message":"PHP Error: Undefined array key \"modulos\"","context":{"file":"C:\\xampp\\htdocs\\DistribuidoraFinal\\app\\Views\\layout\\menu.php","line":2,"type":2}}
{"timestamp":"2026-02-23 22:47:44","level":"PHP","user":"guest","ip":"::1","url":"\/DISTRIBUIDORAFINAL\/login","message":"PHP Error: foreach() argument must be of type array|object, null given","context":{"file":"C:\\xampp\\htdocs\\DistribuidoraFinal\\app\\Views\\layout\\menu.php","line":11,"type":2}}
{"timestamp":"2026-02-23 22:47:44","level":"PHP","user":"guest","ip":"::1","url":"\/DISTRIBUIDORAFINAL\/login","message":"Uncaught Exception: Class \"RutasController\" not found","context":{"file":"C:\\xampp\\htdocs\\DistribuidoraFinal\\app\\Views\\layout\\scripts.php","line":84}}
{"timestamp":"2026-02-23 22:47:47","level":"PHP","user":"guest","ip":"::1","url":"\/DISTRIBUIDORAFINAL\/login","message":"PHP Error: Undefined array key \"username\"","context":{"file":"C:\\xampp\\htdocs\\DistribuidoraFinal\\app\\Views\\layout\\header.php","line":72,"type":2}}
{"timestamp":"2026-02-23 22:47:47","level":"PHP","user":"guest","ip":"::1","url":"\/DISTRIBUIDORAFINAL\/login","message":"PHP Error: Undefined array key \"modulos\"","context":{"file":"C:\\xampp\\htdocs\\DistribuidoraFinal\\app\\Views\\layout\\menu.php","line":2,"type":2}}
{"timestamp":"2026-02-23 22:47:47","level":"PHP","user":"guest","ip":"::1","url":"\/DISTRIBUIDORAFINAL\/login","message":"PHP Error: foreach() argument must be of type array|object, null given","context":{"file":"C:\\xampp\\htdocs\\DistribuidoraFinal\\app\\Views\\layout\\menu.php","line":11,"type":2}}
{"timestamp":"2026-02-23 22:47:47","level":"PHP","user":"guest","ip":"::1","url":"\/DISTRIBUIDORAFINAL\/login","message":"Uncaught Exception: Class \"RutasController\" not found","context":{"file":"C:\\xampp\\htdocs\\DistribuidoraFinal\\app\\Views\\layout\\scripts.php","line":84}}
{"timestamp":"2026-02-23 22:49:12","level":"PHP","user":"guest","ip":"::1","url":"\/DISTRIBUIDORAFINAL\/login","message":"PHP Error: Undefined array key \"username\"","context":{"file":"C:\\xampp\\htdocs\\DistribuidoraFinal\\app\\Views\\layout\\header.php","line":72,"type":2}}
{"timestamp":"2026-02-23 22:49:12","level":"PHP","user":"guest","ip":"::1","url":"\/DISTRIBUIDORAFINAL\/login","message":"PHP Error: Undefined array key \"modulos\"","context":{"file":"C:\\xampp\\htdocs\\DistribuidoraFinal\\app\\Views\\layout\\menu.php","line":2,"type":2}}
{"timestamp":"2026-02-23 22:49:12","level":"PHP","user":"guest","ip":"::1","url":"\/DISTRIBUIDORAFINAL\/login","message":"PHP Error: foreach() argument must be of type array|object, null given","context":{"file":"C:\\xampp\\htdocs\\DistribuidoraFinal\\app\\Views\\layout\\menu.php","line":11,"type":2}}
{"timestamp":"2026-02-23 22:49:12","level":"PHP","user":"guest","ip":"::1","url":"\/DISTRIBUIDORAFINAL\/login","message":"Uncaught Exception: Class \"RutasController\" not found","context":{"file":"C:\\xampp\\htdocs\\DistribuidoraFinal\\app\\Views\\layout\\scripts.php","line":84}}
{"timestamp":"2026-02-23 22:49:19","level":"PHP","user":"guest","ip":"::1","url":"\/DISTRIBUIDORAFINAL\/login","message":"PHP Error: Undefined array key \"username\"","context":{"file":"C:\\xampp\\htdocs\\DistribuidoraFinal\\app\\Views\\layout\\header.php","line":72,"type":2}}
{"timestamp":"2026-02-23 22:49:19","level":"PHP","user":"guest","ip":"::1","url":"\/DISTRIBUIDORAFINAL\/login","message":"PHP Error: Undefined array key \"modulos\"","context":{"file":"C:\\xampp\\htdocs\\DistribuidoraFinal\\app\\Views\\layout\\menu.php","line":2,"type":2}}
{"timestamp":"2026-02-23 22:49:19","level":"PHP","user":"guest","ip":"::1","url":"\/DISTRIBUIDORAFINAL\/login","message":"PHP Error: foreach() argument must be of type array|object, null given","context":{"file":"C:\\xampp\\htdocs\\DistribuidoraFinal\\app\\Views\\layout\\menu.php","line":11,"type":2}}
{"timestamp":"2026-02-23 22:49:19","level":"PHP","user":"guest","ip":"::1","url":"\/DISTRIBUIDORAFINAL\/login","message":"Uncaught Exception: Class \"RutasController\" not found","context":{"file":"C:\\xampp\\htdocs\\DistribuidoraFinal\\app\\Views\\layout\\scripts.php","line":84}}
{"timestamp":"2026-02-23 22:49:38","level":"PHP","user":"guest","ip":"::1","url":"\/DISTRIBUIDORAFINAL\/login","message":"Uncaught Exception: App\\Core\\BaseController::view(): Argument #3 ($layout) must be of type string, null given, called in C:\\xampp\\htdocs\\DistribuidoraFinal\\app\\Controllers\\web\\AuthController.php on line 11","context":{"file":"C:\\xampp\\htdocs\\DistribuidoraFinal\\app\\core\\BaseController.php","line":73}}
{"timestamp":"2026-02-23 22:50:50","level":"PHP","user":"Erick Adrian Retes López","ip":"::1","url":"\/DISTRIBUIDORAFINAL\/","message":"PHP Error: Undefined array key \"modulos\"","context":{"file":"C:\\xampp\\htdocs\\DistribuidoraFinal\\app\\Views\\layout\\menu.php","line":2,"type":2}}
{"timestamp":"2026-02-23 22:50:50","level":"PHP","user":"Erick Adrian Retes López","ip":"::1","url":"\/DISTRIBUIDORAFINAL\/","message":"PHP Error: foreach() argument must be of type array|object, null given","context":{"file":"C:\\xampp\\htdocs\\DistribuidoraFinal\\app\\Views\\layout\\menu.php","line":11,"type":2}}
{"timestamp":"2026-02-23 22:50:50","level":"PHP","user":"Erick Adrian Retes López","ip":"::1","url":"\/DISTRIBUIDORAFINAL\/","message":"Uncaught Exception: Class \"RutasController\" not found","context":{"file":"C:\\xampp\\htdocs\\DistribuidoraFinal\\app\\Views\\layout\\scripts.php","line":84}}
{"timestamp":"2026-02-23 22:51:39","level":"PHP","user":"Erick Adrian Retes López","ip":"::1","url":"\/DISTRIBUIDORAFINAL\/","message":"PHP Error: Undefined array key \"modulos\"","context":{"file":"C:\\xampp\\htdocs\\DistribuidoraFinal\\app\\Views\\layout\\menu.php","line":2,"type":2}}
{"timestamp":"2026-02-23 22:51:39","level":"PHP","user":"Erick Adrian Retes López","ip":"::1","url":"\/DISTRIBUIDORAFINAL\/","message":"PHP Error: foreach() argument must be of type array|object, null given","context":{"file":"C:\\xampp\\htdocs\\DistribuidoraFinal\\app\\Views\\layout\\menu.php","line":11,"type":2}}
{"timestamp":"2026-02-23 22:51:39","level":"PHP","user":"Erick Adrian Retes López","ip":"::1","url":"\/DISTRIBUIDORAFINAL\/","message":"Uncaught Exception: Class \"RutasController\" not found","context":{"file":"C:\\xampp\\htdocs\\DistribuidoraFinal\\app\\Views\\layout\\scripts.php","line":84}}
{"timestamp":"2026-02-23 22:52:15","level":"PHP","user":"Erick Adrian Retes López","ip":"::1","url":"\/DISTRIBUIDORAFINAL\/","message":"PHP Error: Undefined array key \"modulos\"","context":{"file":"C:\\xampp\\htdocs\\DistribuidoraFinal\\app\\Views\\layout\\menu.php","line":2,"type":2}}
{"timestamp":"2026-02-23 22:52:15","level":"PHP","user":"Erick Adrian Retes López","ip":"::1","url":"\/DISTRIBUIDORAFINAL\/","message":"PHP Error: foreach() argument must be of type array|object, null given","context":{"file":"C:\\xampp\\htdocs\\DistribuidoraFinal\\app\\Views\\layout\\menu.php","line":11,"type":2}}
{"timestamp":"2026-02-23 22:52:15","level":"PHP","user":"Erick Adrian Retes López","ip":"::1","url":"\/DISTRIBUIDORAFINAL\/","message":"Uncaught Exception: Class \"RutasController\" not found","context":{"file":"C:\\xampp\\htdocs\\DistribuidoraFinal\\app\\Views\\layout\\scripts.php","line":84}}
{"timestamp":"2026-02-23 22:52:38","level":"PHP","user":"Erick Adrian Retes López","ip":"::1","url":"\/DISTRIBUIDORAFINAL\/","message":"PHP Error: Undefined array key \"modulos\"","context":{"file":"C:\\xampp\\htdocs\\DistribuidoraFinal\\app\\Views\\layout\\menu.php","line":2,"type":2}}
{"timestamp":"2026-02-23 22:52:38","level":"PHP","user":"Erick Adrian Retes López","ip":"::1","url":"\/DISTRIBUIDORAFINAL\/","message":"PHP Error: foreach() argument must be of type array|object, null given","context":{"file":"C:\\xampp\\htdocs\\DistribuidoraFinal\\app\\Views\\layout\\menu.php","line":11,"type":2}}
{"timestamp":"2026-02-23 22:52:38","level":"PHP","user":"Erick Adrian Retes López","ip":"::1","url":"\/DISTRIBUIDORAFINAL\/","message":"Uncaught Exception: Class \"RutasController\" not found","context":{"file":"C:\\xampp\\htdocs\\DistribuidoraFinal\\app\\Views\\layout\\scripts.php","line":84}}
{"timestamp":"2026-02-23 22:55:43","level":"PHP","user":"Erick Adrian Retes López","ip":"::1","url":"\/DISTRIBUIDORAFINAL\/","message":"PHP Error: Undefined variable $empleado","context":{"file":"C:\\xampp\\htdocs\\DistribuidoraFinal\\app\\Views\\dashboardsEmp\\dashboard-emp.php","line":58,"type":2}}
{"timestamp":"2026-02-23 22:55:43","level":"PHP","user":"Erick Adrian Retes López","ip":"::1","url":"\/DISTRIBUIDORAFINAL\/","message":"PHP Error: Undefined array key \"modulos\"","context":{"file":"C:\\xampp\\htdocs\\DistribuidoraFinal\\app\\Views\\layout\\menu.php","line":2,"type":2}}
{"timestamp":"2026-02-23 22:55:43","level":"PHP","user":"Erick Adrian Retes López","ip":"::1","url":"\/DISTRIBUIDORAFINAL\/","message":"PHP Error: foreach() argument must be of type array|object, null given","context":{"file":"C:\\xampp\\htdocs\\DistribuidoraFinal\\app\\Views\\layout\\menu.php","line":11,"type":2}}
{"timestamp":"2026-02-23 22:55:43","level":"PHP","user":"Erick Adrian Retes López","ip":"::1","url":"\/DISTRIBUIDORAFINAL\/","message":"Uncaught Exception: Class \"RutasController\" not found","context":{"file":"C:\\xampp\\htdocs\\DistribuidoraFinal\\app\\Views\\layout\\scripts.php","line":84}}
{"timestamp":"2026-02-23 22:56:01","level":"PHP","user":"Erick Adrian Retes López","ip":"::1","url":"\/DISTRIBUIDORAFINAL\/","message":"PHP Error: Undefined array key \"modulos\"","context":{"file":"C:\\xampp\\htdocs\\DistribuidoraFinal\\app\\Views\\layout\\menu.php","line":2,"type":2}}
{"timestamp":"2026-02-23 22:56:01","level":"PHP","user":"Erick Adrian Retes López","ip":"::1","url":"\/DISTRIBUIDORAFINAL\/","message":"PHP Error: foreach() argument must be of type array|object, null given","context":{"file":"C:\\xampp\\htdocs\\DistribuidoraFinal\\app\\Views\\layout\\menu.php","line":11,"type":2}}
{"timestamp":"2026-02-23 22:56:01","level":"PHP","user":"Erick Adrian Retes López","ip":"::1","url":"\/DISTRIBUIDORAFINAL\/","message":"Uncaught Exception: Class \"RutasController\" not found","context":{"file":"C:\\xampp\\htdocs\\DistribuidoraFinal\\app\\Views\\layout\\scripts.php","line":84}}
{"timestamp":"2026-02-23 22:56:14","level":"PHP","user":"Erick Adrian Retes López","ip":"::1","url":"\/DISTRIBUIDORAFINAL\/","message":"PHP Error: Undefined array key \"modulos\"","context":{"file":"C:\\xampp\\htdocs\\DistribuidoraFinal\\app\\Views\\layout\\menu.php","line":2,"type":2}}
{"timestamp":"2026-02-23 22:56:14","level":"PHP","user":"Erick Adrian Retes López","ip":"::1","url":"\/DISTRIBUIDORAFINAL\/","message":"PHP Error: foreach() argument must be of type array|object, null given","context":{"file":"C:\\xampp\\htdocs\\DistribuidoraFinal\\app\\Views\\layout\\menu.php","line":11,"type":2}}
{"timestamp":"2026-02-23 22:56:14","level":"PHP","user":"Erick Adrian Retes López","ip":"::1","url":"\/DISTRIBUIDORAFINAL\/","message":"Uncaught Exception: Class \"RutasController\" not found","context":{"file":"C:\\xampp\\htdocs\\DistribuidoraFinal\\app\\Views\\layout\\scripts.php","line":84}}
{"timestamp":"2026-02-23 22:56:20","level":"PHP","user":"Erick Adrian Retes López","ip":"::1","url":"\/DISTRIBUIDORAFINAL\/","message":"PHP Error: Undefined array key \"modulos\"","context":{"file":"C:\\xampp\\htdocs\\DistribuidoraFinal\\app\\Views\\layout\\menu.php","line":2,"type":2}}
{"timestamp":"2026-02-23 22:56:20","level":"PHP","user":"Erick Adrian Retes López","ip":"::1","url":"\/DISTRIBUIDORAFINAL\/","message":"PHP Error: foreach() argument must be of type array|object, null given","context":{"file":"C:\\xampp\\htdocs\\DistribuidoraFinal\\app\\Views\\layout\\menu.php","line":11,"type":2}}
{"timestamp":"2026-02-23 22:56:20","level":"PHP","user":"Erick Adrian Retes López","ip":"::1","url":"\/DISTRIBUIDORAFINAL\/","message":"Uncaught Exception: Class \"RutasController\" not found","context":{"file":"C:\\xampp\\htdocs\\DistribuidoraFinal\\app\\Views\\layout\\scripts.php","line":84}}
{"timestamp":"2026-02-23 22:57:28","level":"PHP","user":"Erick Adrian Retes López","ip":"::1","url":"\/DISTRIBUIDORAFINAL\/","message":"PHP Error: Undefined array key \"modulos\"","context":{"file":"C:\\xampp\\htdocs\\DistribuidoraFinal\\app\\Views\\layout\\menu.php","line":2,"type":2}}
{"timestamp":"2026-02-23 22:57:28","level":"PHP","user":"Erick Adrian Retes López","ip":"::1","url":"\/DISTRIBUIDORAFINAL\/","message":"PHP Error: foreach() argument must be of type array|object, null given","context":{"file":"C:\\xampp\\htdocs\\DistribuidoraFinal\\app\\Views\\layout\\menu.php","line":11,"type":2}}
{"timestamp":"2026-02-23 22:57:28","level":"PHP","user":"Erick Adrian Retes López","ip":"::1","url":"\/DISTRIBUIDORAFINAL\/","message":"Uncaught Exception: Class \"RutasController\" not found","context":{"file":"C:\\xampp\\htdocs\\DistribuidoraFinal\\app\\Views\\layout\\scripts.php","line":84}}
{"timestamp":"2026-02-23 22:57:54","level":"PHP","user":"Erick Adrian Retes López","ip":"::1","url":"\/DISTRIBUIDORAFINAL\/","message":"PHP Error: Undefined array key \"modulos\"","context":{"file":"C:\\xampp\\htdocs\\DistribuidoraFinal\\app\\Views\\layout\\menu.php","line":2,"type":2}}
{"timestamp":"2026-02-23 22:57:54","level":"PHP","user":"Erick Adrian Retes López","ip":"::1","url":"\/DISTRIBUIDORAFINAL\/","message":"PHP Error: foreach() argument must be of type array|object, null given","context":{"file":"C:\\xampp\\htdocs\\DistribuidoraFinal\\app\\Views\\layout\\menu.php","line":11,"type":2}}
{"timestamp":"2026-02-23 22:57:54","level":"PHP","user":"Erick Adrian Retes López","ip":"::1","url":"\/DISTRIBUIDORAFINAL\/","message":"Uncaught Exception: Class \"RutasController\" not found","context":{"file":"C:\\xampp\\htdocs\\DistribuidoraFinal\\app\\Views\\layout\\scripts.php","line":84}}
{"timestamp":"2026-02-23 22:58:20","level":"PHP","user":"Erick Adrian Retes López","ip":"::1","url":"\/DISTRIBUIDORAFINAL\/","message":"PHP Error: Undefined array key \"modulos\"","context":{"file":"C:\\xampp\\htdocs\\DistribuidoraFinal\\app\\Views\\layout\\menu.php","line":2,"type":2}}
{"timestamp":"2026-02-23 22:58:20","level":"PHP","user":"Erick Adrian Retes López","ip":"::1","url":"\/DISTRIBUIDORAFINAL\/","message":"PHP Error: foreach() argument must be of type array|object, null given","context":{"file":"C:\\xampp\\htdocs\\DistribuidoraFinal\\app\\Views\\layout\\menu.php","line":11,"type":2}}
{"timestamp":"2026-02-23 22:58:20","level":"PHP","user":"Erick Adrian Retes López","ip":"::1","url":"\/DISTRIBUIDORAFINAL\/","message":"Uncaught Exception: Class \"RutasController\" not found","context":{"file":"C:\\xampp\\htdocs\\DistribuidoraFinal\\app\\Views\\layout\\scripts.php","line":84}}
{"timestamp":"2026-02-23 22:59:24","level":"PHP","user":"Erick Adrian Retes López","ip":"::1","url":"\/DISTRIBUIDORAFINAL\/","message":"PHP Error: Undefined array key \"modulos\"","context":{"file":"C:\\xampp\\htdocs\\DistribuidoraFinal\\app\\Views\\layout\\menu.php","line":2,"type":2}}
{"timestamp":"2026-02-23 22:59:24","level":"PHP","user":"Erick Adrian Retes López","ip":"::1","url":"\/DISTRIBUIDORAFINAL\/","message":"PHP Error: foreach() argument must be of type array|object, null given","context":{"file":"C:\\xampp\\htdocs\\DistribuidoraFinal\\app\\Views\\layout\\menu.php","line":11,"type":2}}
{"timestamp":"2026-02-23 22:59:24","level":"PHP","user":"Erick Adrian Retes López","ip":"::1","url":"\/DISTRIBUIDORAFINAL\/","message":"Uncaught Exception: Class \"RutasController\" not found","context":{"file":"C:\\xampp\\htdocs\\DistribuidoraFinal\\app\\Views\\layout\\scripts.php","line":84}}
{"timestamp":"2026-02-23 22:59:55","level":"PHP","user":"Erick Adrian Retes López","ip":"::1","url":"\/DISTRIBUIDORAFINAL\/","message":"PHP Error: Undefined array key \"modulos\"","context":{"file":"C:\\xampp\\htdocs\\DistribuidoraFinal\\app\\Views\\layout\\menu.php","line":2,"type":2}}
{"timestamp":"2026-02-23 22:59:55","level":"PHP","user":"Erick Adrian Retes López","ip":"::1","url":"\/DISTRIBUIDORAFINAL\/","message":"PHP Error: foreach() argument must be of type array|object, null given","context":{"file":"C:\\xampp\\htdocs\\DistribuidoraFinal\\app\\Views\\layout\\menu.php","line":11,"type":2}}
{"timestamp":"2026-02-23 22:59:55","level":"PHP","user":"Erick Adrian Retes López","ip":"::1","url":"\/DISTRIBUIDORAFINAL\/","message":"Uncaught Exception: Class \"RutasController\" not found","context":{"file":"C:\\xampp\\htdocs\\DistribuidoraFinal\\app\\Views\\layout\\scripts.php","line":84}}
{"timestamp":"2026-02-23 23:00:09","level":"PHP","user":"Erick Adrian Retes López","ip":"::1","url":"\/DISTRIBUIDORAFINAL\/","message":"PHP Error: Undefined array key \"modulos\"","context":{"file":"C:\\xampp\\htdocs\\DistribuidoraFinal\\app\\Views\\layout\\menu.php","line":2,"type":2}}
{"timestamp":"2026-02-23 23:00:09","level":"PHP","user":"Erick Adrian Retes López","ip":"::1","url":"\/DISTRIBUIDORAFINAL\/","message":"PHP Error: foreach() argument must be of type array|object, null given","context":{"file":"C:\\xampp\\htdocs\\DistribuidoraFinal\\app\\Views\\layout\\menu.php","line":11,"type":2}}
{"timestamp":"2026-02-23 23:00:09","level":"PHP","user":"Erick Adrian Retes López","ip":"::1","url":"\/DISTRIBUIDORAFINAL\/","message":"Uncaught Exception: Class \"RutasController\" not found","context":{"file":"C:\\xampp\\htdocs\\DistribuidoraFinal\\app\\Views\\layout\\scripts.php","line":84}}
{"timestamp":"2026-02-23 23:10:30","level":"PHP","user":"Erick Adrian Retes López","ip":"::1","url":"\/DISTRIBUIDORAFINAL\/","message":"PHP Error: Undefined array key \"modulos\"","context":{"file":"C:\\xampp\\htdocs\\DistribuidoraFinal\\app\\Views\\layout\\menu.php","line":2,"type":2}}
{"timestamp":"2026-02-23 23:10:30","level":"PHP","user":"Erick Adrian Retes López","ip":"::1","url":"\/DISTRIBUIDORAFINAL\/","message":"PHP Error: foreach() argument must be of type array|object, null given","context":{"file":"C:\\xampp\\htdocs\\DistribuidoraFinal\\app\\Views\\layout\\menu.php","line":11,"type":2}}
{"timestamp":"2026-02-23 23:10:30","level":"PHP","user":"Erick Adrian Retes López","ip":"::1","url":"\/DISTRIBUIDORAFINAL\/","message":"Uncaught Exception: Class \"RutasController\" not found","context":{"file":"C:\\xampp\\htdocs\\DistribuidoraFinal\\app\\Views\\layout\\scripts.php","line":84}}
{"timestamp":"2026-02-23 23:24:23","level":"PHP","user":"Erick Adrian Retes López","ip":"::1","url":"\/DISTRIBUIDORAFINAL\/","message":"PHP Error: Undefined array key \"modulos\"","context":{"file":"C:\\xampp\\htdocs\\DistribuidoraFinal\\app\\Views\\layout\\menu.php","line":2,"type":2}}
{"timestamp":"2026-02-23 23:24:23","level":"PHP","user":"Erick Adrian Retes López","ip":"::1","url":"\/DISTRIBUIDORAFINAL\/","message":"PHP Error: foreach() argument must be of type array|object, null given","context":{"file":"C:\\xampp\\htdocs\\DistribuidoraFinal\\app\\Views\\layout\\menu.php","line":11,"type":2}}
{"timestamp":"2026-02-23 23:24:23","level":"PHP","user":"Erick Adrian Retes López","ip":"::1","url":"\/DISTRIBUIDORAFINAL\/","message":"PHP Error: Undefined variable $moduleScript","context":{"file":"C:\\xampp\\htdocs\\DistribuidoraFinal\\app\\Views\\layout\\scripts.php","line":88,"type":2}}
{"timestamp":"2026-02-23 23:26:57","level":"PHP","user":"Erick Adrian Retes López","ip":"::1","url":"\/DISTRIBUIDORAFINAL\/","message":"PHP Error: Undefined array key \"modulos\"","context":{"file":"C:\\xampp\\htdocs\\DistribuidoraFinal\\app\\Views\\layout\\menu.php","line":2,"type":2}}
{"timestamp":"2026-02-23 23:26:57","level":"PHP","user":"Erick Adrian Retes López","ip":"::1","url":"\/DISTRIBUIDORAFINAL\/","message":"PHP Error: foreach() argument must be of type array|object, null given","context":{"file":"C:\\xampp\\htdocs\\DistribuidoraFinal\\app\\Views\\layout\\menu.php","line":11,"type":2}}
{"timestamp":"2026-02-23 23:26:57","level":"PHP","user":"Erick Adrian Retes López","ip":"::1","url":"\/DISTRIBUIDORAFINAL\/","message":"PHP Error: Undefined variable $moduleScript","context":{"file":"C:\\xampp\\htdocs\\DistribuidoraFinal\\app\\Views\\layout\\scripts.php","line":88,"type":2}}
{"timestamp":"2026-02-23 23:27:45","level":"PHP","user":"Erick Adrian Retes López","ip":"::1","url":"\/DISTRIBUIDORAFINAL\/","message":"PHP Error: Undefined array key \"modulos\"","context":{"file":"C:\\xampp\\htdocs\\DistribuidoraFinal\\app\\Views\\layout\\menu.php","line":2,"type":2}}
{"timestamp":"2026-02-23 23:27:45","level":"PHP","user":"Erick Adrian Retes López","ip":"::1","url":"\/DISTRIBUIDORAFINAL\/","message":"PHP Error: foreach() argument must be of type array|object, null given","context":{"file":"C:\\xampp\\htdocs\\DistribuidoraFinal\\app\\Views\\layout\\menu.php","line":11,"type":2}}
{"timestamp":"2026-02-23 23:36:54","level":"PHP","user":"Erick Adrian Retes López","ip":"::1","url":"\/DISTRIBUIDORAFINAL\/","message":"PHP Error: Undefined array key \"modulos\"","context":{"file":"C:\\xampp\\htdocs\\DistribuidoraFinal\\app\\Views\\layout\\menu.php","line":2,"type":2}}
{"timestamp":"2026-02-23 23:36:54","level":"PHP","user":"Erick Adrian Retes López","ip":"::1","url":"\/DISTRIBUIDORAFINAL\/","message":"PHP Error: foreach() argument must be of type array|object, null given","context":{"file":"C:\\xampp\\htdocs\\DistribuidoraFinal\\app\\Views\\layout\\menu.php","line":11,"type":2}}
{"timestamp":"2026-02-23 23:37:39","level":"PHP","user":"Erick Adrian Retes López","ip":"::1","url":"\/DISTRIBUIDORAFINAL\/","message":"PHP Error: Undefined array key \"modulos\"","context":{"file":"C:\\xampp\\htdocs\\DistribuidoraFinal\\app\\Views\\layout\\menu.php","line":2,"type":2}}
{"timestamp":"2026-02-23 23:37:39","level":"PHP","user":"Erick Adrian Retes López","ip":"::1","url":"\/DISTRIBUIDORAFINAL\/","message":"PHP Error: foreach() argument must be of type array|object, null given","context":{"file":"C:\\xampp\\htdocs\\DistribuidoraFinal\\app\\Views\\layout\\menu.php","line":11,"type":2}}
{"timestamp":"2026-02-23 23:41:46","level":"PHP","user":"Erick Adrian Retes López","ip":"::1","url":"\/DISTRIBUIDORAFINAL\/","message":"PHP Error: Undefined array key \"modulos\"","context":{"file":"C:\\xampp\\htdocs\\DistribuidoraFinal\\app\\Views\\layout\\menu.php","line":2,"type":2}}
{"timestamp":"2026-02-23 23:41:46","level":"PHP","user":"Erick Adrian Retes López","ip":"::1","url":"\/DISTRIBUIDORAFINAL\/","message":"PHP Error: foreach() argument must be of type array|object, null given","context":{"file":"C:\\xampp\\htdocs\\DistribuidoraFinal\\app\\Views\\layout\\menu.php","line":11,"type":2}}
{"timestamp":"2026-02-23 23:42:24","level":"PHP","user":"Erick Adrian Retes López","ip":"::1","url":"\/DISTRIBUIDORAFINAL\/","message":"PHP Error: Undefined array key \"modulos\"","context":{"file":"C:\\xampp\\htdocs\\DistribuidoraFinal\\app\\Views\\layout\\menu.php","line":2,"type":2}}
{"timestamp":"2026-02-23 23:42:24","level":"PHP","user":"Erick Adrian Retes López","ip":"::1","url":"\/DISTRIBUIDORAFINAL\/","message":"PHP Error: foreach() argument must be of type array|object, null given","context":{"file":"C:\\xampp\\htdocs\\DistribuidoraFinal\\app\\Views\\layout\\menu.php","line":11,"type":2}}
{"timestamp":"2026-02-23 23:43:28","level":"PHP","user":"Erick Adrian Retes López","ip":"::1","url":"\/DISTRIBUIDORAFINAL\/","message":"PHP Error: Undefined array key \"modulos\"","context":{"file":"C:\\xampp\\htdocs\\DistribuidoraFinal\\app\\Views\\layout\\menu.php","line":2,"type":2}}
{"timestamp":"2026-02-23 23:43:28","level":"PHP","user":"Erick Adrian Retes López","ip":"::1","url":"\/DISTRIBUIDORAFINAL\/","message":"PHP Error: foreach() argument must be of type array|object, null given","context":{"file":"C:\\xampp\\htdocs\\DistribuidoraFinal\\app\\Views\\layout\\menu.php","line":11,"type":2}}
{"timestamp":"2026-02-23 23:43:55","level":"PHP","user":"Erick Adrian Retes López","ip":"::1","url":"\/DISTRIBUIDORAFINAL\/","message":"PHP Error: Undefined array key \"modulos\"","context":{"file":"C:\\xampp\\htdocs\\DistribuidoraFinal\\app\\Views\\layout\\menu.php","line":2,"type":2}}
{"timestamp":"2026-02-23 23:43:55","level":"PHP","user":"Erick Adrian Retes López","ip":"::1","url":"\/DISTRIBUIDORAFINAL\/","message":"PHP Error: foreach() argument must be of type array|object, null given","context":{"file":"C:\\xampp\\htdocs\\DistribuidoraFinal\\app\\Views\\layout\\menu.php","line":11,"type":2}}
{"timestamp":"2026-02-23 23:44:25","level":"PHP","user":"Erick Adrian Retes López","ip":"::1","url":"\/DISTRIBUIDORAFINAL\/","message":"PHP Error: Undefined array key \"modulos\"","context":{"file":"C:\\xampp\\htdocs\\DistribuidoraFinal\\app\\Views\\layout\\menu.php","line":2,"type":2}}
{"timestamp":"2026-02-23 23:44:25","level":"PHP","user":"Erick Adrian Retes López","ip":"::1","url":"\/DISTRIBUIDORAFINAL\/","message":"PHP Error: foreach() argument must be of type array|object, null given","context":{"file":"C:\\xampp\\htdocs\\DistribuidoraFinal\\app\\Views\\layout\\menu.php","line":11,"type":2}}
{"timestamp":"2026-02-23 23:47:13","level":"PHP","user":"Erick Adrian Retes López","ip":"::1","url":"\/DISTRIBUIDORAFINAL\/","message":"PHP Error: Undefined array key \"modulos\"","context":{"file":"C:\\xampp\\htdocs\\DistribuidoraFinal\\app\\Views\\layout\\menu.php","line":2,"type":2}}
{"timestamp":"2026-02-23 23:47:13","level":"PHP","user":"Erick Adrian Retes López","ip":"::1","url":"\/DISTRIBUIDORAFINAL\/","message":"PHP Error: foreach() argument must be of type array|object, null given","context":{"file":"C:\\xampp\\htdocs\\DistribuidoraFinal\\app\\Views\\layout\\menu.php","line":11,"type":2}}
{"timestamp":"2026-02-23 23:48:26","level":"PHP","user":"Erick Adrian Retes López","ip":"::1","url":"\/DISTRIBUIDORAFINAL\/","message":"PHP Error: Undefined array key \"modulos\"","context":{"file":"C:\\xampp\\htdocs\\DistribuidoraFinal\\app\\Views\\layout\\menu.php","line":2,"type":2}}
{"timestamp":"2026-02-23 23:48:26","level":"PHP","user":"Erick Adrian Retes López","ip":"::1","url":"\/DISTRIBUIDORAFINAL\/","message":"PHP Error: foreach() argument must be of type array|object, null given","context":{"file":"C:\\xampp\\htdocs\\DistribuidoraFinal\\app\\Views\\layout\\menu.php","line":11,"type":2}}
{"timestamp":"2026-02-23 23:49:14","level":"PHP","user":"Erick Adrian Retes López","ip":"::1","url":"\/DISTRIBUIDORAFINAL\/","message":"PHP Error: Undefined array key \"modulos\"","context":{"file":"C:\\xampp\\htdocs\\DistribuidoraFinal\\app\\Views\\layout\\menu.php","line":2,"type":2}}
{"timestamp":"2026-02-23 23:49:14","level":"PHP","user":"Erick Adrian Retes López","ip":"::1","url":"\/DISTRIBUIDORAFINAL\/","message":"PHP Error: foreach() argument must be of type array|object, null given","context":{"file":"C:\\xampp\\htdocs\\DistribuidoraFinal\\app\\Views\\layout\\menu.php","line":11,"type":2}}
{"timestamp":"2026-02-23 23:50:39","level":"PHP","user":"Erick Adrian Retes López","ip":"::1","url":"\/DISTRIBUIDORAFINAL\/","message":"PHP Error: Undefined array key \"modulos\"","context":{"file":"C:\\xampp\\htdocs\\DistribuidoraFinal\\app\\Views\\layout\\menu.php","line":2,"type":2}}
{"timestamp":"2026-02-23 23:50:39","level":"PHP","user":"Erick Adrian Retes López","ip":"::1","url":"\/DISTRIBUIDORAFINAL\/","message":"PHP Error: foreach() argument must be of type array|object, null given","context":{"file":"C:\\xampp\\htdocs\\DistribuidoraFinal\\app\\Views\\layout\\menu.php","line":11,"type":2}}
