{"timestamp":"2026-03-31 05:58:45","level":"MODULE","user":"Admin Yesenia","ip":"::1","url":"\/prueba\/distribuidora-esqueleto\/src\/js\/lib\/DataTables\/datatables-min.js","message":"Ruta ingresada inexistente, ruta: \/src\/js\/lib\/DataTables\/datatables-min.js","context":[]}
{"timestamp":"2026-03-31 05:58:49","level":"MODULE","user":"Admin Yesenia","ip":"::1","url":"\/prueba\/distribuidora-esqueleto\/src\/js\/lib\/DataTables\/pdfmake.js.map","message":"Ruta ingresada inexistente, ruta: \/src\/js\/lib\/DataTables\/pdfmake.js.map","context":[]}
{"timestamp":"2026-03-31 06:11:20","level":"MODULE","user":"Admin Yesenia","ip":"::1","url":"\/prueba\/distribuidora-esqueleto\/src\/js\/lib\/DataTables\/datatables-min.js","message":"Ruta ingresada inexistente, ruta: \/src\/js\/lib\/DataTables\/datatables-min.js","context":[]}
{"timestamp":"2026-03-31 06:11:20","level":"MODULE","user":"Admin Yesenia","ip":"::1","url":"\/prueba\/distribuidora-esqueleto\/src\/js\/lib\/DataTables\/pdfmake.js.map","message":"Ruta ingresada inexistente, ruta: \/src\/js\/lib\/DataTables\/pdfmake.js.map","context":[]}
{"timestamp":"2026-03-31 06:22:09","level":"MODULE","user":"Admin Yesenia","ip":"::1","url":"\/prueba\/distribuidora-esqueleto\/src\/js\/lib\/DataTables\/datatables-min.js","message":"Ruta ingresada inexistente, ruta: \/src\/js\/lib\/DataTables\/datatables-min.js","context":[]}
{"timestamp":"2026-03-31 06:22:09","level":"MODULE","user":"Admin Yesenia","ip":"::1","url":"\/prueba\/distribuidora-esqueleto\/src\/js\/lib\/DataTables\/pdfmake.js.map","message":"Ruta ingresada inexistente, ruta: \/src\/js\/lib\/DataTables\/pdfmake.js.map","context":[]}
{"timestamp":"2026-03-31 06:25:37","level":"MODULE","user":"Admin Yesenia","ip":"::1","url":"\/prueba\/distribuidora-esqueleto\/src\/js\/lib\/DataTables\/datatables-min.js","message":"Ruta ingresada inexistente, ruta: \/src\/js\/lib\/DataTables\/datatables-min.js","context":[]}
{"timestamp":"2026-03-31 06:25:38","level":"MODULE","user":"Admin Yesenia","ip":"::1","url":"\/prueba\/distribuidora-esqueleto\/src\/js\/lib\/DataTables\/pdfmake.js.map","message":"Ruta ingresada inexistente, ruta: \/src\/js\/lib\/DataTables\/pdfmake.js.map","context":[]}
{"timestamp":"2026-03-31 06:27:12","level":"MODULE","user":"Admin Yesenia","ip":"::1","url":"\/prueba\/distribuidora-esqueleto\/src\/js\/lib\/DataTables\/datatables-min.js","message":"Ruta ingresada inexistente, ruta: \/src\/js\/lib\/DataTables\/datatables-min.js","context":[]}
{"timestamp":"2026-03-31 06:27:12","level":"MODULE","user":"Admin Yesenia","ip":"::1","url":"\/prueba\/distribuidora-esqueleto\/src\/js\/lib\/DataTables\/pdfmake.js.map","message":"Ruta ingresada inexistente, ruta: \/src\/js\/lib\/DataTables\/pdfmake.js.map","context":[]}
{"timestamp":"2026-03-31 06:28:20","level":"MODULE","user":"Admin Yesenia","ip":"::1","url":"\/prueba\/distribuidora-esqueleto\/src\/js\/lib\/DataTables\/datatables-min.js","message":"Ruta ingresada inexistente, ruta: \/src\/js\/lib\/DataTables\/datatables-min.js","context":[]}
{"timestamp":"2026-03-31 06:28:20","level":"MODULE","user":"Admin Yesenia","ip":"::1","url":"\/prueba\/distribuidora-esqueleto\/src\/js\/lib\/DataTables\/pdfmake.js.map","message":"Ruta ingresada inexistente, ruta: \/src\/js\/lib\/DataTables\/pdfmake.js.map","context":[]}
{"timestamp":"2026-03-31 06:29:17","level":"MODULE","user":"Admin Yesenia","ip":"::1","url":"\/prueba\/distribuidora-esqueleto\/src\/js\/lib\/DataTables\/datatables-min.js","message":"Ruta ingresada inexistente, ruta: \/src\/js\/lib\/DataTables\/datatables-min.js","context":[]}
{"timestamp":"2026-03-31 06:29:17","level":"MODULE","user":"Admin Yesenia","ip":"::1","url":"\/prueba\/distribuidora-esqueleto\/src\/js\/lib\/DataTables\/pdfmake.js.map","message":"Ruta ingresada inexistente, ruta: \/src\/js\/lib\/DataTables\/pdfmake.js.map","context":[]}
{"timestamp":"2026-03-31 06:31:20","level":"MODULE","user":"Admin Yesenia","ip":"::1","url":"\/prueba\/distribuidora-esqueleto\/src\/js\/lib\/DataTables\/datatables-min.js","message":"Ruta ingresada inexistente, ruta: \/src\/js\/lib\/DataTables\/datatables-min.js","context":[]}
{"timestamp":"2026-03-31 06:31:20","level":"MODULE","user":"Admin Yesenia","ip":"::1","url":"\/prueba\/distribuidora-esqueleto\/src\/js\/lib\/DataTables\/pdfmake.js.map","message":"Ruta ingresada inexistente, ruta: \/src\/js\/lib\/DataTables\/pdfmake.js.map","context":[]}
{"timestamp":"2026-03-31 06:33:19","level":"MODULE","user":"Admin Yesenia","ip":"::1","url":"\/prueba\/distribuidora-esqueleto\/src\/js\/lib\/DataTables\/datatables-min.js","message":"Ruta ingresada inexistente, ruta: \/src\/js\/lib\/DataTables\/datatables-min.js","context":[]}
{"timestamp":"2026-03-31 06:33:20","level":"MODULE","user":"Admin Yesenia","ip":"::1","url":"\/prueba\/distribuidora-esqueleto\/src\/js\/lib\/DataTables\/pdfmake.js.map","message":"Ruta ingresada inexistente, ruta: \/src\/js\/lib\/DataTables\/pdfmake.js.map","context":[]}
{"timestamp":"2026-03-31 06:36:59","level":"MODULE","user":"Admin Yesenia","ip":"::1","url":"\/prueba\/distribuidora-esqueleto\/src\/js\/lib\/DataTables\/datatables-min.js","message":"Ruta ingresada inexistente, ruta: \/src\/js\/lib\/DataTables\/datatables-min.js","context":[]}
{"timestamp":"2026-03-31 06:37:00","level":"MODULE","user":"Admin Yesenia","ip":"::1","url":"\/prueba\/distribuidora-esqueleto\/src\/js\/lib\/DataTables\/pdfmake.js.map","message":"Ruta ingresada inexistente, ruta: \/src\/js\/lib\/DataTables\/pdfmake.js.map","context":[]}
{"timestamp":"2026-03-31 06:38:32","level":"MODULE","user":"Admin Yesenia","ip":"::1","url":"\/prueba\/distribuidora-esqueleto\/src\/js\/lib\/DataTables\/datatables-min.js","message":"Ruta ingresada inexistente, ruta: \/src\/js\/lib\/DataTables\/datatables-min.js","context":[]}
{"timestamp":"2026-03-31 06:38:32","level":"MODULE","user":"Admin Yesenia","ip":"::1","url":"\/prueba\/distribuidora-esqueleto\/src\/js\/lib\/DataTables\/pdfmake.js.map","message":"Ruta ingresada inexistente, ruta: \/src\/js\/lib\/DataTables\/pdfmake.js.map","context":[]}
{"timestamp":"2026-03-31 06:39:35","level":"MODULE","user":"Admin Yesenia","ip":"::1","url":"\/prueba\/distribuidora-esqueleto\/src\/js\/lib\/DataTables\/datatables-min.js","message":"Ruta ingresada inexistente, ruta: \/src\/js\/lib\/DataTables\/datatables-min.js","context":[]}
{"timestamp":"2026-03-31 06:39:36","level":"MODULE","user":"Admin Yesenia","ip":"::1","url":"\/prueba\/distribuidora-esqueleto\/src\/js\/lib\/DataTables\/pdfmake.js.map","message":"Ruta ingresada inexistente, ruta: \/src\/js\/lib\/DataTables\/pdfmake.js.map","context":[]}
{"timestamp":"2026-03-31 06:40:19","level":"MODULE","user":"Admin Yesenia","ip":"::1","url":"\/prueba\/distribuidora-esqueleto\/src\/js\/lib\/DataTables\/datatables-min.js","message":"Ruta ingresada inexistente, ruta: \/src\/js\/lib\/DataTables\/datatables-min.js","context":[]}
{"timestamp":"2026-03-31 06:40:19","level":"MODULE","user":"Admin Yesenia","ip":"::1","url":"\/prueba\/distribuidora-esqueleto\/src\/js\/lib\/DataTables\/pdfmake.js.map","message":"Ruta ingresada inexistente, ruta: \/src\/js\/lib\/DataTables\/pdfmake.js.map","context":[]}
{"timestamp":"2026-03-31 06:41:00","level":"MODULE","user":"Admin Yesenia","ip":"::1","url":"\/prueba\/distribuidora-esqueleto\/src\/js\/lib\/DataTables\/datatables-min.js","message":"Ruta ingresada inexistente, ruta: \/src\/js\/lib\/DataTables\/datatables-min.js","context":[]}
{"timestamp":"2026-03-31 06:41:01","level":"MODULE","user":"Admin Yesenia","ip":"::1","url":"\/prueba\/distribuidora-esqueleto\/src\/js\/lib\/DataTables\/pdfmake.js.map","message":"Ruta ingresada inexistente, ruta: \/src\/js\/lib\/DataTables\/pdfmake.js.map","context":[]}
{"timestamp":"2026-03-31 06:41:07","level":"MODULE","user":"Admin Yesenia","ip":"::1","url":"\/prueba\/distribuidora-esqueleto\/src\/js\/lib\/DataTables\/datatables-min.js","message":"Ruta ingresada inexistente, ruta: \/src\/js\/lib\/DataTables\/datatables-min.js","context":[]}
{"timestamp":"2026-03-31 06:41:07","level":"MODULE","user":"Admin Yesenia","ip":"::1","url":"\/prueba\/distribuidora-esqueleto\/src\/js\/lib\/DataTables\/pdfmake.js.map","message":"Ruta ingresada inexistente, ruta: \/src\/js\/lib\/DataTables\/pdfmake.js.map","context":[]}
{"timestamp":"2026-03-31 06:41:57","level":"MODULE","user":"Admin Yesenia","ip":"::1","url":"\/prueba\/distribuidora-esqueleto\/src\/js\/lib\/DataTables\/datatables-min.js","message":"Ruta ingresada inexistente, ruta: \/src\/js\/lib\/DataTables\/datatables-min.js","context":[]}
{"timestamp":"2026-03-31 06:41:57","level":"MODULE","user":"Admin Yesenia","ip":"::1","url":"\/prueba\/distribuidora-esqueleto\/src\/js\/lib\/DataTables\/pdfmake.js.map","message":"Ruta ingresada inexistente, ruta: \/src\/js\/lib\/DataTables\/pdfmake.js.map","context":[]}
{"timestamp":"2026-03-31 06:42:07","level":"MODULE","user":"Admin Yesenia","ip":"::1","url":"\/prueba\/distribuidora-esqueleto\/src\/js\/lib\/DataTables\/datatables-min.js","message":"Ruta ingresada inexistente, ruta: \/src\/js\/lib\/DataTables\/datatables-min.js","context":[]}
{"timestamp":"2026-03-31 06:42:08","level":"MODULE","user":"Admin Yesenia","ip":"::1","url":"\/prueba\/distribuidora-esqueleto\/src\/js\/lib\/DataTables\/pdfmake.js.map","message":"Ruta ingresada inexistente, ruta: \/src\/js\/lib\/DataTables\/pdfmake.js.map","context":[]}
{"timestamp":"2026-03-31 06:42:15","level":"MODULE","user":"Admin Yesenia","ip":"::1","url":"\/prueba\/distribuidora-esqueleto\/src\/js\/lib\/DataTables\/datatables-min.js","message":"Ruta ingresada inexistente, ruta: \/src\/js\/lib\/DataTables\/datatables-min.js","context":[]}
{"timestamp":"2026-03-31 06:42:16","level":"MODULE","user":"Admin Yesenia","ip":"::1","url":"\/prueba\/distribuidora-esqueleto\/src\/js\/lib\/DataTables\/pdfmake.js.map","message":"Ruta ingresada inexistente, ruta: \/src\/js\/lib\/DataTables\/pdfmake.js.map","context":[]}
{"timestamp":"2026-03-31 06:43:34","level":"MODULE","user":"Admin Yesenia","ip":"::1","url":"\/prueba\/distribuidora-esqueleto\/src\/js\/lib\/DataTables\/datatables-min.js","message":"Ruta ingresada inexistente, ruta: \/src\/js\/lib\/DataTables\/datatables-min.js","context":[]}
{"timestamp":"2026-03-31 06:43:34","level":"MODULE","user":"Admin Yesenia","ip":"::1","url":"\/prueba\/distribuidora-esqueleto\/src\/js\/lib\/DataTables\/pdfmake.js.map","message":"Ruta ingresada inexistente, ruta: \/src\/js\/lib\/DataTables\/pdfmake.js.map","context":[]}
{"timestamp":"2026-03-31 06:43:45","level":"MODULE","user":"Admin Yesenia","ip":"::1","url":"\/prueba\/distribuidora-esqueleto\/src\/js\/lib\/DataTables\/datatables-min.js","message":"Ruta ingresada inexistente, ruta: \/src\/js\/lib\/DataTables\/datatables-min.js","context":[]}
{"timestamp":"2026-03-31 06:43:45","level":"MODULE","user":"Admin Yesenia","ip":"::1","url":"\/prueba\/distribuidora-esqueleto\/src\/js\/lib\/DataTables\/pdfmake.js.map","message":"Ruta ingresada inexistente, ruta: \/src\/js\/lib\/DataTables\/pdfmake.js.map","context":[]}
{"timestamp":"2026-03-31 06:44:30","level":"MODULE","user":"Admin Yesenia","ip":"::1","url":"\/prueba\/distribuidora-esqueleto\/src\/js\/lib\/DataTables\/datatables-min.js","message":"Ruta ingresada inexistente, ruta: \/src\/js\/lib\/DataTables\/datatables-min.js","context":[]}
{"timestamp":"2026-03-31 06:44:30","level":"MODULE","user":"Admin Yesenia","ip":"::1","url":"\/prueba\/distribuidora-esqueleto\/src\/js\/lib\/DataTables\/pdfmake.js.map","message":"Ruta ingresada inexistente, ruta: \/src\/js\/lib\/DataTables\/pdfmake.js.map","context":[]}
{"timestamp":"2026-03-31 06:44:36","level":"MODULE","user":"Admin Yesenia","ip":"::1","url":"\/prueba\/distribuidora-esqueleto\/src\/js\/lib\/DataTables\/datatables-min.js","message":"Ruta ingresada inexistente, ruta: \/src\/js\/lib\/DataTables\/datatables-min.js","context":[]}
{"timestamp":"2026-03-31 06:44:36","level":"MODULE","user":"Admin Yesenia","ip":"::1","url":"\/prueba\/distribuidora-esqueleto\/src\/js\/lib\/DataTables\/pdfmake.js.map","message":"Ruta ingresada inexistente, ruta: \/src\/js\/lib\/DataTables\/pdfmake.js.map","context":[]}
{"timestamp":"2026-03-31 06:45:48","level":"MODULE","user":"Admin Yesenia","ip":"::1","url":"\/prueba\/distribuidora-esqueleto\/src\/js\/lib\/DataTables\/datatables-min.js","message":"Ruta ingresada inexistente, ruta: \/src\/js\/lib\/DataTables\/datatables-min.js","context":[]}
{"timestamp":"2026-03-31 06:45:48","level":"MODULE","user":"Admin Yesenia","ip":"::1","url":"\/prueba\/distribuidora-esqueleto\/src\/js\/lib\/DataTables\/pdfmake.js.map","message":"Ruta ingresada inexistente, ruta: \/src\/js\/lib\/DataTables\/pdfmake.js.map","context":[]}
{"timestamp":"2026-03-31 06:47:57","level":"MODULE","user":"Admin Yesenia","ip":"::1","url":"\/prueba\/distribuidora-esqueleto\/src\/js\/lib\/DataTables\/datatables-min.js","message":"Ruta ingresada inexistente, ruta: \/src\/js\/lib\/DataTables\/datatables-min.js","context":[]}
{"timestamp":"2026-03-31 06:47:57","level":"MODULE","user":"Admin Yesenia","ip":"::1","url":"\/prueba\/distribuidora-esqueleto\/src\/js\/lib\/DataTables\/pdfmake.js.map","message":"Ruta ingresada inexistente, ruta: \/src\/js\/lib\/DataTables\/pdfmake.js.map","context":[]}
{"timestamp":"2026-03-31 06:50:41","level":"MODULE","user":"Admin Yesenia","ip":"::1","url":"\/prueba\/distribuidora-esqueleto\/src\/js\/lib\/DataTables\/datatables-min.js","message":"Ruta ingresada inexistente, ruta: \/src\/js\/lib\/DataTables\/datatables-min.js","context":[]}
{"timestamp":"2026-03-31 06:50:41","level":"MODULE","user":"Admin Yesenia","ip":"::1","url":"\/prueba\/distribuidora-esqueleto\/src\/js\/lib\/DataTables\/pdfmake.js.map","message":"Ruta ingresada inexistente, ruta: \/src\/js\/lib\/DataTables\/pdfmake.js.map","context":[]}
{"timestamp":"2026-03-31 06:51:03","level":"MODULE","user":"Admin Yesenia","ip":"::1","url":"\/prueba\/distribuidora-esqueleto\/src\/js\/lib\/DataTables\/datatables-min.js","message":"Ruta ingresada inexistente, ruta: \/src\/js\/lib\/DataTables\/datatables-min.js","context":[]}
{"timestamp":"2026-03-31 06:51:03","level":"MODULE","user":"Admin Yesenia","ip":"::1","url":"\/prueba\/distribuidora-esqueleto\/src\/js\/lib\/DataTables\/pdfmake.js.map","message":"Ruta ingresada inexistente, ruta: \/src\/js\/lib\/DataTables\/pdfmake.js.map","context":[]}
{"timestamp":"2026-03-31 06:51:28","level":"MODULE","user":"Admin Yesenia","ip":"::1","url":"\/prueba\/distribuidora-esqueleto\/src\/js\/lib\/DataTables\/datatables-min.js","message":"Ruta ingresada inexistente, ruta: \/src\/js\/lib\/DataTables\/datatables-min.js","context":[]}
{"timestamp":"2026-03-31 06:51:28","level":"MODULE","user":"Admin Yesenia","ip":"::1","url":"\/prueba\/distribuidora-esqueleto\/src\/js\/lib\/DataTables\/pdfmake.js.map","message":"Ruta ingresada inexistente, ruta: \/src\/js\/lib\/DataTables\/pdfmake.js.map","context":[]}
{"timestamp":"2026-03-31 06:52:34","level":"MODULE","user":"Admin Yesenia","ip":"::1","url":"\/prueba\/distribuidora-esqueleto\/src\/js\/lib\/DataTables\/datatables-min.js","message":"Ruta ingresada inexistente, ruta: \/src\/js\/lib\/DataTables\/datatables-min.js","context":[]}
{"timestamp":"2026-03-31 06:52:34","level":"MODULE","user":"Admin Yesenia","ip":"::1","url":"\/prueba\/distribuidora-esqueleto\/src\/js\/lib\/DataTables\/pdfmake.js.map","message":"Ruta ingresada inexistente, ruta: \/src\/js\/lib\/DataTables\/pdfmake.js.map","context":[]}
{"timestamp":"2026-03-31 06:53:54","level":"MODULE","user":"Admin Yesenia","ip":"::1","url":"\/prueba\/distribuidora-esqueleto\/src\/js\/lib\/DataTables\/datatables-min.js","message":"Ruta ingresada inexistente, ruta: \/src\/js\/lib\/DataTables\/datatables-min.js","context":[]}
{"timestamp":"2026-03-31 06:53:54","level":"MODULE","user":"Admin Yesenia","ip":"::1","url":"\/prueba\/distribuidora-esqueleto\/src\/js\/lib\/DataTables\/pdfmake.js.map","message":"Ruta ingresada inexistente, ruta: \/src\/js\/lib\/DataTables\/pdfmake.js.map","context":[]}
{"timestamp":"2026-03-31 07:03:17","level":"MODULE","user":"Admin Yesenia","ip":"::1","url":"\/prueba\/distribuidora-esqueleto\/src\/js\/lib\/DataTables\/datatables-min.js","message":"Ruta ingresada inexistente, ruta: \/src\/js\/lib\/DataTables\/datatables-min.js","context":[]}
{"timestamp":"2026-03-31 07:03:17","level":"MODULE","user":"Admin Yesenia","ip":"::1","url":"\/prueba\/distribuidora-esqueleto\/src\/js\/lib\/DataTables\/pdfmake.js.map","message":"Ruta ingresada inexistente, ruta: \/src\/js\/lib\/DataTables\/pdfmake.js.map","context":[]}
{"timestamp":"2026-03-31 07:06:39","level":"MODULE","user":"Admin Yesenia","ip":"::1","url":"\/prueba\/distribuidora-esqueleto\/src\/js\/lib\/DataTables\/pdfmake.js.map","message":"Ruta ingresada inexistente, ruta: \/src\/js\/lib\/DataTables\/pdfmake.js.map","context":[]}
{"timestamp":"2026-03-31 07:06:40","level":"MODULE","user":"Admin Yesenia","ip":"::1","url":"\/prueba\/distribuidora-esqueleto\/src\/js\/lib\/DataTables\/pdfmake.min.js.map","message":"Ruta ingresada inexistente, ruta: \/src\/js\/lib\/DataTables\/pdfmake.min.js.map","context":[]}
{"timestamp":"2026-03-31 07:08:30","level":"MODULE","user":"Admin Yesenia","ip":"::1","url":"\/prueba\/distribuidora-esqueleto\/src\/js\/lib\/DataTables\/pdfmake.js.map","message":"Ruta ingresada inexistente, ruta: \/src\/js\/lib\/DataTables\/pdfmake.js.map","context":[]}
{"timestamp":"2026-03-31 07:08:30","level":"MODULE","user":"Admin Yesenia","ip":"::1","url":"\/prueba\/distribuidora-esqueleto\/src\/js\/lib\/DataTables\/pdfmake.min.js.map","message":"Ruta ingresada inexistente, ruta: \/src\/js\/lib\/DataTables\/pdfmake.min.js.map","context":[]}
{"timestamp":"2026-03-31 07:14:10","level":"MODULE","user":"Admin Yesenia","ip":"::1","url":"\/prueba\/distribuidora-esqueleto\/src\/js\/lib\/DataTables\/pdfmake.js.map","message":"Ruta ingresada inexistente, ruta: \/src\/js\/lib\/DataTables\/pdfmake.js.map","context":[]}
{"timestamp":"2026-03-31 07:14:10","level":"MODULE","user":"Admin Yesenia","ip":"::1","url":"\/prueba\/distribuidora-esqueleto\/src\/js\/lib\/DataTables\/pdfmake.min.js.map","message":"Ruta ingresada inexistente, ruta: \/src\/js\/lib\/DataTables\/pdfmake.min.js.map","context":[]}
{"timestamp":"2026-03-31 07:16:21","level":"MODULE","user":"Admin Yesenia","ip":"::1","url":"\/prueba\/distribuidora-esqueleto\/src\/js\/lib\/DataTables\/pdfmake.js.map","message":"Ruta ingresada inexistente, ruta: \/src\/js\/lib\/DataTables\/pdfmake.js.map","context":[]}
{"timestamp":"2026-03-31 07:16:21","level":"MODULE","user":"Admin Yesenia","ip":"::1","url":"\/prueba\/distribuidora-esqueleto\/src\/js\/lib\/DataTables\/pdfmake.min.js.map","message":"Ruta ingresada inexistente, ruta: \/src\/js\/lib\/DataTables\/pdfmake.min.js.map","context":[]}
{"timestamp":"2026-03-31 07:16:30","level":"MODULE","user":"Admin Yesenia","ip":"::1","url":"\/prueba\/distribuidora-esqueleto\/src\/js\/lib\/DataTables\/pdfmake.js.map","message":"Ruta ingresada inexistente, ruta: \/src\/js\/lib\/DataTables\/pdfmake.js.map","context":[]}
{"timestamp":"2026-03-31 07:16:30","level":"MODULE","user":"Admin Yesenia","ip":"::1","url":"\/prueba\/distribuidora-esqueleto\/src\/js\/lib\/DataTables\/pdfmake.min.js.map","message":"Ruta ingresada inexistente, ruta: \/src\/js\/lib\/DataTables\/pdfmake.min.js.map","context":[]}
{"timestamp":"2026-03-31 07:18:14","level":"MODULE","user":"Admin Yesenia","ip":"::1","url":"\/prueba\/distribuidora-esqueleto\/src\/js\/lib\/DataTables\/pdfmake.js.map","message":"Ruta ingresada inexistente, ruta: \/src\/js\/lib\/DataTables\/pdfmake.js.map","context":[]}
{"timestamp":"2026-03-31 07:18:14","level":"MODULE","user":"Admin Yesenia","ip":"::1","url":"\/prueba\/distribuidora-esqueleto\/src\/js\/lib\/DataTables\/pdfmake.min.js.map","message":"Ruta ingresada inexistente, ruta: \/src\/js\/lib\/DataTables\/pdfmake.min.js.map","context":[]}
{"timestamp":"2026-03-31 07:46:20","level":"MODULE","user":"Admin Yesenia","ip":"::1","url":"\/prueba\/distribuidora-esqueleto\/src\/js\/lib\/DataTables\/pdfmake.js.map","message":"Ruta ingresada inexistente, ruta: \/src\/js\/lib\/DataTables\/pdfmake.js.map","context":[]}
{"timestamp":"2026-03-31 07:46:20","level":"MODULE","user":"Admin Yesenia","ip":"::1","url":"\/prueba\/distribuidora-esqueleto\/src\/js\/lib\/DataTables\/pdfmake.min.js.map","message":"Ruta ingresada inexistente, ruta: \/src\/js\/lib\/DataTables\/pdfmake.min.js.map","context":[]}
{"timestamp":"2026-03-31 07:48:10","level":"MODULE","user":"Admin Yesenia","ip":"::1","url":"\/prueba\/distribuidora-esqueleto\/src\/js\/lib\/DataTables\/pdfmake.js.map","message":"Ruta ingresada inexistente, ruta: \/src\/js\/lib\/DataTables\/pdfmake.js.map","context":[]}
{"timestamp":"2026-03-31 07:48:11","level":"MODULE","user":"Admin Yesenia","ip":"::1","url":"\/prueba\/distribuidora-esqueleto\/src\/js\/lib\/DataTables\/pdfmake.min.js.map","message":"Ruta ingresada inexistente, ruta: \/src\/js\/lib\/DataTables\/pdfmake.min.js.map","context":[]}
{"timestamp":"2026-03-31 07:49:50","level":"MODULE","user":"Admin Yesenia","ip":"::1","url":"\/prueba\/distribuidora-esqueleto\/src\/js\/lib\/DataTables\/pdfmake.js.map","message":"Ruta ingresada inexistente, ruta: \/src\/js\/lib\/DataTables\/pdfmake.js.map","context":[]}
{"timestamp":"2026-03-31 07:49:50","level":"MODULE","user":"Admin Yesenia","ip":"::1","url":"\/prueba\/distribuidora-esqueleto\/src\/js\/lib\/DataTables\/pdfmake.min.js.map","message":"Ruta ingresada inexistente, ruta: \/src\/js\/lib\/DataTables\/pdfmake.min.js.map","context":[]}
{"timestamp":"2026-03-31 07:50:52","level":"MODULE","user":"Admin Yesenia","ip":"::1","url":"\/prueba\/distribuidora-esqueleto\/src\/js\/lib\/DataTables\/pdfmake.js.map","message":"Ruta ingresada inexistente, ruta: \/src\/js\/lib\/DataTables\/pdfmake.js.map","context":[]}
{"timestamp":"2026-03-31 07:50:52","level":"MODULE","user":"Admin Yesenia","ip":"::1","url":"\/prueba\/distribuidora-esqueleto\/src\/js\/lib\/DataTables\/pdfmake.min.js.map","message":"Ruta ingresada inexistente, ruta: \/src\/js\/lib\/DataTables\/pdfmake.min.js.map","context":[]}
{"timestamp":"2026-03-31 07:52:35","level":"MODULE","user":"Admin Yesenia","ip":"::1","url":"\/prueba\/distribuidora-esqueleto\/src\/js\/lib\/DataTables\/pdfmake.js.map","message":"Ruta ingresada inexistente, ruta: \/src\/js\/lib\/DataTables\/pdfmake.js.map","context":[]}
{"timestamp":"2026-03-31 07:52:35","level":"MODULE","user":"Admin Yesenia","ip":"::1","url":"\/prueba\/distribuidora-esqueleto\/src\/js\/lib\/DataTables\/pdfmake.min.js.map","message":"Ruta ingresada inexistente, ruta: \/src\/js\/lib\/DataTables\/pdfmake.min.js.map","context":[]}
{"timestamp":"2026-03-31 07:56:02","level":"MODULE","user":"Admin Yesenia","ip":"::1","url":"\/prueba\/distribuidora-esqueleto\/src\/js\/lib\/DataTables\/pdfmake.js.map","message":"Ruta ingresada inexistente, ruta: \/src\/js\/lib\/DataTables\/pdfmake.js.map","context":[]}
{"timestamp":"2026-03-31 07:56:02","level":"MODULE","user":"Admin Yesenia","ip":"::1","url":"\/prueba\/distribuidora-esqueleto\/src\/js\/lib\/DataTables\/pdfmake.min.js.map","message":"Ruta ingresada inexistente, ruta: \/src\/js\/lib\/DataTables\/pdfmake.min.js.map","context":[]}
{"timestamp":"2026-03-31 07:56:51","level":"MODULE","user":"Admin Yesenia","ip":"::1","url":"\/prueba\/distribuidora-esqueleto\/src\/js\/lib\/DataTables\/pdfmake.js.map","message":"Ruta ingresada inexistente, ruta: \/src\/js\/lib\/DataTables\/pdfmake.js.map","context":[]}
{"timestamp":"2026-03-31 07:56:51","level":"MODULE","user":"Admin Yesenia","ip":"::1","url":"\/prueba\/distribuidora-esqueleto\/src\/js\/lib\/DataTables\/pdfmake.min.js.map","message":"Ruta ingresada inexistente, ruta: \/src\/js\/lib\/DataTables\/pdfmake.min.js.map","context":[]}
{"timestamp":"2026-03-31 07:58:28","level":"MODULE","user":"Admin Yesenia","ip":"::1","url":"\/prueba\/distribuidora-esqueleto\/src\/js\/lib\/DataTables\/pdfmake.js.map","message":"Ruta ingresada inexistente, ruta: \/src\/js\/lib\/DataTables\/pdfmake.js.map","context":[]}
{"timestamp":"2026-03-31 07:58:28","level":"MODULE","user":"Admin Yesenia","ip":"::1","url":"\/prueba\/distribuidora-esqueleto\/src\/js\/lib\/DataTables\/pdfmake.min.js.map","message":"Ruta ingresada inexistente, ruta: \/src\/js\/lib\/DataTables\/pdfmake.min.js.map","context":[]}
{"timestamp":"2026-03-31 07:59:42","level":"MODULE","user":"Maria Luisa Galaz Palma","ip":"::1","url":"\/prueba\/distribuidora-esqueleto\/src\/js\/lib\/DataTables\/pdfmake.js.map","message":"Ruta ingresada inexistente, ruta: \/src\/js\/lib\/DataTables\/pdfmake.js.map","context":[]}
{"timestamp":"2026-03-31 07:59:42","level":"MODULE","user":"Maria Luisa Galaz Palma","ip":"::1","url":"\/prueba\/distribuidora-esqueleto\/src\/js\/lib\/DataTables\/pdfmake.min.js.map","message":"Ruta ingresada inexistente, ruta: \/src\/js\/lib\/DataTables\/pdfmake.min.js.map","context":[]}
{"timestamp":"2026-03-31 08:00:50","level":"MODULE","user":"Maria Luisa Galaz Palma","ip":"::1","url":"\/prueba\/distribuidora-esqueleto\/src\/js\/lib\/DataTables\/pdfmake.js.map","message":"Ruta ingresada inexistente, ruta: \/src\/js\/lib\/DataTables\/pdfmake.js.map","context":[]}
{"timestamp":"2026-03-31 08:00:50","level":"MODULE","user":"Maria Luisa Galaz Palma","ip":"::1","url":"\/prueba\/distribuidora-esqueleto\/src\/js\/lib\/DataTables\/pdfmake.min.js.map","message":"Ruta ingresada inexistente, ruta: \/src\/js\/lib\/DataTables\/pdfmake.min.js.map","context":[]}
{"timestamp":"2026-03-31 08:01:04","level":"MODULE","user":"Maria Luisa Galaz Palma","ip":"::1","url":"\/prueba\/distribuidora-esqueleto\/src\/js\/lib\/DataTables\/pdfmake.js.map","message":"Ruta ingresada inexistente, ruta: \/src\/js\/lib\/DataTables\/pdfmake.js.map","context":[]}
{"timestamp":"2026-03-31 08:01:04","level":"MODULE","user":"Maria Luisa Galaz Palma","ip":"::1","url":"\/prueba\/distribuidora-esqueleto\/src\/js\/lib\/DataTables\/pdfmake.min.js.map","message":"Ruta ingresada inexistente, ruta: \/src\/js\/lib\/DataTables\/pdfmake.min.js.map","context":[]}
{"timestamp":"2026-03-31 08:04:05","level":"MODULE","user":"Maria Luisa Galaz Palma","ip":"::1","url":"\/prueba\/distribuidora-esqueleto\/src\/js\/lib\/DataTables\/pdfmake.js.map","message":"Ruta ingresada inexistente, ruta: \/src\/js\/lib\/DataTables\/pdfmake.js.map","context":[]}
{"timestamp":"2026-03-31 08:04:05","level":"MODULE","user":"Maria Luisa Galaz Palma","ip":"::1","url":"\/prueba\/distribuidora-esqueleto\/src\/js\/lib\/DataTables\/pdfmake.min.js.map","message":"Ruta ingresada inexistente, ruta: \/src\/js\/lib\/DataTables\/pdfmake.min.js.map","context":[]}
{"timestamp":"2026-03-31 08:08:50","level":"MODULE","user":"Maria Luisa Galaz Palma","ip":"::1","url":"\/prueba\/distribuidora-esqueleto\/src\/js\/lib\/DataTables\/pdfmake.js.map","message":"Ruta ingresada inexistente, ruta: \/src\/js\/lib\/DataTables\/pdfmake.js.map","context":[]}
{"timestamp":"2026-03-31 08:08:50","level":"MODULE","user":"Maria Luisa Galaz Palma","ip":"::1","url":"\/prueba\/distribuidora-esqueleto\/src\/js\/lib\/DataTables\/pdfmake.min.js.map","message":"Ruta ingresada inexistente, ruta: \/src\/js\/lib\/DataTables\/pdfmake.min.js.map","context":[]}
{"timestamp":"2026-03-31 08:10:05","level":"MODULE","user":"Maria Luisa Galaz Palma","ip":"::1","url":"\/prueba\/distribuidora-esqueleto\/src\/js\/lib\/DataTables\/pdfmake.js.map","message":"Ruta ingresada inexistente, ruta: \/src\/js\/lib\/DataTables\/pdfmake.js.map","context":[]}
{"timestamp":"2026-03-31 08:10:05","level":"MODULE","user":"Maria Luisa Galaz Palma","ip":"::1","url":"\/prueba\/distribuidora-esqueleto\/src\/js\/lib\/DataTables\/pdfmake.min.js.map","message":"Ruta ingresada inexistente, ruta: \/src\/js\/lib\/DataTables\/pdfmake.min.js.map","context":[]}
{"timestamp":"2026-03-31 08:11:34","level":"MODULE","user":"Maria Luisa Galaz Palma","ip":"::1","url":"\/prueba\/distribuidora-esqueleto\/src\/js\/lib\/DataTables\/pdfmake.js.map","message":"Ruta ingresada inexistente, ruta: \/src\/js\/lib\/DataTables\/pdfmake.js.map","context":[]}
{"timestamp":"2026-03-31 08:11:34","level":"MODULE","user":"Maria Luisa Galaz Palma","ip":"::1","url":"\/prueba\/distribuidora-esqueleto\/src\/js\/lib\/DataTables\/pdfmake.min.js.map","message":"Ruta ingresada inexistente, ruta: \/src\/js\/lib\/DataTables\/pdfmake.min.js.map","context":[]}
{"timestamp":"2026-03-31 08:14:58","level":"MODULE","user":"Maria Luisa Galaz Palma","ip":"::1","url":"\/prueba\/distribuidora-esqueleto\/src\/js\/lib\/DataTables\/pdfmake.js.map","message":"Ruta ingresada inexistente, ruta: \/src\/js\/lib\/DataTables\/pdfmake.js.map","context":[]}
{"timestamp":"2026-03-31 08:14:58","level":"MODULE","user":"Maria Luisa Galaz Palma","ip":"::1","url":"\/prueba\/distribuidora-esqueleto\/src\/js\/lib\/DataTables\/pdfmake.min.js.map","message":"Ruta ingresada inexistente, ruta: \/src\/js\/lib\/DataTables\/pdfmake.min.js.map","context":[]}
{"timestamp":"2026-03-31 08:15:18","level":"MODULE","user":"Maria Luisa Galaz Palma","ip":"::1","url":"\/prueba\/distribuidora-esqueleto\/src\/js\/lib\/DataTables\/pdfmake.js.map","message":"Ruta ingresada inexistente, ruta: \/src\/js\/lib\/DataTables\/pdfmake.js.map","context":[]}
{"timestamp":"2026-03-31 08:15:18","level":"MODULE","user":"Maria Luisa Galaz Palma","ip":"::1","url":"\/prueba\/distribuidora-esqueleto\/src\/js\/lib\/DataTables\/pdfmake.min.js.map","message":"Ruta ingresada inexistente, ruta: \/src\/js\/lib\/DataTables\/pdfmake.min.js.map","context":[]}
{"timestamp":"2026-03-31 08:15:53","level":"MODULE","user":"Maria Luisa Galaz Palma","ip":"::1","url":"\/prueba\/distribuidora-esqueleto\/src\/js\/lib\/DataTables\/pdfmake.js.map","message":"Ruta ingresada inexistente, ruta: \/src\/js\/lib\/DataTables\/pdfmake.js.map","context":[]}
{"timestamp":"2026-03-31 08:15:53","level":"MODULE","user":"Maria Luisa Galaz Palma","ip":"::1","url":"\/prueba\/distribuidora-esqueleto\/src\/js\/lib\/DataTables\/pdfmake.min.js.map","message":"Ruta ingresada inexistente, ruta: \/src\/js\/lib\/DataTables\/pdfmake.min.js.map","context":[]}
{"timestamp":"2026-03-31 08:16:30","level":"MODULE","user":"Maria Luisa Galaz Palma","ip":"::1","url":"\/prueba\/distribuidora-esqueleto\/src\/js\/lib\/DataTables\/pdfmake.js.map","message":"Ruta ingresada inexistente, ruta: \/src\/js\/lib\/DataTables\/pdfmake.js.map","context":[]}
{"timestamp":"2026-03-31 08:16:30","level":"MODULE","user":"Maria Luisa Galaz Palma","ip":"::1","url":"\/prueba\/distribuidora-esqueleto\/src\/js\/lib\/DataTables\/pdfmake.min.js.map","message":"Ruta ingresada inexistente, ruta: \/src\/js\/lib\/DataTables\/pdfmake.min.js.map","context":[]}
{"timestamp":"2026-03-31 08:17:35","level":"MODULE","user":"Maria Luisa Galaz Palma","ip":"::1","url":"\/prueba\/distribuidora-esqueleto\/src\/js\/lib\/DataTables\/pdfmake.js.map","message":"Ruta ingresada inexistente, ruta: \/src\/js\/lib\/DataTables\/pdfmake.js.map","context":[]}
{"timestamp":"2026-03-31 08:17:35","level":"MODULE","user":"Maria Luisa Galaz Palma","ip":"::1","url":"\/prueba\/distribuidora-esqueleto\/src\/js\/lib\/DataTables\/pdfmake.min.js.map","message":"Ruta ingresada inexistente, ruta: \/src\/js\/lib\/DataTables\/pdfmake.min.js.map","context":[]}
{"timestamp":"2026-03-31 08:17:48","level":"MODULE","user":"Maria Luisa Galaz Palma","ip":"::1","url":"\/prueba\/distribuidora-esqueleto\/src\/js\/lib\/DataTables\/pdfmake.js.map","message":"Ruta ingresada inexistente, ruta: \/src\/js\/lib\/DataTables\/pdfmake.js.map","context":[]}
{"timestamp":"2026-03-31 08:17:48","level":"MODULE","user":"Maria Luisa Galaz Palma","ip":"::1","url":"\/prueba\/distribuidora-esqueleto\/src\/js\/lib\/DataTables\/pdfmake.min.js.map","message":"Ruta ingresada inexistente, ruta: \/src\/js\/lib\/DataTables\/pdfmake.min.js.map","context":[]}
{"timestamp":"2026-03-31 08:18:09","level":"MODULE","user":"Maria Luisa Galaz Palma","ip":"::1","url":"\/prueba\/distribuidora-esqueleto\/src\/js\/lib\/DataTables\/pdfmake.js.map","message":"Ruta ingresada inexistente, ruta: \/src\/js\/lib\/DataTables\/pdfmake.js.map","context":[]}
{"timestamp":"2026-03-31 08:18:09","level":"MODULE","user":"Maria Luisa Galaz Palma","ip":"::1","url":"\/prueba\/distribuidora-esqueleto\/src\/js\/lib\/DataTables\/pdfmake.min.js.map","message":"Ruta ingresada inexistente, ruta: \/src\/js\/lib\/DataTables\/pdfmake.min.js.map","context":[]}
{"timestamp":"2026-03-31 08:18:17","level":"MODULE","user":"Maria Luisa Galaz Palma","ip":"::1","url":"\/prueba\/distribuidora-esqueleto\/src\/js\/lib\/DataTables\/pdfmake.js.map","message":"Ruta ingresada inexistente, ruta: \/src\/js\/lib\/DataTables\/pdfmake.js.map","context":[]}
{"timestamp":"2026-03-31 08:18:18","level":"MODULE","user":"Maria Luisa Galaz Palma","ip":"::1","url":"\/prueba\/distribuidora-esqueleto\/src\/js\/lib\/DataTables\/pdfmake.min.js.map","message":"Ruta ingresada inexistente, ruta: \/src\/js\/lib\/DataTables\/pdfmake.min.js.map","context":[]}
{"timestamp":"2026-03-31 08:19:13","level":"MODULE","user":"Maria Luisa Galaz Palma","ip":"::1","url":"\/prueba\/distribuidora-esqueleto\/src\/js\/lib\/DataTables\/pdfmake.js.map","message":"Ruta ingresada inexistente, ruta: \/src\/js\/lib\/DataTables\/pdfmake.js.map","context":[]}
{"timestamp":"2026-03-31 08:19:13","level":"MODULE","user":"Maria Luisa Galaz Palma","ip":"::1","url":"\/prueba\/distribuidora-esqueleto\/src\/js\/lib\/DataTables\/pdfmake.min.js.map","message":"Ruta ingresada inexistente, ruta: \/src\/js\/lib\/DataTables\/pdfmake.min.js.map","context":[]}
{"timestamp":"2026-03-31 08:20:54","level":"MODULE","user":"Maria Luisa Galaz Palma","ip":"::1","url":"\/prueba\/distribuidora-esqueleto\/src\/js\/lib\/DataTables\/pdfmake.js.map","message":"Ruta ingresada inexistente, ruta: \/src\/js\/lib\/DataTables\/pdfmake.js.map","context":[]}
{"timestamp":"2026-03-31 08:20:54","level":"MODULE","user":"Maria Luisa Galaz Palma","ip":"::1","url":"\/prueba\/distribuidora-esqueleto\/src\/js\/lib\/DataTables\/pdfmake.min.js.map","message":"Ruta ingresada inexistente, ruta: \/src\/js\/lib\/DataTables\/pdfmake.min.js.map","context":[]}
{"timestamp":"2026-03-31 08:21:10","level":"MODULE","user":"Maria Luisa Galaz Palma","ip":"::1","url":"\/prueba\/distribuidora-esqueleto\/src\/js\/lib\/DataTables\/pdfmake.js.map","message":"Ruta ingresada inexistente, ruta: \/src\/js\/lib\/DataTables\/pdfmake.js.map","context":[]}
{"timestamp":"2026-03-31 08:21:10","level":"MODULE","user":"Maria Luisa Galaz Palma","ip":"::1","url":"\/prueba\/distribuidora-esqueleto\/src\/js\/lib\/DataTables\/pdfmake.min.js.map","message":"Ruta ingresada inexistente, ruta: \/src\/js\/lib\/DataTables\/pdfmake.min.js.map","context":[]}
{"timestamp":"2026-03-31 08:21:56","level":"MODULE","user":"Maria Luisa Galaz Palma","ip":"::1","url":"\/prueba\/distribuidora-esqueleto\/src\/js\/lib\/DataTables\/pdfmake.js.map","message":"Ruta ingresada inexistente, ruta: \/src\/js\/lib\/DataTables\/pdfmake.js.map","context":[]}
{"timestamp":"2026-03-31 08:21:57","level":"MODULE","user":"Maria Luisa Galaz Palma","ip":"::1","url":"\/prueba\/distribuidora-esqueleto\/src\/js\/lib\/DataTables\/pdfmake.min.js.map","message":"Ruta ingresada inexistente, ruta: \/src\/js\/lib\/DataTables\/pdfmake.min.js.map","context":[]}
{"timestamp":"2026-03-31 08:22:14","level":"MODULE","user":"Maria Luisa Galaz Palma","ip":"::1","url":"\/prueba\/distribuidora-esqueleto\/src\/js\/lib\/DataTables\/pdfmake.js.map","message":"Ruta ingresada inexistente, ruta: \/src\/js\/lib\/DataTables\/pdfmake.js.map","context":[]}
{"timestamp":"2026-03-31 08:22:15","level":"MODULE","user":"Maria Luisa Galaz Palma","ip":"::1","url":"\/prueba\/distribuidora-esqueleto\/src\/js\/lib\/DataTables\/pdfmake.min.js.map","message":"Ruta ingresada inexistente, ruta: \/src\/js\/lib\/DataTables\/pdfmake.min.js.map","context":[]}
{"timestamp":"2026-03-31 08:22:27","level":"MODULE","user":"Maria Luisa Galaz Palma","ip":"::1","url":"\/prueba\/distribuidora-esqueleto\/src\/js\/lib\/DataTables\/pdfmake.js.map","message":"Ruta ingresada inexistente, ruta: \/src\/js\/lib\/DataTables\/pdfmake.js.map","context":[]}
{"timestamp":"2026-03-31 08:22:27","level":"MODULE","user":"Maria Luisa Galaz Palma","ip":"::1","url":"\/prueba\/distribuidora-esqueleto\/src\/js\/lib\/DataTables\/pdfmake.min.js.map","message":"Ruta ingresada inexistente, ruta: \/src\/js\/lib\/DataTables\/pdfmake.min.js.map","context":[]}
{"timestamp":"2026-03-31 08:23:07","level":"MODULE","user":"Maria Luisa Galaz Palma","ip":"::1","url":"\/prueba\/distribuidora-esqueleto\/src\/js\/lib\/DataTables\/pdfmake.js.map","message":"Ruta ingresada inexistente, ruta: \/src\/js\/lib\/DataTables\/pdfmake.js.map","context":[]}
{"timestamp":"2026-03-31 08:23:07","level":"MODULE","user":"Maria Luisa Galaz Palma","ip":"::1","url":"\/prueba\/distribuidora-esqueleto\/src\/js\/lib\/DataTables\/pdfmake.min.js.map","message":"Ruta ingresada inexistente, ruta: \/src\/js\/lib\/DataTables\/pdfmake.min.js.map","context":[]}
{"timestamp":"2026-03-31 08:23:15","level":"MODULE","user":"Maria Luisa Galaz Palma","ip":"::1","url":"\/prueba\/distribuidora-esqueleto\/src\/js\/lib\/DataTables\/pdfmake.js.map","message":"Ruta ingresada inexistente, ruta: \/src\/js\/lib\/DataTables\/pdfmake.js.map","context":[]}
{"timestamp":"2026-03-31 08:23:15","level":"MODULE","user":"Maria Luisa Galaz Palma","ip":"::1","url":"\/prueba\/distribuidora-esqueleto\/src\/js\/lib\/DataTables\/pdfmake.min.js.map","message":"Ruta ingresada inexistente, ruta: \/src\/js\/lib\/DataTables\/pdfmake.min.js.map","context":[]}
{"timestamp":"2026-03-31 08:23:57","level":"MODULE","user":"Maria Luisa Galaz Palma","ip":"::1","url":"\/prueba\/distribuidora-esqueleto\/src\/js\/lib\/DataTables\/pdfmake.js.map","message":"Ruta ingresada inexistente, ruta: \/src\/js\/lib\/DataTables\/pdfmake.js.map","context":[]}
{"timestamp":"2026-03-31 08:23:57","level":"MODULE","user":"Maria Luisa Galaz Palma","ip":"::1","url":"\/prueba\/distribuidora-esqueleto\/src\/js\/lib\/DataTables\/pdfmake.min.js.map","message":"Ruta ingresada inexistente, ruta: \/src\/js\/lib\/DataTables\/pdfmake.min.js.map","context":[]}
{"timestamp":"2026-03-31 08:25:12","level":"MODULE","user":"Maria Luisa Galaz Palma","ip":"::1","url":"\/prueba\/distribuidora-esqueleto\/src\/js\/lib\/DataTables\/pdfmake.js.map","message":"Ruta ingresada inexistente, ruta: \/src\/js\/lib\/DataTables\/pdfmake.js.map","context":[]}
{"timestamp":"2026-03-31 08:25:12","level":"MODULE","user":"Maria Luisa Galaz Palma","ip":"::1","url":"\/prueba\/distribuidora-esqueleto\/src\/js\/lib\/DataTables\/pdfmake.min.js.map","message":"Ruta ingresada inexistente, ruta: \/src\/js\/lib\/DataTables\/pdfmake.min.js.map","context":[]}
{"timestamp":"2026-03-31 08:25:57","level":"MODULE","user":"Maria Luisa Galaz Palma","ip":"::1","url":"\/prueba\/distribuidora-esqueleto\/src\/js\/lib\/DataTables\/pdfmake.js.map","message":"Ruta ingresada inexistente, ruta: \/src\/js\/lib\/DataTables\/pdfmake.js.map","context":[]}
{"timestamp":"2026-03-31 08:25:57","level":"MODULE","user":"Maria Luisa Galaz Palma","ip":"::1","url":"\/prueba\/distribuidora-esqueleto\/src\/js\/lib\/DataTables\/pdfmake.min.js.map","message":"Ruta ingresada inexistente, ruta: \/src\/js\/lib\/DataTables\/pdfmake.min.js.map","context":[]}
{"timestamp":"2026-03-31 08:26:52","level":"MODULE","user":"Maria Luisa Galaz Palma","ip":"::1","url":"\/prueba\/distribuidora-esqueleto\/src\/js\/lib\/DataTables\/pdfmake.js.map","message":"Ruta ingresada inexistente, ruta: \/src\/js\/lib\/DataTables\/pdfmake.js.map","context":[]}
{"timestamp":"2026-03-31 08:26:52","level":"MODULE","user":"Maria Luisa Galaz Palma","ip":"::1","url":"\/prueba\/distribuidora-esqueleto\/src\/js\/lib\/DataTables\/pdfmake.min.js.map","message":"Ruta ingresada inexistente, ruta: \/src\/js\/lib\/DataTables\/pdfmake.min.js.map","context":[]}
{"timestamp":"2026-03-31 08:27:01","level":"MODULE","user":"Maria Luisa Galaz Palma","ip":"::1","url":"\/prueba\/distribuidora-esqueleto\/src\/js\/lib\/DataTables\/pdfmake.js.map","message":"Ruta ingresada inexistente, ruta: \/src\/js\/lib\/DataTables\/pdfmake.js.map","context":[]}
{"timestamp":"2026-03-31 08:27:02","level":"MODULE","user":"Maria Luisa Galaz Palma","ip":"::1","url":"\/prueba\/distribuidora-esqueleto\/src\/js\/lib\/DataTables\/pdfmake.min.js.map","message":"Ruta ingresada inexistente, ruta: \/src\/js\/lib\/DataTables\/pdfmake.min.js.map","context":[]}
{"timestamp":"2026-03-31 08:27:59","level":"MODULE","user":"Maria Luisa Galaz Palma","ip":"::1","url":"\/prueba\/distribuidora-esqueleto\/src\/js\/lib\/DataTables\/pdfmake.js.map","message":"Ruta ingresada inexistente, ruta: \/src\/js\/lib\/DataTables\/pdfmake.js.map","context":[]}
{"timestamp":"2026-03-31 08:27:59","level":"MODULE","user":"Maria Luisa Galaz Palma","ip":"::1","url":"\/prueba\/distribuidora-esqueleto\/src\/js\/lib\/DataTables\/pdfmake.min.js.map","message":"Ruta ingresada inexistente, ruta: \/src\/js\/lib\/DataTables\/pdfmake.min.js.map","context":[]}
{"timestamp":"2026-03-31 08:28:06","level":"MODULE","user":"Maria Luisa Galaz Palma","ip":"::1","url":"\/prueba\/distribuidora-esqueleto\/src\/js\/lib\/DataTables\/pdfmake.js.map","message":"Ruta ingresada inexistente, ruta: \/src\/js\/lib\/DataTables\/pdfmake.js.map","context":[]}
{"timestamp":"2026-03-31 08:28:07","level":"MODULE","user":"Maria Luisa Galaz Palma","ip":"::1","url":"\/prueba\/distribuidora-esqueleto\/src\/js\/lib\/DataTables\/pdfmake.min.js.map","message":"Ruta ingresada inexistente, ruta: \/src\/js\/lib\/DataTables\/pdfmake.min.js.map","context":[]}
{"timestamp":"2026-03-31 08:28:54","level":"MODULE","user":"Maria Luisa Galaz Palma","ip":"::1","url":"\/prueba\/distribuidora-esqueleto\/src\/js\/lib\/DataTables\/pdfmake.js.map","message":"Ruta ingresada inexistente, ruta: \/src\/js\/lib\/DataTables\/pdfmake.js.map","context":[]}
{"timestamp":"2026-03-31 08:28:54","level":"MODULE","user":"Maria Luisa Galaz Palma","ip":"::1","url":"\/prueba\/distribuidora-esqueleto\/src\/js\/lib\/DataTables\/pdfmake.min.js.map","message":"Ruta ingresada inexistente, ruta: \/src\/js\/lib\/DataTables\/pdfmake.min.js.map","context":[]}
{"timestamp":"2026-03-31 08:29:02","level":"MODULE","user":"Maria Luisa Galaz Palma","ip":"::1","url":"\/prueba\/distribuidora-esqueleto\/src\/js\/lib\/DataTables\/pdfmake.js.map","message":"Ruta ingresada inexistente, ruta: \/src\/js\/lib\/DataTables\/pdfmake.js.map","context":[]}
{"timestamp":"2026-03-31 08:29:02","level":"MODULE","user":"Maria Luisa Galaz Palma","ip":"::1","url":"\/prueba\/distribuidora-esqueleto\/src\/js\/lib\/DataTables\/pdfmake.min.js.map","message":"Ruta ingresada inexistente, ruta: \/src\/js\/lib\/DataTables\/pdfmake.min.js.map","context":[]}
{"timestamp":"2026-03-31 08:30:12","level":"MODULE","user":"Maria Luisa Galaz Palma","ip":"::1","url":"\/prueba\/distribuidora-esqueleto\/src\/js\/lib\/DataTables\/pdfmake.js.map","message":"Ruta ingresada inexistente, ruta: \/src\/js\/lib\/DataTables\/pdfmake.js.map","context":[]}
{"timestamp":"2026-03-31 08:30:12","level":"MODULE","user":"Maria Luisa Galaz Palma","ip":"::1","url":"\/prueba\/distribuidora-esqueleto\/src\/js\/lib\/DataTables\/pdfmake.min.js.map","message":"Ruta ingresada inexistente, ruta: \/src\/js\/lib\/DataTables\/pdfmake.min.js.map","context":[]}
{"timestamp":"2026-03-31 08:31:32","level":"MODULE","user":"Maria Luisa Galaz Palma","ip":"::1","url":"\/prueba\/distribuidora-esqueleto\/src\/js\/lib\/DataTables\/pdfmake.js.map","message":"Ruta ingresada inexistente, ruta: \/src\/js\/lib\/DataTables\/pdfmake.js.map","context":[]}
{"timestamp":"2026-03-31 08:31:32","level":"MODULE","user":"Maria Luisa Galaz Palma","ip":"::1","url":"\/prueba\/distribuidora-esqueleto\/src\/js\/lib\/DataTables\/pdfmake.min.js.map","message":"Ruta ingresada inexistente, ruta: \/src\/js\/lib\/DataTables\/pdfmake.min.js.map","context":[]}
{"timestamp":"2026-03-31 08:32:29","level":"MODULE","user":"Maria Luisa Galaz Palma","ip":"::1","url":"\/prueba\/distribuidora-esqueleto\/src\/js\/lib\/DataTables\/pdfmake.js.map","message":"Ruta ingresada inexistente, ruta: \/src\/js\/lib\/DataTables\/pdfmake.js.map","context":[]}
{"timestamp":"2026-03-31 08:32:29","level":"MODULE","user":"Maria Luisa Galaz Palma","ip":"::1","url":"\/prueba\/distribuidora-esqueleto\/src\/js\/lib\/DataTables\/pdfmake.min.js.map","message":"Ruta ingresada inexistente, ruta: \/src\/js\/lib\/DataTables\/pdfmake.min.js.map","context":[]}
{"timestamp":"2026-03-31 08:33:54","level":"MODULE","user":"Maria Luisa Galaz Palma","ip":"::1","url":"\/prueba\/distribuidora-esqueleto\/src\/js\/lib\/DataTables\/pdfmake.js.map","message":"Ruta ingresada inexistente, ruta: \/src\/js\/lib\/DataTables\/pdfmake.js.map","context":[]}
{"timestamp":"2026-03-31 08:33:55","level":"MODULE","user":"Maria Luisa Galaz Palma","ip":"::1","url":"\/prueba\/distribuidora-esqueleto\/src\/js\/lib\/DataTables\/pdfmake.min.js.map","message":"Ruta ingresada inexistente, ruta: \/src\/js\/lib\/DataTables\/pdfmake.min.js.map","context":[]}
{"timestamp":"2026-03-31 08:34:49","level":"MODULE","user":"Maria Luisa Galaz Palma","ip":"::1","url":"\/prueba\/distribuidora-esqueleto\/src\/js\/lib\/DataTables\/pdfmake.js.map","message":"Ruta ingresada inexistente, ruta: \/src\/js\/lib\/DataTables\/pdfmake.js.map","context":[]}
{"timestamp":"2026-03-31 08:34:49","level":"MODULE","user":"Maria Luisa Galaz Palma","ip":"::1","url":"\/prueba\/distribuidora-esqueleto\/src\/js\/lib\/DataTables\/pdfmake.min.js.map","message":"Ruta ingresada inexistente, ruta: \/src\/js\/lib\/DataTables\/pdfmake.min.js.map","context":[]}
{"timestamp":"2026-03-31 08:36:54","level":"MODULE","user":"Maria Luisa Galaz Palma","ip":"::1","url":"\/prueba\/distribuidora-esqueleto\/src\/js\/lib\/DataTables\/pdfmake.js.map","message":"Ruta ingresada inexistente, ruta: \/src\/js\/lib\/DataTables\/pdfmake.js.map","context":[]}
{"timestamp":"2026-03-31 08:36:54","level":"MODULE","user":"Maria Luisa Galaz Palma","ip":"::1","url":"\/prueba\/distribuidora-esqueleto\/src\/js\/lib\/DataTables\/pdfmake.min.js.map","message":"Ruta ingresada inexistente, ruta: \/src\/js\/lib\/DataTables\/pdfmake.min.js.map","context":[]}
{"timestamp":"2026-03-31 08:37:34","level":"MODULE","user":"Maria Luisa Galaz Palma","ip":"::1","url":"\/prueba\/distribuidora-esqueleto\/src\/js\/lib\/DataTables\/pdfmake.js.map","message":"Ruta ingresada inexistente, ruta: \/src\/js\/lib\/DataTables\/pdfmake.js.map","context":[]}
{"timestamp":"2026-03-31 08:37:34","level":"MODULE","user":"Maria Luisa Galaz Palma","ip":"::1","url":"\/prueba\/distribuidora-esqueleto\/src\/js\/lib\/DataTables\/pdfmake.min.js.map","message":"Ruta ingresada inexistente, ruta: \/src\/js\/lib\/DataTables\/pdfmake.min.js.map","context":[]}
{"timestamp":"2026-03-31 08:38:35","level":"MODULE","user":"Maria Luisa Galaz Palma","ip":"::1","url":"\/prueba\/distribuidora-esqueleto\/src\/js\/lib\/DataTables\/pdfmake.js.map","message":"Ruta ingresada inexistente, ruta: \/src\/js\/lib\/DataTables\/pdfmake.js.map","context":[]}
{"timestamp":"2026-03-31 08:38:39","level":"MODULE","user":"Maria Luisa Galaz Palma","ip":"::1","url":"\/prueba\/distribuidora-esqueleto\/src\/js\/lib\/DataTables\/pdfmake.min.js.map","message":"Ruta ingresada inexistente, ruta: \/src\/js\/lib\/DataTables\/pdfmake.min.js.map","context":[]}
{"timestamp":"2026-03-31 08:39:22","level":"MODULE","user":"Maria Luisa Galaz Palma","ip":"::1","url":"\/prueba\/distribuidora-esqueleto\/src\/js\/lib\/DataTables\/pdfmake.js.map","message":"Ruta ingresada inexistente, ruta: \/src\/js\/lib\/DataTables\/pdfmake.js.map","context":[]}
{"timestamp":"2026-03-31 08:39:27","level":"MODULE","user":"Maria Luisa Galaz Palma","ip":"::1","url":"\/prueba\/distribuidora-esqueleto\/src\/js\/lib\/DataTables\/pdfmake.min.js.map","message":"Ruta ingresada inexistente, ruta: \/src\/js\/lib\/DataTables\/pdfmake.min.js.map","context":[]}
{"timestamp":"2026-03-31 08:39:50","level":"MODULE","user":"Maria Luisa Galaz Palma","ip":"::1","url":"\/prueba\/distribuidora-esqueleto\/src\/js\/lib\/DataTables\/pdfmake.js.map","message":"Ruta ingresada inexistente, ruta: \/src\/js\/lib\/DataTables\/pdfmake.js.map","context":[]}
{"timestamp":"2026-03-31 08:39:50","level":"MODULE","user":"Maria Luisa Galaz Palma","ip":"::1","url":"\/prueba\/distribuidora-esqueleto\/src\/js\/lib\/DataTables\/pdfmake.min.js.map","message":"Ruta ingresada inexistente, ruta: \/src\/js\/lib\/DataTables\/pdfmake.min.js.map","context":[]}
{"timestamp":"2026-03-31 08:40:13","level":"MODULE","user":"Maria Luisa Galaz Palma","ip":"::1","url":"\/prueba\/distribuidora-esqueleto\/src\/js\/lib\/DataTables\/pdfmake.js.map","message":"Ruta ingresada inexistente, ruta: \/src\/js\/lib\/DataTables\/pdfmake.js.map","context":[]}
{"timestamp":"2026-03-31 08:40:13","level":"MODULE","user":"Maria Luisa Galaz Palma","ip":"::1","url":"\/prueba\/distribuidora-esqueleto\/src\/js\/lib\/DataTables\/pdfmake.min.js.map","message":"Ruta ingresada inexistente, ruta: \/src\/js\/lib\/DataTables\/pdfmake.min.js.map","context":[]}
{"timestamp":"2026-03-31 08:40:53","level":"MODULE","user":"Maria Luisa Galaz Palma","ip":"::1","url":"\/prueba\/distribuidora-esqueleto\/src\/js\/lib\/DataTables\/pdfmake.js.map","message":"Ruta ingresada inexistente, ruta: \/src\/js\/lib\/DataTables\/pdfmake.js.map","context":[]}
{"timestamp":"2026-03-31 08:40:53","level":"MODULE","user":"Maria Luisa Galaz Palma","ip":"::1","url":"\/prueba\/distribuidora-esqueleto\/src\/js\/lib\/DataTables\/pdfmake.min.js.map","message":"Ruta ingresada inexistente, ruta: \/src\/js\/lib\/DataTables\/pdfmake.min.js.map","context":[]}
{"timestamp":"2026-03-31 10:21:33","level":"MODULE","user":"Maria Luisa Galaz Palma","ip":"::1","url":"\/prueba\/distribuidora-esqueleto\/src\/js\/lib\/DataTables\/pdfmake.js.map","message":"Ruta ingresada inexistente, ruta: \/src\/js\/lib\/DataTables\/pdfmake.js.map","context":[]}
{"timestamp":"2026-03-31 10:21:33","level":"MODULE","user":"Maria Luisa Galaz Palma","ip":"::1","url":"\/prueba\/distribuidora-esqueleto\/src\/js\/lib\/DataTables\/pdfmake.min.js.map","message":"Ruta ingresada inexistente, ruta: \/src\/js\/lib\/DataTables\/pdfmake.min.js.map","context":[]}
{"timestamp":"2026-03-31 10:21:57","level":"MODULE","user":"Admin Yesenia","ip":"::1","url":"\/prueba\/distribuidora-esqueleto\/src\/js\/lib\/DataTables\/pdfmake.js.map","message":"Ruta ingresada inexistente, ruta: \/src\/js\/lib\/DataTables\/pdfmake.js.map","context":[]}
{"timestamp":"2026-03-31 10:21:57","level":"MODULE","user":"Admin Yesenia","ip":"::1","url":"\/prueba\/distribuidora-esqueleto\/src\/js\/lib\/DataTables\/pdfmake.min.js.map","message":"Ruta ingresada inexistente, ruta: \/src\/js\/lib\/DataTables\/pdfmake.min.js.map","context":[]}
{"timestamp":"2026-03-31 10:30:33","level":"MODULE","user":"Admin Yesenia","ip":"::1","url":"\/prueba\/distribuidora-esqueleto\/src\/js\/lib\/DataTables\/pdfmake.js.map","message":"Ruta ingresada inexistente, ruta: \/src\/js\/lib\/DataTables\/pdfmake.js.map","context":[]}
{"timestamp":"2026-03-31 10:30:33","level":"MODULE","user":"Admin Yesenia","ip":"::1","url":"\/prueba\/distribuidora-esqueleto\/src\/js\/lib\/DataTables\/pdfmake.min.js.map","message":"Ruta ingresada inexistente, ruta: \/src\/js\/lib\/DataTables\/pdfmake.min.js.map","context":[]}
{"timestamp":"2026-03-31 10:46:48","level":"MODULE","user":"Admin Yesenia","ip":"::1","url":"\/prueba\/distribuidora-esqueleto\/src\/js\/lib\/DataTables\/pdfmake.js.map","message":"Ruta ingresada inexistente, ruta: \/src\/js\/lib\/DataTables\/pdfmake.js.map","context":[]}
{"timestamp":"2026-03-31 10:46:48","level":"MODULE","user":"Admin Yesenia","ip":"::1","url":"\/prueba\/distribuidora-esqueleto\/src\/js\/lib\/DataTables\/pdfmake.min.js.map","message":"Ruta ingresada inexistente, ruta: \/src\/js\/lib\/DataTables\/pdfmake.min.js.map","context":[]}
{"timestamp":"2026-03-31 10:51:44","level":"MODULE","user":"Admin Yesenia","ip":"::1","url":"\/prueba\/distribuidora-esqueleto\/src\/js\/lib\/DataTables\/pdfmake.js.map","message":"Ruta ingresada inexistente, ruta: \/src\/js\/lib\/DataTables\/pdfmake.js.map","context":[]}
{"timestamp":"2026-03-31 10:51:44","level":"MODULE","user":"Admin Yesenia","ip":"::1","url":"\/prueba\/distribuidora-esqueleto\/src\/js\/lib\/DataTables\/pdfmake.min.js.map","message":"Ruta ingresada inexistente, ruta: \/src\/js\/lib\/DataTables\/pdfmake.min.js.map","context":[]}
{"timestamp":"2026-03-31 10:53:36","level":"MODULE","user":"Admin Yesenia","ip":"::1","url":"\/prueba\/distribuidora-esqueleto\/src\/js\/lib\/DataTables\/pdfmake.js.map","message":"Ruta ingresada inexistente, ruta: \/src\/js\/lib\/DataTables\/pdfmake.js.map","context":[]}
{"timestamp":"2026-03-31 10:53:36","level":"MODULE","user":"Admin Yesenia","ip":"::1","url":"\/prueba\/distribuidora-esqueleto\/src\/js\/lib\/DataTables\/pdfmake.min.js.map","message":"Ruta ingresada inexistente, ruta: \/src\/js\/lib\/DataTables\/pdfmake.min.js.map","context":[]}
{"timestamp":"2026-03-31 10:55:41","level":"MODULE","user":"Admin Yesenia","ip":"::1","url":"\/prueba\/distribuidora-esqueleto\/src\/js\/lib\/DataTables\/pdfmake.js.map","message":"Ruta ingresada inexistente, ruta: \/src\/js\/lib\/DataTables\/pdfmake.js.map","context":[]}
{"timestamp":"2026-03-31 10:55:41","level":"MODULE","user":"Admin Yesenia","ip":"::1","url":"\/prueba\/distribuidora-esqueleto\/src\/js\/lib\/DataTables\/pdfmake.min.js.map","message":"Ruta ingresada inexistente, ruta: \/src\/js\/lib\/DataTables\/pdfmake.min.js.map","context":[]}
{"timestamp":"2026-03-31 10:56:42","level":"MODULE","user":"Admin Yesenia","ip":"::1","url":"\/prueba\/distribuidora-esqueleto\/src\/js\/lib\/DataTables\/pdfmake.js.map","message":"Ruta ingresada inexistente, ruta: \/src\/js\/lib\/DataTables\/pdfmake.js.map","context":[]}
{"timestamp":"2026-03-31 10:56:42","level":"MODULE","user":"Admin Yesenia","ip":"::1","url":"\/prueba\/distribuidora-esqueleto\/src\/js\/lib\/DataTables\/pdfmake.min.js.map","message":"Ruta ingresada inexistente, ruta: \/src\/js\/lib\/DataTables\/pdfmake.min.js.map","context":[]}
{"timestamp":"2026-03-31 11:01:09","level":"MODULE","user":"Admin Yesenia","ip":"::1","url":"\/prueba\/distribuidora-esqueleto\/src\/js\/lib\/DataTables\/pdfmake.js.map","message":"Ruta ingresada inexistente, ruta: \/src\/js\/lib\/DataTables\/pdfmake.js.map","context":[]}
{"timestamp":"2026-03-31 11:01:09","level":"MODULE","user":"Admin Yesenia","ip":"::1","url":"\/prueba\/distribuidora-esqueleto\/src\/js\/lib\/DataTables\/pdfmake.min.js.map","message":"Ruta ingresada inexistente, ruta: \/src\/js\/lib\/DataTables\/pdfmake.min.js.map","context":[]}
{"timestamp":"2026-03-31 11:04:43","level":"MODULE","user":"Admin Yesenia","ip":"::1","url":"\/prueba\/distribuidora-esqueleto\/src\/js\/lib\/DataTables\/pdfmake.js.map","message":"Ruta ingresada inexistente, ruta: \/src\/js\/lib\/DataTables\/pdfmake.js.map","context":[]}
{"timestamp":"2026-03-31 11:04:43","level":"MODULE","user":"Admin Yesenia","ip":"::1","url":"\/prueba\/distribuidora-esqueleto\/src\/js\/lib\/DataTables\/pdfmake.min.js.map","message":"Ruta ingresada inexistente, ruta: \/src\/js\/lib\/DataTables\/pdfmake.min.js.map","context":[]}
{"timestamp":"2026-03-31 11:11:46","level":"MODULE","user":"Admin Yesenia","ip":"::1","url":"\/prueba\/distribuidora-esqueleto\/src\/js\/lib\/DataTables\/pdfmake.js.map","message":"Ruta ingresada inexistente, ruta: \/src\/js\/lib\/DataTables\/pdfmake.js.map","context":[]}
{"timestamp":"2026-03-31 11:11:46","level":"MODULE","user":"Admin Yesenia","ip":"::1","url":"\/prueba\/distribuidora-esqueleto\/src\/js\/lib\/DataTables\/pdfmake.min.js.map","message":"Ruta ingresada inexistente, ruta: \/src\/js\/lib\/DataTables\/pdfmake.min.js.map","context":[]}
{"timestamp":"2026-03-31 11:13:01","level":"MODULE","user":"Admin Yesenia","ip":"::1","url":"\/prueba\/distribuidora-esqueleto\/src\/js\/lib\/DataTables\/pdfmake.js.map","message":"Ruta ingresada inexistente, ruta: \/src\/js\/lib\/DataTables\/pdfmake.js.map","context":[]}
{"timestamp":"2026-03-31 11:13:01","level":"MODULE","user":"Admin Yesenia","ip":"::1","url":"\/prueba\/distribuidora-esqueleto\/src\/js\/lib\/DataTables\/pdfmake.min.js.map","message":"Ruta ingresada inexistente, ruta: \/src\/js\/lib\/DataTables\/pdfmake.min.js.map","context":[]}
{"timestamp":"2026-03-31 11:13:27","level":"MODULE","user":"Admin Yesenia","ip":"::1","url":"\/prueba\/distribuidora-esqueleto\/src\/js\/lib\/DataTables\/pdfmake.js.map","message":"Ruta ingresada inexistente, ruta: \/src\/js\/lib\/DataTables\/pdfmake.js.map","context":[]}
{"timestamp":"2026-03-31 11:13:27","level":"MODULE","user":"Admin Yesenia","ip":"::1","url":"\/prueba\/distribuidora-esqueleto\/src\/js\/lib\/DataTables\/pdfmake.min.js.map","message":"Ruta ingresada inexistente, ruta: \/src\/js\/lib\/DataTables\/pdfmake.min.js.map","context":[]}
{"timestamp":"2026-03-31 11:14:12","level":"MODULE","user":"Admin Yesenia","ip":"::1","url":"\/prueba\/distribuidora-esqueleto\/src\/js\/lib\/DataTables\/pdfmake.js.map","message":"Ruta ingresada inexistente, ruta: \/src\/js\/lib\/DataTables\/pdfmake.js.map","context":[]}
{"timestamp":"2026-03-31 11:14:12","level":"MODULE","user":"Admin Yesenia","ip":"::1","url":"\/prueba\/distribuidora-esqueleto\/src\/js\/lib\/DataTables\/pdfmake.min.js.map","message":"Ruta ingresada inexistente, ruta: \/src\/js\/lib\/DataTables\/pdfmake.min.js.map","context":[]}
{"timestamp":"2026-03-31 11:16:29","level":"MODULE","user":"Admin Yesenia","ip":"::1","url":"\/prueba\/distribuidora-esqueleto\/src\/js\/lib\/DataTables\/pdfmake.js.map","message":"Ruta ingresada inexistente, ruta: \/src\/js\/lib\/DataTables\/pdfmake.js.map","context":[]}
{"timestamp":"2026-03-31 11:16:29","level":"MODULE","user":"Admin Yesenia","ip":"::1","url":"\/prueba\/distribuidora-esqueleto\/src\/js\/lib\/DataTables\/pdfmake.min.js.map","message":"Ruta ingresada inexistente, ruta: \/src\/js\/lib\/DataTables\/pdfmake.min.js.map","context":[]}
{"timestamp":"2026-03-31 11:17:04","level":"MODULE","user":"Admin Yesenia","ip":"::1","url":"\/prueba\/distribuidora-esqueleto\/src\/js\/lib\/DataTables\/pdfmake.js.map","message":"Ruta ingresada inexistente, ruta: \/src\/js\/lib\/DataTables\/pdfmake.js.map","context":[]}
{"timestamp":"2026-03-31 11:17:04","level":"MODULE","user":"Admin Yesenia","ip":"::1","url":"\/prueba\/distribuidora-esqueleto\/src\/js\/lib\/DataTables\/pdfmake.min.js.map","message":"Ruta ingresada inexistente, ruta: \/src\/js\/lib\/DataTables\/pdfmake.min.js.map","context":[]}
{"timestamp":"2026-03-31 11:19:22","level":"MODULE","user":"Admin Yesenia","ip":"::1","url":"\/prueba\/distribuidora-esqueleto\/src\/js\/lib\/DataTables\/pdfmake.js.map","message":"Ruta ingresada inexistente, ruta: \/src\/js\/lib\/DataTables\/pdfmake.js.map","context":[]}
{"timestamp":"2026-03-31 11:19:22","level":"MODULE","user":"Admin Yesenia","ip":"::1","url":"\/prueba\/distribuidora-esqueleto\/src\/js\/lib\/DataTables\/pdfmake.min.js.map","message":"Ruta ingresada inexistente, ruta: \/src\/js\/lib\/DataTables\/pdfmake.min.js.map","context":[]}
{"timestamp":"2026-03-31 11:22:42","level":"MODULE","user":"Admin Yesenia","ip":"::1","url":"\/prueba\/distribuidora-esqueleto\/src\/js\/lib\/DataTables\/pdfmake.js.map","message":"Ruta ingresada inexistente, ruta: \/src\/js\/lib\/DataTables\/pdfmake.js.map","context":[]}
{"timestamp":"2026-03-31 11:22:42","level":"MODULE","user":"Admin Yesenia","ip":"::1","url":"\/prueba\/distribuidora-esqueleto\/src\/js\/lib\/DataTables\/pdfmake.min.js.map","message":"Ruta ingresada inexistente, ruta: \/src\/js\/lib\/DataTables\/pdfmake.min.js.map","context":[]}
{"timestamp":"2026-03-31 11:23:03","level":"MODULE","user":"Admin Yesenia","ip":"::1","url":"\/prueba\/distribuidora-esqueleto\/src\/js\/lib\/DataTables\/pdfmake.js.map","message":"Ruta ingresada inexistente, ruta: \/src\/js\/lib\/DataTables\/pdfmake.js.map","context":[]}
{"timestamp":"2026-03-31 11:23:03","level":"MODULE","user":"Admin Yesenia","ip":"::1","url":"\/prueba\/distribuidora-esqueleto\/src\/js\/lib\/DataTables\/pdfmake.min.js.map","message":"Ruta ingresada inexistente, ruta: \/src\/js\/lib\/DataTables\/pdfmake.min.js.map","context":[]}
{"timestamp":"2026-03-31 11:24:00","level":"MODULE","user":"Admin Yesenia","ip":"::1","url":"\/prueba\/distribuidora-esqueleto\/src\/js\/lib\/DataTables\/pdfmake.js.map","message":"Ruta ingresada inexistente, ruta: \/src\/js\/lib\/DataTables\/pdfmake.js.map","context":[]}
{"timestamp":"2026-03-31 11:24:03","level":"MODULE","user":"Admin Yesenia","ip":"::1","url":"\/prueba\/distribuidora-esqueleto\/src\/js\/lib\/DataTables\/pdfmake.min.js.map","message":"Ruta ingresada inexistente, ruta: \/src\/js\/lib\/DataTables\/pdfmake.min.js.map","context":[]}
{"timestamp":"2026-03-31 11:26:29","level":"MODULE","user":"Admin Yesenia","ip":"::1","url":"\/prueba\/distribuidora-esqueleto\/src\/js\/lib\/DataTables\/pdfmake.js.map","message":"Ruta ingresada inexistente, ruta: \/src\/js\/lib\/DataTables\/pdfmake.js.map","context":[]}
{"timestamp":"2026-03-31 11:26:29","level":"MODULE","user":"Admin Yesenia","ip":"::1","url":"\/prueba\/distribuidora-esqueleto\/src\/js\/lib\/DataTables\/pdfmake.min.js.map","message":"Ruta ingresada inexistente, ruta: \/src\/js\/lib\/DataTables\/pdfmake.min.js.map","context":[]}
{"timestamp":"2026-03-31 11:30:25","level":"MODULE","user":"Admin Yesenia","ip":"::1","url":"\/prueba\/distribuidora-esqueleto\/src\/js\/lib\/DataTables\/pdfmake.js.map","message":"Ruta ingresada inexistente, ruta: \/src\/js\/lib\/DataTables\/pdfmake.js.map","context":[]}
{"timestamp":"2026-03-31 11:30:25","level":"MODULE","user":"Admin Yesenia","ip":"::1","url":"\/prueba\/distribuidora-esqueleto\/src\/js\/lib\/DataTables\/pdfmake.min.js.map","message":"Ruta ingresada inexistente, ruta: \/src\/js\/lib\/DataTables\/pdfmake.min.js.map","context":[]}
{"timestamp":"2026-03-31 11:37:09","level":"MODULE","user":"Admin Yesenia","ip":"::1","url":"\/prueba\/distribuidora-esqueleto\/src\/js\/lib\/DataTables\/pdfmake.js.map","message":"Ruta ingresada inexistente, ruta: \/src\/js\/lib\/DataTables\/pdfmake.js.map","context":[]}
{"timestamp":"2026-03-31 11:37:09","level":"MODULE","user":"Admin Yesenia","ip":"::1","url":"\/prueba\/distribuidora-esqueleto\/src\/js\/lib\/DataTables\/pdfmake.min.js.map","message":"Ruta ingresada inexistente, ruta: \/src\/js\/lib\/DataTables\/pdfmake.min.js.map","context":[]}
{"timestamp":"2026-03-31 12:09:21","level":"MODULE","user":"Admin Yesenia","ip":"::1","url":"\/prueba\/distribuidora-esqueleto\/src\/js\/lib\/DataTables\/pdfmake.js.map","message":"Ruta ingresada inexistente, ruta: \/src\/js\/lib\/DataTables\/pdfmake.js.map","context":[]}
{"timestamp":"2026-03-31 12:09:21","level":"MODULE","user":"Admin Yesenia","ip":"::1","url":"\/prueba\/distribuidora-esqueleto\/src\/js\/lib\/DataTables\/pdfmake.min.js.map","message":"Ruta ingresada inexistente, ruta: \/src\/js\/lib\/DataTables\/pdfmake.min.js.map","context":[]}
{"timestamp":"2026-03-31 12:13:01","level":"MODULE","user":"Admin Yesenia","ip":"::1","url":"\/prueba\/distribuidora-esqueleto\/src\/js\/lib\/DataTables\/pdfmake.js.map","message":"Ruta ingresada inexistente, ruta: \/src\/js\/lib\/DataTables\/pdfmake.js.map","context":[]}
{"timestamp":"2026-03-31 12:13:01","level":"MODULE","user":"Admin Yesenia","ip":"::1","url":"\/prueba\/distribuidora-esqueleto\/src\/js\/lib\/DataTables\/pdfmake.min.js.map","message":"Ruta ingresada inexistente, ruta: \/src\/js\/lib\/DataTables\/pdfmake.min.js.map","context":[]}
{"timestamp":"2026-03-31 12:14:02","level":"MODULE","user":"Admin Yesenia","ip":"::1","url":"\/prueba\/distribuidora-esqueleto\/src\/js\/lib\/DataTables\/pdfmake.js.map","message":"Ruta ingresada inexistente, ruta: \/src\/js\/lib\/DataTables\/pdfmake.js.map","context":[]}
{"timestamp":"2026-03-31 12:14:02","level":"MODULE","user":"Admin Yesenia","ip":"::1","url":"\/prueba\/distribuidora-esqueleto\/src\/js\/lib\/DataTables\/pdfmake.min.js.map","message":"Ruta ingresada inexistente, ruta: \/src\/js\/lib\/DataTables\/pdfmake.min.js.map","context":[]}
{"timestamp":"2026-03-31 12:23:17","level":"MODULE","user":"Admin Yesenia","ip":"::1","url":"\/prueba\/distribuidora-esqueleto\/src\/js\/lib\/DataTables\/pdfmake.js.map","message":"Ruta ingresada inexistente, ruta: \/src\/js\/lib\/DataTables\/pdfmake.js.map","context":[]}
{"timestamp":"2026-03-31 12:23:17","level":"MODULE","user":"Admin Yesenia","ip":"::1","url":"\/prueba\/distribuidora-esqueleto\/src\/js\/lib\/DataTables\/pdfmake.min.js.map","message":"Ruta ingresada inexistente, ruta: \/src\/js\/lib\/DataTables\/pdfmake.min.js.map","context":[]}
{"timestamp":"2026-03-31 12:23:36","level":"MODULE","user":"Admin Yesenia","ip":"::1","url":"\/prueba\/distribuidora-esqueleto\/src\/js\/lib\/DataTables\/pdfmake.js.map","message":"Ruta ingresada inexistente, ruta: \/src\/js\/lib\/DataTables\/pdfmake.js.map","context":[]}
{"timestamp":"2026-03-31 12:23:36","level":"MODULE","user":"Admin Yesenia","ip":"::1","url":"\/prueba\/distribuidora-esqueleto\/src\/js\/lib\/DataTables\/pdfmake.min.js.map","message":"Ruta ingresada inexistente, ruta: \/src\/js\/lib\/DataTables\/pdfmake.min.js.map","context":[]}
{"timestamp":"2026-03-31 12:25:28","level":"MODULE","user":"Admin Yesenia","ip":"::1","url":"\/prueba\/distribuidora-esqueleto\/src\/js\/lib\/DataTables\/pdfmake.js.map","message":"Ruta ingresada inexistente, ruta: \/src\/js\/lib\/DataTables\/pdfmake.js.map","context":[]}
{"timestamp":"2026-03-31 12:25:28","level":"MODULE","user":"Admin Yesenia","ip":"::1","url":"\/prueba\/distribuidora-esqueleto\/src\/js\/lib\/DataTables\/pdfmake.min.js.map","message":"Ruta ingresada inexistente, ruta: \/src\/js\/lib\/DataTables\/pdfmake.min.js.map","context":[]}
{"timestamp":"2026-03-31 12:26:34","level":"MODULE","user":"Admin Yesenia","ip":"::1","url":"\/prueba\/distribuidora-esqueleto\/src\/js\/lib\/DataTables\/pdfmake.js.map","message":"Ruta ingresada inexistente, ruta: \/src\/js\/lib\/DataTables\/pdfmake.js.map","context":[]}
{"timestamp":"2026-03-31 12:26:34","level":"MODULE","user":"Admin Yesenia","ip":"::1","url":"\/prueba\/distribuidora-esqueleto\/src\/js\/lib\/DataTables\/pdfmake.min.js.map","message":"Ruta ingresada inexistente, ruta: \/src\/js\/lib\/DataTables\/pdfmake.min.js.map","context":[]}
{"timestamp":"2026-03-31 12:27:07","level":"MODULE","user":"Admin Yesenia","ip":"::1","url":"\/prueba\/distribuidora-esqueleto\/src\/js\/lib\/DataTables\/pdfmake.js.map","message":"Ruta ingresada inexistente, ruta: \/src\/js\/lib\/DataTables\/pdfmake.js.map","context":[]}
{"timestamp":"2026-03-31 12:27:07","level":"MODULE","user":"Admin Yesenia","ip":"::1","url":"\/prueba\/distribuidora-esqueleto\/src\/js\/lib\/DataTables\/pdfmake.min.js.map","message":"Ruta ingresada inexistente, ruta: \/src\/js\/lib\/DataTables\/pdfmake.min.js.map","context":[]}
{"timestamp":"2026-03-31 12:27:41","level":"MODULE","user":"Admin Yesenia","ip":"::1","url":"\/prueba\/distribuidora-esqueleto\/src\/js\/lib\/DataTables\/pdfmake.js.map","message":"Ruta ingresada inexistente, ruta: \/src\/js\/lib\/DataTables\/pdfmake.js.map","context":[]}
{"timestamp":"2026-03-31 12:27:41","level":"MODULE","user":"Admin Yesenia","ip":"::1","url":"\/prueba\/distribuidora-esqueleto\/src\/js\/lib\/DataTables\/pdfmake.min.js.map","message":"Ruta ingresada inexistente, ruta: \/src\/js\/lib\/DataTables\/pdfmake.min.js.map","context":[]}
{"timestamp":"2026-03-31 12:28:48","level":"MODULE","user":"Admin Yesenia","ip":"::1","url":"\/prueba\/distribuidora-esqueleto\/src\/js\/lib\/DataTables\/pdfmake.js.map","message":"Ruta ingresada inexistente, ruta: \/src\/js\/lib\/DataTables\/pdfmake.js.map","context":[]}
{"timestamp":"2026-03-31 12:28:48","level":"MODULE","user":"Admin Yesenia","ip":"::1","url":"\/prueba\/distribuidora-esqueleto\/src\/js\/lib\/DataTables\/pdfmake.min.js.map","message":"Ruta ingresada inexistente, ruta: \/src\/js\/lib\/DataTables\/pdfmake.min.js.map","context":[]}
{"timestamp":"2026-03-31 12:29:18","level":"MODULE","user":"Admin Yesenia","ip":"::1","url":"\/prueba\/distribuidora-esqueleto\/src\/js\/lib\/DataTables\/pdfmake.js.map","message":"Ruta ingresada inexistente, ruta: \/src\/js\/lib\/DataTables\/pdfmake.js.map","context":[]}
{"timestamp":"2026-03-31 12:29:18","level":"MODULE","user":"Admin Yesenia","ip":"::1","url":"\/prueba\/distribuidora-esqueleto\/src\/js\/lib\/DataTables\/pdfmake.min.js.map","message":"Ruta ingresada inexistente, ruta: \/src\/js\/lib\/DataTables\/pdfmake.min.js.map","context":[]}
{"timestamp":"2026-03-31 12:29:44","level":"MODULE","user":"Admin Yesenia","ip":"::1","url":"\/prueba\/distribuidora-esqueleto\/src\/js\/lib\/DataTables\/pdfmake.js.map","message":"Ruta ingresada inexistente, ruta: \/src\/js\/lib\/DataTables\/pdfmake.js.map","context":[]}
{"timestamp":"2026-03-31 12:29:44","level":"MODULE","user":"Admin Yesenia","ip":"::1","url":"\/prueba\/distribuidora-esqueleto\/src\/js\/lib\/DataTables\/pdfmake.min.js.map","message":"Ruta ingresada inexistente, ruta: \/src\/js\/lib\/DataTables\/pdfmake.min.js.map","context":[]}
{"timestamp":"2026-03-31 12:30:20","level":"MODULE","user":"Admin Yesenia","ip":"::1","url":"\/prueba\/distribuidora-esqueleto\/src\/js\/lib\/DataTables\/pdfmake.js.map","message":"Ruta ingresada inexistente, ruta: \/src\/js\/lib\/DataTables\/pdfmake.js.map","context":[]}
{"timestamp":"2026-03-31 12:30:20","level":"MODULE","user":"Admin Yesenia","ip":"::1","url":"\/prueba\/distribuidora-esqueleto\/src\/js\/lib\/DataTables\/pdfmake.min.js.map","message":"Ruta ingresada inexistente, ruta: \/src\/js\/lib\/DataTables\/pdfmake.min.js.map","context":[]}
{"timestamp":"2026-03-31 12:31:22","level":"MODULE","user":"Admin Yesenia","ip":"::1","url":"\/prueba\/distribuidora-esqueleto\/src\/js\/lib\/DataTables\/pdfmake.js.map","message":"Ruta ingresada inexistente, ruta: \/src\/js\/lib\/DataTables\/pdfmake.js.map","context":[]}
{"timestamp":"2026-03-31 12:31:22","level":"MODULE","user":"Admin Yesenia","ip":"::1","url":"\/prueba\/distribuidora-esqueleto\/src\/js\/lib\/DataTables\/pdfmake.min.js.map","message":"Ruta ingresada inexistente, ruta: \/src\/js\/lib\/DataTables\/pdfmake.min.js.map","context":[]}
{"timestamp":"2026-03-31 12:32:26","level":"MODULE","user":"Admin Yesenia","ip":"::1","url":"\/prueba\/distribuidora-esqueleto\/src\/js\/lib\/DataTables\/pdfmake.js.map","message":"Ruta ingresada inexistente, ruta: \/src\/js\/lib\/DataTables\/pdfmake.js.map","context":[]}
{"timestamp":"2026-03-31 12:32:26","level":"MODULE","user":"Admin Yesenia","ip":"::1","url":"\/prueba\/distribuidora-esqueleto\/src\/js\/lib\/DataTables\/pdfmake.min.js.map","message":"Ruta ingresada inexistente, ruta: \/src\/js\/lib\/DataTables\/pdfmake.min.js.map","context":[]}
{"timestamp":"2026-03-31 12:32:51","level":"MODULE","user":"Admin Yesenia","ip":"::1","url":"\/prueba\/distribuidora-esqueleto\/src\/js\/lib\/DataTables\/pdfmake.js.map","message":"Ruta ingresada inexistente, ruta: \/src\/js\/lib\/DataTables\/pdfmake.js.map","context":[]}
{"timestamp":"2026-03-31 12:32:51","level":"MODULE","user":"Admin Yesenia","ip":"::1","url":"\/prueba\/distribuidora-esqueleto\/src\/js\/lib\/DataTables\/pdfmake.min.js.map","message":"Ruta ingresada inexistente, ruta: \/src\/js\/lib\/DataTables\/pdfmake.min.js.map","context":[]}
{"timestamp":"2026-03-31 12:34:33","level":"MODULE","user":"Admin Yesenia","ip":"::1","url":"\/prueba\/distribuidora-esqueleto\/src\/js\/lib\/DataTables\/pdfmake.js.map","message":"Ruta ingresada inexistente, ruta: \/src\/js\/lib\/DataTables\/pdfmake.js.map","context":[]}
{"timestamp":"2026-03-31 12:34:33","level":"MODULE","user":"Admin Yesenia","ip":"::1","url":"\/prueba\/distribuidora-esqueleto\/src\/js\/lib\/DataTables\/pdfmake.min.js.map","message":"Ruta ingresada inexistente, ruta: \/src\/js\/lib\/DataTables\/pdfmake.min.js.map","context":[]}
{"timestamp":"2026-03-31 12:35:07","level":"MODULE","user":"Admin Yesenia","ip":"::1","url":"\/prueba\/distribuidora-esqueleto\/src\/js\/lib\/DataTables\/pdfmake.js.map","message":"Ruta ingresada inexistente, ruta: \/src\/js\/lib\/DataTables\/pdfmake.js.map","context":[]}
{"timestamp":"2026-03-31 12:35:07","level":"MODULE","user":"Admin Yesenia","ip":"::1","url":"\/prueba\/distribuidora-esqueleto\/src\/js\/lib\/DataTables\/pdfmake.min.js.map","message":"Ruta ingresada inexistente, ruta: \/src\/js\/lib\/DataTables\/pdfmake.min.js.map","context":[]}
{"timestamp":"2026-03-31 12:35:30","level":"MODULE","user":"Admin Yesenia","ip":"::1","url":"\/prueba\/distribuidora-esqueleto\/src\/js\/lib\/DataTables\/pdfmake.js.map","message":"Ruta ingresada inexistente, ruta: \/src\/js\/lib\/DataTables\/pdfmake.js.map","context":[]}
{"timestamp":"2026-03-31 12:35:30","level":"MODULE","user":"Admin Yesenia","ip":"::1","url":"\/prueba\/distribuidora-esqueleto\/src\/js\/lib\/DataTables\/pdfmake.min.js.map","message":"Ruta ingresada inexistente, ruta: \/src\/js\/lib\/DataTables\/pdfmake.min.js.map","context":[]}
{"timestamp":"2026-03-31 12:35:55","level":"MODULE","user":"Admin Yesenia","ip":"::1","url":"\/prueba\/distribuidora-esqueleto\/src\/js\/lib\/DataTables\/pdfmake.js.map","message":"Ruta ingresada inexistente, ruta: \/src\/js\/lib\/DataTables\/pdfmake.js.map","context":[]}
{"timestamp":"2026-03-31 12:35:55","level":"MODULE","user":"Admin Yesenia","ip":"::1","url":"\/prueba\/distribuidora-esqueleto\/src\/js\/lib\/DataTables\/pdfmake.min.js.map","message":"Ruta ingresada inexistente, ruta: \/src\/js\/lib\/DataTables\/pdfmake.min.js.map","context":[]}
{"timestamp":"2026-03-31 13:57:42","level":"MODULE","user":"Admin Yesenia","ip":"::1","url":"\/prueba\/distribuidora-esqueleto\/src\/js\/lib\/DataTables\/pdfmake.js.map","message":"Ruta ingresada inexistente, ruta: \/src\/js\/lib\/DataTables\/pdfmake.js.map","context":[]}
{"timestamp":"2026-03-31 13:57:42","level":"MODULE","user":"Admin Yesenia","ip":"::1","url":"\/prueba\/distribuidora-esqueleto\/src\/js\/lib\/DataTables\/pdfmake.min.js.map","message":"Ruta ingresada inexistente, ruta: \/src\/js\/lib\/DataTables\/pdfmake.min.js.map","context":[]}
{"timestamp":"2026-03-31 14:03:53","level":"MODULE","user":"Admin Yesenia","ip":"::1","url":"\/prueba\/distribuidora-esqueleto\/src\/js\/lib\/DataTables\/pdfmake.min.js.map","message":"Ruta ingresada inexistente, ruta: \/src\/js\/lib\/DataTables\/pdfmake.min.js.map","context":[]}
{"timestamp":"2026-03-31 14:03:53","level":"MODULE","user":"Admin Yesenia","ip":"::1","url":"\/prueba\/distribuidora-esqueleto\/src\/js\/lib\/DataTables\/pdfmake.js.map","message":"Ruta ingresada inexistente, ruta: \/src\/js\/lib\/DataTables\/pdfmake.js.map","context":[]}
{"timestamp":"2026-03-31 14:04:39","level":"MODULE","user":"Admin Yesenia","ip":"::1","url":"\/prueba\/distribuidora-esqueleto\/src\/js\/lib\/DataTables\/pdfmake.js.map","message":"Ruta ingresada inexistente, ruta: \/src\/js\/lib\/DataTables\/pdfmake.js.map","context":[]}
{"timestamp":"2026-03-31 14:04:39","level":"MODULE","user":"Admin Yesenia","ip":"::1","url":"\/prueba\/distribuidora-esqueleto\/src\/js\/lib\/DataTables\/pdfmake.min.js.map","message":"Ruta ingresada inexistente, ruta: \/src\/js\/lib\/DataTables\/pdfmake.min.js.map","context":[]}
{"timestamp":"2026-03-31 14:04:47","level":"MODULE","user":"Admin Yesenia","ip":"::1","url":"\/prueba\/distribuidora-esqueleto\/src\/js\/lib\/DataTables\/pdfmake.js.map","message":"Ruta ingresada inexistente, ruta: \/src\/js\/lib\/DataTables\/pdfmake.js.map","context":[]}
{"timestamp":"2026-03-31 14:04:47","level":"MODULE","user":"Admin Yesenia","ip":"::1","url":"\/prueba\/distribuidora-esqueleto\/src\/js\/lib\/DataTables\/pdfmake.min.js.map","message":"Ruta ingresada inexistente, ruta: \/src\/js\/lib\/DataTables\/pdfmake.min.js.map","context":[]}
{"timestamp":"2026-03-31 14:04:58","level":"MODULE","user":"Admin Yesenia","ip":"::1","url":"\/prueba\/distribuidora-esqueleto\/src\/js\/lib\/DataTables\/pdfmake.js.map","message":"Ruta ingresada inexistente, ruta: \/src\/js\/lib\/DataTables\/pdfmake.js.map","context":[]}
{"timestamp":"2026-03-31 14:04:58","level":"MODULE","user":"Admin Yesenia","ip":"::1","url":"\/prueba\/distribuidora-esqueleto\/src\/js\/lib\/DataTables\/pdfmake.min.js.map","message":"Ruta ingresada inexistente, ruta: \/src\/js\/lib\/DataTables\/pdfmake.min.js.map","context":[]}
{"timestamp":"2026-03-31 14:05:22","level":"MODULE","user":"Admin Yesenia","ip":"::1","url":"\/prueba\/distribuidora-esqueleto\/src\/js\/lib\/DataTables\/pdfmake.js.map","message":"Ruta ingresada inexistente, ruta: \/src\/js\/lib\/DataTables\/pdfmake.js.map","context":[]}
{"timestamp":"2026-03-31 14:05:22","level":"MODULE","user":"Admin Yesenia","ip":"::1","url":"\/prueba\/distribuidora-esqueleto\/src\/js\/lib\/DataTables\/pdfmake.min.js.map","message":"Ruta ingresada inexistente, ruta: \/src\/js\/lib\/DataTables\/pdfmake.min.js.map","context":[]}
