{"timestamp":"2026-02-20 14:18:04","level":"MODULE","user":"Erick Adrian Retes López","ip":"::1","url":"\/DISTRIBUIDORAFINAL\/erick","message":"Ruta ingresada inexistente","context":{"GET":{"\/":{"controller":["App\\Controllers\\HomeController","index"],"middleware":["auth"]},"\/login":{"controller":["App\\Controllers\\AuthController","index"],"middleware":["guest"]},"\/logout":{"controller":["App\\Controllers\\AuthController","logout"],"middleware":["auth"]}},"POST":{"\/login\/authenticate":{"controller":["App\\Controllers\\AuthController","authenticate"],"middleware":["guest"]}}}}
{"timestamp":"2026-02-20 14:18:58","level":"MODULE","user":"Erick Adrian Retes López","ip":"::1","url":"\/DISTRIBUIDORAFINAL\/erick","message":"Ruta ingresada inexistente","context":"\/erick"}
{"timestamp":"2026-02-20 14:19:14","level":"MODULE","user":"Erick Adrian Retes López","ip":"::1","url":"\/DISTRIBUIDORAFINAL\/erick","message":"Ruta ingresada inexistente, ruta: ","context":"\/erick"}
{"timestamp":"2026-02-20 14:19:57","level":"MODULE","user":"Erick Adrian Retes López","ip":"::1","url":"\/DISTRIBUIDORAFINAL\/erick","message":"Ruta ingresada inexistente, ruta: \/erick","context":[]}
{"timestamp":"2026-02-20 14:22:08","level":"MODULE","user":"Erick Adrian Retes López","ip":"::1","url":"\/DISTRIBUIDORAFINAL\/erick","message":"Ruta ingresada inexistente, ruta: \/erick","context":[]}
{"timestamp":"2026-02-20 14:22:48","level":"MODULE","user":"Erick Adrian Retes López","ip":"::1","url":"\/DISTRIBUIDORAFINAL\/erick","message":"Ruta ingresada inexistente, ruta: \/erick","context":[]}
{"timestamp":"2026-02-20 14:22:49","level":"MODULE","user":"Erick Adrian Retes López","ip":"::1","url":"\/DISTRIBUIDORAFINAL\/erick","message":"Ruta ingresada inexistente, ruta: \/erick","context":[]}
{"timestamp":"2026-02-20 14:22:54","level":"MODULE","user":"Erick Adrian Retes López","ip":"::1","url":"\/DISTRIBUIDORAFINAL\/erick","message":"Ruta ingresada inexistente, ruta: \/erick","context":[]}
{"timestamp":"2026-02-20 14:23:24","level":"MODULE","user":"Erick Adrian Retes López","ip":"::1","url":"\/DISTRIBUIDORAFINAL\/erick","message":"Ruta ingresada inexistente, ruta: \/erick","context":[]}
{"timestamp":"2026-02-20 14:23:53","level":"MODULE","user":"Erick Adrian Retes López","ip":"::1","url":"\/DISTRIBUIDORAFINAL\/erick","message":"Ruta ingresada inexistente, ruta: \/erick","context":[]}
{"timestamp":"2026-02-20 14:24:27","level":"MODULE","user":"Erick Adrian Retes López","ip":"::1","url":"\/DISTRIBUIDORAFINAL\/erick","message":"Ruta ingresada inexistente, ruta: \/erick","context":[]}
{"timestamp":"2026-02-20 14:24:39","level":"MODULE","user":"Erick Adrian Retes López","ip":"::1","url":"\/DISTRIBUIDORAFINAL\/erick","message":"Ruta ingresada inexistente, ruta: \/erick","context":[]}
{"timestamp":"2026-02-20 14:25:10","level":"MODULE","user":"Erick Adrian Retes López","ip":"::1","url":"\/DISTRIBUIDORAFINAL\/erick","message":"Ruta ingresada inexistente, ruta: \/erick","context":[]}
{"timestamp":"2026-02-20 14:25:11","level":"MODULE","user":"Erick Adrian Retes López","ip":"::1","url":"\/DISTRIBUIDORAFINAL\/erick","message":"Ruta ingresada inexistente, ruta: \/erick","context":[]}
{"timestamp":"2026-02-20 14:25:26","level":"MODULE","user":"Erick Adrian Retes López","ip":"::1","url":"\/DISTRIBUIDORAFINAL\/erick","message":"Ruta ingresada inexistente, ruta: \/erick","context":[]}
{"timestamp":"2026-02-20 14:25:34","level":"MODULE","user":"Erick Adrian Retes López","ip":"::1","url":"\/DISTRIBUIDORAFINAL\/erick","message":"Ruta ingresada inexistente, ruta: \/erick","context":[]}
{"timestamp":"2026-02-20 14:25:44","level":"MODULE","user":"Erick Adrian Retes López","ip":"::1","url":"\/DISTRIBUIDORAFINAL\/login\/logout","message":"Ruta ingresada inexistente, ruta: \/login\/logout","context":[]}
{"timestamp":"2026-02-20 14:46:34","level":"MODULE","user":"Erick Adrian Retes López","ip":"::1","url":"\/DISTRIBUIDORAFINAL\/asdad","message":"Ruta ingresada inexistente, ruta: \/asdad","context":[]}
{"timestamp":"2026-02-20 15:12:51","level":"MODULE","user":"guest","ip":"::1","url":"\/DISTRIBUIDORAFINAL\/login\/authenticate","message":"Ruta ingresada inexistente, ruta: \/login\/authenticate","context":[]}
{"timestamp":"2026-02-20 15:17:47","level":"MODULE","user":"guest","ip":"::1","url":"\/DISTRIBUIDORAFINAL\/login\/authenticate","message":"Ruta ingresada inexistente, ruta: \/login\/authenticate","context":[]}
{"timestamp":"2026-02-20 15:18:27","level":"MODULE","user":"guest","ip":"::1","url":"\/DISTRIBUIDORAFINAL\/login\/authenticate","message":"Ruta ingresada inexistente, ruta: \/login\/authenticate","context":[]}
{"timestamp":"2026-02-20 15:18:50","level":"MODULE","user":"guest","ip":"::1","url":"\/DISTRIBUIDORAFINAL\/api\/login\/authenticate","message":"Ruta ingresada inexistente, ruta: \/api\/login\/authenticate","context":[]}
{"timestamp":"2026-02-20 15:20:58","level":"MODULE","user":"guest","ip":"::1","url":"\/DISTRIBUIDORAFINAL\/api\/login\/authenticate","message":"Ruta ingresada inexistente, ruta: \/api\/login\/authenticate","context":[]}
{"timestamp":"2026-02-20 15:21:26","level":"MODULE","user":"guest","ip":"::1","url":"\/DISTRIBUIDORAFINAL\/login","message":"es Api: \/DISTRIBUIDORAFINAL\/login","context":[]}
{"timestamp":"2026-02-20 15:21:29","level":"MODULE","user":"guest","ip":"::1","url":"\/DISTRIBUIDORAFINAL\/api\/login\/authenticate","message":"es Api: \/DISTRIBUIDORAFINAL\/api\/login\/authenticate","context":[]}
{"timestamp":"2026-02-20 15:21:29","level":"MODULE","user":"guest","ip":"::1","url":"\/DISTRIBUIDORAFINAL\/api\/login\/authenticate","message":"Ruta ingresada inexistente, ruta: \/api\/login\/authenticate","context":[]}
{"timestamp":"2026-02-20 15:21:53","level":"MODULE","user":"guest","ip":"::1","url":"\/DISTRIBUIDORAFINAL\/api\/login\/authenticate","message":"Ruta ingresada inexistente, ruta: \/api\/login\/authenticate","context":[]}
{"timestamp":"2026-02-20 15:22:38","level":"MODULE","user":"guest","ip":"::1","url":"\/DISTRIBUIDORAFINAL\/api\/login\/authenticate","message":"Ruta ingresada inexistente, ruta: \/api\/login\/authenticate","context":[]}
{"timestamp":"2026-02-20 15:22:50","level":"MODULE","user":"guest","ip":"::1","url":"\/DISTRIBUIDORAFINAL\/api\/login\/authenticate","message":"Ruta ingresada inexistente, ruta: \/api\/login\/authenticate","context":[]}
{"timestamp":"2026-02-20 15:25:46","level":"MODULE","user":"guest","ip":"::1","url":"\/DISTRIBUIDORAFINAL\/api\/login\/authenticate","message":"es Api: \/api\/login\/authenticate","context":[]}
{"timestamp":"2026-02-20 15:25:52","level":"MODULE","user":"guest","ip":"::1","url":"\/DISTRIBUIDORAFINAL\/api\/login\/authenticate","message":"es Api: \/api\/login\/authenticate","context":[]}
