{"timestamp":"2026-03-18 09:22:37","level":"MODULE","user":"Admin Yesenia","ip":"::1","url":"\/prueba\/distribuidora-esqueleto\/src\/js\/lib\/DataTables\/datatables-min.js","message":"Ruta ingresada inexistente, ruta: \/src\/js\/lib\/DataTables\/datatables-min.js","context":[]}
{"timestamp":"2026-03-18 09:36:03","level":"MODULE","user":"Admin Yesenia","ip":"::1","url":"\/prueba\/distribuidora-esqueleto\/src\/js\/lib\/DataTables\/datatables-min.js","message":"Ruta ingresada inexistente, ruta: \/src\/js\/lib\/DataTables\/datatables-min.js","context":[]}
{"timestamp":"2026-03-18 11:11:40","level":"MODULE","user":"Admin Yesenia","ip":"::1","url":"\/prueba\/distribuidora-esqueleto\/src\/js\/lib\/DataTables\/datatables-min.js","message":"Ruta ingresada inexistente, ruta: \/src\/js\/lib\/DataTables\/datatables-min.js","context":[]}
{"timestamp":"2026-03-18 11:11:42","level":"MODULE","user":"Admin Yesenia","ip":"::1","url":"\/prueba\/distribuidora-esqueleto\/src\/js\/lib\/DataTables\/datatables-min.js","message":"Ruta ingresada inexistente, ruta: \/src\/js\/lib\/DataTables\/datatables-min.js","context":[]}
{"timestamp":"2026-03-18 11:12:02","level":"MODULE","user":"Admin Yesenia","ip":"::1","url":"\/prueba\/distribuidora-esqueleto\/src\/js\/lib\/DataTables\/datatables-min.js","message":"Ruta ingresada inexistente, ruta: \/src\/js\/lib\/DataTables\/datatables-min.js","context":[]}
{"timestamp":"2026-03-18 11:12:03","level":"MODULE","user":"Admin Yesenia","ip":"::1","url":"\/prueba\/distribuidora-esqueleto\/src\/js\/lib\/DataTables\/datatables-min.js","message":"Ruta ingresada inexistente, ruta: \/src\/js\/lib\/DataTables\/datatables-min.js","context":[]}
{"timestamp":"2026-03-18 11:12:10","level":"MODULE","user":"Admin Yesenia","ip":"::1","url":"\/prueba\/distribuidora-esqueleto\/src\/js\/lib\/DataTables\/pdfmake.js.map","message":"Ruta ingresada inexistente, ruta: \/src\/js\/lib\/DataTables\/pdfmake.js.map","context":[]}
{"timestamp":"2026-03-18 11:13:40","level":"MODULE","user":"Admin Yesenia","ip":"::1","url":"\/prueba\/distribuidora-esqueleto\/src\/js\/lib\/DataTables\/datatables-min.js","message":"Ruta ingresada inexistente, ruta: \/src\/js\/lib\/DataTables\/datatables-min.js","context":[]}
{"timestamp":"2026-03-18 11:13:41","level":"MODULE","user":"Admin Yesenia","ip":"::1","url":"\/prueba\/distribuidora-esqueleto\/src\/js\/lib\/DataTables\/pdfmake.js.map","message":"Ruta ingresada inexistente, ruta: \/src\/js\/lib\/DataTables\/pdfmake.js.map","context":[]}
{"timestamp":"2026-03-18 11:14:03","level":"MODULE","user":"Admin Yesenia","ip":"::1","url":"\/prueba\/distribuidora-esqueleto\/src\/js\/lib\/DataTables\/datatables-min.js","message":"Ruta ingresada inexistente, ruta: \/src\/js\/lib\/DataTables\/datatables-min.js","context":[]}
{"timestamp":"2026-03-18 11:14:04","level":"MODULE","user":"Admin Yesenia","ip":"::1","url":"\/prueba\/distribuidora-esqueleto\/src\/js\/lib\/DataTables\/pdfmake.js.map","message":"Ruta ingresada inexistente, ruta: \/src\/js\/lib\/DataTables\/pdfmake.js.map","context":[]}
{"timestamp":"2026-03-18 11:14:50","level":"MODULE","user":"Admin Yesenia","ip":"::1","url":"\/prueba\/distribuidora-esqueleto\/src\/js\/lib\/DataTables\/datatables-min.js","message":"Ruta ingresada inexistente, ruta: \/src\/js\/lib\/DataTables\/datatables-min.js","context":[]}
{"timestamp":"2026-03-18 11:14:51","level":"MODULE","user":"Admin Yesenia","ip":"::1","url":"\/prueba\/distribuidora-esqueleto\/src\/js\/lib\/DataTables\/pdfmake.js.map","message":"Ruta ingresada inexistente, ruta: \/src\/js\/lib\/DataTables\/pdfmake.js.map","context":[]}
{"timestamp":"2026-03-18 11:15:17","level":"MODULE","user":"Admin Yesenia","ip":"::1","url":"\/prueba\/distribuidora-esqueleto\/src\/js\/lib\/DataTables\/datatables-min.js","message":"Ruta ingresada inexistente, ruta: \/src\/js\/lib\/DataTables\/datatables-min.js","context":[]}
{"timestamp":"2026-03-18 11:15:18","level":"MODULE","user":"Admin Yesenia","ip":"::1","url":"\/prueba\/distribuidora-esqueleto\/src\/js\/lib\/DataTables\/pdfmake.js.map","message":"Ruta ingresada inexistente, ruta: \/src\/js\/lib\/DataTables\/pdfmake.js.map","context":[]}
{"timestamp":"2026-03-18 11:15:43","level":"MODULE","user":"Admin Yesenia","ip":"::1","url":"\/prueba\/distribuidora-esqueleto\/src\/js\/lib\/DataTables\/datatables-min.js","message":"Ruta ingresada inexistente, ruta: \/src\/js\/lib\/DataTables\/datatables-min.js","context":[]}
{"timestamp":"2026-03-18 11:15:44","level":"MODULE","user":"Admin Yesenia","ip":"::1","url":"\/prueba\/distribuidora-esqueleto\/src\/js\/lib\/DataTables\/pdfmake.js.map","message":"Ruta ingresada inexistente, ruta: \/src\/js\/lib\/DataTables\/pdfmake.js.map","context":[]}
{"timestamp":"2026-03-18 11:17:14","level":"MODULE","user":"Admin Yesenia","ip":"::1","url":"\/prueba\/distribuidora-esqueleto\/src\/js\/lib\/DataTables\/datatables-min.js","message":"Ruta ingresada inexistente, ruta: \/src\/js\/lib\/DataTables\/datatables-min.js","context":[]}
{"timestamp":"2026-03-18 11:17:15","level":"MODULE","user":"Admin Yesenia","ip":"::1","url":"\/prueba\/distribuidora-esqueleto\/src\/js\/lib\/DataTables\/pdfmake.js.map","message":"Ruta ingresada inexistente, ruta: \/src\/js\/lib\/DataTables\/pdfmake.js.map","context":[]}
{"timestamp":"2026-03-18 11:19:52","level":"MODULE","user":"Admin Yesenia","ip":"::1","url":"\/prueba\/distribuidora-esqueleto\/src\/js\/lib\/DataTables\/datatables-min.js","message":"Ruta ingresada inexistente, ruta: \/src\/js\/lib\/DataTables\/datatables-min.js","context":[]}
{"timestamp":"2026-03-18 11:19:53","level":"MODULE","user":"Admin Yesenia","ip":"::1","url":"\/prueba\/distribuidora-esqueleto\/src\/js\/lib\/DataTables\/pdfmake.js.map","message":"Ruta ingresada inexistente, ruta: \/src\/js\/lib\/DataTables\/pdfmake.js.map","context":[]}
{"timestamp":"2026-03-18 11:20:06","level":"MODULE","user":"Admin Yesenia","ip":"::1","url":"\/prueba\/distribuidora-esqueleto\/src\/js\/lib\/DataTables\/datatables-min.js","message":"Ruta ingresada inexistente, ruta: \/src\/js\/lib\/DataTables\/datatables-min.js","context":[]}
{"timestamp":"2026-03-18 11:20:06","level":"MODULE","user":"Admin Yesenia","ip":"::1","url":"\/prueba\/distribuidora-esqueleto\/src\/js\/lib\/DataTables\/pdfmake.js.map","message":"Ruta ingresada inexistente, ruta: \/src\/js\/lib\/DataTables\/pdfmake.js.map","context":[]}
{"timestamp":"2026-03-18 11:21:03","level":"MODULE","user":"Admin Yesenia","ip":"::1","url":"\/prueba\/distribuidora-esqueleto\/src\/js\/lib\/DataTables\/datatables-min.js","message":"Ruta ingresada inexistente, ruta: \/src\/js\/lib\/DataTables\/datatables-min.js","context":[]}
{"timestamp":"2026-03-18 11:21:03","level":"MODULE","user":"Admin Yesenia","ip":"::1","url":"\/prueba\/distribuidora-esqueleto\/src\/js\/lib\/DataTables\/pdfmake.js.map","message":"Ruta ingresada inexistente, ruta: \/src\/js\/lib\/DataTables\/pdfmake.js.map","context":[]}
{"timestamp":"2026-03-18 11:21:25","level":"MODULE","user":"Admin Yesenia","ip":"::1","url":"\/prueba\/distribuidora-esqueleto\/src\/js\/lib\/DataTables\/datatables-min.js","message":"Ruta ingresada inexistente, ruta: \/src\/js\/lib\/DataTables\/datatables-min.js","context":[]}
{"timestamp":"2026-03-18 11:21:25","level":"MODULE","user":"Admin Yesenia","ip":"::1","url":"\/prueba\/distribuidora-esqueleto\/src\/js\/lib\/DataTables\/pdfmake.js.map","message":"Ruta ingresada inexistente, ruta: \/src\/js\/lib\/DataTables\/pdfmake.js.map","context":[]}
{"timestamp":"2026-03-18 11:21:43","level":"MODULE","user":"Admin Yesenia","ip":"::1","url":"\/prueba\/distribuidora-esqueleto\/src\/js\/lib\/DataTables\/datatables-min.js","message":"Ruta ingresada inexistente, ruta: \/src\/js\/lib\/DataTables\/datatables-min.js","context":[]}
{"timestamp":"2026-03-18 11:21:43","level":"MODULE","user":"Admin Yesenia","ip":"::1","url":"\/prueba\/distribuidora-esqueleto\/src\/js\/lib\/DataTables\/pdfmake.js.map","message":"Ruta ingresada inexistente, ruta: \/src\/js\/lib\/DataTables\/pdfmake.js.map","context":[]}
{"timestamp":"2026-03-18 11:23:12","level":"MODULE","user":"Admin Yesenia","ip":"::1","url":"\/prueba\/distribuidora-esqueleto\/src\/js\/lib\/DataTables\/datatables-min.js","message":"Ruta ingresada inexistente, ruta: \/src\/js\/lib\/DataTables\/datatables-min.js","context":[]}
{"timestamp":"2026-03-18 11:23:12","level":"MODULE","user":"Admin Yesenia","ip":"::1","url":"\/prueba\/distribuidora-esqueleto\/src\/js\/lib\/DataTables\/pdfmake.js.map","message":"Ruta ingresada inexistente, ruta: \/src\/js\/lib\/DataTables\/pdfmake.js.map","context":[]}
{"timestamp":"2026-03-18 11:26:13","level":"MODULE","user":"Admin Yesenia","ip":"::1","url":"\/prueba\/distribuidora-esqueleto\/src\/js\/lib\/DataTables\/datatables-min.js","message":"Ruta ingresada inexistente, ruta: \/src\/js\/lib\/DataTables\/datatables-min.js","context":[]}
{"timestamp":"2026-03-18 11:26:13","level":"MODULE","user":"Admin Yesenia","ip":"::1","url":"\/prueba\/distribuidora-esqueleto\/src\/js\/lib\/DataTables\/pdfmake.js.map","message":"Ruta ingresada inexistente, ruta: \/src\/js\/lib\/DataTables\/pdfmake.js.map","context":[]}
{"timestamp":"2026-03-18 11:33:10","level":"MODULE","user":"Admin Yesenia","ip":"::1","url":"\/prueba\/distribuidora-esqueleto\/src\/js\/lib\/DataTables\/datatables-min.js","message":"Ruta ingresada inexistente, ruta: \/src\/js\/lib\/DataTables\/datatables-min.js","context":[]}
{"timestamp":"2026-03-18 11:33:11","level":"MODULE","user":"Admin Yesenia","ip":"::1","url":"\/prueba\/distribuidora-esqueleto\/src\/js\/lib\/DataTables\/pdfmake.js.map","message":"Ruta ingresada inexistente, ruta: \/src\/js\/lib\/DataTables\/pdfmake.js.map","context":[]}
{"timestamp":"2026-03-18 11:35:47","level":"MODULE","user":"Maria Luisa Galaz Palma","ip":"::1","url":"\/prueba\/distribuidora-esqueleto\/src\/js\/lib\/DataTables\/datatables-min.js","message":"Ruta ingresada inexistente, ruta: \/src\/js\/lib\/DataTables\/datatables-min.js","context":[]}
{"timestamp":"2026-03-18 11:35:47","level":"MODULE","user":"Maria Luisa Galaz Palma","ip":"::1","url":"\/prueba\/distribuidora-esqueleto\/src\/js\/lib\/DataTables\/pdfmake.js.map","message":"Ruta ingresada inexistente, ruta: \/src\/js\/lib\/DataTables\/pdfmake.js.map","context":[]}
{"timestamp":"2026-03-18 11:35:50","level":"MODULE","user":"Maria Luisa Galaz Palma","ip":"::1","url":"\/prueba\/distribuidora-esqueleto\/src\/js\/lib\/DataTables\/datatables-min.js","message":"Ruta ingresada inexistente, ruta: \/src\/js\/lib\/DataTables\/datatables-min.js","context":[]}
{"timestamp":"2026-03-18 11:35:50","level":"MODULE","user":"Maria Luisa Galaz Palma","ip":"::1","url":"\/prueba\/distribuidora-esqueleto\/src\/js\/lib\/DataTables\/pdfmake.js.map","message":"Ruta ingresada inexistente, ruta: \/src\/js\/lib\/DataTables\/pdfmake.js.map","context":[]}
{"timestamp":"2026-03-18 11:36:10","level":"MODULE","user":"Maria Luisa Galaz Palma","ip":"::1","url":"\/prueba\/distribuidora-esqueleto\/src\/js\/lib\/DataTables\/datatables-min.js","message":"Ruta ingresada inexistente, ruta: \/src\/js\/lib\/DataTables\/datatables-min.js","context":[]}
{"timestamp":"2026-03-18 11:36:10","level":"MODULE","user":"Maria Luisa Galaz Palma","ip":"::1","url":"\/prueba\/distribuidora-esqueleto\/src\/js\/lib\/DataTables\/pdfmake.js.map","message":"Ruta ingresada inexistente, ruta: \/src\/js\/lib\/DataTables\/pdfmake.js.map","context":[]}
{"timestamp":"2026-03-18 11:39:51","level":"MODULE","user":"Maria Luisa Galaz Palma","ip":"::1","url":"\/prueba\/distribuidora-esqueleto\/src\/js\/lib\/DataTables\/datatables-min.js","message":"Ruta ingresada inexistente, ruta: \/src\/js\/lib\/DataTables\/datatables-min.js","context":[]}
{"timestamp":"2026-03-18 11:39:52","level":"MODULE","user":"Maria Luisa Galaz Palma","ip":"::1","url":"\/prueba\/distribuidora-esqueleto\/src\/js\/lib\/DataTables\/pdfmake.js.map","message":"Ruta ingresada inexistente, ruta: \/src\/js\/lib\/DataTables\/pdfmake.js.map","context":[]}
{"timestamp":"2026-03-18 11:40:35","level":"MODULE","user":"Maria Luisa Galaz Palma","ip":"::1","url":"\/prueba\/distribuidora-esqueleto\/src\/js\/lib\/DataTables\/datatables-min.js","message":"Ruta ingresada inexistente, ruta: \/src\/js\/lib\/DataTables\/datatables-min.js","context":[]}
{"timestamp":"2026-03-18 11:40:35","level":"MODULE","user":"Maria Luisa Galaz Palma","ip":"::1","url":"\/prueba\/distribuidora-esqueleto\/src\/js\/lib\/DataTables\/pdfmake.js.map","message":"Ruta ingresada inexistente, ruta: \/src\/js\/lib\/DataTables\/pdfmake.js.map","context":[]}
{"timestamp":"2026-03-18 11:43:04","level":"MODULE","user":"Maria Luisa Galaz Palma","ip":"::1","url":"\/prueba\/distribuidora-esqueleto\/src\/js\/lib\/DataTables\/datatables-min.js","message":"Ruta ingresada inexistente, ruta: \/src\/js\/lib\/DataTables\/datatables-min.js","context":[]}
{"timestamp":"2026-03-18 11:43:04","level":"MODULE","user":"Maria Luisa Galaz Palma","ip":"::1","url":"\/prueba\/distribuidora-esqueleto\/src\/js\/lib\/DataTables\/pdfmake.js.map","message":"Ruta ingresada inexistente, ruta: \/src\/js\/lib\/DataTables\/pdfmake.js.map","context":[]}
{"timestamp":"2026-03-18 11:46:17","level":"MODULE","user":"Admin Yesenia","ip":"::1","url":"\/prueba\/distribuidora-esqueleto\/src\/js\/lib\/DataTables\/datatables-min.js","message":"Ruta ingresada inexistente, ruta: \/src\/js\/lib\/DataTables\/datatables-min.js","context":[]}
{"timestamp":"2026-03-18 11:46:17","level":"MODULE","user":"Admin Yesenia","ip":"::1","url":"\/prueba\/distribuidora-esqueleto\/src\/js\/lib\/DataTables\/pdfmake.js.map","message":"Ruta ingresada inexistente, ruta: \/src\/js\/lib\/DataTables\/pdfmake.js.map","context":[]}
{"timestamp":"2026-03-18 11:46:19","level":"MODULE","user":"Admin Yesenia","ip":"::1","url":"\/prueba\/distribuidora-esqueleto\/src\/js\/lib\/DataTables\/datatables-min.js","message":"Ruta ingresada inexistente, ruta: \/src\/js\/lib\/DataTables\/datatables-min.js","context":[]}
{"timestamp":"2026-03-18 11:46:20","level":"MODULE","user":"Admin Yesenia","ip":"::1","url":"\/prueba\/distribuidora-esqueleto\/src\/js\/lib\/DataTables\/pdfmake.js.map","message":"Ruta ingresada inexistente, ruta: \/src\/js\/lib\/DataTables\/pdfmake.js.map","context":[]}
{"timestamp":"2026-03-18 11:47:28","level":"MODULE","user":"Admin Yesenia","ip":"::1","url":"\/prueba\/distribuidora-esqueleto\/src\/js\/lib\/DataTables\/datatables-min.js","message":"Ruta ingresada inexistente, ruta: \/src\/js\/lib\/DataTables\/datatables-min.js","context":[]}
{"timestamp":"2026-03-18 11:47:29","level":"MODULE","user":"Admin Yesenia","ip":"::1","url":"\/prueba\/distribuidora-esqueleto\/src\/js\/lib\/DataTables\/pdfmake.js.map","message":"Ruta ingresada inexistente, ruta: \/src\/js\/lib\/DataTables\/pdfmake.js.map","context":[]}
{"timestamp":"2026-03-18 11:48:28","level":"MODULE","user":"Admin Yesenia","ip":"::1","url":"\/prueba\/distribuidora-esqueleto\/src\/js\/lib\/DataTables\/datatables-min.js","message":"Ruta ingresada inexistente, ruta: \/src\/js\/lib\/DataTables\/datatables-min.js","context":[]}
{"timestamp":"2026-03-18 11:48:28","level":"MODULE","user":"Admin Yesenia","ip":"::1","url":"\/prueba\/distribuidora-esqueleto\/src\/js\/lib\/DataTables\/pdfmake.js.map","message":"Ruta ingresada inexistente, ruta: \/src\/js\/lib\/DataTables\/pdfmake.js.map","context":[]}
{"timestamp":"2026-03-18 11:51:41","level":"MODULE","user":"Admin Yesenia","ip":"::1","url":"\/prueba\/distribuidora-esqueleto\/src\/js\/lib\/DataTables\/datatables-min.js","message":"Ruta ingresada inexistente, ruta: \/src\/js\/lib\/DataTables\/datatables-min.js","context":[]}
{"timestamp":"2026-03-18 11:51:41","level":"MODULE","user":"Admin Yesenia","ip":"::1","url":"\/prueba\/distribuidora-esqueleto\/src\/js\/lib\/DataTables\/pdfmake.js.map","message":"Ruta ingresada inexistente, ruta: \/src\/js\/lib\/DataTables\/pdfmake.js.map","context":[]}
{"timestamp":"2026-03-18 11:51:44","level":"MODULE","user":"Admin Yesenia","ip":"::1","url":"\/prueba\/distribuidora-esqueleto\/src\/js\/lib\/DataTables\/datatables-min.js","message":"Ruta ingresada inexistente, ruta: \/src\/js\/lib\/DataTables\/datatables-min.js","context":[]}
{"timestamp":"2026-03-18 11:51:44","level":"MODULE","user":"Admin Yesenia","ip":"::1","url":"\/prueba\/distribuidora-esqueleto\/src\/js\/lib\/DataTables\/pdfmake.js.map","message":"Ruta ingresada inexistente, ruta: \/src\/js\/lib\/DataTables\/pdfmake.js.map","context":[]}
{"timestamp":"2026-03-18 11:53:44","level":"MODULE","user":"Admin Yesenia","ip":"::1","url":"\/prueba\/distribuidora-esqueleto\/src\/js\/lib\/DataTables\/datatables-min.js","message":"Ruta ingresada inexistente, ruta: \/src\/js\/lib\/DataTables\/datatables-min.js","context":[]}
{"timestamp":"2026-03-18 11:53:45","level":"MODULE","user":"Admin Yesenia","ip":"::1","url":"\/prueba\/distribuidora-esqueleto\/src\/js\/lib\/DataTables\/pdfmake.js.map","message":"Ruta ingresada inexistente, ruta: \/src\/js\/lib\/DataTables\/pdfmake.js.map","context":[]}
{"timestamp":"2026-03-18 11:53:47","level":"MODULE","user":"Admin Yesenia","ip":"::1","url":"\/prueba\/distribuidora-esqueleto\/src\/js\/lib\/DataTables\/datatables-min.js","message":"Ruta ingresada inexistente, ruta: \/src\/js\/lib\/DataTables\/datatables-min.js","context":[]}
{"timestamp":"2026-03-18 11:53:47","level":"MODULE","user":"Admin Yesenia","ip":"::1","url":"\/prueba\/distribuidora-esqueleto\/src\/js\/lib\/DataTables\/pdfmake.js.map","message":"Ruta ingresada inexistente, ruta: \/src\/js\/lib\/DataTables\/pdfmake.js.map","context":[]}
{"timestamp":"2026-03-18 11:54:52","level":"MODULE","user":"Admin Yesenia","ip":"::1","url":"\/prueba\/distribuidora-esqueleto\/src\/js\/lib\/DataTables\/datatables-min.js","message":"Ruta ingresada inexistente, ruta: \/src\/js\/lib\/DataTables\/datatables-min.js","context":[]}
{"timestamp":"2026-03-18 11:54:52","level":"MODULE","user":"Admin Yesenia","ip":"::1","url":"\/prueba\/distribuidora-esqueleto\/src\/js\/lib\/DataTables\/pdfmake.js.map","message":"Ruta ingresada inexistente, ruta: \/src\/js\/lib\/DataTables\/pdfmake.js.map","context":[]}
{"timestamp":"2026-03-18 11:54:54","level":"MODULE","user":"Admin Yesenia","ip":"::1","url":"\/prueba\/distribuidora-esqueleto\/src\/js\/lib\/DataTables\/datatables-min.js","message":"Ruta ingresada inexistente, ruta: \/src\/js\/lib\/DataTables\/datatables-min.js","context":[]}
{"timestamp":"2026-03-18 11:54:55","level":"MODULE","user":"Admin Yesenia","ip":"::1","url":"\/prueba\/distribuidora-esqueleto\/src\/js\/lib\/DataTables\/pdfmake.js.map","message":"Ruta ingresada inexistente, ruta: \/src\/js\/lib\/DataTables\/pdfmake.js.map","context":[]}
{"timestamp":"2026-03-18 11:55:25","level":"MODULE","user":"Admin Yesenia","ip":"::1","url":"\/prueba\/distribuidora-esqueleto\/src\/js\/lib\/DataTables\/datatables-min.js","message":"Ruta ingresada inexistente, ruta: \/src\/js\/lib\/DataTables\/datatables-min.js","context":[]}
{"timestamp":"2026-03-18 11:55:25","level":"MODULE","user":"Admin Yesenia","ip":"::1","url":"\/prueba\/distribuidora-esqueleto\/src\/js\/lib\/DataTables\/pdfmake.js.map","message":"Ruta ingresada inexistente, ruta: \/src\/js\/lib\/DataTables\/pdfmake.js.map","context":[]}
{"timestamp":"2026-03-18 12:02:36","level":"MODULE","user":"Admin Yesenia","ip":"::1","url":"\/prueba\/distribuidora-esqueleto\/src\/js\/lib\/DataTables\/datatables-min.js","message":"Ruta ingresada inexistente, ruta: \/src\/js\/lib\/DataTables\/datatables-min.js","context":[]}
{"timestamp":"2026-03-18 12:02:37","level":"MODULE","user":"Admin Yesenia","ip":"::1","url":"\/prueba\/distribuidora-esqueleto\/src\/js\/lib\/DataTables\/pdfmake.js.map","message":"Ruta ingresada inexistente, ruta: \/src\/js\/lib\/DataTables\/pdfmake.js.map","context":[]}
{"timestamp":"2026-03-18 12:02:41","level":"MODULE","user":"Admin Yesenia","ip":"::1","url":"\/prueba\/distribuidora-esqueleto\/src\/js\/lib\/DataTables\/datatables-min.js","message":"Ruta ingresada inexistente, ruta: \/src\/js\/lib\/DataTables\/datatables-min.js","context":[]}
{"timestamp":"2026-03-18 12:02:41","level":"MODULE","user":"Admin Yesenia","ip":"::1","url":"\/prueba\/distribuidora-esqueleto\/src\/js\/lib\/DataTables\/pdfmake.js.map","message":"Ruta ingresada inexistente, ruta: \/src\/js\/lib\/DataTables\/pdfmake.js.map","context":[]}
{"timestamp":"2026-03-18 12:10:03","level":"MODULE","user":"Admin Yesenia","ip":"::1","url":"\/prueba\/distribuidora-esqueleto\/src\/js\/lib\/DataTables\/datatables-min.js","message":"Ruta ingresada inexistente, ruta: \/src\/js\/lib\/DataTables\/datatables-min.js","context":[]}
{"timestamp":"2026-03-18 12:10:03","level":"MODULE","user":"Admin Yesenia","ip":"::1","url":"\/prueba\/distribuidora-esqueleto\/src\/js\/lib\/DataTables\/pdfmake.js.map","message":"Ruta ingresada inexistente, ruta: \/src\/js\/lib\/DataTables\/pdfmake.js.map","context":[]}
{"timestamp":"2026-03-18 12:13:58","level":"MODULE","user":"Admin Yesenia","ip":"::1","url":"\/prueba\/distribuidora-esqueleto\/src\/js\/lib\/DataTables\/datatables-min.js","message":"Ruta ingresada inexistente, ruta: \/src\/js\/lib\/DataTables\/datatables-min.js","context":[]}
{"timestamp":"2026-03-18 12:13:58","level":"MODULE","user":"Admin Yesenia","ip":"::1","url":"\/prueba\/distribuidora-esqueleto\/src\/js\/lib\/DataTables\/pdfmake.js.map","message":"Ruta ingresada inexistente, ruta: \/src\/js\/lib\/DataTables\/pdfmake.js.map","context":[]}
{"timestamp":"2026-03-18 12:14:01","level":"MODULE","user":"Admin Yesenia","ip":"::1","url":"\/prueba\/distribuidora-esqueleto\/src\/js\/lib\/DataTables\/datatables-min.js","message":"Ruta ingresada inexistente, ruta: \/src\/js\/lib\/DataTables\/datatables-min.js","context":[]}
{"timestamp":"2026-03-18 12:14:01","level":"MODULE","user":"Admin Yesenia","ip":"::1","url":"\/prueba\/distribuidora-esqueleto\/src\/js\/lib\/DataTables\/pdfmake.js.map","message":"Ruta ingresada inexistente, ruta: \/src\/js\/lib\/DataTables\/pdfmake.js.map","context":[]}
{"timestamp":"2026-03-18 12:31:56","level":"MODULE","user":"Admin Yesenia","ip":"::1","url":"\/prueba\/distribuidora-esqueleto\/src\/js\/lib\/DataTables\/datatables-min.js","message":"Ruta ingresada inexistente, ruta: \/src\/js\/lib\/DataTables\/datatables-min.js","context":[]}
{"timestamp":"2026-03-18 12:31:57","level":"MODULE","user":"Admin Yesenia","ip":"::1","url":"\/prueba\/distribuidora-esqueleto\/src\/js\/lib\/DataTables\/pdfmake.js.map","message":"Ruta ingresada inexistente, ruta: \/src\/js\/lib\/DataTables\/pdfmake.js.map","context":[]}
{"timestamp":"2026-03-18 12:33:12","level":"MODULE","user":"Admin Yesenia","ip":"::1","url":"\/prueba\/distribuidora-esqueleto\/src\/js\/lib\/DataTables\/datatables-min.js","message":"Ruta ingresada inexistente, ruta: \/src\/js\/lib\/DataTables\/datatables-min.js","context":[]}
{"timestamp":"2026-03-18 12:33:12","level":"MODULE","user":"Admin Yesenia","ip":"::1","url":"\/prueba\/distribuidora-esqueleto\/src\/js\/lib\/DataTables\/pdfmake.js.map","message":"Ruta ingresada inexistente, ruta: \/src\/js\/lib\/DataTables\/pdfmake.js.map","context":[]}
{"timestamp":"2026-03-18 12:33:14","level":"MODULE","user":"Admin Yesenia","ip":"::1","url":"\/prueba\/distribuidora-esqueleto\/src\/js\/lib\/DataTables\/datatables-min.js","message":"Ruta ingresada inexistente, ruta: \/src\/js\/lib\/DataTables\/datatables-min.js","context":[]}
{"timestamp":"2026-03-18 12:33:14","level":"MODULE","user":"Admin Yesenia","ip":"::1","url":"\/prueba\/distribuidora-esqueleto\/src\/js\/lib\/DataTables\/pdfmake.js.map","message":"Ruta ingresada inexistente, ruta: \/src\/js\/lib\/DataTables\/pdfmake.js.map","context":[]}
{"timestamp":"2026-03-18 12:37:18","level":"MODULE","user":"Admin Yesenia","ip":"::1","url":"\/prueba\/distribuidora-esqueleto\/src\/js\/lib\/DataTables\/datatables-min.js","message":"Ruta ingresada inexistente, ruta: \/src\/js\/lib\/DataTables\/datatables-min.js","context":[]}
{"timestamp":"2026-03-18 12:37:18","level":"MODULE","user":"Admin Yesenia","ip":"::1","url":"\/prueba\/distribuidora-esqueleto\/src\/js\/lib\/DataTables\/pdfmake.js.map","message":"Ruta ingresada inexistente, ruta: \/src\/js\/lib\/DataTables\/pdfmake.js.map","context":[]}
{"timestamp":"2026-03-18 12:38:10","level":"MODULE","user":"Admin Yesenia","ip":"::1","url":"\/prueba\/distribuidora-esqueleto\/src\/js\/lib\/DataTables\/datatables-min.js","message":"Ruta ingresada inexistente, ruta: \/src\/js\/lib\/DataTables\/datatables-min.js","context":[]}
{"timestamp":"2026-03-18 12:38:11","level":"MODULE","user":"Admin Yesenia","ip":"::1","url":"\/prueba\/distribuidora-esqueleto\/src\/js\/lib\/DataTables\/pdfmake.js.map","message":"Ruta ingresada inexistente, ruta: \/src\/js\/lib\/DataTables\/pdfmake.js.map","context":[]}
{"timestamp":"2026-03-18 12:38:41","level":"MODULE","user":"Admin Yesenia","ip":"::1","url":"\/prueba\/distribuidora-esqueleto\/src\/js\/lib\/DataTables\/datatables-min.js","message":"Ruta ingresada inexistente, ruta: \/src\/js\/lib\/DataTables\/datatables-min.js","context":[]}
{"timestamp":"2026-03-18 12:38:42","level":"MODULE","user":"Admin Yesenia","ip":"::1","url":"\/prueba\/distribuidora-esqueleto\/src\/js\/lib\/DataTables\/pdfmake.js.map","message":"Ruta ingresada inexistente, ruta: \/src\/js\/lib\/DataTables\/pdfmake.js.map","context":[]}
{"timestamp":"2026-03-18 12:39:05","level":"MODULE","user":"Admin Yesenia","ip":"::1","url":"\/prueba\/distribuidora-esqueleto\/src\/js\/lib\/DataTables\/datatables-min.js","message":"Ruta ingresada inexistente, ruta: \/src\/js\/lib\/DataTables\/datatables-min.js","context":[]}
{"timestamp":"2026-03-18 12:39:05","level":"MODULE","user":"Admin Yesenia","ip":"::1","url":"\/prueba\/distribuidora-esqueleto\/src\/js\/lib\/DataTables\/pdfmake.js.map","message":"Ruta ingresada inexistente, ruta: \/src\/js\/lib\/DataTables\/pdfmake.js.map","context":[]}
{"timestamp":"2026-03-18 12:39:19","level":"MODULE","user":"Admin Yesenia","ip":"::1","url":"\/prueba\/distribuidora-esqueleto\/src\/js\/lib\/DataTables\/datatables-min.js","message":"Ruta ingresada inexistente, ruta: \/src\/js\/lib\/DataTables\/datatables-min.js","context":[]}
{"timestamp":"2026-03-18 12:39:19","level":"MODULE","user":"Admin Yesenia","ip":"::1","url":"\/prueba\/distribuidora-esqueleto\/src\/js\/lib\/DataTables\/pdfmake.js.map","message":"Ruta ingresada inexistente, ruta: \/src\/js\/lib\/DataTables\/pdfmake.js.map","context":[]}
{"timestamp":"2026-03-18 12:39:51","level":"MODULE","user":"Admin Yesenia","ip":"::1","url":"\/prueba\/distribuidora-esqueleto\/src\/js\/lib\/DataTables\/datatables-min.js","message":"Ruta ingresada inexistente, ruta: \/src\/js\/lib\/DataTables\/datatables-min.js","context":[]}
{"timestamp":"2026-03-18 12:39:51","level":"MODULE","user":"Admin Yesenia","ip":"::1","url":"\/prueba\/distribuidora-esqueleto\/src\/js\/lib\/DataTables\/pdfmake.js.map","message":"Ruta ingresada inexistente, ruta: \/src\/js\/lib\/DataTables\/pdfmake.js.map","context":[]}
{"timestamp":"2026-03-18 12:45:42","level":"MODULE","user":"Admin Yesenia","ip":"::1","url":"\/prueba\/distribuidora-esqueleto\/src\/js\/lib\/DataTables\/datatables-min.js","message":"Ruta ingresada inexistente, ruta: \/src\/js\/lib\/DataTables\/datatables-min.js","context":[]}
{"timestamp":"2026-03-18 12:45:42","level":"MODULE","user":"Admin Yesenia","ip":"::1","url":"\/prueba\/distribuidora-esqueleto\/src\/js\/lib\/DataTables\/pdfmake.js.map","message":"Ruta ingresada inexistente, ruta: \/src\/js\/lib\/DataTables\/pdfmake.js.map","context":[]}
{"timestamp":"2026-03-18 12:46:04","level":"MODULE","user":"Admin Yesenia","ip":"::1","url":"\/prueba\/distribuidora-esqueleto\/src\/js\/lib\/DataTables\/datatables-min.js","message":"Ruta ingresada inexistente, ruta: \/src\/js\/lib\/DataTables\/datatables-min.js","context":[]}
{"timestamp":"2026-03-18 12:46:04","level":"MODULE","user":"Admin Yesenia","ip":"::1","url":"\/prueba\/distribuidora-esqueleto\/src\/js\/lib\/DataTables\/pdfmake.js.map","message":"Ruta ingresada inexistente, ruta: \/src\/js\/lib\/DataTables\/pdfmake.js.map","context":[]}
{"timestamp":"2026-03-18 12:46:18","level":"MODULE","user":"Admin Yesenia","ip":"::1","url":"\/prueba\/distribuidora-esqueleto\/src\/js\/lib\/DataTables\/datatables-min.js","message":"Ruta ingresada inexistente, ruta: \/src\/js\/lib\/DataTables\/datatables-min.js","context":[]}
{"timestamp":"2026-03-18 12:46:18","level":"MODULE","user":"Admin Yesenia","ip":"::1","url":"\/prueba\/distribuidora-esqueleto\/src\/js\/lib\/DataTables\/pdfmake.js.map","message":"Ruta ingresada inexistente, ruta: \/src\/js\/lib\/DataTables\/pdfmake.js.map","context":[]}
{"timestamp":"2026-03-18 12:46:39","level":"MODULE","user":"Admin Yesenia","ip":"::1","url":"\/prueba\/distribuidora-esqueleto\/src\/js\/lib\/DataTables\/datatables-min.js","message":"Ruta ingresada inexistente, ruta: \/src\/js\/lib\/DataTables\/datatables-min.js","context":[]}
{"timestamp":"2026-03-18 12:46:40","level":"MODULE","user":"Admin Yesenia","ip":"::1","url":"\/prueba\/distribuidora-esqueleto\/src\/js\/lib\/DataTables\/pdfmake.js.map","message":"Ruta ingresada inexistente, ruta: \/src\/js\/lib\/DataTables\/pdfmake.js.map","context":[]}
{"timestamp":"2026-03-18 12:46:49","level":"MODULE","user":"Admin Yesenia","ip":"::1","url":"\/prueba\/distribuidora-esqueleto\/src\/js\/lib\/DataTables\/datatables-min.js","message":"Ruta ingresada inexistente, ruta: \/src\/js\/lib\/DataTables\/datatables-min.js","context":[]}
{"timestamp":"2026-03-18 12:46:50","level":"MODULE","user":"Admin Yesenia","ip":"::1","url":"\/prueba\/distribuidora-esqueleto\/src\/js\/lib\/DataTables\/pdfmake.js.map","message":"Ruta ingresada inexistente, ruta: \/src\/js\/lib\/DataTables\/pdfmake.js.map","context":[]}
{"timestamp":"2026-03-18 12:47:15","level":"MODULE","user":"Maria Luisa Galaz Palma","ip":"::1","url":"\/prueba\/distribuidora-esqueleto\/src\/js\/lib\/DataTables\/datatables-min.js","message":"Ruta ingresada inexistente, ruta: \/src\/js\/lib\/DataTables\/datatables-min.js","context":[]}
{"timestamp":"2026-03-18 12:47:15","level":"MODULE","user":"Maria Luisa Galaz Palma","ip":"::1","url":"\/prueba\/distribuidora-esqueleto\/src\/js\/lib\/DataTables\/pdfmake.js.map","message":"Ruta ingresada inexistente, ruta: \/src\/js\/lib\/DataTables\/pdfmake.js.map","context":[]}
{"timestamp":"2026-03-18 12:47:17","level":"MODULE","user":"Maria Luisa Galaz Palma","ip":"::1","url":"\/prueba\/distribuidora-esqueleto\/src\/js\/lib\/DataTables\/datatables-min.js","message":"Ruta ingresada inexistente, ruta: \/src\/js\/lib\/DataTables\/datatables-min.js","context":[]}
{"timestamp":"2026-03-18 12:47:18","level":"MODULE","user":"Maria Luisa Galaz Palma","ip":"::1","url":"\/prueba\/distribuidora-esqueleto\/src\/js\/lib\/DataTables\/pdfmake.js.map","message":"Ruta ingresada inexistente, ruta: \/src\/js\/lib\/DataTables\/pdfmake.js.map","context":[]}
{"timestamp":"2026-03-18 12:47:30","level":"MODULE","user":"Maria Luisa Galaz Palma","ip":"::1","url":"\/prueba\/distribuidora-esqueleto\/src\/js\/lib\/DataTables\/datatables-min.js","message":"Ruta ingresada inexistente, ruta: \/src\/js\/lib\/DataTables\/datatables-min.js","context":[]}
{"timestamp":"2026-03-18 12:47:30","level":"MODULE","user":"Maria Luisa Galaz Palma","ip":"::1","url":"\/prueba\/distribuidora-esqueleto\/src\/js\/lib\/DataTables\/pdfmake.js.map","message":"Ruta ingresada inexistente, ruta: \/src\/js\/lib\/DataTables\/pdfmake.js.map","context":[]}
{"timestamp":"2026-03-18 12:48:08","level":"MODULE","user":"Maria Luisa Galaz Palma","ip":"::1","url":"\/prueba\/distribuidora-esqueleto\/src\/js\/lib\/DataTables\/datatables-min.js","message":"Ruta ingresada inexistente, ruta: \/src\/js\/lib\/DataTables\/datatables-min.js","context":[]}
{"timestamp":"2026-03-18 12:48:09","level":"MODULE","user":"Maria Luisa Galaz Palma","ip":"::1","url":"\/prueba\/distribuidora-esqueleto\/src\/js\/lib\/DataTables\/pdfmake.js.map","message":"Ruta ingresada inexistente, ruta: \/src\/js\/lib\/DataTables\/pdfmake.js.map","context":[]}
{"timestamp":"2026-03-18 12:50:09","level":"MODULE","user":"Maria Luisa Galaz Palma","ip":"::1","url":"\/prueba\/distribuidora-esqueleto\/src\/js\/lib\/DataTables\/datatables-min.js","message":"Ruta ingresada inexistente, ruta: \/src\/js\/lib\/DataTables\/datatables-min.js","context":[]}
{"timestamp":"2026-03-18 12:50:10","level":"MODULE","user":"Maria Luisa Galaz Palma","ip":"::1","url":"\/prueba\/distribuidora-esqueleto\/src\/js\/lib\/DataTables\/pdfmake.js.map","message":"Ruta ingresada inexistente, ruta: \/src\/js\/lib\/DataTables\/pdfmake.js.map","context":[]}
{"timestamp":"2026-03-18 12:51:18","level":"MODULE","user":"Maria Luisa Galaz Palma","ip":"::1","url":"\/prueba\/distribuidora-esqueleto\/src\/js\/lib\/DataTables\/datatables-min.js","message":"Ruta ingresada inexistente, ruta: \/src\/js\/lib\/DataTables\/datatables-min.js","context":[]}
{"timestamp":"2026-03-18 12:51:19","level":"MODULE","user":"Maria Luisa Galaz Palma","ip":"::1","url":"\/prueba\/distribuidora-esqueleto\/src\/js\/lib\/DataTables\/pdfmake.js.map","message":"Ruta ingresada inexistente, ruta: \/src\/js\/lib\/DataTables\/pdfmake.js.map","context":[]}
{"timestamp":"2026-03-18 12:51:37","level":"MODULE","user":"Maria Luisa Galaz Palma","ip":"::1","url":"\/prueba\/distribuidora-esqueleto\/src\/js\/lib\/DataTables\/datatables-min.js","message":"Ruta ingresada inexistente, ruta: \/src\/js\/lib\/DataTables\/datatables-min.js","context":[]}
{"timestamp":"2026-03-18 12:51:38","level":"MODULE","user":"Maria Luisa Galaz Palma","ip":"::1","url":"\/prueba\/distribuidora-esqueleto\/src\/js\/lib\/DataTables\/pdfmake.js.map","message":"Ruta ingresada inexistente, ruta: \/src\/js\/lib\/DataTables\/pdfmake.js.map","context":[]}
{"timestamp":"2026-03-18 14:16:31","level":"MODULE","user":"Maria Luisa Galaz Palma","ip":"::1","url":"\/prueba\/distribuidora-esqueleto\/src\/js\/lib\/DataTables\/datatables-min.js","message":"Ruta ingresada inexistente, ruta: \/src\/js\/lib\/DataTables\/datatables-min.js","context":[]}
{"timestamp":"2026-03-18 14:16:31","level":"MODULE","user":"Maria Luisa Galaz Palma","ip":"::1","url":"\/prueba\/distribuidora-esqueleto\/src\/js\/lib\/DataTables\/pdfmake.js.map","message":"Ruta ingresada inexistente, ruta: \/src\/js\/lib\/DataTables\/pdfmake.js.map","context":[]}
{"timestamp":"2026-03-18 14:16:46","level":"MODULE","user":"Admin Yesenia","ip":"::1","url":"\/prueba\/distribuidora-esqueleto\/src\/js\/lib\/DataTables\/datatables-min.js","message":"Ruta ingresada inexistente, ruta: \/src\/js\/lib\/DataTables\/datatables-min.js","context":[]}
{"timestamp":"2026-03-18 14:16:47","level":"MODULE","user":"Admin Yesenia","ip":"::1","url":"\/prueba\/distribuidora-esqueleto\/src\/js\/lib\/DataTables\/pdfmake.js.map","message":"Ruta ingresada inexistente, ruta: \/src\/js\/lib\/DataTables\/pdfmake.js.map","context":[]}
{"timestamp":"2026-03-18 14:16:49","level":"MODULE","user":"Admin Yesenia","ip":"::1","url":"\/prueba\/distribuidora-esqueleto\/src\/js\/lib\/DataTables\/datatables-min.js","message":"Ruta ingresada inexistente, ruta: \/src\/js\/lib\/DataTables\/datatables-min.js","context":[]}
{"timestamp":"2026-03-18 14:16:49","level":"MODULE","user":"Admin Yesenia","ip":"::1","url":"\/prueba\/distribuidora-esqueleto\/src\/js\/lib\/DataTables\/pdfmake.js.map","message":"Ruta ingresada inexistente, ruta: \/src\/js\/lib\/DataTables\/pdfmake.js.map","context":[]}
{"timestamp":"2026-03-18 15:15:28","level":"MODULE","user":"Admin Yesenia","ip":"::1","url":"\/prueba\/distribuidora-esqueleto\/src\/js\/lib\/DataTables\/datatables-min.js","message":"Ruta ingresada inexistente, ruta: \/src\/js\/lib\/DataTables\/datatables-min.js","context":[]}
{"timestamp":"2026-03-18 15:15:28","level":"MODULE","user":"Admin Yesenia","ip":"::1","url":"\/prueba\/distribuidora-esqueleto\/src\/js\/lib\/DataTables\/pdfmake.js.map","message":"Ruta ingresada inexistente, ruta: \/src\/js\/lib\/DataTables\/pdfmake.js.map","context":[]}
{"timestamp":"2026-03-18 15:16:42","level":"MODULE","user":"Admin Yesenia","ip":"::1","url":"\/prueba\/distribuidora-esqueleto\/src\/js\/lib\/DataTables\/datatables-min.js","message":"Ruta ingresada inexistente, ruta: \/src\/js\/lib\/DataTables\/datatables-min.js","context":[]}
{"timestamp":"2026-03-18 15:16:42","level":"MODULE","user":"Admin Yesenia","ip":"::1","url":"\/prueba\/distribuidora-esqueleto\/src\/js\/lib\/DataTables\/pdfmake.js.map","message":"Ruta ingresada inexistente, ruta: \/src\/js\/lib\/DataTables\/pdfmake.js.map","context":[]}
{"timestamp":"2026-03-18 16:40:37","level":"MODULE","user":"Admin Yesenia","ip":"::1","url":"\/prueba\/distribuidora-esqueleto\/src\/js\/lib\/DataTables\/datatables-min.js","message":"Ruta ingresada inexistente, ruta: \/src\/js\/lib\/DataTables\/datatables-min.js","context":[]}
{"timestamp":"2026-03-18 16:40:38","level":"MODULE","user":"Admin Yesenia","ip":"::1","url":"\/prueba\/distribuidora-esqueleto\/src\/js\/lib\/DataTables\/pdfmake.js.map","message":"Ruta ingresada inexistente, ruta: \/src\/js\/lib\/DataTables\/pdfmake.js.map","context":[]}
{"timestamp":"2026-03-18 16:42:28","level":"MODULE","user":"Admin Yesenia","ip":"::1","url":"\/prueba\/distribuidora-esqueleto\/src\/js\/lib\/DataTables\/datatables-min.js","message":"Ruta ingresada inexistente, ruta: \/src\/js\/lib\/DataTables\/datatables-min.js","context":[]}
{"timestamp":"2026-03-18 16:42:28","level":"MODULE","user":"Admin Yesenia","ip":"::1","url":"\/prueba\/distribuidora-esqueleto\/src\/js\/lib\/DataTables\/pdfmake.js.map","message":"Ruta ingresada inexistente, ruta: \/src\/js\/lib\/DataTables\/pdfmake.js.map","context":[]}
{"timestamp":"2026-03-18 16:42:31","level":"MODULE","user":"Admin Yesenia","ip":"::1","url":"\/prueba\/distribuidora-esqueleto\/src\/js\/lib\/DataTables\/datatables-min.js","message":"Ruta ingresada inexistente, ruta: \/src\/js\/lib\/DataTables\/datatables-min.js","context":[]}
{"timestamp":"2026-03-18 16:42:31","level":"MODULE","user":"Admin Yesenia","ip":"::1","url":"\/prueba\/distribuidora-esqueleto\/src\/js\/lib\/DataTables\/pdfmake.js.map","message":"Ruta ingresada inexistente, ruta: \/src\/js\/lib\/DataTables\/pdfmake.js.map","context":[]}
{"timestamp":"2026-03-18 16:43:20","level":"MODULE","user":"Admin Yesenia","ip":"::1","url":"\/prueba\/distribuidora-esqueleto\/src\/js\/lib\/DataTables\/datatables-min.js","message":"Ruta ingresada inexistente, ruta: \/src\/js\/lib\/DataTables\/datatables-min.js","context":[]}
{"timestamp":"2026-03-18 16:43:20","level":"MODULE","user":"Admin Yesenia","ip":"::1","url":"\/prueba\/distribuidora-esqueleto\/src\/js\/lib\/DataTables\/pdfmake.js.map","message":"Ruta ingresada inexistente, ruta: \/src\/js\/lib\/DataTables\/pdfmake.js.map","context":[]}
{"timestamp":"2026-03-18 16:47:38","level":"MODULE","user":"Admin Yesenia","ip":"::1","url":"\/prueba\/distribuidora-esqueleto\/src\/js\/lib\/DataTables\/datatables-min.js","message":"Ruta ingresada inexistente, ruta: \/src\/js\/lib\/DataTables\/datatables-min.js","context":[]}
{"timestamp":"2026-03-18 16:47:38","level":"MODULE","user":"Admin Yesenia","ip":"::1","url":"\/prueba\/distribuidora-esqueleto\/src\/js\/lib\/DataTables\/pdfmake.js.map","message":"Ruta ingresada inexistente, ruta: \/src\/js\/lib\/DataTables\/pdfmake.js.map","context":[]}
{"timestamp":"2026-03-18 16:48:51","level":"MODULE","user":"Admin Yesenia","ip":"::1","url":"\/prueba\/distribuidora-esqueleto\/src\/js\/lib\/DataTables\/datatables-min.js","message":"Ruta ingresada inexistente, ruta: \/src\/js\/lib\/DataTables\/datatables-min.js","context":[]}
{"timestamp":"2026-03-18 16:48:52","level":"MODULE","user":"Admin Yesenia","ip":"::1","url":"\/prueba\/distribuidora-esqueleto\/src\/js\/lib\/DataTables\/pdfmake.js.map","message":"Ruta ingresada inexistente, ruta: \/src\/js\/lib\/DataTables\/pdfmake.js.map","context":[]}
{"timestamp":"2026-03-18 16:49:29","level":"MODULE","user":"Admin Yesenia","ip":"::1","url":"\/prueba\/distribuidora-esqueleto\/src\/js\/lib\/DataTables\/datatables-min.js","message":"Ruta ingresada inexistente, ruta: \/src\/js\/lib\/DataTables\/datatables-min.js","context":[]}
{"timestamp":"2026-03-18 16:49:30","level":"MODULE","user":"Admin Yesenia","ip":"::1","url":"\/prueba\/distribuidora-esqueleto\/src\/js\/lib\/DataTables\/pdfmake.js.map","message":"Ruta ingresada inexistente, ruta: \/src\/js\/lib\/DataTables\/pdfmake.js.map","context":[]}
{"timestamp":"2026-03-18 16:50:11","level":"MODULE","user":"Admin Yesenia","ip":"::1","url":"\/prueba\/distribuidora-esqueleto\/src\/js\/lib\/DataTables\/datatables-min.js","message":"Ruta ingresada inexistente, ruta: \/src\/js\/lib\/DataTables\/datatables-min.js","context":[]}
{"timestamp":"2026-03-18 16:50:12","level":"MODULE","user":"Admin Yesenia","ip":"::1","url":"\/prueba\/distribuidora-esqueleto\/src\/js\/lib\/DataTables\/pdfmake.js.map","message":"Ruta ingresada inexistente, ruta: \/src\/js\/lib\/DataTables\/pdfmake.js.map","context":[]}
{"timestamp":"2026-03-18 16:51:00","level":"MODULE","user":"Admin Yesenia","ip":"::1","url":"\/prueba\/distribuidora-esqueleto\/src\/js\/lib\/DataTables\/datatables-min.js","message":"Ruta ingresada inexistente, ruta: \/src\/js\/lib\/DataTables\/datatables-min.js","context":[]}
{"timestamp":"2026-03-18 16:51:03","level":"MODULE","user":"Admin Yesenia","ip":"::1","url":"\/prueba\/distribuidora-esqueleto\/src\/js\/lib\/DataTables\/pdfmake.js.map","message":"Ruta ingresada inexistente, ruta: \/src\/js\/lib\/DataTables\/pdfmake.js.map","context":[]}
{"timestamp":"2026-03-18 16:53:25","level":"MODULE","user":"Admin Yesenia","ip":"::1","url":"\/prueba\/distribuidora-esqueleto\/src\/js\/lib\/DataTables\/datatables-min.js","message":"Ruta ingresada inexistente, ruta: \/src\/js\/lib\/DataTables\/datatables-min.js","context":[]}
{"timestamp":"2026-03-18 16:53:25","level":"MODULE","user":"Admin Yesenia","ip":"::1","url":"\/prueba\/distribuidora-esqueleto\/src\/js\/lib\/DataTables\/pdfmake.js.map","message":"Ruta ingresada inexistente, ruta: \/src\/js\/lib\/DataTables\/pdfmake.js.map","context":[]}
{"timestamp":"2026-03-18 16:55:21","level":"MODULE","user":"Admin Yesenia","ip":"::1","url":"\/prueba\/distribuidora-esqueleto\/src\/js\/lib\/DataTables\/datatables-min.js","message":"Ruta ingresada inexistente, ruta: \/src\/js\/lib\/DataTables\/datatables-min.js","context":[]}
{"timestamp":"2026-03-18 16:55:21","level":"MODULE","user":"Admin Yesenia","ip":"::1","url":"\/prueba\/distribuidora-esqueleto\/src\/js\/lib\/DataTables\/pdfmake.js.map","message":"Ruta ingresada inexistente, ruta: \/src\/js\/lib\/DataTables\/pdfmake.js.map","context":[]}
{"timestamp":"2026-03-18 16:58:30","level":"MODULE","user":"Admin Yesenia","ip":"::1","url":"\/prueba\/distribuidora-esqueleto\/src\/js\/lib\/DataTables\/datatables-min.js","message":"Ruta ingresada inexistente, ruta: \/src\/js\/lib\/DataTables\/datatables-min.js","context":[]}
{"timestamp":"2026-03-18 16:58:30","level":"MODULE","user":"Admin Yesenia","ip":"::1","url":"\/prueba\/distribuidora-esqueleto\/src\/js\/lib\/DataTables\/pdfmake.js.map","message":"Ruta ingresada inexistente, ruta: \/src\/js\/lib\/DataTables\/pdfmake.js.map","context":[]}
