{"timestamp":"2026-03-28 06:50:52","level":"MODULE","user":"Admin Yesenia","ip":"::1","url":"\/prueba\/distribuidora-esqueleto\/src\/js\/modules\/tickets\/editar-ticket.js","message":"Ruta ingresada inexistente, ruta: \/src\/js\/modules\/tickets\/editar-ticket.js","context":[]}
{"timestamp":"2026-03-28 06:50:52","level":"MODULE","user":"Admin Yesenia","ip":"::1","url":"\/prueba\/distribuidora-esqueleto\/src\/js\/lib\/DataTables\/datatables-min.js","message":"Ruta ingresada inexistente, ruta: \/src\/js\/lib\/DataTables\/datatables-min.js","context":[]}
{"timestamp":"2026-03-28 06:52:17","level":"MODULE","user":"Admin Yesenia","ip":"::1","url":"\/prueba\/distribuidora-esqueleto\/src\/js\/modules\/tickets\/editar-ticket.js","message":"Ruta ingresada inexistente, ruta: \/src\/js\/modules\/tickets\/editar-ticket.js","context":[]}
{"timestamp":"2026-03-28 06:52:17","level":"MODULE","user":"Admin Yesenia","ip":"::1","url":"\/prueba\/distribuidora-esqueleto\/src\/js\/lib\/DataTables\/datatables-min.js","message":"Ruta ingresada inexistente, ruta: \/src\/js\/lib\/DataTables\/datatables-min.js","context":[]}
{"timestamp":"2026-03-28 06:53:00","level":"MODULE","user":"Admin Yesenia","ip":"::1","url":"\/prueba\/distribuidora-esqueleto\/src\/js\/lib\/DataTables\/pdfmake.js.map","message":"Ruta ingresada inexistente, ruta: \/src\/js\/lib\/DataTables\/pdfmake.js.map","context":[]}
{"timestamp":"2026-03-28 06:54:41","level":"MODULE","user":"Admin Yesenia","ip":"::1","url":"\/prueba\/distribuidora-esqueleto\/src\/js\/modules\/tickets\/editar-ticket.js","message":"Ruta ingresada inexistente, ruta: \/src\/js\/modules\/tickets\/editar-ticket.js","context":[]}
{"timestamp":"2026-03-28 06:54:41","level":"MODULE","user":"Admin Yesenia","ip":"::1","url":"\/prueba\/distribuidora-esqueleto\/src\/js\/lib\/DataTables\/datatables-min.js","message":"Ruta ingresada inexistente, ruta: \/src\/js\/lib\/DataTables\/datatables-min.js","context":[]}
{"timestamp":"2026-03-28 06:54:42","level":"MODULE","user":"Admin Yesenia","ip":"::1","url":"\/prueba\/distribuidora-esqueleto\/src\/js\/lib\/DataTables\/pdfmake.js.map","message":"Ruta ingresada inexistente, ruta: \/src\/js\/lib\/DataTables\/pdfmake.js.map","context":[]}
{"timestamp":"2026-03-28 07:05:06","level":"MODULE","user":"Admin Yesenia","ip":"::1","url":"\/prueba\/distribuidora-esqueleto\/src\/js\/modules\/tickets\/editar-ticket.js","message":"Ruta ingresada inexistente, ruta: \/src\/js\/modules\/tickets\/editar-ticket.js","context":[]}
{"timestamp":"2026-03-28 07:05:06","level":"MODULE","user":"Admin Yesenia","ip":"::1","url":"\/prueba\/distribuidora-esqueleto\/src\/js\/lib\/DataTables\/datatables-min.js","message":"Ruta ingresada inexistente, ruta: \/src\/js\/lib\/DataTables\/datatables-min.js","context":[]}
{"timestamp":"2026-03-28 07:05:06","level":"MODULE","user":"Admin Yesenia","ip":"::1","url":"\/prueba\/distribuidora-esqueleto\/src\/js\/lib\/DataTables\/pdfmake.js.map","message":"Ruta ingresada inexistente, ruta: \/src\/js\/lib\/DataTables\/pdfmake.js.map","context":[]}
{"timestamp":"2026-03-28 07:06:02","level":"MODULE","user":"Admin Yesenia","ip":"::1","url":"\/prueba\/distribuidora-esqueleto\/src\/js\/modules\/tickets\/editar-ticket.js","message":"Ruta ingresada inexistente, ruta: \/src\/js\/modules\/tickets\/editar-ticket.js","context":[]}
{"timestamp":"2026-03-28 07:06:02","level":"MODULE","user":"Admin Yesenia","ip":"::1","url":"\/prueba\/distribuidora-esqueleto\/src\/js\/lib\/DataTables\/datatables-min.js","message":"Ruta ingresada inexistente, ruta: \/src\/js\/lib\/DataTables\/datatables-min.js","context":[]}
{"timestamp":"2026-03-28 07:06:02","level":"MODULE","user":"Admin Yesenia","ip":"::1","url":"\/prueba\/distribuidora-esqueleto\/src\/js\/lib\/DataTables\/pdfmake.js.map","message":"Ruta ingresada inexistente, ruta: \/src\/js\/lib\/DataTables\/pdfmake.js.map","context":[]}
{"timestamp":"2026-03-28 07:06:10","level":"MODULE","user":"Admin Yesenia","ip":"::1","url":"\/prueba\/distribuidora-esqueleto\/src\/js\/modules\/tickets\/editar-ticket.js","message":"Ruta ingresada inexistente, ruta: \/src\/js\/modules\/tickets\/editar-ticket.js","context":[]}
{"timestamp":"2026-03-28 07:06:11","level":"MODULE","user":"Admin Yesenia","ip":"::1","url":"\/prueba\/distribuidora-esqueleto\/src\/js\/lib\/DataTables\/datatables-min.js","message":"Ruta ingresada inexistente, ruta: \/src\/js\/lib\/DataTables\/datatables-min.js","context":[]}
{"timestamp":"2026-03-28 07:06:11","level":"MODULE","user":"Admin Yesenia","ip":"::1","url":"\/prueba\/distribuidora-esqueleto\/src\/js\/lib\/DataTables\/pdfmake.js.map","message":"Ruta ingresada inexistente, ruta: \/src\/js\/lib\/DataTables\/pdfmake.js.map","context":[]}
{"timestamp":"2026-03-28 07:07:02","level":"MODULE","user":"Admin Yesenia","ip":"::1","url":"\/prueba\/distribuidora-esqueleto\/src\/js\/modules\/tickets\/editar-ticket.js","message":"Ruta ingresada inexistente, ruta: \/src\/js\/modules\/tickets\/editar-ticket.js","context":[]}
{"timestamp":"2026-03-28 07:07:02","level":"MODULE","user":"Admin Yesenia","ip":"::1","url":"\/prueba\/distribuidora-esqueleto\/src\/js\/lib\/DataTables\/datatables-min.js","message":"Ruta ingresada inexistente, ruta: \/src\/js\/lib\/DataTables\/datatables-min.js","context":[]}
{"timestamp":"2026-03-28 07:07:02","level":"MODULE","user":"Admin Yesenia","ip":"::1","url":"\/prueba\/distribuidora-esqueleto\/src\/js\/lib\/DataTables\/pdfmake.js.map","message":"Ruta ingresada inexistente, ruta: \/src\/js\/lib\/DataTables\/pdfmake.js.map","context":[]}
{"timestamp":"2026-03-28 07:08:21","level":"MODULE","user":"Admin Yesenia","ip":"::1","url":"\/prueba\/distribuidora-esqueleto\/src\/js\/modules\/tickets\/editar-ticket.js","message":"Ruta ingresada inexistente, ruta: \/src\/js\/modules\/tickets\/editar-ticket.js","context":[]}
{"timestamp":"2026-03-28 07:08:21","level":"MODULE","user":"Admin Yesenia","ip":"::1","url":"\/prueba\/distribuidora-esqueleto\/src\/js\/lib\/DataTables\/datatables-min.js","message":"Ruta ingresada inexistente, ruta: \/src\/js\/lib\/DataTables\/datatables-min.js","context":[]}
{"timestamp":"2026-03-28 07:08:21","level":"MODULE","user":"Admin Yesenia","ip":"::1","url":"\/prueba\/distribuidora-esqueleto\/src\/js\/lib\/DataTables\/pdfmake.js.map","message":"Ruta ingresada inexistente, ruta: \/src\/js\/lib\/DataTables\/pdfmake.js.map","context":[]}
{"timestamp":"2026-03-28 07:18:33","level":"MODULE","user":"Admin Yesenia","ip":"::1","url":"\/prueba\/distribuidora-esqueleto\/src\/js\/modules\/tickets\/editar-ticket.js","message":"Ruta ingresada inexistente, ruta: \/src\/js\/modules\/tickets\/editar-ticket.js","context":[]}
{"timestamp":"2026-03-28 07:18:33","level":"MODULE","user":"Admin Yesenia","ip":"::1","url":"\/prueba\/distribuidora-esqueleto\/src\/js\/lib\/DataTables\/datatables-min.js","message":"Ruta ingresada inexistente, ruta: \/src\/js\/lib\/DataTables\/datatables-min.js","context":[]}
{"timestamp":"2026-03-28 07:18:33","level":"MODULE","user":"Admin Yesenia","ip":"::1","url":"\/prueba\/distribuidora-esqueleto\/src\/js\/lib\/DataTables\/pdfmake.js.map","message":"Ruta ingresada inexistente, ruta: \/src\/js\/lib\/DataTables\/pdfmake.js.map","context":[]}
{"timestamp":"2026-03-28 07:41:16","level":"MODULE","user":"Admin Yesenia","ip":"::1","url":"\/prueba\/distribuidora-esqueleto\/src\/js\/modules\/tickets\/editar-ticket.js","message":"Ruta ingresada inexistente, ruta: \/src\/js\/modules\/tickets\/editar-ticket.js","context":[]}
{"timestamp":"2026-03-28 07:41:16","level":"MODULE","user":"Admin Yesenia","ip":"::1","url":"\/prueba\/distribuidora-esqueleto\/src\/js\/lib\/DataTables\/datatables-min.js","message":"Ruta ingresada inexistente, ruta: \/src\/js\/lib\/DataTables\/datatables-min.js","context":[]}
{"timestamp":"2026-03-28 07:41:17","level":"MODULE","user":"Admin Yesenia","ip":"::1","url":"\/prueba\/distribuidora-esqueleto\/src\/js\/lib\/DataTables\/pdfmake.js.map","message":"Ruta ingresada inexistente, ruta: \/src\/js\/lib\/DataTables\/pdfmake.js.map","context":[]}
{"timestamp":"2026-03-28 07:48:42","level":"MODULE","user":"Admin Yesenia","ip":"::1","url":"\/prueba\/distribuidora-esqueleto\/src\/js\/modules\/tickets\/editar-ticket.js","message":"Ruta ingresada inexistente, ruta: \/src\/js\/modules\/tickets\/editar-ticket.js","context":[]}
{"timestamp":"2026-03-28 07:48:42","level":"MODULE","user":"Admin Yesenia","ip":"::1","url":"\/prueba\/distribuidora-esqueleto\/src\/js\/lib\/DataTables\/datatables-min.js","message":"Ruta ingresada inexistente, ruta: \/src\/js\/lib\/DataTables\/datatables-min.js","context":[]}
{"timestamp":"2026-03-28 07:48:43","level":"MODULE","user":"Admin Yesenia","ip":"::1","url":"\/prueba\/distribuidora-esqueleto\/src\/js\/lib\/DataTables\/pdfmake.js.map","message":"Ruta ingresada inexistente, ruta: \/src\/js\/lib\/DataTables\/pdfmake.js.map","context":[]}
{"timestamp":"2026-03-28 07:49:17","level":"MODULE","user":"Admin Yesenia","ip":"::1","url":"\/prueba\/distribuidora-esqueleto\/src\/js\/modules\/tickets\/editar-ticket.js","message":"Ruta ingresada inexistente, ruta: \/src\/js\/modules\/tickets\/editar-ticket.js","context":[]}
{"timestamp":"2026-03-28 07:49:17","level":"MODULE","user":"Admin Yesenia","ip":"::1","url":"\/prueba\/distribuidora-esqueleto\/src\/js\/lib\/DataTables\/datatables-min.js","message":"Ruta ingresada inexistente, ruta: \/src\/js\/lib\/DataTables\/datatables-min.js","context":[]}
{"timestamp":"2026-03-28 07:49:17","level":"MODULE","user":"Admin Yesenia","ip":"::1","url":"\/prueba\/distribuidora-esqueleto\/src\/js\/lib\/DataTables\/pdfmake.js.map","message":"Ruta ingresada inexistente, ruta: \/src\/js\/lib\/DataTables\/pdfmake.js.map","context":[]}
{"timestamp":"2026-03-28 07:50:19","level":"MODULE","user":"Admin Yesenia","ip":"::1","url":"\/prueba\/distribuidora-esqueleto\/src\/js\/modules\/tickets\/editar-ticket.js","message":"Ruta ingresada inexistente, ruta: \/src\/js\/modules\/tickets\/editar-ticket.js","context":[]}
{"timestamp":"2026-03-28 07:50:20","level":"MODULE","user":"Admin Yesenia","ip":"::1","url":"\/prueba\/distribuidora-esqueleto\/src\/js\/lib\/DataTables\/datatables-min.js","message":"Ruta ingresada inexistente, ruta: \/src\/js\/lib\/DataTables\/datatables-min.js","context":[]}
{"timestamp":"2026-03-28 07:50:20","level":"MODULE","user":"Admin Yesenia","ip":"::1","url":"\/prueba\/distribuidora-esqueleto\/src\/js\/lib\/DataTables\/pdfmake.js.map","message":"Ruta ingresada inexistente, ruta: \/src\/js\/lib\/DataTables\/pdfmake.js.map","context":[]}
{"timestamp":"2026-03-28 07:54:29","level":"MODULE","user":"Admin Yesenia","ip":"::1","url":"\/prueba\/distribuidora-esqueleto\/src\/js\/modules\/tickets\/editar-ticket.js","message":"Ruta ingresada inexistente, ruta: \/src\/js\/modules\/tickets\/editar-ticket.js","context":[]}
{"timestamp":"2026-03-28 07:54:29","level":"MODULE","user":"Admin Yesenia","ip":"::1","url":"\/prueba\/distribuidora-esqueleto\/src\/js\/lib\/DataTables\/datatables-min.js","message":"Ruta ingresada inexistente, ruta: \/src\/js\/lib\/DataTables\/datatables-min.js","context":[]}
{"timestamp":"2026-03-28 07:54:29","level":"MODULE","user":"Admin Yesenia","ip":"::1","url":"\/prueba\/distribuidora-esqueleto\/src\/js\/lib\/DataTables\/pdfmake.js.map","message":"Ruta ingresada inexistente, ruta: \/src\/js\/lib\/DataTables\/pdfmake.js.map","context":[]}
{"timestamp":"2026-03-28 07:56:05","level":"MODULE","user":"Admin Yesenia","ip":"::1","url":"\/prueba\/distribuidora-esqueleto\/src\/js\/modules\/tickets\/editar-ticket.js","message":"Ruta ingresada inexistente, ruta: \/src\/js\/modules\/tickets\/editar-ticket.js","context":[]}
{"timestamp":"2026-03-28 07:56:05","level":"MODULE","user":"Admin Yesenia","ip":"::1","url":"\/prueba\/distribuidora-esqueleto\/src\/js\/lib\/DataTables\/datatables-min.js","message":"Ruta ingresada inexistente, ruta: \/src\/js\/lib\/DataTables\/datatables-min.js","context":[]}
{"timestamp":"2026-03-28 07:56:06","level":"MODULE","user":"Admin Yesenia","ip":"::1","url":"\/prueba\/distribuidora-esqueleto\/src\/js\/lib\/DataTables\/pdfmake.js.map","message":"Ruta ingresada inexistente, ruta: \/src\/js\/lib\/DataTables\/pdfmake.js.map","context":[]}
{"timestamp":"2026-03-28 08:07:12","level":"MODULE","user":"Admin Yesenia","ip":"::1","url":"\/prueba\/distribuidora-esqueleto\/src\/js\/modules\/tickets\/editar-ticket.js","message":"Ruta ingresada inexistente, ruta: \/src\/js\/modules\/tickets\/editar-ticket.js","context":[]}
{"timestamp":"2026-03-28 08:07:12","level":"MODULE","user":"Admin Yesenia","ip":"::1","url":"\/prueba\/distribuidora-esqueleto\/src\/js\/lib\/DataTables\/datatables-min.js","message":"Ruta ingresada inexistente, ruta: \/src\/js\/lib\/DataTables\/datatables-min.js","context":[]}
{"timestamp":"2026-03-28 08:07:12","level":"MODULE","user":"Admin Yesenia","ip":"::1","url":"\/prueba\/distribuidora-esqueleto\/src\/js\/lib\/DataTables\/pdfmake.js.map","message":"Ruta ingresada inexistente, ruta: \/src\/js\/lib\/DataTables\/pdfmake.js.map","context":[]}
{"timestamp":"2026-03-28 08:08:05","level":"MODULE","user":"Admin Yesenia","ip":"::1","url":"\/prueba\/distribuidora-esqueleto\/src\/js\/lib\/DataTables\/datatables-min.js","message":"Ruta ingresada inexistente, ruta: \/src\/js\/lib\/DataTables\/datatables-min.js","context":[]}
{"timestamp":"2026-03-28 08:08:05","level":"MODULE","user":"Admin Yesenia","ip":"::1","url":"\/prueba\/distribuidora-esqueleto\/src\/js\/modules\/tickets\/editar-ticket.js","message":"Ruta ingresada inexistente, ruta: \/src\/js\/modules\/tickets\/editar-ticket.js","context":[]}
{"timestamp":"2026-03-28 08:08:05","level":"MODULE","user":"Admin Yesenia","ip":"::1","url":"\/prueba\/distribuidora-esqueleto\/src\/js\/lib\/DataTables\/pdfmake.js.map","message":"Ruta ingresada inexistente, ruta: \/src\/js\/lib\/DataTables\/pdfmake.js.map","context":[]}
{"timestamp":"2026-03-28 08:09:19","level":"MODULE","user":"Admin Yesenia","ip":"::1","url":"\/prueba\/distribuidora-esqueleto\/src\/js\/modules\/tickets\/editar-ticket.js","message":"Ruta ingresada inexistente, ruta: \/src\/js\/modules\/tickets\/editar-ticket.js","context":[]}
{"timestamp":"2026-03-28 08:09:19","level":"MODULE","user":"Admin Yesenia","ip":"::1","url":"\/prueba\/distribuidora-esqueleto\/src\/js\/lib\/DataTables\/datatables-min.js","message":"Ruta ingresada inexistente, ruta: \/src\/js\/lib\/DataTables\/datatables-min.js","context":[]}
{"timestamp":"2026-03-28 08:09:19","level":"MODULE","user":"Admin Yesenia","ip":"::1","url":"\/prueba\/distribuidora-esqueleto\/src\/js\/lib\/DataTables\/pdfmake.js.map","message":"Ruta ingresada inexistente, ruta: \/src\/js\/lib\/DataTables\/pdfmake.js.map","context":[]}
{"timestamp":"2026-03-28 08:22:14","level":"MODULE","user":"Admin Yesenia","ip":"::1","url":"\/prueba\/distribuidora-esqueleto\/src\/js\/modules\/tickets\/editar-ticket.js","message":"Ruta ingresada inexistente, ruta: \/src\/js\/modules\/tickets\/editar-ticket.js","context":[]}
{"timestamp":"2026-03-28 08:22:14","level":"MODULE","user":"Admin Yesenia","ip":"::1","url":"\/prueba\/distribuidora-esqueleto\/src\/js\/lib\/DataTables\/datatables-min.js","message":"Ruta ingresada inexistente, ruta: \/src\/js\/lib\/DataTables\/datatables-min.js","context":[]}
{"timestamp":"2026-03-28 08:22:14","level":"MODULE","user":"Admin Yesenia","ip":"::1","url":"\/prueba\/distribuidora-esqueleto\/src\/js\/lib\/DataTables\/pdfmake.js.map","message":"Ruta ingresada inexistente, ruta: \/src\/js\/lib\/DataTables\/pdfmake.js.map","context":[]}
{"timestamp":"2026-03-28 08:25:14","level":"MODULE","user":"Admin Yesenia","ip":"::1","url":"\/prueba\/distribuidora-esqueleto\/src\/js\/modules\/tickets\/editar-ticket.js","message":"Ruta ingresada inexistente, ruta: \/src\/js\/modules\/tickets\/editar-ticket.js","context":[]}
{"timestamp":"2026-03-28 08:25:14","level":"MODULE","user":"Admin Yesenia","ip":"::1","url":"\/prueba\/distribuidora-esqueleto\/src\/js\/lib\/DataTables\/datatables-min.js","message":"Ruta ingresada inexistente, ruta: \/src\/js\/lib\/DataTables\/datatables-min.js","context":[]}
{"timestamp":"2026-03-28 08:25:14","level":"MODULE","user":"Admin Yesenia","ip":"::1","url":"\/prueba\/distribuidora-esqueleto\/src\/js\/lib\/DataTables\/pdfmake.js.map","message":"Ruta ingresada inexistente, ruta: \/src\/js\/lib\/DataTables\/pdfmake.js.map","context":[]}
{"timestamp":"2026-03-28 08:26:19","level":"MODULE","user":"Admin Yesenia","ip":"::1","url":"\/prueba\/distribuidora-esqueleto\/src\/js\/modules\/tickets\/editar-ticket.js","message":"Ruta ingresada inexistente, ruta: \/src\/js\/modules\/tickets\/editar-ticket.js","context":[]}
{"timestamp":"2026-03-28 08:26:19","level":"MODULE","user":"Admin Yesenia","ip":"::1","url":"\/prueba\/distribuidora-esqueleto\/src\/js\/lib\/DataTables\/datatables-min.js","message":"Ruta ingresada inexistente, ruta: \/src\/js\/lib\/DataTables\/datatables-min.js","context":[]}
{"timestamp":"2026-03-28 08:26:19","level":"MODULE","user":"Admin Yesenia","ip":"::1","url":"\/prueba\/distribuidora-esqueleto\/src\/js\/lib\/DataTables\/pdfmake.js.map","message":"Ruta ingresada inexistente, ruta: \/src\/js\/lib\/DataTables\/pdfmake.js.map","context":[]}
{"timestamp":"2026-03-28 08:32:11","level":"MODULE","user":"Admin Yesenia","ip":"::1","url":"\/prueba\/distribuidora-esqueleto\/src\/js\/modules\/tickets\/editar-ticket.js","message":"Ruta ingresada inexistente, ruta: \/src\/js\/modules\/tickets\/editar-ticket.js","context":[]}
{"timestamp":"2026-03-28 08:32:12","level":"MODULE","user":"Admin Yesenia","ip":"::1","url":"\/prueba\/distribuidora-esqueleto\/src\/js\/lib\/DataTables\/datatables-min.js","message":"Ruta ingresada inexistente, ruta: \/src\/js\/lib\/DataTables\/datatables-min.js","context":[]}
{"timestamp":"2026-03-28 08:32:12","level":"MODULE","user":"Admin Yesenia","ip":"::1","url":"\/prueba\/distribuidora-esqueleto\/src\/js\/lib\/DataTables\/pdfmake.js.map","message":"Ruta ingresada inexistente, ruta: \/src\/js\/lib\/DataTables\/pdfmake.js.map","context":[]}
{"timestamp":"2026-03-28 08:33:30","level":"MODULE","user":"Admin Yesenia","ip":"::1","url":"\/prueba\/distribuidora-esqueleto\/src\/js\/modules\/tickets\/editar-ticket.js","message":"Ruta ingresada inexistente, ruta: \/src\/js\/modules\/tickets\/editar-ticket.js","context":[]}
{"timestamp":"2026-03-28 08:33:30","level":"MODULE","user":"Admin Yesenia","ip":"::1","url":"\/prueba\/distribuidora-esqueleto\/src\/js\/lib\/DataTables\/datatables-min.js","message":"Ruta ingresada inexistente, ruta: \/src\/js\/lib\/DataTables\/datatables-min.js","context":[]}
{"timestamp":"2026-03-28 08:33:30","level":"MODULE","user":"Admin Yesenia","ip":"::1","url":"\/prueba\/distribuidora-esqueleto\/src\/js\/lib\/DataTables\/pdfmake.js.map","message":"Ruta ingresada inexistente, ruta: \/src\/js\/lib\/DataTables\/pdfmake.js.map","context":[]}
{"timestamp":"2026-03-28 08:49:40","level":"MODULE","user":"Admin Yesenia","ip":"::1","url":"\/prueba\/distribuidora-esqueleto\/src\/js\/modules\/tickets\/editar-ticket.js","message":"Ruta ingresada inexistente, ruta: \/src\/js\/modules\/tickets\/editar-ticket.js","context":[]}
{"timestamp":"2026-03-28 08:49:40","level":"MODULE","user":"Admin Yesenia","ip":"::1","url":"\/prueba\/distribuidora-esqueleto\/src\/js\/lib\/DataTables\/datatables-min.js","message":"Ruta ingresada inexistente, ruta: \/src\/js\/lib\/DataTables\/datatables-min.js","context":[]}
{"timestamp":"2026-03-28 08:49:41","level":"MODULE","user":"Admin Yesenia","ip":"::1","url":"\/prueba\/distribuidora-esqueleto\/src\/js\/lib\/DataTables\/pdfmake.js.map","message":"Ruta ingresada inexistente, ruta: \/src\/js\/lib\/DataTables\/pdfmake.js.map","context":[]}
{"timestamp":"2026-03-28 09:01:43","level":"MODULE","user":"Admin Yesenia","ip":"::1","url":"\/prueba\/distribuidora-esqueleto\/src\/js\/modules\/tickets\/editar-ticket.js","message":"Ruta ingresada inexistente, ruta: \/src\/js\/modules\/tickets\/editar-ticket.js","context":[]}
{"timestamp":"2026-03-28 09:01:43","level":"MODULE","user":"Admin Yesenia","ip":"::1","url":"\/prueba\/distribuidora-esqueleto\/src\/js\/lib\/DataTables\/datatables-min.js","message":"Ruta ingresada inexistente, ruta: \/src\/js\/lib\/DataTables\/datatables-min.js","context":[]}
{"timestamp":"2026-03-28 09:01:44","level":"MODULE","user":"Admin Yesenia","ip":"::1","url":"\/prueba\/distribuidora-esqueleto\/src\/js\/lib\/DataTables\/pdfmake.js.map","message":"Ruta ingresada inexistente, ruta: \/src\/js\/lib\/DataTables\/pdfmake.js.map","context":[]}
{"timestamp":"2026-03-28 09:03:46","level":"MODULE","user":"Admin Yesenia","ip":"::1","url":"\/prueba\/distribuidora-esqueleto\/src\/js\/modules\/tickets\/editar-ticket.js","message":"Ruta ingresada inexistente, ruta: \/src\/js\/modules\/tickets\/editar-ticket.js","context":[]}
{"timestamp":"2026-03-28 09:03:46","level":"MODULE","user":"Admin Yesenia","ip":"::1","url":"\/prueba\/distribuidora-esqueleto\/src\/js\/lib\/DataTables\/datatables-min.js","message":"Ruta ingresada inexistente, ruta: \/src\/js\/lib\/DataTables\/datatables-min.js","context":[]}
{"timestamp":"2026-03-28 09:03:46","level":"MODULE","user":"Admin Yesenia","ip":"::1","url":"\/prueba\/distribuidora-esqueleto\/src\/js\/lib\/DataTables\/pdfmake.js.map","message":"Ruta ingresada inexistente, ruta: \/src\/js\/lib\/DataTables\/pdfmake.js.map","context":[]}
{"timestamp":"2026-03-28 09:05:26","level":"MODULE","user":"Admin Yesenia","ip":"::1","url":"\/prueba\/distribuidora-esqueleto\/src\/js\/modules\/tickets\/editar-ticket.js","message":"Ruta ingresada inexistente, ruta: \/src\/js\/modules\/tickets\/editar-ticket.js","context":[]}
{"timestamp":"2026-03-28 09:05:26","level":"MODULE","user":"Admin Yesenia","ip":"::1","url":"\/prueba\/distribuidora-esqueleto\/src\/js\/lib\/DataTables\/datatables-min.js","message":"Ruta ingresada inexistente, ruta: \/src\/js\/lib\/DataTables\/datatables-min.js","context":[]}
{"timestamp":"2026-03-28 09:05:26","level":"MODULE","user":"Admin Yesenia","ip":"::1","url":"\/prueba\/distribuidora-esqueleto\/src\/js\/lib\/DataTables\/pdfmake.js.map","message":"Ruta ingresada inexistente, ruta: \/src\/js\/lib\/DataTables\/pdfmake.js.map","context":[]}
{"timestamp":"2026-03-28 09:13:15","level":"MODULE","user":"Admin Yesenia","ip":"::1","url":"\/prueba\/distribuidora-esqueleto\/src\/js\/modules\/tickets\/editar-ticket.js","message":"Ruta ingresada inexistente, ruta: \/src\/js\/modules\/tickets\/editar-ticket.js","context":[]}
{"timestamp":"2026-03-28 09:13:15","level":"MODULE","user":"Admin Yesenia","ip":"::1","url":"\/prueba\/distribuidora-esqueleto\/src\/js\/lib\/DataTables\/datatables-min.js","message":"Ruta ingresada inexistente, ruta: \/src\/js\/lib\/DataTables\/datatables-min.js","context":[]}
{"timestamp":"2026-03-28 09:13:15","level":"MODULE","user":"Admin Yesenia","ip":"::1","url":"\/prueba\/distribuidora-esqueleto\/src\/js\/lib\/DataTables\/pdfmake.js.map","message":"Ruta ingresada inexistente, ruta: \/src\/js\/lib\/DataTables\/pdfmake.js.map","context":[]}
{"timestamp":"2026-03-28 09:13:41","level":"MODULE","user":"Admin Yesenia","ip":"::1","url":"\/prueba\/distribuidora-esqueleto\/src\/js\/lib\/DataTables\/datatables-min.js","message":"Ruta ingresada inexistente, ruta: \/src\/js\/lib\/DataTables\/datatables-min.js","context":[]}
{"timestamp":"2026-03-28 09:13:41","level":"MODULE","user":"Admin Yesenia","ip":"::1","url":"\/prueba\/distribuidora-esqueleto\/src\/js\/modules\/tickets\/editar-ticket.js","message":"Ruta ingresada inexistente, ruta: \/src\/js\/modules\/tickets\/editar-ticket.js","context":[]}
{"timestamp":"2026-03-28 09:13:42","level":"MODULE","user":"Admin Yesenia","ip":"::1","url":"\/prueba\/distribuidora-esqueleto\/src\/js\/lib\/DataTables\/pdfmake.js.map","message":"Ruta ingresada inexistente, ruta: \/src\/js\/lib\/DataTables\/pdfmake.js.map","context":[]}
{"timestamp":"2026-03-28 09:32:16","level":"MODULE","user":"Admin Yesenia","ip":"::1","url":"\/prueba\/distribuidora-esqueleto\/src\/js\/lib\/DataTables\/datatables-min.js","message":"Ruta ingresada inexistente, ruta: \/src\/js\/lib\/DataTables\/datatables-min.js","context":[]}
{"timestamp":"2026-03-28 09:32:16","level":"MODULE","user":"Admin Yesenia","ip":"::1","url":"\/prueba\/distribuidora-esqueleto\/src\/js\/modules\/tickets\/editar-ticket.js","message":"Ruta ingresada inexistente, ruta: \/src\/js\/modules\/tickets\/editar-ticket.js","context":[]}
{"timestamp":"2026-03-28 09:32:16","level":"MODULE","user":"Admin Yesenia","ip":"::1","url":"\/prueba\/distribuidora-esqueleto\/src\/js\/lib\/DataTables\/pdfmake.js.map","message":"Ruta ingresada inexistente, ruta: \/src\/js\/lib\/DataTables\/pdfmake.js.map","context":[]}
{"timestamp":"2026-03-28 09:39:41","level":"MODULE","user":"Admin Yesenia","ip":"::1","url":"\/prueba\/distribuidora-esqueleto\/src\/js\/modules\/tickets\/editar-ticket.js","message":"Ruta ingresada inexistente, ruta: \/src\/js\/modules\/tickets\/editar-ticket.js","context":[]}
{"timestamp":"2026-03-28 09:39:41","level":"MODULE","user":"Admin Yesenia","ip":"::1","url":"\/prueba\/distribuidora-esqueleto\/src\/js\/lib\/DataTables\/datatables-min.js","message":"Ruta ingresada inexistente, ruta: \/src\/js\/lib\/DataTables\/datatables-min.js","context":[]}
{"timestamp":"2026-03-28 09:39:41","level":"MODULE","user":"Admin Yesenia","ip":"::1","url":"\/prueba\/distribuidora-esqueleto\/src\/js\/lib\/DataTables\/pdfmake.js.map","message":"Ruta ingresada inexistente, ruta: \/src\/js\/lib\/DataTables\/pdfmake.js.map","context":[]}
{"timestamp":"2026-03-28 09:46:15","level":"MODULE","user":"Admin Yesenia","ip":"::1","url":"\/prueba\/distribuidora-esqueleto\/src\/js\/modules\/tickets\/editar-ticket.js","message":"Ruta ingresada inexistente, ruta: \/src\/js\/modules\/tickets\/editar-ticket.js","context":[]}
{"timestamp":"2026-03-28 09:46:15","level":"MODULE","user":"Admin Yesenia","ip":"::1","url":"\/prueba\/distribuidora-esqueleto\/src\/js\/lib\/DataTables\/datatables-min.js","message":"Ruta ingresada inexistente, ruta: \/src\/js\/lib\/DataTables\/datatables-min.js","context":[]}
{"timestamp":"2026-03-28 09:46:15","level":"MODULE","user":"Admin Yesenia","ip":"::1","url":"\/prueba\/distribuidora-esqueleto\/src\/js\/lib\/DataTables\/pdfmake.js.map","message":"Ruta ingresada inexistente, ruta: \/src\/js\/lib\/DataTables\/pdfmake.js.map","context":[]}
{"timestamp":"2026-03-28 09:48:45","level":"MODULE","user":"Admin Yesenia","ip":"::1","url":"\/prueba\/distribuidora-esqueleto\/src\/js\/modules\/tickets\/editar-ticket.js","message":"Ruta ingresada inexistente, ruta: \/src\/js\/modules\/tickets\/editar-ticket.js","context":[]}
{"timestamp":"2026-03-28 09:48:45","level":"MODULE","user":"Admin Yesenia","ip":"::1","url":"\/prueba\/distribuidora-esqueleto\/src\/js\/lib\/DataTables\/datatables-min.js","message":"Ruta ingresada inexistente, ruta: \/src\/js\/lib\/DataTables\/datatables-min.js","context":[]}
{"timestamp":"2026-03-28 09:48:45","level":"MODULE","user":"Admin Yesenia","ip":"::1","url":"\/prueba\/distribuidora-esqueleto\/src\/js\/lib\/DataTables\/pdfmake.js.map","message":"Ruta ingresada inexistente, ruta: \/src\/js\/lib\/DataTables\/pdfmake.js.map","context":[]}
{"timestamp":"2026-03-28 09:50:34","level":"MODULE","user":"Admin Yesenia","ip":"::1","url":"\/prueba\/distribuidora-esqueleto\/src\/js\/lib\/DataTables\/datatables-min.js","message":"Ruta ingresada inexistente, ruta: \/src\/js\/lib\/DataTables\/datatables-min.js","context":[]}
{"timestamp":"2026-03-28 09:50:34","level":"MODULE","user":"Admin Yesenia","ip":"::1","url":"\/prueba\/distribuidora-esqueleto\/src\/js\/modules\/tickets\/editar-ticket.js","message":"Ruta ingresada inexistente, ruta: \/src\/js\/modules\/tickets\/editar-ticket.js","context":[]}
{"timestamp":"2026-03-28 09:50:34","level":"MODULE","user":"Admin Yesenia","ip":"::1","url":"\/prueba\/distribuidora-esqueleto\/src\/js\/lib\/DataTables\/pdfmake.js.map","message":"Ruta ingresada inexistente, ruta: \/src\/js\/lib\/DataTables\/pdfmake.js.map","context":[]}
{"timestamp":"2026-03-28 09:58:44","level":"MODULE","user":"Admin Yesenia","ip":"::1","url":"\/prueba\/distribuidora-esqueleto\/src\/js\/lib\/DataTables\/datatables-min.js","message":"Ruta ingresada inexistente, ruta: \/src\/js\/lib\/DataTables\/datatables-min.js","context":[]}
{"timestamp":"2026-03-28 09:58:44","level":"MODULE","user":"Admin Yesenia","ip":"::1","url":"\/prueba\/distribuidora-esqueleto\/src\/js\/modules\/tickets\/editar-ticket.js","message":"Ruta ingresada inexistente, ruta: \/src\/js\/modules\/tickets\/editar-ticket.js","context":[]}
{"timestamp":"2026-03-28 09:58:44","level":"MODULE","user":"Admin Yesenia","ip":"::1","url":"\/prueba\/distribuidora-esqueleto\/src\/js\/lib\/DataTables\/pdfmake.js.map","message":"Ruta ingresada inexistente, ruta: \/src\/js\/lib\/DataTables\/pdfmake.js.map","context":[]}
{"timestamp":"2026-03-28 09:59:45","level":"MODULE","user":"Admin Yesenia","ip":"::1","url":"\/prueba\/distribuidora-esqueleto\/src\/js\/lib\/DataTables\/datatables-min.js","message":"Ruta ingresada inexistente, ruta: \/src\/js\/lib\/DataTables\/datatables-min.js","context":[]}
{"timestamp":"2026-03-28 09:59:45","level":"MODULE","user":"Admin Yesenia","ip":"::1","url":"\/prueba\/distribuidora-esqueleto\/src\/js\/modules\/tickets\/editar-ticket.js","message":"Ruta ingresada inexistente, ruta: \/src\/js\/modules\/tickets\/editar-ticket.js","context":[]}
{"timestamp":"2026-03-28 09:59:45","level":"MODULE","user":"Admin Yesenia","ip":"::1","url":"\/prueba\/distribuidora-esqueleto\/src\/js\/lib\/DataTables\/pdfmake.js.map","message":"Ruta ingresada inexistente, ruta: \/src\/js\/lib\/DataTables\/pdfmake.js.map","context":[]}
{"timestamp":"2026-03-28 10:02:06","level":"MODULE","user":"Admin Yesenia","ip":"::1","url":"\/prueba\/distribuidora-esqueleto\/src\/js\/lib\/DataTables\/datatables-min.js","message":"Ruta ingresada inexistente, ruta: \/src\/js\/lib\/DataTables\/datatables-min.js","context":[]}
{"timestamp":"2026-03-28 10:02:06","level":"MODULE","user":"Admin Yesenia","ip":"::1","url":"\/prueba\/distribuidora-esqueleto\/src\/js\/modules\/tickets\/editar-ticket.js","message":"Ruta ingresada inexistente, ruta: \/src\/js\/modules\/tickets\/editar-ticket.js","context":[]}
{"timestamp":"2026-03-28 10:02:06","level":"MODULE","user":"Admin Yesenia","ip":"::1","url":"\/prueba\/distribuidora-esqueleto\/src\/js\/lib\/DataTables\/pdfmake.js.map","message":"Ruta ingresada inexistente, ruta: \/src\/js\/lib\/DataTables\/pdfmake.js.map","context":[]}
{"timestamp":"2026-03-28 10:12:57","level":"MODULE","user":"Admin Yesenia","ip":"::1","url":"\/prueba\/distribuidora-esqueleto\/src\/js\/lib\/DataTables\/datatables-min.js","message":"Ruta ingresada inexistente, ruta: \/src\/js\/lib\/DataTables\/datatables-min.js","context":[]}
{"timestamp":"2026-03-28 10:12:57","level":"MODULE","user":"Admin Yesenia","ip":"::1","url":"\/prueba\/distribuidora-esqueleto\/src\/js\/modules\/tickets\/editar-ticket.js","message":"Ruta ingresada inexistente, ruta: \/src\/js\/modules\/tickets\/editar-ticket.js","context":[]}
{"timestamp":"2026-03-28 10:12:57","level":"MODULE","user":"Admin Yesenia","ip":"::1","url":"\/prueba\/distribuidora-esqueleto\/src\/js\/lib\/DataTables\/pdfmake.js.map","message":"Ruta ingresada inexistente, ruta: \/src\/js\/lib\/DataTables\/pdfmake.js.map","context":[]}
{"timestamp":"2026-03-28 10:22:57","level":"MODULE","user":"Admin Yesenia","ip":"::1","url":"\/prueba\/distribuidora-esqueleto\/src\/js\/lib\/DataTables\/datatables-min.js","message":"Ruta ingresada inexistente, ruta: \/src\/js\/lib\/DataTables\/datatables-min.js","context":[]}
{"timestamp":"2026-03-28 10:22:57","level":"MODULE","user":"Admin Yesenia","ip":"::1","url":"\/prueba\/distribuidora-esqueleto\/src\/js\/modules\/tickets\/editar-ticket.js","message":"Ruta ingresada inexistente, ruta: \/src\/js\/modules\/tickets\/editar-ticket.js","context":[]}
{"timestamp":"2026-03-28 10:22:57","level":"MODULE","user":"Admin Yesenia","ip":"::1","url":"\/prueba\/distribuidora-esqueleto\/src\/js\/lib\/DataTables\/pdfmake.js.map","message":"Ruta ingresada inexistente, ruta: \/src\/js\/lib\/DataTables\/pdfmake.js.map","context":[]}
{"timestamp":"2026-03-28 10:23:20","level":"MODULE","user":"Admin Yesenia","ip":"::1","url":"\/prueba\/distribuidora-esqueleto\/src\/js\/lib\/DataTables\/datatables-min.js","message":"Ruta ingresada inexistente, ruta: \/src\/js\/lib\/DataTables\/datatables-min.js","context":[]}
{"timestamp":"2026-03-28 10:23:20","level":"MODULE","user":"Admin Yesenia","ip":"::1","url":"\/prueba\/distribuidora-esqueleto\/src\/js\/modules\/tickets\/editar-ticket.js","message":"Ruta ingresada inexistente, ruta: \/src\/js\/modules\/tickets\/editar-ticket.js","context":[]}
{"timestamp":"2026-03-28 10:23:20","level":"MODULE","user":"Admin Yesenia","ip":"::1","url":"\/prueba\/distribuidora-esqueleto\/src\/js\/lib\/DataTables\/pdfmake.js.map","message":"Ruta ingresada inexistente, ruta: \/src\/js\/lib\/DataTables\/pdfmake.js.map","context":[]}
{"timestamp":"2026-03-28 10:24:30","level":"MODULE","user":"Admin Yesenia","ip":"::1","url":"\/prueba\/distribuidora-esqueleto\/src\/js\/lib\/DataTables\/datatables-min.js","message":"Ruta ingresada inexistente, ruta: \/src\/js\/lib\/DataTables\/datatables-min.js","context":[]}
{"timestamp":"2026-03-28 10:24:30","level":"MODULE","user":"Admin Yesenia","ip":"::1","url":"\/prueba\/distribuidora-esqueleto\/src\/js\/modules\/tickets\/editar-ticket.js","message":"Ruta ingresada inexistente, ruta: \/src\/js\/modules\/tickets\/editar-ticket.js","context":[]}
{"timestamp":"2026-03-28 10:24:30","level":"MODULE","user":"Admin Yesenia","ip":"::1","url":"\/prueba\/distribuidora-esqueleto\/src\/js\/lib\/DataTables\/pdfmake.js.map","message":"Ruta ingresada inexistente, ruta: \/src\/js\/lib\/DataTables\/pdfmake.js.map","context":[]}
{"timestamp":"2026-03-28 10:33:26","level":"MODULE","user":"Admin Yesenia","ip":"::1","url":"\/prueba\/distribuidora-esqueleto\/src\/js\/lib\/DataTables\/datatables-min.js","message":"Ruta ingresada inexistente, ruta: \/src\/js\/lib\/DataTables\/datatables-min.js","context":[]}
{"timestamp":"2026-03-28 10:33:26","level":"MODULE","user":"Admin Yesenia","ip":"::1","url":"\/prueba\/distribuidora-esqueleto\/src\/js\/lib\/DataTables\/pdfmake.js.map","message":"Ruta ingresada inexistente, ruta: \/src\/js\/lib\/DataTables\/pdfmake.js.map","context":[]}
{"timestamp":"2026-03-28 10:33:52","level":"MODULE","user":"Admin Yesenia","ip":"::1","url":"\/prueba\/distribuidora-esqueleto\/src\/js\/lib\/DataTables\/datatables-min.js","message":"Ruta ingresada inexistente, ruta: \/src\/js\/lib\/DataTables\/datatables-min.js","context":[]}
{"timestamp":"2026-03-28 10:33:52","level":"MODULE","user":"Admin Yesenia","ip":"::1","url":"\/prueba\/distribuidora-esqueleto\/src\/js\/lib\/DataTables\/pdfmake.js.map","message":"Ruta ingresada inexistente, ruta: \/src\/js\/lib\/DataTables\/pdfmake.js.map","context":[]}
{"timestamp":"2026-03-28 10:39:14","level":"MODULE","user":"Admin Yesenia","ip":"::1","url":"\/prueba\/distribuidora-esqueleto\/src\/js\/lib\/DataTables\/datatables-min.js","message":"Ruta ingresada inexistente, ruta: \/src\/js\/lib\/DataTables\/datatables-min.js","context":[]}
{"timestamp":"2026-03-28 10:39:14","level":"MODULE","user":"Admin Yesenia","ip":"::1","url":"\/prueba\/distribuidora-esqueleto\/src\/js\/lib\/DataTables\/pdfmake.js.map","message":"Ruta ingresada inexistente, ruta: \/src\/js\/lib\/DataTables\/pdfmake.js.map","context":[]}
{"timestamp":"2026-03-28 10:39:23","level":"MODULE","user":"Admin Yesenia","ip":"::1","url":"\/prueba\/distribuidora-esqueleto\/src\/js\/lib\/DataTables\/datatables-min.js","message":"Ruta ingresada inexistente, ruta: \/src\/js\/lib\/DataTables\/datatables-min.js","context":[]}
{"timestamp":"2026-03-28 10:39:23","level":"MODULE","user":"Admin Yesenia","ip":"::1","url":"\/prueba\/distribuidora-esqueleto\/src\/js\/lib\/DataTables\/pdfmake.js.map","message":"Ruta ingresada inexistente, ruta: \/src\/js\/lib\/DataTables\/pdfmake.js.map","context":[]}
{"timestamp":"2026-03-28 10:39:33","level":"MODULE","user":"Admin Yesenia","ip":"::1","url":"\/prueba\/distribuidora-esqueleto\/src\/js\/lib\/DataTables\/datatables-min.js","message":"Ruta ingresada inexistente, ruta: \/src\/js\/lib\/DataTables\/datatables-min.js","context":[]}
{"timestamp":"2026-03-28 10:39:33","level":"MODULE","user":"Admin Yesenia","ip":"::1","url":"\/prueba\/distribuidora-esqueleto\/src\/js\/modules\/tickets\/editar-ticket.js","message":"Ruta ingresada inexistente, ruta: \/src\/js\/modules\/tickets\/editar-ticket.js","context":[]}
{"timestamp":"2026-03-28 10:39:34","level":"MODULE","user":"Admin Yesenia","ip":"::1","url":"\/prueba\/distribuidora-esqueleto\/src\/js\/lib\/DataTables\/pdfmake.js.map","message":"Ruta ingresada inexistente, ruta: \/src\/js\/lib\/DataTables\/pdfmake.js.map","context":[]}
{"timestamp":"2026-03-28 10:41:49","level":"MODULE","user":"Admin Yesenia","ip":"::1","url":"\/prueba\/distribuidora-esqueleto\/src\/js\/lib\/DataTables\/datatables-min.js","message":"Ruta ingresada inexistente, ruta: \/src\/js\/lib\/DataTables\/datatables-min.js","context":[]}
{"timestamp":"2026-03-28 10:41:49","level":"MODULE","user":"Admin Yesenia","ip":"::1","url":"\/prueba\/distribuidora-esqueleto\/src\/js\/modules\/tickets\/editar-ticket.js","message":"Ruta ingresada inexistente, ruta: \/src\/js\/modules\/tickets\/editar-ticket.js","context":[]}
{"timestamp":"2026-03-28 10:41:49","level":"MODULE","user":"Admin Yesenia","ip":"::1","url":"\/prueba\/distribuidora-esqueleto\/src\/js\/lib\/DataTables\/pdfmake.js.map","message":"Ruta ingresada inexistente, ruta: \/src\/js\/lib\/DataTables\/pdfmake.js.map","context":[]}
{"timestamp":"2026-03-28 10:58:10","level":"MODULE","user":"Admin Yesenia","ip":"::1","url":"\/prueba\/distribuidora-esqueleto\/src\/js\/modules\/tickets\/editar-ticket.js","message":"Ruta ingresada inexistente, ruta: \/src\/js\/modules\/tickets\/editar-ticket.js","context":[]}
{"timestamp":"2026-03-28 10:58:11","level":"MODULE","user":"Admin Yesenia","ip":"::1","url":"\/prueba\/distribuidora-esqueleto\/src\/js\/lib\/DataTables\/datatables-min.js","message":"Ruta ingresada inexistente, ruta: \/src\/js\/lib\/DataTables\/datatables-min.js","context":[]}
{"timestamp":"2026-03-28 10:58:11","level":"MODULE","user":"Admin Yesenia","ip":"::1","url":"\/prueba\/distribuidora-esqueleto\/src\/js\/lib\/DataTables\/pdfmake.js.map","message":"Ruta ingresada inexistente, ruta: \/src\/js\/lib\/DataTables\/pdfmake.js.map","context":[]}
{"timestamp":"2026-03-28 10:58:45","level":"MODULE","user":"Admin Yesenia","ip":"::1","url":"\/prueba\/distribuidora-esqueleto\/src\/js\/modules\/tickets\/editar-ticket.js","message":"Ruta ingresada inexistente, ruta: \/src\/js\/modules\/tickets\/editar-ticket.js","context":[]}
{"timestamp":"2026-03-28 10:58:45","level":"MODULE","user":"Admin Yesenia","ip":"::1","url":"\/prueba\/distribuidora-esqueleto\/src\/js\/lib\/DataTables\/datatables-min.js","message":"Ruta ingresada inexistente, ruta: \/src\/js\/lib\/DataTables\/datatables-min.js","context":[]}
{"timestamp":"2026-03-28 10:58:45","level":"MODULE","user":"Admin Yesenia","ip":"::1","url":"\/prueba\/distribuidora-esqueleto\/src\/js\/lib\/DataTables\/pdfmake.js.map","message":"Ruta ingresada inexistente, ruta: \/src\/js\/lib\/DataTables\/pdfmake.js.map","context":[]}
{"timestamp":"2026-03-28 10:58:45","level":"MODULE","user":"Admin Yesenia","ip":"::1","url":"\/prueba\/distribuidora-esqueleto\/src\/core\/http.js","message":"Ruta ingresada inexistente, ruta: \/src\/core\/http.js","context":[]}
{"timestamp":"2026-03-28 10:58:57","level":"MODULE","user":"Admin Yesenia","ip":"::1","url":"\/prueba\/distribuidora-esqueleto\/src\/js\/modules\/tickets\/editar-ticket.js","message":"Ruta ingresada inexistente, ruta: \/src\/js\/modules\/tickets\/editar-ticket.js","context":[]}
{"timestamp":"2026-03-28 10:58:57","level":"MODULE","user":"Admin Yesenia","ip":"::1","url":"\/prueba\/distribuidora-esqueleto\/src\/js\/lib\/DataTables\/datatables-min.js","message":"Ruta ingresada inexistente, ruta: \/src\/js\/lib\/DataTables\/datatables-min.js","context":[]}
{"timestamp":"2026-03-28 10:58:58","level":"MODULE","user":"Admin Yesenia","ip":"::1","url":"\/prueba\/distribuidora-esqueleto\/src\/js\/lib\/DataTables\/pdfmake.js.map","message":"Ruta ingresada inexistente, ruta: \/src\/js\/lib\/DataTables\/pdfmake.js.map","context":[]}
{"timestamp":"2026-03-28 10:59:30","level":"MODULE","user":"Admin Yesenia","ip":"::1","url":"\/prueba\/distribuidora-esqueleto\/src\/js\/modules\/tickets\/editar-ticket.js","message":"Ruta ingresada inexistente, ruta: \/src\/js\/modules\/tickets\/editar-ticket.js","context":[]}
{"timestamp":"2026-03-28 10:59:30","level":"MODULE","user":"Admin Yesenia","ip":"::1","url":"\/prueba\/distribuidora-esqueleto\/src\/js\/lib\/DataTables\/datatables-min.js","message":"Ruta ingresada inexistente, ruta: \/src\/js\/lib\/DataTables\/datatables-min.js","context":[]}
{"timestamp":"2026-03-28 10:59:31","level":"MODULE","user":"Admin Yesenia","ip":"::1","url":"\/prueba\/distribuidora-esqueleto\/src\/js\/lib\/DataTables\/pdfmake.js.map","message":"Ruta ingresada inexistente, ruta: \/src\/js\/lib\/DataTables\/pdfmake.js.map","context":[]}
{"timestamp":"2026-03-28 10:59:31","level":"MODULE","user":"Admin Yesenia","ip":"::1","url":"\/prueba\/distribuidora-esqueleto\/src\/core\/http.js","message":"Ruta ingresada inexistente, ruta: \/src\/core\/http.js","context":[]}
{"timestamp":"2026-03-28 11:01:32","level":"MODULE","user":"Admin Yesenia","ip":"::1","url":"\/prueba\/distribuidora-esqueleto\/src\/js\/modules\/tickets\/editar-ticket.js","message":"Ruta ingresada inexistente, ruta: \/src\/js\/modules\/tickets\/editar-ticket.js","context":[]}
{"timestamp":"2026-03-28 11:01:33","level":"MODULE","user":"Admin Yesenia","ip":"::1","url":"\/prueba\/distribuidora-esqueleto\/src\/js\/lib\/DataTables\/datatables-min.js","message":"Ruta ingresada inexistente, ruta: \/src\/js\/lib\/DataTables\/datatables-min.js","context":[]}
{"timestamp":"2026-03-28 11:01:33","level":"MODULE","user":"Admin Yesenia","ip":"::1","url":"\/prueba\/distribuidora-esqueleto\/src\/js\/lib\/DataTables\/pdfmake.js.map","message":"Ruta ingresada inexistente, ruta: \/src\/js\/lib\/DataTables\/pdfmake.js.map","context":[]}
{"timestamp":"2026-03-28 11:01:33","level":"MODULE","user":"Admin Yesenia","ip":"::1","url":"\/prueba\/distribuidora-esqueleto\/src\/core\/http.js","message":"Ruta ingresada inexistente, ruta: \/src\/core\/http.js","context":[]}
{"timestamp":"2026-03-28 11:01:52","level":"MODULE","user":"Admin Yesenia","ip":"::1","url":"\/prueba\/distribuidora-esqueleto\/src\/js\/modules\/tickets\/editar-ticket.js","message":"Ruta ingresada inexistente, ruta: \/src\/js\/modules\/tickets\/editar-ticket.js","context":[]}
{"timestamp":"2026-03-28 11:01:52","level":"MODULE","user":"Admin Yesenia","ip":"::1","url":"\/prueba\/distribuidora-esqueleto\/src\/js\/lib\/DataTables\/datatables-min.js","message":"Ruta ingresada inexistente, ruta: \/src\/js\/lib\/DataTables\/datatables-min.js","context":[]}
{"timestamp":"2026-03-28 11:01:53","level":"MODULE","user":"Admin Yesenia","ip":"::1","url":"\/prueba\/distribuidora-esqueleto\/src\/js\/lib\/DataTables\/pdfmake.js.map","message":"Ruta ingresada inexistente, ruta: \/src\/js\/lib\/DataTables\/pdfmake.js.map","context":[]}
{"timestamp":"2026-03-28 11:02:36","level":"MODULE","user":"Admin Yesenia","ip":"::1","url":"\/prueba\/distribuidora-esqueleto\/src\/js\/modules\/tickets\/editar-ticket.js","message":"Ruta ingresada inexistente, ruta: \/src\/js\/modules\/tickets\/editar-ticket.js","context":[]}
{"timestamp":"2026-03-28 11:02:36","level":"MODULE","user":"Admin Yesenia","ip":"::1","url":"\/prueba\/distribuidora-esqueleto\/src\/js\/lib\/DataTables\/datatables-min.js","message":"Ruta ingresada inexistente, ruta: \/src\/js\/lib\/DataTables\/datatables-min.js","context":[]}
{"timestamp":"2026-03-28 11:02:36","level":"MODULE","user":"Admin Yesenia","ip":"::1","url":"\/prueba\/distribuidora-esqueleto\/src\/js\/lib\/DataTables\/pdfmake.js.map","message":"Ruta ingresada inexistente, ruta: \/src\/js\/lib\/DataTables\/pdfmake.js.map","context":[]}
{"timestamp":"2026-03-28 11:02:48","level":"MODULE","user":"Admin Yesenia","ip":"::1","url":"\/prueba\/distribuidora-esqueleto\/api\/get-analisis","message":"Ruta ingresada inexistente, ruta: \/get-analisis","context":[]}
{"timestamp":"2026-03-28 11:09:53","level":"MODULE","user":"Admin Yesenia","ip":"::1","url":"\/prueba\/distribuidora-esqueleto\/src\/js\/modules\/tickets\/editar-ticket.js","message":"Ruta ingresada inexistente, ruta: \/src\/js\/modules\/tickets\/editar-ticket.js","context":[]}
{"timestamp":"2026-03-28 11:09:53","level":"MODULE","user":"Admin Yesenia","ip":"::1","url":"\/prueba\/distribuidora-esqueleto\/src\/js\/lib\/DataTables\/datatables-min.js","message":"Ruta ingresada inexistente, ruta: \/src\/js\/lib\/DataTables\/datatables-min.js","context":[]}
{"timestamp":"2026-03-28 11:09:53","level":"MODULE","user":"Admin Yesenia","ip":"::1","url":"\/prueba\/distribuidora-esqueleto\/src\/js\/lib\/DataTables\/pdfmake.js.map","message":"Ruta ingresada inexistente, ruta: \/src\/js\/lib\/DataTables\/pdfmake.js.map","context":[]}
{"timestamp":"2026-03-28 11:10:23","level":"MODULE","user":"Admin Yesenia","ip":"::1","url":"\/prueba\/distribuidora-esqueleto\/src\/js\/modules\/tickets\/editar-ticket.js","message":"Ruta ingresada inexistente, ruta: \/src\/js\/modules\/tickets\/editar-ticket.js","context":[]}
{"timestamp":"2026-03-28 11:10:23","level":"MODULE","user":"Admin Yesenia","ip":"::1","url":"\/prueba\/distribuidora-esqueleto\/src\/js\/lib\/DataTables\/datatables-min.js","message":"Ruta ingresada inexistente, ruta: \/src\/js\/lib\/DataTables\/datatables-min.js","context":[]}
{"timestamp":"2026-03-28 11:10:23","level":"MODULE","user":"Admin Yesenia","ip":"::1","url":"\/prueba\/distribuidora-esqueleto\/src\/js\/lib\/DataTables\/pdfmake.js.map","message":"Ruta ingresada inexistente, ruta: \/src\/js\/lib\/DataTables\/pdfmake.js.map","context":[]}
{"timestamp":"2026-03-28 11:11:22","level":"MODULE","user":"Admin Yesenia","ip":"::1","url":"\/prueba\/distribuidora-esqueleto\/src\/js\/modules\/tickets\/editar-ticket.js","message":"Ruta ingresada inexistente, ruta: \/src\/js\/modules\/tickets\/editar-ticket.js","context":[]}
{"timestamp":"2026-03-28 11:11:22","level":"MODULE","user":"Admin Yesenia","ip":"::1","url":"\/prueba\/distribuidora-esqueleto\/src\/js\/lib\/DataTables\/datatables-min.js","message":"Ruta ingresada inexistente, ruta: \/src\/js\/lib\/DataTables\/datatables-min.js","context":[]}
{"timestamp":"2026-03-28 11:11:23","level":"MODULE","user":"Admin Yesenia","ip":"::1","url":"\/prueba\/distribuidora-esqueleto\/src\/js\/lib\/DataTables\/pdfmake.js.map","message":"Ruta ingresada inexistente, ruta: \/src\/js\/lib\/DataTables\/pdfmake.js.map","context":[]}
{"timestamp":"2026-03-28 11:26:51","level":"MODULE","user":"Admin Yesenia","ip":"::1","url":"\/prueba\/distribuidora-esqueleto\/src\/js\/modules\/tickets\/editar-ticket.js","message":"Ruta ingresada inexistente, ruta: \/src\/js\/modules\/tickets\/editar-ticket.js","context":[]}
{"timestamp":"2026-03-28 11:26:51","level":"MODULE","user":"Admin Yesenia","ip":"::1","url":"\/prueba\/distribuidora-esqueleto\/src\/js\/lib\/DataTables\/datatables-min.js","message":"Ruta ingresada inexistente, ruta: \/src\/js\/lib\/DataTables\/datatables-min.js","context":[]}
{"timestamp":"2026-03-28 11:26:51","level":"MODULE","user":"Admin Yesenia","ip":"::1","url":"\/prueba\/distribuidora-esqueleto\/src\/js\/lib\/DataTables\/pdfmake.js.map","message":"Ruta ingresada inexistente, ruta: \/src\/js\/lib\/DataTables\/pdfmake.js.map","context":[]}
{"timestamp":"2026-03-28 11:29:19","level":"MODULE","user":"Admin Yesenia","ip":"::1","url":"\/prueba\/distribuidora-esqueleto\/src\/js\/modules\/tickets\/editar-ticket.js","message":"Ruta ingresada inexistente, ruta: \/src\/js\/modules\/tickets\/editar-ticket.js","context":[]}
{"timestamp":"2026-03-28 11:29:19","level":"MODULE","user":"Admin Yesenia","ip":"::1","url":"\/prueba\/distribuidora-esqueleto\/src\/js\/lib\/DataTables\/datatables-min.js","message":"Ruta ingresada inexistente, ruta: \/src\/js\/lib\/DataTables\/datatables-min.js","context":[]}
{"timestamp":"2026-03-28 11:29:19","level":"MODULE","user":"Admin Yesenia","ip":"::1","url":"\/prueba\/distribuidora-esqueleto\/src\/js\/lib\/DataTables\/pdfmake.js.map","message":"Ruta ingresada inexistente, ruta: \/src\/js\/lib\/DataTables\/pdfmake.js.map","context":[]}
{"timestamp":"2026-03-28 11:31:42","level":"MODULE","user":"Admin Yesenia","ip":"::1","url":"\/prueba\/distribuidora-esqueleto\/src\/js\/modules\/tickets\/editar-ticket.js","message":"Ruta ingresada inexistente, ruta: \/src\/js\/modules\/tickets\/editar-ticket.js","context":[]}
{"timestamp":"2026-03-28 11:31:42","level":"MODULE","user":"Admin Yesenia","ip":"::1","url":"\/prueba\/distribuidora-esqueleto\/src\/js\/lib\/DataTables\/datatables-min.js","message":"Ruta ingresada inexistente, ruta: \/src\/js\/lib\/DataTables\/datatables-min.js","context":[]}
{"timestamp":"2026-03-28 11:31:42","level":"MODULE","user":"Admin Yesenia","ip":"::1","url":"\/prueba\/distribuidora-esqueleto\/src\/js\/lib\/DataTables\/pdfmake.js.map","message":"Ruta ingresada inexistente, ruta: \/src\/js\/lib\/DataTables\/pdfmake.js.map","context":[]}
{"timestamp":"2026-03-28 11:34:10","level":"MODULE","user":"Admin Yesenia","ip":"::1","url":"\/prueba\/distribuidora-esqueleto\/src\/js\/modules\/tickets\/editar-ticket.js","message":"Ruta ingresada inexistente, ruta: \/src\/js\/modules\/tickets\/editar-ticket.js","context":[]}
{"timestamp":"2026-03-28 11:34:10","level":"MODULE","user":"Admin Yesenia","ip":"::1","url":"\/prueba\/distribuidora-esqueleto\/src\/js\/lib\/DataTables\/datatables-min.js","message":"Ruta ingresada inexistente, ruta: \/src\/js\/lib\/DataTables\/datatables-min.js","context":[]}
{"timestamp":"2026-03-28 11:34:10","level":"MODULE","user":"Admin Yesenia","ip":"::1","url":"\/prueba\/distribuidora-esqueleto\/src\/js\/lib\/DataTables\/pdfmake.js.map","message":"Ruta ingresada inexistente, ruta: \/src\/js\/lib\/DataTables\/pdfmake.js.map","context":[]}
{"timestamp":"2026-03-28 11:55:02","level":"MODULE","user":"Admin Yesenia","ip":"::1","url":"\/prueba\/distribuidora-esqueleto\/src\/js\/modules\/tickets\/editar-ticket.js","message":"Ruta ingresada inexistente, ruta: \/src\/js\/modules\/tickets\/editar-ticket.js","context":[]}
{"timestamp":"2026-03-28 11:55:02","level":"MODULE","user":"Admin Yesenia","ip":"::1","url":"\/prueba\/distribuidora-esqueleto\/src\/js\/lib\/DataTables\/datatables-min.js","message":"Ruta ingresada inexistente, ruta: \/src\/js\/lib\/DataTables\/datatables-min.js","context":[]}
{"timestamp":"2026-03-28 11:55:02","level":"MODULE","user":"Admin Yesenia","ip":"::1","url":"\/prueba\/distribuidora-esqueleto\/src\/js\/lib\/DataTables\/pdfmake.js.map","message":"Ruta ingresada inexistente, ruta: \/src\/js\/lib\/DataTables\/pdfmake.js.map","context":[]}
{"timestamp":"2026-03-28 12:03:49","level":"MODULE","user":"Admin Yesenia","ip":"::1","url":"\/prueba\/distribuidora-esqueleto\/src\/js\/modules\/tickets\/editar-ticket.js","message":"Ruta ingresada inexistente, ruta: \/src\/js\/modules\/tickets\/editar-ticket.js","context":[]}
{"timestamp":"2026-03-28 12:03:49","level":"MODULE","user":"Admin Yesenia","ip":"::1","url":"\/prueba\/distribuidora-esqueleto\/src\/js\/lib\/DataTables\/datatables-min.js","message":"Ruta ingresada inexistente, ruta: \/src\/js\/lib\/DataTables\/datatables-min.js","context":[]}
{"timestamp":"2026-03-28 12:03:49","level":"MODULE","user":"Admin Yesenia","ip":"::1","url":"\/prueba\/distribuidora-esqueleto\/src\/js\/lib\/DataTables\/pdfmake.js.map","message":"Ruta ingresada inexistente, ruta: \/src\/js\/lib\/DataTables\/pdfmake.js.map","context":[]}
{"timestamp":"2026-03-28 12:04:01","level":"MODULE","user":"Admin Yesenia","ip":"::1","url":"\/prueba\/distribuidora-esqueleto\/src\/js\/modules\/tickets\/editar-ticket.js","message":"Ruta ingresada inexistente, ruta: \/src\/js\/modules\/tickets\/editar-ticket.js","context":[]}
{"timestamp":"2026-03-28 12:04:01","level":"MODULE","user":"Admin Yesenia","ip":"::1","url":"\/prueba\/distribuidora-esqueleto\/src\/js\/lib\/DataTables\/datatables-min.js","message":"Ruta ingresada inexistente, ruta: \/src\/js\/lib\/DataTables\/datatables-min.js","context":[]}
{"timestamp":"2026-03-28 12:04:01","level":"MODULE","user":"Admin Yesenia","ip":"::1","url":"\/prueba\/distribuidora-esqueleto\/src\/js\/lib\/DataTables\/pdfmake.js.map","message":"Ruta ingresada inexistente, ruta: \/src\/js\/lib\/DataTables\/pdfmake.js.map","context":[]}
{"timestamp":"2026-03-28 12:04:53","level":"MODULE","user":"Admin Yesenia","ip":"::1","url":"\/prueba\/distribuidora-esqueleto\/src\/js\/modules\/tickets\/editar-ticket.js","message":"Ruta ingresada inexistente, ruta: \/src\/js\/modules\/tickets\/editar-ticket.js","context":[]}
{"timestamp":"2026-03-28 12:04:53","level":"MODULE","user":"Admin Yesenia","ip":"::1","url":"\/prueba\/distribuidora-esqueleto\/src\/js\/lib\/DataTables\/datatables-min.js","message":"Ruta ingresada inexistente, ruta: \/src\/js\/lib\/DataTables\/datatables-min.js","context":[]}
{"timestamp":"2026-03-28 12:04:53","level":"MODULE","user":"Admin Yesenia","ip":"::1","url":"\/prueba\/distribuidora-esqueleto\/src\/js\/lib\/DataTables\/pdfmake.js.map","message":"Ruta ingresada inexistente, ruta: \/src\/js\/lib\/DataTables\/pdfmake.js.map","context":[]}
{"timestamp":"2026-03-28 12:06:21","level":"MODULE","user":"Admin Yesenia","ip":"::1","url":"\/prueba\/distribuidora-esqueleto\/src\/js\/modules\/tickets\/editar-ticket.js","message":"Ruta ingresada inexistente, ruta: \/src\/js\/modules\/tickets\/editar-ticket.js","context":[]}
{"timestamp":"2026-03-28 12:06:21","level":"MODULE","user":"Admin Yesenia","ip":"::1","url":"\/prueba\/distribuidora-esqueleto\/src\/js\/lib\/DataTables\/datatables-min.js","message":"Ruta ingresada inexistente, ruta: \/src\/js\/lib\/DataTables\/datatables-min.js","context":[]}
{"timestamp":"2026-03-28 12:06:21","level":"MODULE","user":"Admin Yesenia","ip":"::1","url":"\/prueba\/distribuidora-esqueleto\/src\/js\/lib\/DataTables\/pdfmake.js.map","message":"Ruta ingresada inexistente, ruta: \/src\/js\/lib\/DataTables\/pdfmake.js.map","context":[]}
