{"timestamp":"2026-03-30 06:09:16","level":"MODULE","user":"Admin Yesenia","ip":"::1","url":"\/prueba\/distribuidora-esqueleto\/src\/js\/modules\/tickets\/editar-ticket.js","message":"Ruta ingresada inexistente, ruta: \/src\/js\/modules\/tickets\/editar-ticket.js","context":[]}
{"timestamp":"2026-03-30 06:09:16","level":"MODULE","user":"Admin Yesenia","ip":"::1","url":"\/prueba\/distribuidora-esqueleto\/src\/js\/lib\/DataTables\/datatables-min.js","message":"Ruta ingresada inexistente, ruta: \/src\/js\/lib\/DataTables\/datatables-min.js","context":[]}
{"timestamp":"2026-03-30 06:11:07","level":"MODULE","user":"Admin Yesenia","ip":"::1","url":"\/prueba\/distribuidora-esqueleto\/src\/js\/lib\/DataTables\/pdfmake.js.map","message":"Ruta ingresada inexistente, ruta: \/src\/js\/lib\/DataTables\/pdfmake.js.map","context":[]}
{"timestamp":"2026-03-30 06:23:06","level":"MODULE","user":"Admin Yesenia","ip":"::1","url":"\/prueba\/distribuidora-esqueleto\/src\/js\/lib\/DataTables\/datatables-min.js","message":"Ruta ingresada inexistente, ruta: \/src\/js\/lib\/DataTables\/datatables-min.js","context":[]}
{"timestamp":"2026-03-30 06:23:07","level":"MODULE","user":"Admin Yesenia","ip":"::1","url":"\/prueba\/distribuidora-esqueleto\/src\/js\/lib\/DataTables\/pdfmake.js.map","message":"Ruta ingresada inexistente, ruta: \/src\/js\/lib\/DataTables\/pdfmake.js.map","context":[]}
{"timestamp":"2026-03-30 06:23:54","level":"MODULE","user":"Admin Yesenia","ip":"::1","url":"\/prueba\/distribuidora-esqueleto\/src\/js\/lib\/DataTables\/datatables-min.js","message":"Ruta ingresada inexistente, ruta: \/src\/js\/lib\/DataTables\/datatables-min.js","context":[]}
{"timestamp":"2026-03-30 06:23:54","level":"MODULE","user":"Admin Yesenia","ip":"::1","url":"\/prueba\/distribuidora-esqueleto\/src\/js\/lib\/DataTables\/pdfmake.js.map","message":"Ruta ingresada inexistente, ruta: \/src\/js\/lib\/DataTables\/pdfmake.js.map","context":[]}
{"timestamp":"2026-03-30 06:26:55","level":"MODULE","user":"Admin Yesenia","ip":"::1","url":"\/prueba\/distribuidora-esqueleto\/src\/js\/lib\/DataTables\/datatables-min.js","message":"Ruta ingresada inexistente, ruta: \/src\/js\/lib\/DataTables\/datatables-min.js","context":[]}
{"timestamp":"2026-03-30 06:26:56","level":"MODULE","user":"Admin Yesenia","ip":"::1","url":"\/prueba\/distribuidora-esqueleto\/src\/js\/lib\/DataTables\/pdfmake.js.map","message":"Ruta ingresada inexistente, ruta: \/src\/js\/lib\/DataTables\/pdfmake.js.map","context":[]}
{"timestamp":"2026-03-30 06:29:46","level":"MODULE","user":"Admin Yesenia","ip":"::1","url":"\/prueba\/distribuidora-esqueleto\/src\/js\/lib\/DataTables\/datatables-min.js","message":"Ruta ingresada inexistente, ruta: \/src\/js\/lib\/DataTables\/datatables-min.js","context":[]}
{"timestamp":"2026-03-30 06:29:46","level":"MODULE","user":"Admin Yesenia","ip":"::1","url":"\/prueba\/distribuidora-esqueleto\/src\/js\/lib\/DataTables\/pdfmake.js.map","message":"Ruta ingresada inexistente, ruta: \/src\/js\/lib\/DataTables\/pdfmake.js.map","context":[]}
{"timestamp":"2026-03-30 06:32:32","level":"MODULE","user":"Admin Yesenia","ip":"::1","url":"\/prueba\/distribuidora-esqueleto\/src\/js\/lib\/DataTables\/datatables-min.js","message":"Ruta ingresada inexistente, ruta: \/src\/js\/lib\/DataTables\/datatables-min.js","context":[]}
{"timestamp":"2026-03-30 06:32:32","level":"MODULE","user":"Admin Yesenia","ip":"::1","url":"\/prueba\/distribuidora-esqueleto\/src\/js\/lib\/DataTables\/pdfmake.js.map","message":"Ruta ingresada inexistente, ruta: \/src\/js\/lib\/DataTables\/pdfmake.js.map","context":[]}
{"timestamp":"2026-03-30 06:33:50","level":"MODULE","user":"Admin Yesenia","ip":"::1","url":"\/prueba\/distribuidora-esqueleto\/src\/js\/lib\/DataTables\/datatables-min.js","message":"Ruta ingresada inexistente, ruta: \/src\/js\/lib\/DataTables\/datatables-min.js","context":[]}
{"timestamp":"2026-03-30 06:33:50","level":"MODULE","user":"Admin Yesenia","ip":"::1","url":"\/prueba\/distribuidora-esqueleto\/src\/js\/lib\/DataTables\/pdfmake.js.map","message":"Ruta ingresada inexistente, ruta: \/src\/js\/lib\/DataTables\/pdfmake.js.map","context":[]}
{"timestamp":"2026-03-30 06:37:52","level":"MODULE","user":"Admin Yesenia","ip":"::1","url":"\/prueba\/distribuidora-esqueleto\/src\/js\/lib\/DataTables\/datatables-min.js","message":"Ruta ingresada inexistente, ruta: \/src\/js\/lib\/DataTables\/datatables-min.js","context":[]}
{"timestamp":"2026-03-30 06:37:52","level":"MODULE","user":"Admin Yesenia","ip":"::1","url":"\/prueba\/distribuidora-esqueleto\/src\/js\/lib\/DataTables\/pdfmake.js.map","message":"Ruta ingresada inexistente, ruta: \/src\/js\/lib\/DataTables\/pdfmake.js.map","context":[]}
{"timestamp":"2026-03-30 06:41:52","level":"MODULE","user":"Admin Yesenia","ip":"::1","url":"\/prueba\/distribuidora-esqueleto\/src\/js\/lib\/DataTables\/datatables-min.js","message":"Ruta ingresada inexistente, ruta: \/src\/js\/lib\/DataTables\/datatables-min.js","context":[]}
{"timestamp":"2026-03-30 06:41:53","level":"MODULE","user":"Admin Yesenia","ip":"::1","url":"\/prueba\/distribuidora-esqueleto\/src\/js\/lib\/DataTables\/pdfmake.js.map","message":"Ruta ingresada inexistente, ruta: \/src\/js\/lib\/DataTables\/pdfmake.js.map","context":[]}
{"timestamp":"2026-03-30 06:43:26","level":"MODULE","user":"Admin Yesenia","ip":"::1","url":"\/prueba\/distribuidora-esqueleto\/src\/js\/lib\/DataTables\/datatables-min.js","message":"Ruta ingresada inexistente, ruta: \/src\/js\/lib\/DataTables\/datatables-min.js","context":[]}
{"timestamp":"2026-03-30 06:43:26","level":"MODULE","user":"Admin Yesenia","ip":"::1","url":"\/prueba\/distribuidora-esqueleto\/src\/js\/lib\/DataTables\/pdfmake.js.map","message":"Ruta ingresada inexistente, ruta: \/src\/js\/lib\/DataTables\/pdfmake.js.map","context":[]}
{"timestamp":"2026-03-30 06:44:36","level":"MODULE","user":"Admin Yesenia","ip":"::1","url":"\/prueba\/distribuidora-esqueleto\/src\/js\/lib\/DataTables\/datatables-min.js","message":"Ruta ingresada inexistente, ruta: \/src\/js\/lib\/DataTables\/datatables-min.js","context":[]}
{"timestamp":"2026-03-30 06:44:36","level":"MODULE","user":"Admin Yesenia","ip":"::1","url":"\/prueba\/distribuidora-esqueleto\/src\/js\/lib\/DataTables\/pdfmake.js.map","message":"Ruta ingresada inexistente, ruta: \/src\/js\/lib\/DataTables\/pdfmake.js.map","context":[]}
{"timestamp":"2026-03-30 06:47:13","level":"MODULE","user":"Admin Yesenia","ip":"::1","url":"\/prueba\/distribuidora-esqueleto\/src\/js\/lib\/DataTables\/datatables-min.js","message":"Ruta ingresada inexistente, ruta: \/src\/js\/lib\/DataTables\/datatables-min.js","context":[]}
{"timestamp":"2026-03-30 06:47:14","level":"MODULE","user":"Admin Yesenia","ip":"::1","url":"\/prueba\/distribuidora-esqueleto\/src\/js\/lib\/DataTables\/pdfmake.js.map","message":"Ruta ingresada inexistente, ruta: \/src\/js\/lib\/DataTables\/pdfmake.js.map","context":[]}
{"timestamp":"2026-03-30 06:47:40","level":"MODULE","user":"Admin Yesenia","ip":"::1","url":"\/prueba\/distribuidora-esqueleto\/src\/js\/lib\/DataTables\/datatables-min.js","message":"Ruta ingresada inexistente, ruta: \/src\/js\/lib\/DataTables\/datatables-min.js","context":[]}
{"timestamp":"2026-03-30 06:47:40","level":"MODULE","user":"Admin Yesenia","ip":"::1","url":"\/prueba\/distribuidora-esqueleto\/src\/js\/lib\/DataTables\/pdfmake.js.map","message":"Ruta ingresada inexistente, ruta: \/src\/js\/lib\/DataTables\/pdfmake.js.map","context":[]}
{"timestamp":"2026-03-30 06:54:54","level":"MODULE","user":"Admin Yesenia","ip":"::1","url":"\/prueba\/distribuidora-esqueleto\/src\/js\/lib\/DataTables\/datatables-min.js","message":"Ruta ingresada inexistente, ruta: \/src\/js\/lib\/DataTables\/datatables-min.js","context":[]}
{"timestamp":"2026-03-30 06:54:54","level":"MODULE","user":"Admin Yesenia","ip":"::1","url":"\/prueba\/distribuidora-esqueleto\/src\/js\/lib\/DataTables\/pdfmake.js.map","message":"Ruta ingresada inexistente, ruta: \/src\/js\/lib\/DataTables\/pdfmake.js.map","context":[]}
{"timestamp":"2026-03-30 06:56:35","level":"MODULE","user":"Admin Yesenia","ip":"::1","url":"\/prueba\/distribuidora-esqueleto\/src\/js\/lib\/DataTables\/datatables-min.js","message":"Ruta ingresada inexistente, ruta: \/src\/js\/lib\/DataTables\/datatables-min.js","context":[]}
{"timestamp":"2026-03-30 06:56:36","level":"MODULE","user":"Admin Yesenia","ip":"::1","url":"\/prueba\/distribuidora-esqueleto\/src\/js\/lib\/DataTables\/pdfmake.js.map","message":"Ruta ingresada inexistente, ruta: \/src\/js\/lib\/DataTables\/pdfmake.js.map","context":[]}
{"timestamp":"2026-03-30 06:57:32","level":"MODULE","user":"Admin Yesenia","ip":"::1","url":"\/prueba\/distribuidora-esqueleto\/src\/js\/lib\/DataTables\/datatables-min.js","message":"Ruta ingresada inexistente, ruta: \/src\/js\/lib\/DataTables\/datatables-min.js","context":[]}
{"timestamp":"2026-03-30 06:57:32","level":"MODULE","user":"Admin Yesenia","ip":"::1","url":"\/prueba\/distribuidora-esqueleto\/src\/js\/lib\/DataTables\/pdfmake.js.map","message":"Ruta ingresada inexistente, ruta: \/src\/js\/lib\/DataTables\/pdfmake.js.map","context":[]}
{"timestamp":"2026-03-30 07:00:26","level":"MODULE","user":"Admin Yesenia","ip":"::1","url":"\/prueba\/distribuidora-esqueleto\/src\/js\/lib\/DataTables\/datatables-min.js","message":"Ruta ingresada inexistente, ruta: \/src\/js\/lib\/DataTables\/datatables-min.js","context":[]}
{"timestamp":"2026-03-30 07:00:26","level":"MODULE","user":"Admin Yesenia","ip":"::1","url":"\/prueba\/distribuidora-esqueleto\/src\/js\/lib\/DataTables\/pdfmake.js.map","message":"Ruta ingresada inexistente, ruta: \/src\/js\/lib\/DataTables\/pdfmake.js.map","context":[]}
{"timestamp":"2026-03-30 07:01:24","level":"MODULE","user":"Admin Yesenia","ip":"::1","url":"\/prueba\/distribuidora-esqueleto\/src\/js\/lib\/DataTables\/datatables-min.js","message":"Ruta ingresada inexistente, ruta: \/src\/js\/lib\/DataTables\/datatables-min.js","context":[]}
{"timestamp":"2026-03-30 07:01:24","level":"MODULE","user":"Admin Yesenia","ip":"::1","url":"\/prueba\/distribuidora-esqueleto\/src\/js\/lib\/DataTables\/pdfmake.js.map","message":"Ruta ingresada inexistente, ruta: \/src\/js\/lib\/DataTables\/pdfmake.js.map","context":[]}
{"timestamp":"2026-03-30 07:02:42","level":"MODULE","user":"Admin Yesenia","ip":"::1","url":"\/prueba\/distribuidora-esqueleto\/src\/js\/lib\/DataTables\/datatables-min.js","message":"Ruta ingresada inexistente, ruta: \/src\/js\/lib\/DataTables\/datatables-min.js","context":[]}
{"timestamp":"2026-03-30 07:02:42","level":"MODULE","user":"Admin Yesenia","ip":"::1","url":"\/prueba\/distribuidora-esqueleto\/src\/js\/lib\/DataTables\/pdfmake.js.map","message":"Ruta ingresada inexistente, ruta: \/src\/js\/lib\/DataTables\/pdfmake.js.map","context":[]}
{"timestamp":"2026-03-30 07:03:10","level":"MODULE","user":"Admin Yesenia","ip":"::1","url":"\/prueba\/distribuidora-esqueleto\/src\/js\/lib\/DataTables\/datatables-min.js","message":"Ruta ingresada inexistente, ruta: \/src\/js\/lib\/DataTables\/datatables-min.js","context":[]}
{"timestamp":"2026-03-30 07:03:10","level":"MODULE","user":"Admin Yesenia","ip":"::1","url":"\/prueba\/distribuidora-esqueleto\/src\/js\/lib\/DataTables\/pdfmake.js.map","message":"Ruta ingresada inexistente, ruta: \/src\/js\/lib\/DataTables\/pdfmake.js.map","context":[]}
{"timestamp":"2026-03-30 07:03:46","level":"MODULE","user":"Admin Yesenia","ip":"::1","url":"\/prueba\/distribuidora-esqueleto\/src\/js\/lib\/DataTables\/datatables-min.js","message":"Ruta ingresada inexistente, ruta: \/src\/js\/lib\/DataTables\/datatables-min.js","context":[]}
{"timestamp":"2026-03-30 07:03:46","level":"MODULE","user":"Admin Yesenia","ip":"::1","url":"\/prueba\/distribuidora-esqueleto\/src\/js\/lib\/DataTables\/pdfmake.js.map","message":"Ruta ingresada inexistente, ruta: \/src\/js\/lib\/DataTables\/pdfmake.js.map","context":[]}
{"timestamp":"2026-03-30 07:05:16","level":"MODULE","user":"Admin Yesenia","ip":"::1","url":"\/prueba\/distribuidora-esqueleto\/src\/js\/lib\/DataTables\/datatables-min.js","message":"Ruta ingresada inexistente, ruta: \/src\/js\/lib\/DataTables\/datatables-min.js","context":[]}
{"timestamp":"2026-03-30 07:05:16","level":"MODULE","user":"Admin Yesenia","ip":"::1","url":"\/prueba\/distribuidora-esqueleto\/src\/js\/lib\/DataTables\/pdfmake.js.map","message":"Ruta ingresada inexistente, ruta: \/src\/js\/lib\/DataTables\/pdfmake.js.map","context":[]}
{"timestamp":"2026-03-30 07:09:00","level":"MODULE","user":"Admin Yesenia","ip":"::1","url":"\/prueba\/distribuidora-esqueleto\/src\/js\/lib\/DataTables\/datatables-min.js","message":"Ruta ingresada inexistente, ruta: \/src\/js\/lib\/DataTables\/datatables-min.js","context":[]}
{"timestamp":"2026-03-30 07:09:00","level":"MODULE","user":"Admin Yesenia","ip":"::1","url":"\/prueba\/distribuidora-esqueleto\/src\/js\/lib\/DataTables\/pdfmake.js.map","message":"Ruta ingresada inexistente, ruta: \/src\/js\/lib\/DataTables\/pdfmake.js.map","context":[]}
{"timestamp":"2026-03-30 07:09:44","level":"MODULE","user":"Admin Yesenia","ip":"::1","url":"\/prueba\/distribuidora-esqueleto\/src\/js\/lib\/DataTables\/datatables-min.js","message":"Ruta ingresada inexistente, ruta: \/src\/js\/lib\/DataTables\/datatables-min.js","context":[]}
{"timestamp":"2026-03-30 07:09:44","level":"MODULE","user":"Admin Yesenia","ip":"::1","url":"\/prueba\/distribuidora-esqueleto\/src\/js\/lib\/DataTables\/pdfmake.js.map","message":"Ruta ingresada inexistente, ruta: \/src\/js\/lib\/DataTables\/pdfmake.js.map","context":[]}
{"timestamp":"2026-03-30 07:22:51","level":"MODULE","user":"Admin Yesenia","ip":"::1","url":"\/prueba\/distribuidora-esqueleto\/src\/js\/lib\/DataTables\/datatables-min.js","message":"Ruta ingresada inexistente, ruta: \/src\/js\/lib\/DataTables\/datatables-min.js","context":[]}
{"timestamp":"2026-03-30 07:22:52","level":"MODULE","user":"Admin Yesenia","ip":"::1","url":"\/prueba\/distribuidora-esqueleto\/src\/js\/lib\/DataTables\/pdfmake.js.map","message":"Ruta ingresada inexistente, ruta: \/src\/js\/lib\/DataTables\/pdfmake.js.map","context":[]}
{"timestamp":"2026-03-30 07:22:59","level":"MODULE","user":"Admin Yesenia","ip":"::1","url":"\/prueba\/distribuidora-esqueleto\/src\/js\/modules\/tickets\/editar-ticket.js","message":"Ruta ingresada inexistente, ruta: \/src\/js\/modules\/tickets\/editar-ticket.js","context":[]}
{"timestamp":"2026-03-30 07:22:59","level":"MODULE","user":"Admin Yesenia","ip":"::1","url":"\/prueba\/distribuidora-esqueleto\/src\/js\/lib\/DataTables\/datatables-min.js","message":"Ruta ingresada inexistente, ruta: \/src\/js\/lib\/DataTables\/datatables-min.js","context":[]}
{"timestamp":"2026-03-30 07:22:59","level":"MODULE","user":"Admin Yesenia","ip":"::1","url":"\/prueba\/distribuidora-esqueleto\/src\/js\/lib\/DataTables\/pdfmake.js.map","message":"Ruta ingresada inexistente, ruta: \/src\/js\/lib\/DataTables\/pdfmake.js.map","context":[]}
{"timestamp":"2026-03-30 07:25:10","level":"MODULE","user":"Admin Yesenia","ip":"::1","url":"\/prueba\/distribuidora-esqueleto\/src\/js\/modules\/tickets\/editar-ticket.js","message":"Ruta ingresada inexistente, ruta: \/src\/js\/modules\/tickets\/editar-ticket.js","context":[]}
{"timestamp":"2026-03-30 07:25:11","level":"MODULE","user":"Admin Yesenia","ip":"::1","url":"\/prueba\/distribuidora-esqueleto\/src\/js\/lib\/DataTables\/datatables-min.js","message":"Ruta ingresada inexistente, ruta: \/src\/js\/lib\/DataTables\/datatables-min.js","context":[]}
{"timestamp":"2026-03-30 07:25:11","level":"MODULE","user":"Admin Yesenia","ip":"::1","url":"\/prueba\/distribuidora-esqueleto\/src\/js\/lib\/DataTables\/pdfmake.js.map","message":"Ruta ingresada inexistente, ruta: \/src\/js\/lib\/DataTables\/pdfmake.js.map","context":[]}
{"timestamp":"2026-03-30 07:28:37","level":"MODULE","user":"Admin Yesenia","ip":"::1","url":"\/prueba\/distribuidora-esqueleto\/src\/js\/modules\/tickets\/editar-ticket.js","message":"Ruta ingresada inexistente, ruta: \/src\/js\/modules\/tickets\/editar-ticket.js","context":[]}
{"timestamp":"2026-03-30 07:28:37","level":"MODULE","user":"Admin Yesenia","ip":"::1","url":"\/prueba\/distribuidora-esqueleto\/src\/js\/lib\/DataTables\/datatables-min.js","message":"Ruta ingresada inexistente, ruta: \/src\/js\/lib\/DataTables\/datatables-min.js","context":[]}
{"timestamp":"2026-03-30 07:28:38","level":"MODULE","user":"Admin Yesenia","ip":"::1","url":"\/prueba\/distribuidora-esqueleto\/src\/js\/lib\/DataTables\/pdfmake.js.map","message":"Ruta ingresada inexistente, ruta: \/src\/js\/lib\/DataTables\/pdfmake.js.map","context":[]}
{"timestamp":"2026-03-30 07:29:12","level":"MODULE","user":"Admin Yesenia","ip":"::1","url":"\/prueba\/distribuidora-esqueleto\/src\/js\/lib\/DataTables\/datatables-min.js","message":"Ruta ingresada inexistente, ruta: \/src\/js\/lib\/DataTables\/datatables-min.js","context":[]}
{"timestamp":"2026-03-30 07:29:12","level":"MODULE","user":"Admin Yesenia","ip":"::1","url":"\/prueba\/distribuidora-esqueleto\/src\/js\/modules\/tickets\/editar-ticket.js","message":"Ruta ingresada inexistente, ruta: \/src\/js\/modules\/tickets\/editar-ticket.js","context":[]}
{"timestamp":"2026-03-30 07:29:12","level":"MODULE","user":"Admin Yesenia","ip":"::1","url":"\/prueba\/distribuidora-esqueleto\/src\/js\/lib\/DataTables\/pdfmake.js.map","message":"Ruta ingresada inexistente, ruta: \/src\/js\/lib\/DataTables\/pdfmake.js.map","context":[]}
{"timestamp":"2026-03-30 07:30:49","level":"MODULE","user":"Admin Yesenia","ip":"::1","url":"\/prueba\/distribuidora-esqueleto\/src\/js\/modules\/tickets\/editar-ticket.js","message":"Ruta ingresada inexistente, ruta: \/src\/js\/modules\/tickets\/editar-ticket.js","context":[]}
{"timestamp":"2026-03-30 07:30:49","level":"MODULE","user":"Admin Yesenia","ip":"::1","url":"\/prueba\/distribuidora-esqueleto\/src\/js\/lib\/DataTables\/datatables-min.js","message":"Ruta ingresada inexistente, ruta: \/src\/js\/lib\/DataTables\/datatables-min.js","context":[]}
{"timestamp":"2026-03-30 07:30:49","level":"MODULE","user":"Admin Yesenia","ip":"::1","url":"\/prueba\/distribuidora-esqueleto\/src\/js\/lib\/DataTables\/pdfmake.js.map","message":"Ruta ingresada inexistente, ruta: \/src\/js\/lib\/DataTables\/pdfmake.js.map","context":[]}
{"timestamp":"2026-03-30 07:32:05","level":"MODULE","user":"Admin Yesenia","ip":"::1","url":"\/prueba\/distribuidora-esqueleto\/src\/js\/modules\/tickets\/editar-ticket.js","message":"Ruta ingresada inexistente, ruta: \/src\/js\/modules\/tickets\/editar-ticket.js","context":[]}
{"timestamp":"2026-03-30 07:32:06","level":"MODULE","user":"Admin Yesenia","ip":"::1","url":"\/prueba\/distribuidora-esqueleto\/src\/js\/lib\/DataTables\/datatables-min.js","message":"Ruta ingresada inexistente, ruta: \/src\/js\/lib\/DataTables\/datatables-min.js","context":[]}
{"timestamp":"2026-03-30 07:32:06","level":"MODULE","user":"Admin Yesenia","ip":"::1","url":"\/prueba\/distribuidora-esqueleto\/src\/js\/lib\/DataTables\/pdfmake.js.map","message":"Ruta ingresada inexistente, ruta: \/src\/js\/lib\/DataTables\/pdfmake.js.map","context":[]}
{"timestamp":"2026-03-30 07:33:02","level":"MODULE","user":"Admin Yesenia","ip":"::1","url":"\/prueba\/distribuidora-esqueleto\/src\/js\/lib\/DataTables\/datatables-min.js","message":"Ruta ingresada inexistente, ruta: \/src\/js\/lib\/DataTables\/datatables-min.js","context":[]}
{"timestamp":"2026-03-30 07:33:02","level":"MODULE","user":"Admin Yesenia","ip":"::1","url":"\/prueba\/distribuidora-esqueleto\/src\/js\/modules\/tickets\/editar-ticket.js","message":"Ruta ingresada inexistente, ruta: \/src\/js\/modules\/tickets\/editar-ticket.js","context":[]}
{"timestamp":"2026-03-30 07:33:02","level":"MODULE","user":"Admin Yesenia","ip":"::1","url":"\/prueba\/distribuidora-esqueleto\/src\/js\/lib\/DataTables\/pdfmake.js.map","message":"Ruta ingresada inexistente, ruta: \/src\/js\/lib\/DataTables\/pdfmake.js.map","context":[]}
{"timestamp":"2026-03-30 07:38:11","level":"MODULE","user":"guest","ip":"::1","url":"\/prueba\/distribuidora-esqueleto\/src\/js\/lib\/DataTables\/datatables-min.js","message":"Ruta ingresada inexistente, ruta: \/src\/js\/lib\/DataTables\/datatables-min.js","context":[]}
{"timestamp":"2026-03-30 07:38:11","level":"MODULE","user":"guest","ip":"::1","url":"\/prueba\/distribuidora-esqueleto\/src\/js\/modules\/tickets\/editar-ticket.js","message":"Ruta ingresada inexistente, ruta: \/src\/js\/modules\/tickets\/editar-ticket.js","context":[]}
{"timestamp":"2026-03-30 07:38:12","level":"MODULE","user":"guest","ip":"::1","url":"\/prueba\/distribuidora-esqueleto\/src\/js\/lib\/DataTables\/pdfmake.js.map","message":"Ruta ingresada inexistente, ruta: \/src\/js\/lib\/DataTables\/pdfmake.js.map","context":[]}
{"timestamp":"2026-03-30 07:38:33","level":"MODULE","user":"Admin Yesenia","ip":"::1","url":"\/prueba\/distribuidora-esqueleto\/src\/js\/lib\/DataTables\/datatables-min.js","message":"Ruta ingresada inexistente, ruta: \/src\/js\/lib\/DataTables\/datatables-min.js","context":[]}
{"timestamp":"2026-03-30 07:38:33","level":"MODULE","user":"Admin Yesenia","ip":"::1","url":"\/prueba\/distribuidora-esqueleto\/src\/js\/modules\/tickets\/editar-ticket.js","message":"Ruta ingresada inexistente, ruta: \/src\/js\/modules\/tickets\/editar-ticket.js","context":[]}
{"timestamp":"2026-03-30 07:38:33","level":"MODULE","user":"Admin Yesenia","ip":"::1","url":"\/prueba\/distribuidora-esqueleto\/src\/js\/lib\/DataTables\/pdfmake.js.map","message":"Ruta ingresada inexistente, ruta: \/src\/js\/lib\/DataTables\/pdfmake.js.map","context":[]}
{"timestamp":"2026-03-30 08:02:26","level":"MODULE","user":"Maria Luisa Galaz Palma","ip":"::1","url":"\/prueba\/distribuidora-esqueleto\/src\/js\/lib\/DataTables\/datatables-min.js","message":"Ruta ingresada inexistente, ruta: \/src\/js\/lib\/DataTables\/datatables-min.js","context":[]}
{"timestamp":"2026-03-30 08:02:26","level":"MODULE","user":"Maria Luisa Galaz Palma","ip":"::1","url":"\/prueba\/distribuidora-esqueleto\/src\/js\/modules\/tickets\/editar-ticket.js","message":"Ruta ingresada inexistente, ruta: \/src\/js\/modules\/tickets\/editar-ticket.js","context":[]}
{"timestamp":"2026-03-30 08:08:56","level":"MODULE","user":"Maria Luisa Galaz Palma","ip":"::1","url":"\/prueba\/distribuidora-esqueleto\/src\/js\/modules\/tickets\/editar-ticket.js","message":"Ruta ingresada inexistente, ruta: \/src\/js\/modules\/tickets\/editar-ticket.js","context":[]}
{"timestamp":"2026-03-30 08:08:56","level":"MODULE","user":"Maria Luisa Galaz Palma","ip":"::1","url":"\/prueba\/distribuidora-esqueleto\/src\/js\/lib\/DataTables\/datatables-min.js","message":"Ruta ingresada inexistente, ruta: \/src\/js\/lib\/DataTables\/datatables-min.js","context":[]}
{"timestamp":"2026-03-30 08:18:18","level":"MODULE","user":"Maria Luisa Galaz Palma","ip":"::1","url":"\/prueba\/distribuidora-esqueleto\/src\/js\/lib\/DataTables\/datatables-min.js","message":"Ruta ingresada inexistente, ruta: \/src\/js\/lib\/DataTables\/datatables-min.js","context":[]}
{"timestamp":"2026-03-30 08:18:18","level":"MODULE","user":"Maria Luisa Galaz Palma","ip":"::1","url":"\/prueba\/distribuidora-esqueleto\/src\/js\/modules\/tickets\/editar-ticket.js","message":"Ruta ingresada inexistente, ruta: \/src\/js\/modules\/tickets\/editar-ticket.js","context":[]}
{"timestamp":"2026-03-30 08:18:18","level":"MODULE","user":"Maria Luisa Galaz Palma","ip":"::1","url":"\/prueba\/distribuidora-esqueleto\/src\/js\/lib\/DataTables\/pdfmake.js.map","message":"Ruta ingresada inexistente, ruta: \/src\/js\/lib\/DataTables\/pdfmake.js.map","context":[]}
{"timestamp":"2026-03-30 08:23:33","level":"MODULE","user":"Maria Luisa Galaz Palma","ip":"::1","url":"\/prueba\/distribuidora-esqueleto\/src\/js\/modules\/tickets\/editar-ticket.js","message":"Ruta ingresada inexistente, ruta: \/src\/js\/modules\/tickets\/editar-ticket.js","context":[]}
{"timestamp":"2026-03-30 08:23:33","level":"MODULE","user":"Maria Luisa Galaz Palma","ip":"::1","url":"\/prueba\/distribuidora-esqueleto\/src\/js\/lib\/DataTables\/datatables-min.js","message":"Ruta ingresada inexistente, ruta: \/src\/js\/lib\/DataTables\/datatables-min.js","context":[]}
{"timestamp":"2026-03-30 08:23:33","level":"MODULE","user":"Maria Luisa Galaz Palma","ip":"::1","url":"\/prueba\/distribuidora-esqueleto\/src\/js\/lib\/DataTables\/pdfmake.js.map","message":"Ruta ingresada inexistente, ruta: \/src\/js\/lib\/DataTables\/pdfmake.js.map","context":[]}
{"timestamp":"2026-03-30 08:25:08","level":"MODULE","user":"Maria Luisa Galaz Palma","ip":"::1","url":"\/prueba\/distribuidora-esqueleto\/src\/js\/modules\/tickets\/editar-ticket.js","message":"Ruta ingresada inexistente, ruta: \/src\/js\/modules\/tickets\/editar-ticket.js","context":[]}
{"timestamp":"2026-03-30 08:25:08","level":"MODULE","user":"Maria Luisa Galaz Palma","ip":"::1","url":"\/prueba\/distribuidora-esqueleto\/src\/js\/lib\/DataTables\/datatables-min.js","message":"Ruta ingresada inexistente, ruta: \/src\/js\/lib\/DataTables\/datatables-min.js","context":[]}
{"timestamp":"2026-03-30 08:25:08","level":"MODULE","user":"Maria Luisa Galaz Palma","ip":"::1","url":"\/prueba\/distribuidora-esqueleto\/src\/js\/lib\/DataTables\/pdfmake.js.map","message":"Ruta ingresada inexistente, ruta: \/src\/js\/lib\/DataTables\/pdfmake.js.map","context":[]}
{"timestamp":"2026-03-30 08:26:54","level":"MODULE","user":"Maria Luisa Galaz Palma","ip":"::1","url":"\/prueba\/distribuidora-esqueleto\/src\/js\/modules\/tickets\/editar-ticket.js","message":"Ruta ingresada inexistente, ruta: \/src\/js\/modules\/tickets\/editar-ticket.js","context":[]}
{"timestamp":"2026-03-30 08:26:54","level":"MODULE","user":"Maria Luisa Galaz Palma","ip":"::1","url":"\/prueba\/distribuidora-esqueleto\/src\/js\/lib\/DataTables\/datatables-min.js","message":"Ruta ingresada inexistente, ruta: \/src\/js\/lib\/DataTables\/datatables-min.js","context":[]}
{"timestamp":"2026-03-30 08:26:55","level":"MODULE","user":"Maria Luisa Galaz Palma","ip":"::1","url":"\/prueba\/distribuidora-esqueleto\/src\/js\/lib\/DataTables\/pdfmake.js.map","message":"Ruta ingresada inexistente, ruta: \/src\/js\/lib\/DataTables\/pdfmake.js.map","context":[]}
{"timestamp":"2026-03-30 08:27:09","level":"MODULE","user":"Maria Luisa Galaz Palma","ip":"::1","url":"\/prueba\/distribuidora-esqueleto\/src\/js\/modules\/tickets\/editar-ticket.js","message":"Ruta ingresada inexistente, ruta: \/src\/js\/modules\/tickets\/editar-ticket.js","context":[]}
{"timestamp":"2026-03-30 08:27:09","level":"MODULE","user":"Maria Luisa Galaz Palma","ip":"::1","url":"\/prueba\/distribuidora-esqueleto\/src\/js\/lib\/DataTables\/datatables-min.js","message":"Ruta ingresada inexistente, ruta: \/src\/js\/lib\/DataTables\/datatables-min.js","context":[]}
{"timestamp":"2026-03-30 08:27:10","level":"MODULE","user":"Maria Luisa Galaz Palma","ip":"::1","url":"\/prueba\/distribuidora-esqueleto\/src\/js\/lib\/DataTables\/pdfmake.js.map","message":"Ruta ingresada inexistente, ruta: \/src\/js\/lib\/DataTables\/pdfmake.js.map","context":[]}
{"timestamp":"2026-03-30 08:30:22","level":"MODULE","user":"Maria Luisa Galaz Palma","ip":"::1","url":"\/prueba\/distribuidora-esqueleto\/src\/js\/modules\/tickets\/editar-ticket.js","message":"Ruta ingresada inexistente, ruta: \/src\/js\/modules\/tickets\/editar-ticket.js","context":[]}
{"timestamp":"2026-03-30 08:30:22","level":"MODULE","user":"Maria Luisa Galaz Palma","ip":"::1","url":"\/prueba\/distribuidora-esqueleto\/src\/js\/lib\/DataTables\/datatables-min.js","message":"Ruta ingresada inexistente, ruta: \/src\/js\/lib\/DataTables\/datatables-min.js","context":[]}
{"timestamp":"2026-03-30 08:30:22","level":"MODULE","user":"Maria Luisa Galaz Palma","ip":"::1","url":"\/prueba\/distribuidora-esqueleto\/src\/js\/lib\/DataTables\/pdfmake.js.map","message":"Ruta ingresada inexistente, ruta: \/src\/js\/lib\/DataTables\/pdfmake.js.map","context":[]}
{"timestamp":"2026-03-30 08:31:56","level":"MODULE","user":"Maria Luisa Galaz Palma","ip":"::1","url":"\/prueba\/distribuidora-esqueleto\/src\/js\/modules\/tickets\/editar-ticket.js","message":"Ruta ingresada inexistente, ruta: \/src\/js\/modules\/tickets\/editar-ticket.js","context":[]}
{"timestamp":"2026-03-30 08:31:56","level":"MODULE","user":"Maria Luisa Galaz Palma","ip":"::1","url":"\/prueba\/distribuidora-esqueleto\/src\/js\/lib\/DataTables\/datatables-min.js","message":"Ruta ingresada inexistente, ruta: \/src\/js\/lib\/DataTables\/datatables-min.js","context":[]}
{"timestamp":"2026-03-30 08:31:56","level":"MODULE","user":"Maria Luisa Galaz Palma","ip":"::1","url":"\/prueba\/distribuidora-esqueleto\/src\/js\/lib\/DataTables\/pdfmake.js.map","message":"Ruta ingresada inexistente, ruta: \/src\/js\/lib\/DataTables\/pdfmake.js.map","context":[]}
{"timestamp":"2026-03-30 08:34:55","level":"MODULE","user":"Maria Luisa Galaz Palma","ip":"::1","url":"\/prueba\/distribuidora-esqueleto\/src\/js\/modules\/tickets\/editar-ticket.js","message":"Ruta ingresada inexistente, ruta: \/src\/js\/modules\/tickets\/editar-ticket.js","context":[]}
{"timestamp":"2026-03-30 08:34:55","level":"MODULE","user":"Maria Luisa Galaz Palma","ip":"::1","url":"\/prueba\/distribuidora-esqueleto\/src\/js\/lib\/DataTables\/datatables-min.js","message":"Ruta ingresada inexistente, ruta: \/src\/js\/lib\/DataTables\/datatables-min.js","context":[]}
{"timestamp":"2026-03-30 08:34:56","level":"MODULE","user":"Maria Luisa Galaz Palma","ip":"::1","url":"\/prueba\/distribuidora-esqueleto\/src\/js\/lib\/DataTables\/pdfmake.js.map","message":"Ruta ingresada inexistente, ruta: \/src\/js\/lib\/DataTables\/pdfmake.js.map","context":[]}
{"timestamp":"2026-03-30 08:37:20","level":"MODULE","user":"Maria Luisa Galaz Palma","ip":"::1","url":"\/prueba\/distribuidora-esqueleto\/src\/js\/modules\/tickets\/editar-ticket.js","message":"Ruta ingresada inexistente, ruta: \/src\/js\/modules\/tickets\/editar-ticket.js","context":[]}
{"timestamp":"2026-03-30 08:37:20","level":"MODULE","user":"Maria Luisa Galaz Palma","ip":"::1","url":"\/prueba\/distribuidora-esqueleto\/src\/js\/lib\/DataTables\/datatables-min.js","message":"Ruta ingresada inexistente, ruta: \/src\/js\/lib\/DataTables\/datatables-min.js","context":[]}
{"timestamp":"2026-03-30 08:37:21","level":"MODULE","user":"Maria Luisa Galaz Palma","ip":"::1","url":"\/prueba\/distribuidora-esqueleto\/src\/js\/lib\/DataTables\/pdfmake.js.map","message":"Ruta ingresada inexistente, ruta: \/src\/js\/lib\/DataTables\/pdfmake.js.map","context":[]}
{"timestamp":"2026-03-30 08:42:25","level":"MODULE","user":"Maria Luisa Galaz Palma","ip":"::1","url":"\/prueba\/distribuidora-esqueleto\/src\/js\/modules\/tickets\/editar-ticket.js","message":"Ruta ingresada inexistente, ruta: \/src\/js\/modules\/tickets\/editar-ticket.js","context":[]}
{"timestamp":"2026-03-30 08:42:25","level":"MODULE","user":"Maria Luisa Galaz Palma","ip":"::1","url":"\/prueba\/distribuidora-esqueleto\/src\/js\/lib\/DataTables\/datatables-min.js","message":"Ruta ingresada inexistente, ruta: \/src\/js\/lib\/DataTables\/datatables-min.js","context":[]}
{"timestamp":"2026-03-30 08:42:25","level":"MODULE","user":"Maria Luisa Galaz Palma","ip":"::1","url":"\/prueba\/distribuidora-esqueleto\/src\/js\/lib\/DataTables\/pdfmake.js.map","message":"Ruta ingresada inexistente, ruta: \/src\/js\/lib\/DataTables\/pdfmake.js.map","context":[]}
{"timestamp":"2026-03-30 08:44:29","level":"MODULE","user":"Maria Luisa Galaz Palma","ip":"::1","url":"\/prueba\/distribuidora-esqueleto\/src\/js\/modules\/tickets\/editar-ticket.js","message":"Ruta ingresada inexistente, ruta: \/src\/js\/modules\/tickets\/editar-ticket.js","context":[]}
{"timestamp":"2026-03-30 08:44:29","level":"MODULE","user":"Maria Luisa Galaz Palma","ip":"::1","url":"\/prueba\/distribuidora-esqueleto\/src\/js\/lib\/DataTables\/datatables-min.js","message":"Ruta ingresada inexistente, ruta: \/src\/js\/lib\/DataTables\/datatables-min.js","context":[]}
{"timestamp":"2026-03-30 08:44:30","level":"MODULE","user":"Maria Luisa Galaz Palma","ip":"::1","url":"\/prueba\/distribuidora-esqueleto\/src\/js\/lib\/DataTables\/pdfmake.js.map","message":"Ruta ingresada inexistente, ruta: \/src\/js\/lib\/DataTables\/pdfmake.js.map","context":[]}
{"timestamp":"2026-03-30 08:44:56","level":"MODULE","user":"Maria Luisa Galaz Palma","ip":"::1","url":"\/prueba\/distribuidora-esqueleto\/src\/js\/lib\/DataTables\/datatables-min.js","message":"Ruta ingresada inexistente, ruta: \/src\/js\/lib\/DataTables\/datatables-min.js","context":[]}
{"timestamp":"2026-03-30 08:44:56","level":"MODULE","user":"Maria Luisa Galaz Palma","ip":"::1","url":"\/prueba\/distribuidora-esqueleto\/src\/js\/modules\/tickets\/editar-ticket.js","message":"Ruta ingresada inexistente, ruta: \/src\/js\/modules\/tickets\/editar-ticket.js","context":[]}
{"timestamp":"2026-03-30 08:44:57","level":"MODULE","user":"Maria Luisa Galaz Palma","ip":"::1","url":"\/prueba\/distribuidora-esqueleto\/src\/js\/lib\/DataTables\/pdfmake.js.map","message":"Ruta ingresada inexistente, ruta: \/src\/js\/lib\/DataTables\/pdfmake.js.map","context":[]}
{"timestamp":"2026-03-30 08:45:33","level":"MODULE","user":"Maria Luisa Galaz Palma","ip":"::1","url":"\/prueba\/distribuidora-esqueleto\/src\/js\/lib\/DataTables\/datatables-min.js","message":"Ruta ingresada inexistente, ruta: \/src\/js\/lib\/DataTables\/datatables-min.js","context":[]}
{"timestamp":"2026-03-30 08:45:33","level":"MODULE","user":"Maria Luisa Galaz Palma","ip":"::1","url":"\/prueba\/distribuidora-esqueleto\/src\/js\/modules\/tickets\/editar-ticket.js","message":"Ruta ingresada inexistente, ruta: \/src\/js\/modules\/tickets\/editar-ticket.js","context":[]}
{"timestamp":"2026-03-30 08:45:33","level":"MODULE","user":"Maria Luisa Galaz Palma","ip":"::1","url":"\/prueba\/distribuidora-esqueleto\/src\/js\/lib\/DataTables\/pdfmake.js.map","message":"Ruta ingresada inexistente, ruta: \/src\/js\/lib\/DataTables\/pdfmake.js.map","context":[]}
{"timestamp":"2026-03-30 08:47:27","level":"MODULE","user":"Maria Luisa Galaz Palma","ip":"::1","url":"\/prueba\/distribuidora-esqueleto\/src\/js\/modules\/tickets\/editar-ticket.js","message":"Ruta ingresada inexistente, ruta: \/src\/js\/modules\/tickets\/editar-ticket.js","context":[]}
{"timestamp":"2026-03-30 08:47:27","level":"MODULE","user":"Maria Luisa Galaz Palma","ip":"::1","url":"\/prueba\/distribuidora-esqueleto\/src\/js\/lib\/DataTables\/datatables-min.js","message":"Ruta ingresada inexistente, ruta: \/src\/js\/lib\/DataTables\/datatables-min.js","context":[]}
{"timestamp":"2026-03-30 08:47:28","level":"MODULE","user":"Maria Luisa Galaz Palma","ip":"::1","url":"\/prueba\/distribuidora-esqueleto\/src\/js\/lib\/DataTables\/pdfmake.js.map","message":"Ruta ingresada inexistente, ruta: \/src\/js\/lib\/DataTables\/pdfmake.js.map","context":[]}
{"timestamp":"2026-03-30 08:48:56","level":"MODULE","user":"Maria Luisa Galaz Palma","ip":"::1","url":"\/prueba\/distribuidora-esqueleto\/src\/js\/modules\/tickets\/editar-ticket.js","message":"Ruta ingresada inexistente, ruta: \/src\/js\/modules\/tickets\/editar-ticket.js","context":[]}
{"timestamp":"2026-03-30 08:48:56","level":"MODULE","user":"Maria Luisa Galaz Palma","ip":"::1","url":"\/prueba\/distribuidora-esqueleto\/src\/js\/lib\/DataTables\/datatables-min.js","message":"Ruta ingresada inexistente, ruta: \/src\/js\/lib\/DataTables\/datatables-min.js","context":[]}
{"timestamp":"2026-03-30 08:48:56","level":"MODULE","user":"Maria Luisa Galaz Palma","ip":"::1","url":"\/prueba\/distribuidora-esqueleto\/src\/js\/lib\/DataTables\/pdfmake.js.map","message":"Ruta ingresada inexistente, ruta: \/src\/js\/lib\/DataTables\/pdfmake.js.map","context":[]}
{"timestamp":"2026-03-30 08:49:28","level":"MODULE","user":"Maria Luisa Galaz Palma","ip":"::1","url":"\/prueba\/distribuidora-esqueleto\/src\/js\/lib\/DataTables\/datatables-min.js","message":"Ruta ingresada inexistente, ruta: \/src\/js\/lib\/DataTables\/datatables-min.js","context":[]}
{"timestamp":"2026-03-30 08:49:28","level":"MODULE","user":"Maria Luisa Galaz Palma","ip":"::1","url":"\/prueba\/distribuidora-esqueleto\/src\/js\/modules\/tickets\/editar-ticket.js","message":"Ruta ingresada inexistente, ruta: \/src\/js\/modules\/tickets\/editar-ticket.js","context":[]}
{"timestamp":"2026-03-30 08:49:28","level":"MODULE","user":"Maria Luisa Galaz Palma","ip":"::1","url":"\/prueba\/distribuidora-esqueleto\/src\/js\/lib\/DataTables\/pdfmake.js.map","message":"Ruta ingresada inexistente, ruta: \/src\/js\/lib\/DataTables\/pdfmake.js.map","context":[]}
{"timestamp":"2026-03-30 08:53:33","level":"MODULE","user":"Maria Luisa Galaz Palma","ip":"::1","url":"\/prueba\/distribuidora-esqueleto\/src\/js\/modules\/tickets\/editar-ticket.js","message":"Ruta ingresada inexistente, ruta: \/src\/js\/modules\/tickets\/editar-ticket.js","context":[]}
{"timestamp":"2026-03-30 08:53:33","level":"MODULE","user":"Maria Luisa Galaz Palma","ip":"::1","url":"\/prueba\/distribuidora-esqueleto\/src\/js\/lib\/DataTables\/datatables-min.js","message":"Ruta ingresada inexistente, ruta: \/src\/js\/lib\/DataTables\/datatables-min.js","context":[]}
{"timestamp":"2026-03-30 08:53:33","level":"MODULE","user":"Maria Luisa Galaz Palma","ip":"::1","url":"\/prueba\/distribuidora-esqueleto\/src\/js\/lib\/DataTables\/pdfmake.js.map","message":"Ruta ingresada inexistente, ruta: \/src\/js\/lib\/DataTables\/pdfmake.js.map","context":[]}
{"timestamp":"2026-03-30 08:54:24","level":"MODULE","user":"Maria Luisa Galaz Palma","ip":"::1","url":"\/prueba\/distribuidora-esqueleto\/src\/js\/modules\/tickets\/editar-ticket.js","message":"Ruta ingresada inexistente, ruta: \/src\/js\/modules\/tickets\/editar-ticket.js","context":[]}
{"timestamp":"2026-03-30 08:54:24","level":"MODULE","user":"Maria Luisa Galaz Palma","ip":"::1","url":"\/prueba\/distribuidora-esqueleto\/src\/js\/lib\/DataTables\/datatables-min.js","message":"Ruta ingresada inexistente, ruta: \/src\/js\/lib\/DataTables\/datatables-min.js","context":[]}
{"timestamp":"2026-03-30 08:54:24","level":"MODULE","user":"Maria Luisa Galaz Palma","ip":"::1","url":"\/prueba\/distribuidora-esqueleto\/src\/js\/lib\/DataTables\/pdfmake.js.map","message":"Ruta ingresada inexistente, ruta: \/src\/js\/lib\/DataTables\/pdfmake.js.map","context":[]}
{"timestamp":"2026-03-30 08:58:49","level":"MODULE","user":"Maria Luisa Galaz Palma","ip":"::1","url":"\/prueba\/distribuidora-esqueleto\/src\/js\/lib\/DataTables\/datatables-min.js","message":"Ruta ingresada inexistente, ruta: \/src\/js\/lib\/DataTables\/datatables-min.js","context":[]}
{"timestamp":"2026-03-30 08:58:49","level":"MODULE","user":"Maria Luisa Galaz Palma","ip":"::1","url":"\/prueba\/distribuidora-esqueleto\/src\/js\/modules\/tickets\/editar-ticket.js","message":"Ruta ingresada inexistente, ruta: \/src\/js\/modules\/tickets\/editar-ticket.js","context":[]}
{"timestamp":"2026-03-30 08:58:49","level":"MODULE","user":"Maria Luisa Galaz Palma","ip":"::1","url":"\/prueba\/distribuidora-esqueleto\/src\/js\/lib\/DataTables\/pdfmake.js.map","message":"Ruta ingresada inexistente, ruta: \/src\/js\/lib\/DataTables\/pdfmake.js.map","context":[]}
{"timestamp":"2026-03-30 09:07:18","level":"MODULE","user":"Maria Luisa Galaz Palma","ip":"::1","url":"\/prueba\/distribuidora-esqueleto\/src\/js\/modules\/tickets\/editar-ticket.js","message":"Ruta ingresada inexistente, ruta: \/src\/js\/modules\/tickets\/editar-ticket.js","context":[]}
{"timestamp":"2026-03-30 09:07:18","level":"MODULE","user":"Maria Luisa Galaz Palma","ip":"::1","url":"\/prueba\/distribuidora-esqueleto\/src\/js\/lib\/DataTables\/datatables-min.js","message":"Ruta ingresada inexistente, ruta: \/src\/js\/lib\/DataTables\/datatables-min.js","context":[]}
{"timestamp":"2026-03-30 09:07:18","level":"MODULE","user":"Maria Luisa Galaz Palma","ip":"::1","url":"\/prueba\/distribuidora-esqueleto\/src\/js\/lib\/DataTables\/pdfmake.js.map","message":"Ruta ingresada inexistente, ruta: \/src\/js\/lib\/DataTables\/pdfmake.js.map","context":[]}
{"timestamp":"2026-03-30 09:07:45","level":"MODULE","user":"Maria Luisa Galaz Palma","ip":"::1","url":"\/prueba\/distribuidora-esqueleto\/src\/js\/modules\/tickets\/editar-ticket.js","message":"Ruta ingresada inexistente, ruta: \/src\/js\/modules\/tickets\/editar-ticket.js","context":[]}
{"timestamp":"2026-03-30 09:07:45","level":"MODULE","user":"Maria Luisa Galaz Palma","ip":"::1","url":"\/prueba\/distribuidora-esqueleto\/src\/js\/lib\/DataTables\/datatables-min.js","message":"Ruta ingresada inexistente, ruta: \/src\/js\/lib\/DataTables\/datatables-min.js","context":[]}
{"timestamp":"2026-03-30 09:07:45","level":"MODULE","user":"Maria Luisa Galaz Palma","ip":"::1","url":"\/prueba\/distribuidora-esqueleto\/src\/js\/lib\/DataTables\/pdfmake.js.map","message":"Ruta ingresada inexistente, ruta: \/src\/js\/lib\/DataTables\/pdfmake.js.map","context":[]}
{"timestamp":"2026-03-30 09:08:09","level":"MODULE","user":"Maria Luisa Galaz Palma","ip":"::1","url":"\/prueba\/distribuidora-esqueleto\/src\/js\/lib\/DataTables\/datatables-min.js","message":"Ruta ingresada inexistente, ruta: \/src\/js\/lib\/DataTables\/datatables-min.js","context":[]}
{"timestamp":"2026-03-30 09:08:09","level":"MODULE","user":"Maria Luisa Galaz Palma","ip":"::1","url":"\/prueba\/distribuidora-esqueleto\/src\/js\/modules\/tickets\/editar-ticket.js","message":"Ruta ingresada inexistente, ruta: \/src\/js\/modules\/tickets\/editar-ticket.js","context":[]}
{"timestamp":"2026-03-30 09:08:09","level":"MODULE","user":"Maria Luisa Galaz Palma","ip":"::1","url":"\/prueba\/distribuidora-esqueleto\/src\/js\/lib\/DataTables\/pdfmake.js.map","message":"Ruta ingresada inexistente, ruta: \/src\/js\/lib\/DataTables\/pdfmake.js.map","context":[]}
{"timestamp":"2026-03-30 09:12:40","level":"MODULE","user":"Maria Luisa Galaz Palma","ip":"::1","url":"\/prueba\/distribuidora-esqueleto\/src\/js\/modules\/tickets\/editar-ticket.js","message":"Ruta ingresada inexistente, ruta: \/src\/js\/modules\/tickets\/editar-ticket.js","context":[]}
{"timestamp":"2026-03-30 09:12:40","level":"MODULE","user":"Maria Luisa Galaz Palma","ip":"::1","url":"\/prueba\/distribuidora-esqueleto\/src\/js\/lib\/DataTables\/datatables-min.js","message":"Ruta ingresada inexistente, ruta: \/src\/js\/lib\/DataTables\/datatables-min.js","context":[]}
{"timestamp":"2026-03-30 09:12:40","level":"MODULE","user":"Maria Luisa Galaz Palma","ip":"::1","url":"\/prueba\/distribuidora-esqueleto\/src\/js\/lib\/DataTables\/pdfmake.js.map","message":"Ruta ingresada inexistente, ruta: \/src\/js\/lib\/DataTables\/pdfmake.js.map","context":[]}
{"timestamp":"2026-03-30 09:26:51","level":"MODULE","user":"Maria Luisa Galaz Palma","ip":"::1","url":"\/prueba\/distribuidora-esqueleto\/src\/js\/modules\/tickets\/editar-ticket.js","message":"Ruta ingresada inexistente, ruta: \/src\/js\/modules\/tickets\/editar-ticket.js","context":[]}
{"timestamp":"2026-03-30 09:26:51","level":"MODULE","user":"Maria Luisa Galaz Palma","ip":"::1","url":"\/prueba\/distribuidora-esqueleto\/src\/js\/lib\/DataTables\/datatables-min.js","message":"Ruta ingresada inexistente, ruta: \/src\/js\/lib\/DataTables\/datatables-min.js","context":[]}
{"timestamp":"2026-03-30 09:26:51","level":"MODULE","user":"Maria Luisa Galaz Palma","ip":"::1","url":"\/prueba\/distribuidora-esqueleto\/src\/js\/lib\/DataTables\/pdfmake.js.map","message":"Ruta ingresada inexistente, ruta: \/src\/js\/lib\/DataTables\/pdfmake.js.map","context":[]}
{"timestamp":"2026-03-30 09:27:59","level":"MODULE","user":"Maria Luisa Galaz Palma","ip":"::1","url":"\/prueba\/distribuidora-esqueleto\/src\/js\/modules\/tickets\/editar-ticket.js","message":"Ruta ingresada inexistente, ruta: \/src\/js\/modules\/tickets\/editar-ticket.js","context":[]}
{"timestamp":"2026-03-30 09:27:59","level":"MODULE","user":"Maria Luisa Galaz Palma","ip":"::1","url":"\/prueba\/distribuidora-esqueleto\/src\/js\/lib\/DataTables\/datatables-min.js","message":"Ruta ingresada inexistente, ruta: \/src\/js\/lib\/DataTables\/datatables-min.js","context":[]}
{"timestamp":"2026-03-30 09:27:59","level":"MODULE","user":"Maria Luisa Galaz Palma","ip":"::1","url":"\/prueba\/distribuidora-esqueleto\/src\/js\/lib\/DataTables\/pdfmake.js.map","message":"Ruta ingresada inexistente, ruta: \/src\/js\/lib\/DataTables\/pdfmake.js.map","context":[]}
{"timestamp":"2026-03-30 09:28:39","level":"MODULE","user":"Maria Luisa Galaz Palma","ip":"::1","url":"\/prueba\/distribuidora-esqueleto\/src\/js\/modules\/tickets\/editar-ticket.js","message":"Ruta ingresada inexistente, ruta: \/src\/js\/modules\/tickets\/editar-ticket.js","context":[]}
{"timestamp":"2026-03-30 09:28:39","level":"MODULE","user":"Maria Luisa Galaz Palma","ip":"::1","url":"\/prueba\/distribuidora-esqueleto\/src\/js\/lib\/DataTables\/datatables-min.js","message":"Ruta ingresada inexistente, ruta: \/src\/js\/lib\/DataTables\/datatables-min.js","context":[]}
{"timestamp":"2026-03-30 09:28:40","level":"MODULE","user":"Maria Luisa Galaz Palma","ip":"::1","url":"\/prueba\/distribuidora-esqueleto\/src\/js\/lib\/DataTables\/pdfmake.js.map","message":"Ruta ingresada inexistente, ruta: \/src\/js\/lib\/DataTables\/pdfmake.js.map","context":[]}
{"timestamp":"2026-03-30 09:30:50","level":"MODULE","user":"Maria Luisa Galaz Palma","ip":"::1","url":"\/prueba\/distribuidora-esqueleto\/src\/js\/modules\/tickets\/editar-ticket.js","message":"Ruta ingresada inexistente, ruta: \/src\/js\/modules\/tickets\/editar-ticket.js","context":[]}
{"timestamp":"2026-03-30 09:30:50","level":"MODULE","user":"Maria Luisa Galaz Palma","ip":"::1","url":"\/prueba\/distribuidora-esqueleto\/src\/js\/lib\/DataTables\/datatables-min.js","message":"Ruta ingresada inexistente, ruta: \/src\/js\/lib\/DataTables\/datatables-min.js","context":[]}
{"timestamp":"2026-03-30 09:30:50","level":"MODULE","user":"Maria Luisa Galaz Palma","ip":"::1","url":"\/prueba\/distribuidora-esqueleto\/src\/js\/lib\/DataTables\/pdfmake.js.map","message":"Ruta ingresada inexistente, ruta: \/src\/js\/lib\/DataTables\/pdfmake.js.map","context":[]}
{"timestamp":"2026-03-30 09:43:54","level":"MODULE","user":"Maria Luisa Galaz Palma","ip":"::1","url":"\/prueba\/distribuidora-esqueleto\/src\/js\/modules\/tickets\/editar-ticket.js","message":"Ruta ingresada inexistente, ruta: \/src\/js\/modules\/tickets\/editar-ticket.js","context":[]}
{"timestamp":"2026-03-30 09:43:54","level":"MODULE","user":"Maria Luisa Galaz Palma","ip":"::1","url":"\/prueba\/distribuidora-esqueleto\/src\/js\/lib\/DataTables\/datatables-min.js","message":"Ruta ingresada inexistente, ruta: \/src\/js\/lib\/DataTables\/datatables-min.js","context":[]}
{"timestamp":"2026-03-30 09:43:55","level":"MODULE","user":"Maria Luisa Galaz Palma","ip":"::1","url":"\/prueba\/distribuidora-esqueleto\/src\/js\/lib\/DataTables\/pdfmake.js.map","message":"Ruta ingresada inexistente, ruta: \/src\/js\/lib\/DataTables\/pdfmake.js.map","context":[]}
{"timestamp":"2026-03-30 09:49:05","level":"MODULE","user":"Maria Luisa Galaz Palma","ip":"::1","url":"\/prueba\/distribuidora-esqueleto\/src\/js\/modules\/tickets\/editar-ticket.js","message":"Ruta ingresada inexistente, ruta: \/src\/js\/modules\/tickets\/editar-ticket.js","context":[]}
{"timestamp":"2026-03-30 09:49:05","level":"MODULE","user":"Maria Luisa Galaz Palma","ip":"::1","url":"\/prueba\/distribuidora-esqueleto\/src\/js\/lib\/DataTables\/datatables-min.js","message":"Ruta ingresada inexistente, ruta: \/src\/js\/lib\/DataTables\/datatables-min.js","context":[]}
{"timestamp":"2026-03-30 09:49:05","level":"MODULE","user":"Maria Luisa Galaz Palma","ip":"::1","url":"\/prueba\/distribuidora-esqueleto\/src\/js\/lib\/DataTables\/pdfmake.js.map","message":"Ruta ingresada inexistente, ruta: \/src\/js\/lib\/DataTables\/pdfmake.js.map","context":[]}
{"timestamp":"2026-03-30 09:52:58","level":"MODULE","user":"Maria Luisa Galaz Palma","ip":"::1","url":"\/prueba\/distribuidora-esqueleto\/src\/js\/modules\/tickets\/editar-ticket.js","message":"Ruta ingresada inexistente, ruta: \/src\/js\/modules\/tickets\/editar-ticket.js","context":[]}
{"timestamp":"2026-03-30 09:52:58","level":"MODULE","user":"Maria Luisa Galaz Palma","ip":"::1","url":"\/prueba\/distribuidora-esqueleto\/src\/js\/lib\/DataTables\/datatables-min.js","message":"Ruta ingresada inexistente, ruta: \/src\/js\/lib\/DataTables\/datatables-min.js","context":[]}
{"timestamp":"2026-03-30 09:52:58","level":"MODULE","user":"Maria Luisa Galaz Palma","ip":"::1","url":"\/prueba\/distribuidora-esqueleto\/src\/js\/lib\/DataTables\/pdfmake.js.map","message":"Ruta ingresada inexistente, ruta: \/src\/js\/lib\/DataTables\/pdfmake.js.map","context":[]}
{"timestamp":"2026-03-30 09:53:16","level":"MODULE","user":"Maria Luisa Galaz Palma","ip":"::1","url":"\/prueba\/distribuidora-esqueleto\/src\/js\/modules\/tickets\/editar-ticket.js","message":"Ruta ingresada inexistente, ruta: \/src\/js\/modules\/tickets\/editar-ticket.js","context":[]}
{"timestamp":"2026-03-30 09:53:16","level":"MODULE","user":"Maria Luisa Galaz Palma","ip":"::1","url":"\/prueba\/distribuidora-esqueleto\/src\/js\/lib\/DataTables\/datatables-min.js","message":"Ruta ingresada inexistente, ruta: \/src\/js\/lib\/DataTables\/datatables-min.js","context":[]}
{"timestamp":"2026-03-30 09:53:17","level":"MODULE","user":"Maria Luisa Galaz Palma","ip":"::1","url":"\/prueba\/distribuidora-esqueleto\/src\/js\/lib\/DataTables\/pdfmake.js.map","message":"Ruta ingresada inexistente, ruta: \/src\/js\/lib\/DataTables\/pdfmake.js.map","context":[]}
{"timestamp":"2026-03-30 09:53:53","level":"MODULE","user":"Maria Luisa Galaz Palma","ip":"::1","url":"\/prueba\/distribuidora-esqueleto\/src\/js\/modules\/tickets\/editar-ticket.js","message":"Ruta ingresada inexistente, ruta: \/src\/js\/modules\/tickets\/editar-ticket.js","context":[]}
{"timestamp":"2026-03-30 09:53:54","level":"MODULE","user":"Maria Luisa Galaz Palma","ip":"::1","url":"\/prueba\/distribuidora-esqueleto\/src\/js\/lib\/DataTables\/datatables-min.js","message":"Ruta ingresada inexistente, ruta: \/src\/js\/lib\/DataTables\/datatables-min.js","context":[]}
{"timestamp":"2026-03-30 09:53:54","level":"MODULE","user":"Maria Luisa Galaz Palma","ip":"::1","url":"\/prueba\/distribuidora-esqueleto\/src\/js\/lib\/DataTables\/pdfmake.js.map","message":"Ruta ingresada inexistente, ruta: \/src\/js\/lib\/DataTables\/pdfmake.js.map","context":[]}
{"timestamp":"2026-03-30 09:57:11","level":"MODULE","user":"Maria Luisa Galaz Palma","ip":"::1","url":"\/prueba\/distribuidora-esqueleto\/src\/js\/modules\/tickets\/editar-ticket.js","message":"Ruta ingresada inexistente, ruta: \/src\/js\/modules\/tickets\/editar-ticket.js","context":[]}
{"timestamp":"2026-03-30 09:57:12","level":"MODULE","user":"Maria Luisa Galaz Palma","ip":"::1","url":"\/prueba\/distribuidora-esqueleto\/src\/js\/lib\/DataTables\/datatables-min.js","message":"Ruta ingresada inexistente, ruta: \/src\/js\/lib\/DataTables\/datatables-min.js","context":[]}
{"timestamp":"2026-03-30 09:57:12","level":"MODULE","user":"Maria Luisa Galaz Palma","ip":"::1","url":"\/prueba\/distribuidora-esqueleto\/src\/js\/lib\/DataTables\/pdfmake.js.map","message":"Ruta ingresada inexistente, ruta: \/src\/js\/lib\/DataTables\/pdfmake.js.map","context":[]}
{"timestamp":"2026-03-30 09:58:31","level":"MODULE","user":"Maria Luisa Galaz Palma","ip":"::1","url":"\/prueba\/distribuidora-esqueleto\/src\/js\/modules\/tickets\/editar-ticket.js","message":"Ruta ingresada inexistente, ruta: \/src\/js\/modules\/tickets\/editar-ticket.js","context":[]}
{"timestamp":"2026-03-30 09:58:31","level":"MODULE","user":"Maria Luisa Galaz Palma","ip":"::1","url":"\/prueba\/distribuidora-esqueleto\/src\/js\/lib\/DataTables\/datatables-min.js","message":"Ruta ingresada inexistente, ruta: \/src\/js\/lib\/DataTables\/datatables-min.js","context":[]}
{"timestamp":"2026-03-30 09:58:31","level":"MODULE","user":"Maria Luisa Galaz Palma","ip":"::1","url":"\/prueba\/distribuidora-esqueleto\/src\/js\/lib\/DataTables\/pdfmake.js.map","message":"Ruta ingresada inexistente, ruta: \/src\/js\/lib\/DataTables\/pdfmake.js.map","context":[]}
{"timestamp":"2026-03-30 09:59:58","level":"MODULE","user":"Maria Luisa Galaz Palma","ip":"::1","url":"\/prueba\/distribuidora-esqueleto\/src\/js\/modules\/tickets\/editar-ticket.js","message":"Ruta ingresada inexistente, ruta: \/src\/js\/modules\/tickets\/editar-ticket.js","context":[]}
{"timestamp":"2026-03-30 09:59:58","level":"MODULE","user":"Maria Luisa Galaz Palma","ip":"::1","url":"\/prueba\/distribuidora-esqueleto\/src\/js\/lib\/DataTables\/datatables-min.js","message":"Ruta ingresada inexistente, ruta: \/src\/js\/lib\/DataTables\/datatables-min.js","context":[]}
{"timestamp":"2026-03-30 09:59:58","level":"MODULE","user":"Maria Luisa Galaz Palma","ip":"::1","url":"\/prueba\/distribuidora-esqueleto\/src\/js\/lib\/DataTables\/pdfmake.js.map","message":"Ruta ingresada inexistente, ruta: \/src\/js\/lib\/DataTables\/pdfmake.js.map","context":[]}
{"timestamp":"2026-03-30 10:03:43","level":"MODULE","user":"Maria Luisa Galaz Palma","ip":"::1","url":"\/prueba\/distribuidora-esqueleto\/src\/js\/lib\/DataTables\/datatables-min.js","message":"Ruta ingresada inexistente, ruta: \/src\/js\/lib\/DataTables\/datatables-min.js","context":[]}
{"timestamp":"2026-03-30 10:03:43","level":"MODULE","user":"Maria Luisa Galaz Palma","ip":"::1","url":"\/prueba\/distribuidora-esqueleto\/src\/js\/modules\/tickets\/editar-ticket.js","message":"Ruta ingresada inexistente, ruta: \/src\/js\/modules\/tickets\/editar-ticket.js","context":[]}
{"timestamp":"2026-03-30 10:03:43","level":"MODULE","user":"Maria Luisa Galaz Palma","ip":"::1","url":"\/prueba\/distribuidora-esqueleto\/src\/js\/lib\/DataTables\/pdfmake.js.map","message":"Ruta ingresada inexistente, ruta: \/src\/js\/lib\/DataTables\/pdfmake.js.map","context":[]}
{"timestamp":"2026-03-30 10:08:59","level":"MODULE","user":"Admin Yesenia","ip":"::1","url":"\/prueba\/distribuidora-esqueleto\/src\/js\/lib\/DataTables\/datatables-min.js","message":"Ruta ingresada inexistente, ruta: \/src\/js\/lib\/DataTables\/datatables-min.js","context":[]}
{"timestamp":"2026-03-30 10:08:59","level":"MODULE","user":"Admin Yesenia","ip":"::1","url":"\/prueba\/distribuidora-esqueleto\/src\/js\/modules\/tickets\/editar-ticket.js","message":"Ruta ingresada inexistente, ruta: \/src\/js\/modules\/tickets\/editar-ticket.js","context":[]}
{"timestamp":"2026-03-30 10:08:59","level":"MODULE","user":"Admin Yesenia","ip":"::1","url":"\/prueba\/distribuidora-esqueleto\/src\/js\/lib\/DataTables\/pdfmake.js.map","message":"Ruta ingresada inexistente, ruta: \/src\/js\/lib\/DataTables\/pdfmake.js.map","context":[]}
{"timestamp":"2026-03-30 10:12:44","level":"MODULE","user":"Admin Yesenia","ip":"::1","url":"\/prueba\/distribuidora-esqueleto\/src\/js\/modules\/tickets\/editar-ticket.js","message":"Ruta ingresada inexistente, ruta: \/src\/js\/modules\/tickets\/editar-ticket.js","context":[]}
{"timestamp":"2026-03-30 10:12:44","level":"MODULE","user":"Admin Yesenia","ip":"::1","url":"\/prueba\/distribuidora-esqueleto\/src\/js\/lib\/DataTables\/datatables-min.js","message":"Ruta ingresada inexistente, ruta: \/src\/js\/lib\/DataTables\/datatables-min.js","context":[]}
{"timestamp":"2026-03-30 10:12:44","level":"MODULE","user":"Admin Yesenia","ip":"::1","url":"\/prueba\/distribuidora-esqueleto\/src\/js\/lib\/DataTables\/pdfmake.js.map","message":"Ruta ingresada inexistente, ruta: \/src\/js\/lib\/DataTables\/pdfmake.js.map","context":[]}
{"timestamp":"2026-03-30 10:14:01","level":"MODULE","user":"Admin Yesenia","ip":"::1","url":"\/prueba\/distribuidora-esqueleto\/src\/js\/modules\/tickets\/editar-ticket.js","message":"Ruta ingresada inexistente, ruta: \/src\/js\/modules\/tickets\/editar-ticket.js","context":[]}
{"timestamp":"2026-03-30 10:14:01","level":"MODULE","user":"Admin Yesenia","ip":"::1","url":"\/prueba\/distribuidora-esqueleto\/src\/js\/lib\/DataTables\/datatables-min.js","message":"Ruta ingresada inexistente, ruta: \/src\/js\/lib\/DataTables\/datatables-min.js","context":[]}
{"timestamp":"2026-03-30 10:14:01","level":"MODULE","user":"Admin Yesenia","ip":"::1","url":"\/prueba\/distribuidora-esqueleto\/src\/js\/lib\/DataTables\/pdfmake.js.map","message":"Ruta ingresada inexistente, ruta: \/src\/js\/lib\/DataTables\/pdfmake.js.map","context":[]}
{"timestamp":"2026-03-30 10:15:37","level":"MODULE","user":"Admin Yesenia","ip":"::1","url":"\/prueba\/distribuidora-esqueleto\/src\/js\/modules\/tickets\/editar-ticket.js","message":"Ruta ingresada inexistente, ruta: \/src\/js\/modules\/tickets\/editar-ticket.js","context":[]}
{"timestamp":"2026-03-30 10:15:37","level":"MODULE","user":"Admin Yesenia","ip":"::1","url":"\/prueba\/distribuidora-esqueleto\/src\/js\/lib\/DataTables\/datatables-min.js","message":"Ruta ingresada inexistente, ruta: \/src\/js\/lib\/DataTables\/datatables-min.js","context":[]}
{"timestamp":"2026-03-30 10:15:37","level":"MODULE","user":"Admin Yesenia","ip":"::1","url":"\/prueba\/distribuidora-esqueleto\/src\/js\/lib\/DataTables\/pdfmake.js.map","message":"Ruta ingresada inexistente, ruta: \/src\/js\/lib\/DataTables\/pdfmake.js.map","context":[]}
{"timestamp":"2026-03-30 10:19:34","level":"MODULE","user":"Admin Yesenia","ip":"::1","url":"\/prueba\/distribuidora-esqueleto\/src\/js\/lib\/DataTables\/datatables-min.js","message":"Ruta ingresada inexistente, ruta: \/src\/js\/lib\/DataTables\/datatables-min.js","context":[]}
{"timestamp":"2026-03-30 10:19:34","level":"MODULE","user":"Admin Yesenia","ip":"::1","url":"\/prueba\/distribuidora-esqueleto\/src\/js\/modules\/tickets\/editar-ticket.js","message":"Ruta ingresada inexistente, ruta: \/src\/js\/modules\/tickets\/editar-ticket.js","context":[]}
{"timestamp":"2026-03-30 10:19:34","level":"MODULE","user":"Admin Yesenia","ip":"::1","url":"\/prueba\/distribuidora-esqueleto\/src\/js\/lib\/DataTables\/pdfmake.js.map","message":"Ruta ingresada inexistente, ruta: \/src\/js\/lib\/DataTables\/pdfmake.js.map","context":[]}
{"timestamp":"2026-03-30 10:21:58","level":"MODULE","user":"Admin Yesenia","ip":"::1","url":"\/prueba\/distribuidora-esqueleto\/src\/js\/modules\/tickets\/editar-ticket.js","message":"Ruta ingresada inexistente, ruta: \/src\/js\/modules\/tickets\/editar-ticket.js","context":[]}
{"timestamp":"2026-03-30 10:21:58","level":"MODULE","user":"Admin Yesenia","ip":"::1","url":"\/prueba\/distribuidora-esqueleto\/src\/js\/lib\/DataTables\/datatables-min.js","message":"Ruta ingresada inexistente, ruta: \/src\/js\/lib\/DataTables\/datatables-min.js","context":[]}
{"timestamp":"2026-03-30 10:21:58","level":"MODULE","user":"Admin Yesenia","ip":"::1","url":"\/prueba\/distribuidora-esqueleto\/src\/js\/lib\/DataTables\/pdfmake.js.map","message":"Ruta ingresada inexistente, ruta: \/src\/js\/lib\/DataTables\/pdfmake.js.map","context":[]}
{"timestamp":"2026-03-30 10:23:14","level":"MODULE","user":"Admin Yesenia","ip":"::1","url":"\/prueba\/distribuidora-esqueleto\/src\/js\/lib\/DataTables\/datatables-min.js","message":"Ruta ingresada inexistente, ruta: \/src\/js\/lib\/DataTables\/datatables-min.js","context":[]}
{"timestamp":"2026-03-30 10:23:14","level":"MODULE","user":"Admin Yesenia","ip":"::1","url":"\/prueba\/distribuidora-esqueleto\/src\/js\/modules\/tickets\/editar-ticket.js","message":"Ruta ingresada inexistente, ruta: \/src\/js\/modules\/tickets\/editar-ticket.js","context":[]}
{"timestamp":"2026-03-30 10:23:15","level":"MODULE","user":"Admin Yesenia","ip":"::1","url":"\/prueba\/distribuidora-esqueleto\/src\/js\/lib\/DataTables\/pdfmake.js.map","message":"Ruta ingresada inexistente, ruta: \/src\/js\/lib\/DataTables\/pdfmake.js.map","context":[]}
{"timestamp":"2026-03-30 10:33:24","level":"MODULE","user":"Admin Yesenia","ip":"::1","url":"\/prueba\/distribuidora-esqueleto\/src\/js\/lib\/DataTables\/datatables-min.js","message":"Ruta ingresada inexistente, ruta: \/src\/js\/lib\/DataTables\/datatables-min.js","context":[]}
{"timestamp":"2026-03-30 10:33:24","level":"MODULE","user":"Admin Yesenia","ip":"::1","url":"\/prueba\/distribuidora-esqueleto\/src\/js\/modules\/tickets\/editar-ticket.js","message":"Ruta ingresada inexistente, ruta: \/src\/js\/modules\/tickets\/editar-ticket.js","context":[]}
{"timestamp":"2026-03-30 10:33:25","level":"MODULE","user":"Admin Yesenia","ip":"::1","url":"\/prueba\/distribuidora-esqueleto\/src\/js\/lib\/DataTables\/pdfmake.js.map","message":"Ruta ingresada inexistente, ruta: \/src\/js\/lib\/DataTables\/pdfmake.js.map","context":[]}
{"timestamp":"2026-03-30 10:36:07","level":"MODULE","user":"Admin Yesenia","ip":"::1","url":"\/prueba\/distribuidora-esqueleto\/src\/js\/modules\/tickets\/editar-ticket.js","message":"Ruta ingresada inexistente, ruta: \/src\/js\/modules\/tickets\/editar-ticket.js","context":[]}
{"timestamp":"2026-03-30 10:36:07","level":"MODULE","user":"Admin Yesenia","ip":"::1","url":"\/prueba\/distribuidora-esqueleto\/src\/js\/lib\/DataTables\/datatables-min.js","message":"Ruta ingresada inexistente, ruta: \/src\/js\/lib\/DataTables\/datatables-min.js","context":[]}
{"timestamp":"2026-03-30 10:36:07","level":"MODULE","user":"Admin Yesenia","ip":"::1","url":"\/prueba\/distribuidora-esqueleto\/src\/js\/lib\/DataTables\/pdfmake.js.map","message":"Ruta ingresada inexistente, ruta: \/src\/js\/lib\/DataTables\/pdfmake.js.map","context":[]}
{"timestamp":"2026-03-30 10:42:38","level":"MODULE","user":"Admin Yesenia","ip":"::1","url":"\/prueba\/distribuidora-esqueleto\/src\/js\/modules\/tickets\/editar-ticket.js","message":"Ruta ingresada inexistente, ruta: \/src\/js\/modules\/tickets\/editar-ticket.js","context":[]}
{"timestamp":"2026-03-30 10:42:38","level":"MODULE","user":"Admin Yesenia","ip":"::1","url":"\/prueba\/distribuidora-esqueleto\/src\/js\/lib\/DataTables\/datatables-min.js","message":"Ruta ingresada inexistente, ruta: \/src\/js\/lib\/DataTables\/datatables-min.js","context":[]}
{"timestamp":"2026-03-30 10:42:38","level":"MODULE","user":"Admin Yesenia","ip":"::1","url":"\/prueba\/distribuidora-esqueleto\/src\/js\/lib\/DataTables\/pdfmake.js.map","message":"Ruta ingresada inexistente, ruta: \/src\/js\/lib\/DataTables\/pdfmake.js.map","context":[]}
{"timestamp":"2026-03-30 10:45:25","level":"MODULE","user":"Admin Yesenia","ip":"::1","url":"\/prueba\/distribuidora-esqueleto\/src\/js\/modules\/tickets\/editar-ticket.js","message":"Ruta ingresada inexistente, ruta: \/src\/js\/modules\/tickets\/editar-ticket.js","context":[]}
{"timestamp":"2026-03-30 10:45:25","level":"MODULE","user":"Admin Yesenia","ip":"::1","url":"\/prueba\/distribuidora-esqueleto\/src\/js\/lib\/DataTables\/datatables-min.js","message":"Ruta ingresada inexistente, ruta: \/src\/js\/lib\/DataTables\/datatables-min.js","context":[]}
{"timestamp":"2026-03-30 10:45:26","level":"MODULE","user":"Admin Yesenia","ip":"::1","url":"\/prueba\/distribuidora-esqueleto\/src\/js\/lib\/DataTables\/pdfmake.js.map","message":"Ruta ingresada inexistente, ruta: \/src\/js\/lib\/DataTables\/pdfmake.js.map","context":[]}
{"timestamp":"2026-03-30 10:48:11","level":"MODULE","user":"Admin Yesenia","ip":"::1","url":"\/prueba\/distribuidora-esqueleto\/src\/js\/lib\/DataTables\/datatables-min.js","message":"Ruta ingresada inexistente, ruta: \/src\/js\/lib\/DataTables\/datatables-min.js","context":[]}
{"timestamp":"2026-03-30 10:48:11","level":"MODULE","user":"Admin Yesenia","ip":"::1","url":"\/prueba\/distribuidora-esqueleto\/src\/js\/modules\/tickets\/editar-ticket.js","message":"Ruta ingresada inexistente, ruta: \/src\/js\/modules\/tickets\/editar-ticket.js","context":[]}
{"timestamp":"2026-03-30 10:48:11","level":"MODULE","user":"Admin Yesenia","ip":"::1","url":"\/prueba\/distribuidora-esqueleto\/src\/js\/lib\/DataTables\/pdfmake.js.map","message":"Ruta ingresada inexistente, ruta: \/src\/js\/lib\/DataTables\/pdfmake.js.map","context":[]}
{"timestamp":"2026-03-30 10:48:43","level":"MODULE","user":"Admin Yesenia","ip":"::1","url":"\/prueba\/distribuidora-esqueleto\/src\/js\/lib\/DataTables\/datatables-min.js","message":"Ruta ingresada inexistente, ruta: \/src\/js\/lib\/DataTables\/datatables-min.js","context":[]}
{"timestamp":"2026-03-30 10:48:43","level":"MODULE","user":"Admin Yesenia","ip":"::1","url":"\/prueba\/distribuidora-esqueleto\/src\/js\/modules\/tickets\/editar-ticket.js","message":"Ruta ingresada inexistente, ruta: \/src\/js\/modules\/tickets\/editar-ticket.js","context":[]}
{"timestamp":"2026-03-30 10:48:43","level":"MODULE","user":"Admin Yesenia","ip":"::1","url":"\/prueba\/distribuidora-esqueleto\/src\/js\/lib\/DataTables\/pdfmake.js.map","message":"Ruta ingresada inexistente, ruta: \/src\/js\/lib\/DataTables\/pdfmake.js.map","context":[]}
{"timestamp":"2026-03-30 11:20:13","level":"MODULE","user":"Admin Yesenia","ip":"::1","url":"\/prueba\/distribuidora-esqueleto\/src\/js\/lib\/DataTables\/datatables-min.js","message":"Ruta ingresada inexistente, ruta: \/src\/js\/lib\/DataTables\/datatables-min.js","context":[]}
{"timestamp":"2026-03-30 11:20:14","level":"MODULE","user":"Admin Yesenia","ip":"::1","url":"\/prueba\/distribuidora-esqueleto\/src\/js\/modules\/tickets\/editar-ticket.js","message":"Ruta ingresada inexistente, ruta: \/src\/js\/modules\/tickets\/editar-ticket.js","context":[]}
{"timestamp":"2026-03-30 11:20:14","level":"MODULE","user":"Admin Yesenia","ip":"::1","url":"\/prueba\/distribuidora-esqueleto\/src\/js\/lib\/DataTables\/pdfmake.js.map","message":"Ruta ingresada inexistente, ruta: \/src\/js\/lib\/DataTables\/pdfmake.js.map","context":[]}
{"timestamp":"2026-03-30 11:57:08","level":"MODULE","user":"Admin Yesenia","ip":"::1","url":"\/prueba\/distribuidora-esqueleto\/src\/js\/modules\/tickets\/editar-ticket.js","message":"Ruta ingresada inexistente, ruta: \/src\/js\/modules\/tickets\/editar-ticket.js","context":[]}
{"timestamp":"2026-03-30 11:57:08","level":"MODULE","user":"Admin Yesenia","ip":"::1","url":"\/prueba\/distribuidora-esqueleto\/src\/js\/lib\/DataTables\/datatables-min.js","message":"Ruta ingresada inexistente, ruta: \/src\/js\/lib\/DataTables\/datatables-min.js","context":[]}
{"timestamp":"2026-03-30 11:57:08","level":"MODULE","user":"Admin Yesenia","ip":"::1","url":"\/prueba\/distribuidora-esqueleto\/src\/js\/lib\/DataTables\/pdfmake.js.map","message":"Ruta ingresada inexistente, ruta: \/src\/js\/lib\/DataTables\/pdfmake.js.map","context":[]}
{"timestamp":"2026-03-30 12:01:17","level":"MODULE","user":"Admin Yesenia","ip":"::1","url":"\/prueba\/distribuidora-esqueleto\/src\/js\/lib\/DataTables\/datatables-min.js","message":"Ruta ingresada inexistente, ruta: \/src\/js\/lib\/DataTables\/datatables-min.js","context":[]}
{"timestamp":"2026-03-30 12:01:17","level":"MODULE","user":"Admin Yesenia","ip":"::1","url":"\/prueba\/distribuidora-esqueleto\/src\/js\/modules\/tickets\/editar-ticket.js","message":"Ruta ingresada inexistente, ruta: \/src\/js\/modules\/tickets\/editar-ticket.js","context":[]}
{"timestamp":"2026-03-30 12:01:17","level":"MODULE","user":"Admin Yesenia","ip":"::1","url":"\/prueba\/distribuidora-esqueleto\/src\/js\/lib\/DataTables\/pdfmake.js.map","message":"Ruta ingresada inexistente, ruta: \/src\/js\/lib\/DataTables\/pdfmake.js.map","context":[]}
{"timestamp":"2026-03-30 12:08:34","level":"MODULE","user":"Admin Yesenia","ip":"::1","url":"\/prueba\/distribuidora-esqueleto\/src\/js\/modules\/analisis\/loader.js","message":"Ruta ingresada inexistente, ruta: \/src\/js\/modules\/analisis\/loader.js","context":[]}
{"timestamp":"2026-03-30 12:11:09","level":"MODULE","user":"Admin Yesenia","ip":"::1","url":"\/prueba\/distribuidora-esqueleto\/src\/js\/lib\/DataTables\/datatables-min.js","message":"Ruta ingresada inexistente, ruta: \/src\/js\/lib\/DataTables\/datatables-min.js","context":[]}
{"timestamp":"2026-03-30 12:11:09","level":"MODULE","user":"Admin Yesenia","ip":"::1","url":"\/prueba\/distribuidora-esqueleto\/src\/js\/modules\/tickets\/editar-ticket.js","message":"Ruta ingresada inexistente, ruta: \/src\/js\/modules\/tickets\/editar-ticket.js","context":[]}
{"timestamp":"2026-03-30 12:11:10","level":"MODULE","user":"Admin Yesenia","ip":"::1","url":"\/prueba\/distribuidora-esqueleto\/src\/js\/modules\/analisis\/loader.js","message":"Ruta ingresada inexistente, ruta: \/src\/js\/modules\/analisis\/loader.js","context":[]}
{"timestamp":"2026-03-30 12:11:10","level":"MODULE","user":"Admin Yesenia","ip":"::1","url":"\/prueba\/distribuidora-esqueleto\/src\/js\/lib\/DataTables\/pdfmake.js.map","message":"Ruta ingresada inexistente, ruta: \/src\/js\/lib\/DataTables\/pdfmake.js.map","context":[]}
{"timestamp":"2026-03-30 12:11:47","level":"MODULE","user":"Admin Yesenia","ip":"::1","url":"\/prueba\/distribuidora-esqueleto\/src\/js\/modules\/tickets\/editar-ticket.js","message":"Ruta ingresada inexistente, ruta: \/src\/js\/modules\/tickets\/editar-ticket.js","context":[]}
{"timestamp":"2026-03-30 12:11:48","level":"MODULE","user":"Admin Yesenia","ip":"::1","url":"\/prueba\/distribuidora-esqueleto\/src\/js\/lib\/DataTables\/datatables-min.js","message":"Ruta ingresada inexistente, ruta: \/src\/js\/lib\/DataTables\/datatables-min.js","context":[]}
{"timestamp":"2026-03-30 12:11:48","level":"MODULE","user":"Admin Yesenia","ip":"::1","url":"\/prueba\/distribuidora-esqueleto\/src\/js\/lib\/DataTables\/pdfmake.js.map","message":"Ruta ingresada inexistente, ruta: \/src\/js\/lib\/DataTables\/pdfmake.js.map","context":[]}
{"timestamp":"2026-03-30 12:11:48","level":"MODULE","user":"Admin Yesenia","ip":"::1","url":"\/prueba\/distribuidora-esqueleto\/src\/js\/modules\/analisis\/loader.js","message":"Ruta ingresada inexistente, ruta: \/src\/js\/modules\/analisis\/loader.js","context":[]}
{"timestamp":"2026-03-30 12:12:30","level":"MODULE","user":"Admin Yesenia","ip":"::1","url":"\/prueba\/distribuidora-esqueleto\/src\/js\/modules\/tickets\/editar-ticket.js","message":"Ruta ingresada inexistente, ruta: \/src\/js\/modules\/tickets\/editar-ticket.js","context":[]}
{"timestamp":"2026-03-30 12:12:30","level":"MODULE","user":"Admin Yesenia","ip":"::1","url":"\/prueba\/distribuidora-esqueleto\/src\/js\/lib\/DataTables\/datatables-min.js","message":"Ruta ingresada inexistente, ruta: \/src\/js\/lib\/DataTables\/datatables-min.js","context":[]}
{"timestamp":"2026-03-30 12:12:30","level":"MODULE","user":"Admin Yesenia","ip":"::1","url":"\/prueba\/distribuidora-esqueleto\/src\/js\/lib\/DataTables\/pdfmake.js.map","message":"Ruta ingresada inexistente, ruta: \/src\/js\/lib\/DataTables\/pdfmake.js.map","context":[]}
{"timestamp":"2026-03-30 12:18:37","level":"MODULE","user":"Admin Yesenia","ip":"::1","url":"\/prueba\/distribuidora-esqueleto\/src\/js\/lib\/DataTables\/datatables-min.js","message":"Ruta ingresada inexistente, ruta: \/src\/js\/lib\/DataTables\/datatables-min.js","context":[]}
{"timestamp":"2026-03-30 12:18:37","level":"MODULE","user":"Admin Yesenia","ip":"::1","url":"\/prueba\/distribuidora-esqueleto\/src\/js\/modules\/tickets\/editar-ticket.js","message":"Ruta ingresada inexistente, ruta: \/src\/js\/modules\/tickets\/editar-ticket.js","context":[]}
{"timestamp":"2026-03-30 12:18:37","level":"MODULE","user":"Admin Yesenia","ip":"::1","url":"\/prueba\/distribuidora-esqueleto\/src\/js\/lib\/DataTables\/pdfmake.js.map","message":"Ruta ingresada inexistente, ruta: \/src\/js\/lib\/DataTables\/pdfmake.js.map","context":[]}
{"timestamp":"2026-03-30 13:23:39","level":"MODULE","user":"Maria Luisa Galaz Palma","ip":"::1","url":"\/prueba\/distribuidora-esqueleto\/src\/js\/lib\/DataTables\/datatables-min.js","message":"Ruta ingresada inexistente, ruta: \/src\/js\/lib\/DataTables\/datatables-min.js","context":[]}
{"timestamp":"2026-03-30 13:23:39","level":"MODULE","user":"Maria Luisa Galaz Palma","ip":"::1","url":"\/prueba\/distribuidora-esqueleto\/src\/js\/modules\/tickets\/editar-ticket.js","message":"Ruta ingresada inexistente, ruta: \/src\/js\/modules\/tickets\/editar-ticket.js","context":[]}
{"timestamp":"2026-03-30 13:23:39","level":"MODULE","user":"Maria Luisa Galaz Palma","ip":"::1","url":"\/prueba\/distribuidora-esqueleto\/src\/js\/lib\/DataTables\/pdfmake.js.map","message":"Ruta ingresada inexistente, ruta: \/src\/js\/lib\/DataTables\/pdfmake.js.map","context":[]}
{"timestamp":"2026-03-30 13:26:34","level":"MODULE","user":"Maria Luisa Galaz Palma","ip":"::1","url":"\/prueba\/distribuidora-esqueleto\/src\/js\/lib\/DataTables\/datatables-min.js","message":"Ruta ingresada inexistente, ruta: \/src\/js\/lib\/DataTables\/datatables-min.js","context":[]}
{"timestamp":"2026-03-30 13:26:34","level":"MODULE","user":"Maria Luisa Galaz Palma","ip":"::1","url":"\/prueba\/distribuidora-esqueleto\/src\/js\/lib\/DataTables\/pdfmake.js.map","message":"Ruta ingresada inexistente, ruta: \/src\/js\/lib\/DataTables\/pdfmake.js.map","context":[]}
{"timestamp":"2026-03-30 13:28:03","level":"MODULE","user":"Maria Luisa Galaz Palma","ip":"::1","url":"\/prueba\/distribuidora-esqueleto\/src\/js\/lib\/DataTables\/datatables-min.js","message":"Ruta ingresada inexistente, ruta: \/src\/js\/lib\/DataTables\/datatables-min.js","context":[]}
{"timestamp":"2026-03-30 13:28:03","level":"MODULE","user":"Maria Luisa Galaz Palma","ip":"::1","url":"\/prueba\/distribuidora-esqueleto\/src\/js\/lib\/DataTables\/pdfmake.js.map","message":"Ruta ingresada inexistente, ruta: \/src\/js\/lib\/DataTables\/pdfmake.js.map","context":[]}
{"timestamp":"2026-03-30 13:29:15","level":"MODULE","user":"Admin Yesenia","ip":"::1","url":"\/prueba\/distribuidora-esqueleto\/src\/js\/lib\/DataTables\/datatables-min.js","message":"Ruta ingresada inexistente, ruta: \/src\/js\/lib\/DataTables\/datatables-min.js","context":[]}
{"timestamp":"2026-03-30 13:29:15","level":"MODULE","user":"Admin Yesenia","ip":"::1","url":"\/prueba\/distribuidora-esqueleto\/src\/js\/lib\/DataTables\/pdfmake.js.map","message":"Ruta ingresada inexistente, ruta: \/src\/js\/lib\/DataTables\/pdfmake.js.map","context":[]}
{"timestamp":"2026-03-30 13:31:02","level":"MODULE","user":"Admin Yesenia","ip":"::1","url":"\/prueba\/distribuidora-esqueleto\/src\/js\/lib\/DataTables\/datatables-min.js","message":"Ruta ingresada inexistente, ruta: \/src\/js\/lib\/DataTables\/datatables-min.js","context":[]}
{"timestamp":"2026-03-30 13:31:02","level":"MODULE","user":"Admin Yesenia","ip":"::1","url":"\/prueba\/distribuidora-esqueleto\/src\/js\/lib\/DataTables\/pdfmake.js.map","message":"Ruta ingresada inexistente, ruta: \/src\/js\/lib\/DataTables\/pdfmake.js.map","context":[]}
{"timestamp":"2026-03-30 13:34:24","level":"MODULE","user":"Admin Yesenia","ip":"::1","url":"\/prueba\/distribuidora-esqueleto\/src\/js\/lib\/DataTables\/datatables-min.js","message":"Ruta ingresada inexistente, ruta: \/src\/js\/lib\/DataTables\/datatables-min.js","context":[]}
{"timestamp":"2026-03-30 13:34:24","level":"MODULE","user":"Admin Yesenia","ip":"::1","url":"\/prueba\/distribuidora-esqueleto\/src\/js\/lib\/DataTables\/pdfmake.js.map","message":"Ruta ingresada inexistente, ruta: \/src\/js\/lib\/DataTables\/pdfmake.js.map","context":[]}
{"timestamp":"2026-03-30 13:36:05","level":"MODULE","user":"Admin Yesenia","ip":"::1","url":"\/prueba\/distribuidora-esqueleto\/src\/js\/lib\/DataTables\/datatables-min.js","message":"Ruta ingresada inexistente, ruta: \/src\/js\/lib\/DataTables\/datatables-min.js","context":[]}
{"timestamp":"2026-03-30 13:36:05","level":"MODULE","user":"Admin Yesenia","ip":"::1","url":"\/prueba\/distribuidora-esqueleto\/src\/js\/lib\/DataTables\/pdfmake.js.map","message":"Ruta ingresada inexistente, ruta: \/src\/js\/lib\/DataTables\/pdfmake.js.map","context":[]}
{"timestamp":"2026-03-30 13:38:37","level":"MODULE","user":"Admin Yesenia","ip":"::1","url":"\/prueba\/distribuidora-esqueleto\/src\/js\/lib\/DataTables\/datatables-min.js","message":"Ruta ingresada inexistente, ruta: \/src\/js\/lib\/DataTables\/datatables-min.js","context":[]}
{"timestamp":"2026-03-30 13:38:37","level":"MODULE","user":"Admin Yesenia","ip":"::1","url":"\/prueba\/distribuidora-esqueleto\/src\/js\/lib\/DataTables\/pdfmake.js.map","message":"Ruta ingresada inexistente, ruta: \/src\/js\/lib\/DataTables\/pdfmake.js.map","context":[]}
{"timestamp":"2026-03-30 13:55:11","level":"MODULE","user":"Admin Yesenia","ip":"::1","url":"\/prueba\/distribuidora-esqueleto\/src\/js\/lib\/DataTables\/datatables-min.js","message":"Ruta ingresada inexistente, ruta: \/src\/js\/lib\/DataTables\/datatables-min.js","context":[]}
{"timestamp":"2026-03-30 13:55:11","level":"MODULE","user":"Admin Yesenia","ip":"::1","url":"\/prueba\/distribuidora-esqueleto\/src\/js\/lib\/DataTables\/pdfmake.js.map","message":"Ruta ingresada inexistente, ruta: \/src\/js\/lib\/DataTables\/pdfmake.js.map","context":[]}
{"timestamp":"2026-03-30 14:03:25","level":"MODULE","user":"Admin Yesenia","ip":"::1","url":"\/prueba\/distribuidora-esqueleto\/src\/js\/lib\/DataTables\/datatables-min.js","message":"Ruta ingresada inexistente, ruta: \/src\/js\/lib\/DataTables\/datatables-min.js","context":[]}
{"timestamp":"2026-03-30 14:03:25","level":"MODULE","user":"Admin Yesenia","ip":"::1","url":"\/prueba\/distribuidora-esqueleto\/src\/js\/lib\/DataTables\/pdfmake.js.map","message":"Ruta ingresada inexistente, ruta: \/src\/js\/lib\/DataTables\/pdfmake.js.map","context":[]}
{"timestamp":"2026-03-30 14:04:05","level":"MODULE","user":"Admin Yesenia","ip":"::1","url":"\/prueba\/distribuidora-esqueleto\/src\/js\/lib\/DataTables\/datatables-min.js","message":"Ruta ingresada inexistente, ruta: \/src\/js\/lib\/DataTables\/datatables-min.js","context":[]}
{"timestamp":"2026-03-30 14:04:05","level":"MODULE","user":"Admin Yesenia","ip":"::1","url":"\/prueba\/distribuidora-esqueleto\/src\/js\/lib\/DataTables\/pdfmake.js.map","message":"Ruta ingresada inexistente, ruta: \/src\/js\/lib\/DataTables\/pdfmake.js.map","context":[]}
{"timestamp":"2026-03-30 14:04:51","level":"MODULE","user":"Maria Luisa Galaz Palma","ip":"::1","url":"\/prueba\/distribuidora-esqueleto\/src\/js\/lib\/DataTables\/datatables-min.js","message":"Ruta ingresada inexistente, ruta: \/src\/js\/lib\/DataTables\/datatables-min.js","context":[]}
{"timestamp":"2026-03-30 14:04:51","level":"MODULE","user":"Maria Luisa Galaz Palma","ip":"::1","url":"\/prueba\/distribuidora-esqueleto\/src\/js\/lib\/DataTables\/pdfmake.js.map","message":"Ruta ingresada inexistente, ruta: \/src\/js\/lib\/DataTables\/pdfmake.js.map","context":[]}
{"timestamp":"2026-03-30 14:13:47","level":"MODULE","user":"Maria Luisa Galaz Palma","ip":"::1","url":"\/prueba\/distribuidora-esqueleto\/src\/js\/lib\/DataTables\/datatables-min.js","message":"Ruta ingresada inexistente, ruta: \/src\/js\/lib\/DataTables\/datatables-min.js","context":[]}
{"timestamp":"2026-03-30 14:13:47","level":"MODULE","user":"Maria Luisa Galaz Palma","ip":"::1","url":"\/prueba\/distribuidora-esqueleto\/src\/js\/lib\/DataTables\/pdfmake.js.map","message":"Ruta ingresada inexistente, ruta: \/src\/js\/lib\/DataTables\/pdfmake.js.map","context":[]}
{"timestamp":"2026-03-30 14:14:14","level":"MODULE","user":"Admin Yesenia","ip":"::1","url":"\/prueba\/distribuidora-esqueleto\/src\/js\/lib\/DataTables\/datatables-min.js","message":"Ruta ingresada inexistente, ruta: \/src\/js\/lib\/DataTables\/datatables-min.js","context":[]}
{"timestamp":"2026-03-30 14:14:14","level":"MODULE","user":"Admin Yesenia","ip":"::1","url":"\/prueba\/distribuidora-esqueleto\/src\/js\/lib\/DataTables\/pdfmake.js.map","message":"Ruta ingresada inexistente, ruta: \/src\/js\/lib\/DataTables\/pdfmake.js.map","context":[]}
{"timestamp":"2026-03-30 14:15:07","level":"MODULE","user":"Admin Yesenia","ip":"::1","url":"\/prueba\/distribuidora-esqueleto\/src\/js\/lib\/DataTables\/datatables-min.js","message":"Ruta ingresada inexistente, ruta: \/src\/js\/lib\/DataTables\/datatables-min.js","context":[]}
{"timestamp":"2026-03-30 14:15:07","level":"MODULE","user":"Admin Yesenia","ip":"::1","url":"\/prueba\/distribuidora-esqueleto\/src\/js\/lib\/DataTables\/pdfmake.js.map","message":"Ruta ingresada inexistente, ruta: \/src\/js\/lib\/DataTables\/pdfmake.js.map","context":[]}
{"timestamp":"2026-03-30 14:21:05","level":"MODULE","user":"Admin Yesenia","ip":"::1","url":"\/prueba\/distribuidora-esqueleto\/src\/js\/lib\/DataTables\/datatables-min.js","message":"Ruta ingresada inexistente, ruta: \/src\/js\/lib\/DataTables\/datatables-min.js","context":[]}
{"timestamp":"2026-03-30 14:21:05","level":"MODULE","user":"Admin Yesenia","ip":"::1","url":"\/prueba\/distribuidora-esqueleto\/src\/js\/lib\/DataTables\/pdfmake.js.map","message":"Ruta ingresada inexistente, ruta: \/src\/js\/lib\/DataTables\/pdfmake.js.map","context":[]}
{"timestamp":"2026-03-30 14:22:40","level":"MODULE","user":"Admin Yesenia","ip":"::1","url":"\/prueba\/distribuidora-esqueleto\/src\/js\/lib\/DataTables\/datatables-min.js","message":"Ruta ingresada inexistente, ruta: \/src\/js\/lib\/DataTables\/datatables-min.js","context":[]}
{"timestamp":"2026-03-30 14:22:40","level":"MODULE","user":"Admin Yesenia","ip":"::1","url":"\/prueba\/distribuidora-esqueleto\/src\/js\/lib\/DataTables\/pdfmake.js.map","message":"Ruta ingresada inexistente, ruta: \/src\/js\/lib\/DataTables\/pdfmake.js.map","context":[]}
{"timestamp":"2026-03-30 14:24:27","level":"MODULE","user":"Admin Yesenia","ip":"::1","url":"\/prueba\/distribuidora-esqueleto\/src\/js\/lib\/DataTables\/datatables-min.js","message":"Ruta ingresada inexistente, ruta: \/src\/js\/lib\/DataTables\/datatables-min.js","context":[]}
{"timestamp":"2026-03-30 14:24:27","level":"MODULE","user":"Admin Yesenia","ip":"::1","url":"\/prueba\/distribuidora-esqueleto\/src\/js\/lib\/DataTables\/pdfmake.js.map","message":"Ruta ingresada inexistente, ruta: \/src\/js\/lib\/DataTables\/pdfmake.js.map","context":[]}
{"timestamp":"2026-03-30 14:27:55","level":"MODULE","user":"Admin Yesenia","ip":"::1","url":"\/prueba\/distribuidora-esqueleto\/src\/js\/lib\/DataTables\/datatables-min.js","message":"Ruta ingresada inexistente, ruta: \/src\/js\/lib\/DataTables\/datatables-min.js","context":[]}
{"timestamp":"2026-03-30 14:27:55","level":"MODULE","user":"Admin Yesenia","ip":"::1","url":"\/prueba\/distribuidora-esqueleto\/src\/js\/lib\/DataTables\/pdfmake.js.map","message":"Ruta ingresada inexistente, ruta: \/src\/js\/lib\/DataTables\/pdfmake.js.map","context":[]}
{"timestamp":"2026-03-30 14:29:46","level":"MODULE","user":"Admin Yesenia","ip":"::1","url":"\/prueba\/distribuidora-esqueleto\/src\/js\/lib\/DataTables\/datatables-min.js","message":"Ruta ingresada inexistente, ruta: \/src\/js\/lib\/DataTables\/datatables-min.js","context":[]}
{"timestamp":"2026-03-30 14:29:47","level":"MODULE","user":"Admin Yesenia","ip":"::1","url":"\/prueba\/distribuidora-esqueleto\/src\/js\/lib\/DataTables\/pdfmake.js.map","message":"Ruta ingresada inexistente, ruta: \/src\/js\/lib\/DataTables\/pdfmake.js.map","context":[]}
{"timestamp":"2026-03-30 14:30:14","level":"MODULE","user":"Admin Yesenia","ip":"::1","url":"\/prueba\/distribuidora-esqueleto\/src\/js\/lib\/DataTables\/datatables-min.js","message":"Ruta ingresada inexistente, ruta: \/src\/js\/lib\/DataTables\/datatables-min.js","context":[]}
{"timestamp":"2026-03-30 14:30:14","level":"MODULE","user":"Admin Yesenia","ip":"::1","url":"\/prueba\/distribuidora-esqueleto\/src\/js\/lib\/DataTables\/pdfmake.js.map","message":"Ruta ingresada inexistente, ruta: \/src\/js\/lib\/DataTables\/pdfmake.js.map","context":[]}
{"timestamp":"2026-03-30 14:31:20","level":"MODULE","user":"Admin Yesenia","ip":"::1","url":"\/prueba\/distribuidora-esqueleto\/src\/js\/lib\/DataTables\/datatables-min.js","message":"Ruta ingresada inexistente, ruta: \/src\/js\/lib\/DataTables\/datatables-min.js","context":[]}
{"timestamp":"2026-03-30 14:31:20","level":"MODULE","user":"Admin Yesenia","ip":"::1","url":"\/prueba\/distribuidora-esqueleto\/src\/js\/lib\/DataTables\/pdfmake.js.map","message":"Ruta ingresada inexistente, ruta: \/src\/js\/lib\/DataTables\/pdfmake.js.map","context":[]}
