{"timestamp":"2026-03-03 07:42:59","level":"MODULE","user":"guest","ip":"::1","url":"\/distribuidora-esqueleto\/src\/images\/logo\/masterfuel_connect.png","message":"Ruta ingresada inexistente, ruta: \/src\/images\/logo\/masterfuel_connect.png","context":[]}
{"timestamp":"2026-03-03 07:42:59","level":"MODULE","user":"guest","ip":"::1","url":"\/distribuidora-esqueleto\/src\/images\/logo\/masterfuel_connect_blanco.png","message":"Ruta ingresada inexistente, ruta: \/src\/images\/logo\/masterfuel_connect_blanco.png","context":[]}
{"timestamp":"2026-03-03 07:42:59","level":"MODULE","user":"guest","ip":"::1","url":"\/distribuidora-esqueleto\/src\/images\/logo\/Favicon_master_gota_blanco.png","message":"Ruta ingresada inexistente, ruta: \/src\/images\/logo\/Favicon_master_gota_blanco.png","context":[]}
{"timestamp":"2026-03-03 07:42:59","level":"MODULE","user":"guest","ip":"::1","url":"\/distribuidora-esqueleto\/src\/images\/user\/user-02.jpg","message":"Ruta ingresada inexistente, ruta: \/src\/images\/user\/user-02.jpg","context":[]}
{"timestamp":"2026-03-03 07:42:59","level":"MODULE","user":"guest","ip":"::1","url":"\/distribuidora-esqueleto\/src\/images\/user\/user-05.jpg","message":"Ruta ingresada inexistente, ruta: \/src\/images\/user\/user-05.jpg","context":[]}
{"timestamp":"2026-03-03 07:42:59","level":"MODULE","user":"guest","ip":"::1","url":"\/distribuidora-esqueleto\/src\/images\/user\/owner.jpg","message":"Ruta ingresada inexistente, ruta: \/src\/images\/user\/owner.jpg","context":[]}
{"timestamp":"2026-03-03 07:42:59","level":"MODULE","user":"guest","ip":"::1","url":"\/distribuidora-esqueleto\/src\/images\/user\/user-03.jpg","message":"Ruta ingresada inexistente, ruta: \/src\/images\/user\/user-03.jpg","context":[]}
{"timestamp":"2026-03-03 07:42:59","level":"MODULE","user":"guest","ip":"::1","url":"\/distribuidora-esqueleto\/src\/images\/country\/country-01.svg","message":"Ruta ingresada inexistente, ruta: \/src\/images\/country\/country-01.svg","context":[]}
{"timestamp":"2026-03-03 07:42:59","level":"MODULE","user":"guest","ip":"::1","url":"\/distribuidora-esqueleto\/src\/images\/user\/user-04.jpg","message":"Ruta ingresada inexistente, ruta: \/src\/images\/user\/user-04.jpg","context":[]}
{"timestamp":"2026-03-03 07:42:59","level":"MODULE","user":"guest","ip":"::1","url":"\/distribuidora-esqueleto\/src\/images\/country\/country-02.svg","message":"Ruta ingresada inexistente, ruta: \/src\/images\/country\/country-02.svg","context":[]}
{"timestamp":"2026-03-03 07:42:59","level":"MODULE","user":"guest","ip":"::1","url":"\/distribuidora-esqueleto\/src\/images\/product\/product-02.jpg","message":"Ruta ingresada inexistente, ruta: \/src\/images\/product\/product-02.jpg","context":[]}
{"timestamp":"2026-03-03 07:42:59","level":"MODULE","user":"guest","ip":"::1","url":"\/distribuidora-esqueleto\/src\/images\/product\/product-03.jpg","message":"Ruta ingresada inexistente, ruta: \/src\/images\/product\/product-03.jpg","context":[]}
{"timestamp":"2026-03-03 07:42:59","level":"MODULE","user":"guest","ip":"::1","url":"\/distribuidora-esqueleto\/src\/images\/product\/product-01.jpg","message":"Ruta ingresada inexistente, ruta: \/src\/images\/product\/product-01.jpg","context":[]}
{"timestamp":"2026-03-03 07:42:59","level":"MODULE","user":"guest","ip":"::1","url":"\/distribuidora-esqueleto\/src\/images\/product\/product-04.jpg","message":"Ruta ingresada inexistente, ruta: \/src\/images\/product\/product-04.jpg","context":[]}
{"timestamp":"2026-03-03 07:42:59","level":"MODULE","user":"guest","ip":"::1","url":"\/distribuidora-esqueleto\/src\/images\/product\/product-05.jpg","message":"Ruta ingresada inexistente, ruta: \/src\/images\/product\/product-05.jpg","context":[]}
{"timestamp":"2026-03-03 07:42:59","level":"MODULE","user":"guest","ip":"::1","url":"\/distribuidora-esqueleto\/src\/images\/logo\/masterfuel_connect.png","message":"Ruta ingresada inexistente, ruta: \/src\/images\/logo\/masterfuel_connect.png","context":[]}
{"timestamp":"2026-03-03 07:42:59","level":"MODULE","user":"guest","ip":"::1","url":"\/distribuidora-esqueleto\/src\/images\/logo\/masterfuel_connect_blanco.png","message":"Ruta ingresada inexistente, ruta: \/src\/images\/logo\/masterfuel_connect_blanco.png","context":[]}
{"timestamp":"2026-03-03 07:43:25","level":"MODULE","user":"guest","ip":"::1","url":"\/distribuidora-esqueleto\/src\/images\/logo\/masterfuel_connect.png","message":"Ruta ingresada inexistente, ruta: \/src\/images\/logo\/masterfuel_connect.png","context":[]}
{"timestamp":"2026-03-03 07:43:25","level":"MODULE","user":"guest","ip":"::1","url":"\/distribuidora-esqueleto\/src\/images\/logo\/masterfuel_connect_blanco.png","message":"Ruta ingresada inexistente, ruta: \/src\/images\/logo\/masterfuel_connect_blanco.png","context":[]}
{"timestamp":"2026-03-03 07:43:25","level":"MODULE","user":"guest","ip":"::1","url":"\/distribuidora-esqueleto\/src\/images\/logo\/Favicon_master_gota_blanco.png","message":"Ruta ingresada inexistente, ruta: \/src\/images\/logo\/Favicon_master_gota_blanco.png","context":[]}
{"timestamp":"2026-03-03 07:43:25","level":"MODULE","user":"guest","ip":"::1","url":"\/distribuidora-esqueleto\/src\/images\/user\/user-05.jpg","message":"Ruta ingresada inexistente, ruta: \/src\/images\/user\/user-05.jpg","context":[]}
{"timestamp":"2026-03-03 07:43:25","level":"MODULE","user":"guest","ip":"::1","url":"\/distribuidora-esqueleto\/src\/images\/user\/owner.jpg","message":"Ruta ingresada inexistente, ruta: \/src\/images\/user\/owner.jpg","context":[]}
{"timestamp":"2026-03-03 07:43:25","level":"MODULE","user":"guest","ip":"::1","url":"\/distribuidora-esqueleto\/src\/images\/user\/user-03.jpg","message":"Ruta ingresada inexistente, ruta: \/src\/images\/user\/user-03.jpg","context":[]}
{"timestamp":"2026-03-03 07:43:25","level":"MODULE","user":"guest","ip":"::1","url":"\/distribuidora-esqueleto\/src\/images\/user\/user-04.jpg","message":"Ruta ingresada inexistente, ruta: \/src\/images\/user\/user-04.jpg","context":[]}
{"timestamp":"2026-03-03 07:43:25","level":"MODULE","user":"guest","ip":"::1","url":"\/distribuidora-esqueleto\/src\/images\/user\/user-02.jpg","message":"Ruta ingresada inexistente, ruta: \/src\/images\/user\/user-02.jpg","context":[]}
{"timestamp":"2026-03-03 07:43:25","level":"MODULE","user":"guest","ip":"::1","url":"\/distribuidora-esqueleto\/src\/images\/country\/country-01.svg","message":"Ruta ingresada inexistente, ruta: \/src\/images\/country\/country-01.svg","context":[]}
{"timestamp":"2026-03-03 07:43:25","level":"MODULE","user":"guest","ip":"::1","url":"\/distribuidora-esqueleto\/src\/images\/product\/product-01.jpg","message":"Ruta ingresada inexistente, ruta: \/src\/images\/product\/product-01.jpg","context":[]}
{"timestamp":"2026-03-03 07:43:25","level":"MODULE","user":"guest","ip":"::1","url":"\/distribuidora-esqueleto\/src\/images\/country\/country-02.svg","message":"Ruta ingresada inexistente, ruta: \/src\/images\/country\/country-02.svg","context":[]}
{"timestamp":"2026-03-03 07:43:25","level":"MODULE","user":"guest","ip":"::1","url":"\/distribuidora-esqueleto\/src\/images\/product\/product-03.jpg","message":"Ruta ingresada inexistente, ruta: \/src\/images\/product\/product-03.jpg","context":[]}
{"timestamp":"2026-03-03 07:43:25","level":"MODULE","user":"guest","ip":"::1","url":"\/distribuidora-esqueleto\/src\/images\/product\/product-02.jpg","message":"Ruta ingresada inexistente, ruta: \/src\/images\/product\/product-02.jpg","context":[]}
{"timestamp":"2026-03-03 07:43:25","level":"MODULE","user":"guest","ip":"::1","url":"\/distribuidora-esqueleto\/src\/images\/product\/product-04.jpg","message":"Ruta ingresada inexistente, ruta: \/src\/images\/product\/product-04.jpg","context":[]}
{"timestamp":"2026-03-03 07:43:25","level":"MODULE","user":"guest","ip":"::1","url":"\/distribuidora-esqueleto\/src\/images\/product\/product-05.jpg","message":"Ruta ingresada inexistente, ruta: \/src\/images\/product\/product-05.jpg","context":[]}
{"timestamp":"2026-03-03 07:43:25","level":"MODULE","user":"guest","ip":"::1","url":"\/distribuidora-esqueleto\/src\/images\/logo\/masterfuel_connect.png","message":"Ruta ingresada inexistente, ruta: \/src\/images\/logo\/masterfuel_connect.png","context":[]}
{"timestamp":"2026-03-03 07:43:25","level":"MODULE","user":"guest","ip":"::1","url":"\/distribuidora-esqueleto\/src\/images\/logo\/masterfuel_connect_blanco.png","message":"Ruta ingresada inexistente, ruta: \/src\/images\/logo\/masterfuel_connect_blanco.png","context":[]}
{"timestamp":"2026-03-03 07:44:52","level":"MODULE","user":"guest","ip":"::1","url":"\/distribuidora-esqueleto\/src\/images\/logo\/masterfuel_connect.png","message":"Ruta ingresada inexistente, ruta: \/src\/images\/logo\/masterfuel_connect.png","context":[]}
{"timestamp":"2026-03-03 07:44:52","level":"MODULE","user":"guest","ip":"::1","url":"\/distribuidora-esqueleto\/src\/images\/logo\/masterfuel_connect_blanco.png","message":"Ruta ingresada inexistente, ruta: \/src\/images\/logo\/masterfuel_connect_blanco.png","context":[]}
{"timestamp":"2026-03-03 07:44:52","level":"MODULE","user":"guest","ip":"::1","url":"\/distribuidora-esqueleto\/src\/images\/user\/user-02.jpg","message":"Ruta ingresada inexistente, ruta: \/src\/images\/user\/user-02.jpg","context":[]}
{"timestamp":"2026-03-03 07:44:52","level":"MODULE","user":"guest","ip":"::1","url":"\/distribuidora-esqueleto\/src\/images\/user\/user-03.jpg","message":"Ruta ingresada inexistente, ruta: \/src\/images\/user\/user-03.jpg","context":[]}
{"timestamp":"2026-03-03 07:44:52","level":"MODULE","user":"guest","ip":"::1","url":"\/distribuidora-esqueleto\/src\/images\/logo\/Favicon_master_gota_blanco.png","message":"Ruta ingresada inexistente, ruta: \/src\/images\/logo\/Favicon_master_gota_blanco.png","context":[]}
{"timestamp":"2026-03-03 07:44:52","level":"MODULE","user":"guest","ip":"::1","url":"\/distribuidora-esqueleto\/src\/images\/user\/user-04.jpg","message":"Ruta ingresada inexistente, ruta: \/src\/images\/user\/user-04.jpg","context":[]}
{"timestamp":"2026-03-03 07:44:52","level":"MODULE","user":"guest","ip":"::1","url":"\/distribuidora-esqueleto\/src\/images\/user\/user-05.jpg","message":"Ruta ingresada inexistente, ruta: \/src\/images\/user\/user-05.jpg","context":[]}
{"timestamp":"2026-03-03 07:44:52","level":"MODULE","user":"guest","ip":"::1","url":"\/distribuidora-esqueleto\/src\/images\/user\/owner.jpg","message":"Ruta ingresada inexistente, ruta: \/src\/images\/user\/owner.jpg","context":[]}
{"timestamp":"2026-03-03 07:44:52","level":"MODULE","user":"guest","ip":"::1","url":"\/distribuidora-esqueleto\/src\/images\/country\/country-02.svg","message":"Ruta ingresada inexistente, ruta: \/src\/images\/country\/country-02.svg","context":[]}
{"timestamp":"2026-03-03 07:44:52","level":"MODULE","user":"guest","ip":"::1","url":"\/distribuidora-esqueleto\/src\/images\/product\/product-01.jpg","message":"Ruta ingresada inexistente, ruta: \/src\/images\/product\/product-01.jpg","context":[]}
{"timestamp":"2026-03-03 07:44:52","level":"MODULE","user":"guest","ip":"::1","url":"\/distribuidora-esqueleto\/src\/images\/country\/country-01.svg","message":"Ruta ingresada inexistente, ruta: \/src\/images\/country\/country-01.svg","context":[]}
{"timestamp":"2026-03-03 07:44:52","level":"MODULE","user":"guest","ip":"::1","url":"\/distribuidora-esqueleto\/src\/images\/product\/product-02.jpg","message":"Ruta ingresada inexistente, ruta: \/src\/images\/product\/product-02.jpg","context":[]}
{"timestamp":"2026-03-03 07:44:52","level":"MODULE","user":"guest","ip":"::1","url":"\/distribuidora-esqueleto\/src\/images\/product\/product-04.jpg","message":"Ruta ingresada inexistente, ruta: \/src\/images\/product\/product-04.jpg","context":[]}
{"timestamp":"2026-03-03 07:44:52","level":"MODULE","user":"guest","ip":"::1","url":"\/distribuidora-esqueleto\/src\/images\/product\/product-03.jpg","message":"Ruta ingresada inexistente, ruta: \/src\/images\/product\/product-03.jpg","context":[]}
{"timestamp":"2026-03-03 07:44:52","level":"MODULE","user":"guest","ip":"::1","url":"\/distribuidora-esqueleto\/src\/images\/product\/product-05.jpg","message":"Ruta ingresada inexistente, ruta: \/src\/images\/product\/product-05.jpg","context":[]}
{"timestamp":"2026-03-03 07:44:52","level":"MODULE","user":"guest","ip":"::1","url":"\/distribuidora-esqueleto\/src\/images\/logo\/masterfuel_connect_blanco.png","message":"Ruta ingresada inexistente, ruta: \/src\/images\/logo\/masterfuel_connect_blanco.png","context":[]}
{"timestamp":"2026-03-03 07:44:52","level":"MODULE","user":"guest","ip":"::1","url":"\/distribuidora-esqueleto\/src\/images\/logo\/masterfuel_connect.png","message":"Ruta ingresada inexistente, ruta: \/src\/images\/logo\/masterfuel_connect.png","context":[]}
{"timestamp":"2026-03-03 07:45:13","level":"MODULE","user":"guest","ip":"::1","url":"\/distribuidora-esqueleto\/src\/images\/logo\/masterfuel_connect.png","message":"Ruta ingresada inexistente, ruta: \/src\/images\/logo\/masterfuel_connect.png","context":[]}
{"timestamp":"2026-03-03 07:45:13","level":"MODULE","user":"guest","ip":"::1","url":"\/distribuidora-esqueleto\/src\/images\/logo\/masterfuel_connect_blanco.png","message":"Ruta ingresada inexistente, ruta: \/src\/images\/logo\/masterfuel_connect_blanco.png","context":[]}
{"timestamp":"2026-03-03 07:45:13","level":"MODULE","user":"guest","ip":"::1","url":"\/distribuidora-esqueleto\/src\/images\/logo\/Favicon_master_gota_blanco.png","message":"Ruta ingresada inexistente, ruta: \/src\/images\/logo\/Favicon_master_gota_blanco.png","context":[]}
{"timestamp":"2026-03-03 07:45:13","level":"MODULE","user":"guest","ip":"::1","url":"\/distribuidora-esqueleto\/src\/images\/user\/user-02.jpg","message":"Ruta ingresada inexistente, ruta: \/src\/images\/user\/user-02.jpg","context":[]}
{"timestamp":"2026-03-03 07:45:13","level":"MODULE","user":"guest","ip":"::1","url":"\/distribuidora-esqueleto\/src\/images\/user\/user-05.jpg","message":"Ruta ingresada inexistente, ruta: \/src\/images\/user\/user-05.jpg","context":[]}
{"timestamp":"2026-03-03 07:45:13","level":"MODULE","user":"guest","ip":"::1","url":"\/distribuidora-esqueleto\/src\/images\/user\/user-03.jpg","message":"Ruta ingresada inexistente, ruta: \/src\/images\/user\/user-03.jpg","context":[]}
{"timestamp":"2026-03-03 07:45:13","level":"MODULE","user":"guest","ip":"::1","url":"\/distribuidora-esqueleto\/src\/images\/user\/user-04.jpg","message":"Ruta ingresada inexistente, ruta: \/src\/images\/user\/user-04.jpg","context":[]}
{"timestamp":"2026-03-03 07:45:13","level":"MODULE","user":"guest","ip":"::1","url":"\/distribuidora-esqueleto\/src\/images\/user\/owner.jpg","message":"Ruta ingresada inexistente, ruta: \/src\/images\/user\/owner.jpg","context":[]}
{"timestamp":"2026-03-03 07:45:13","level":"MODULE","user":"guest","ip":"::1","url":"\/distribuidora-esqueleto\/src\/images\/country\/country-01.svg","message":"Ruta ingresada inexistente, ruta: \/src\/images\/country\/country-01.svg","context":[]}
{"timestamp":"2026-03-03 07:45:13","level":"MODULE","user":"guest","ip":"::1","url":"\/distribuidora-esqueleto\/src\/images\/country\/country-02.svg","message":"Ruta ingresada inexistente, ruta: \/src\/images\/country\/country-02.svg","context":[]}
{"timestamp":"2026-03-03 07:45:13","level":"MODULE","user":"guest","ip":"::1","url":"\/distribuidora-esqueleto\/src\/images\/product\/product-02.jpg","message":"Ruta ingresada inexistente, ruta: \/src\/images\/product\/product-02.jpg","context":[]}
{"timestamp":"2026-03-03 07:45:13","level":"MODULE","user":"guest","ip":"::1","url":"\/distribuidora-esqueleto\/src\/images\/product\/product-03.jpg","message":"Ruta ingresada inexistente, ruta: \/src\/images\/product\/product-03.jpg","context":[]}
{"timestamp":"2026-03-03 07:45:13","level":"MODULE","user":"guest","ip":"::1","url":"\/distribuidora-esqueleto\/src\/images\/product\/product-01.jpg","message":"Ruta ingresada inexistente, ruta: \/src\/images\/product\/product-01.jpg","context":[]}
{"timestamp":"2026-03-03 07:45:13","level":"MODULE","user":"guest","ip":"::1","url":"\/distribuidora-esqueleto\/src\/images\/product\/product-05.jpg","message":"Ruta ingresada inexistente, ruta: \/src\/images\/product\/product-05.jpg","context":[]}
{"timestamp":"2026-03-03 07:45:13","level":"MODULE","user":"guest","ip":"::1","url":"\/distribuidora-esqueleto\/src\/images\/product\/product-04.jpg","message":"Ruta ingresada inexistente, ruta: \/src\/images\/product\/product-04.jpg","context":[]}
{"timestamp":"2026-03-03 07:45:13","level":"MODULE","user":"guest","ip":"::1","url":"\/distribuidora-esqueleto\/src\/images\/logo\/masterfuel_connect_blanco.png","message":"Ruta ingresada inexistente, ruta: \/src\/images\/logo\/masterfuel_connect_blanco.png","context":[]}
{"timestamp":"2026-03-03 07:45:13","level":"MODULE","user":"guest","ip":"::1","url":"\/distribuidora-esqueleto\/src\/images\/logo\/masterfuel_connect.png","message":"Ruta ingresada inexistente, ruta: \/src\/images\/logo\/masterfuel_connect.png","context":[]}
{"timestamp":"2026-03-03 07:45:19","level":"MODULE","user":"guest","ip":"::1","url":"\/distribuidora-esqueleto\/src\/images\/logo\/masterfuel_connect.png","message":"Ruta ingresada inexistente, ruta: \/src\/images\/logo\/masterfuel_connect.png","context":[]}
{"timestamp":"2026-03-03 07:45:19","level":"MODULE","user":"guest","ip":"::1","url":"\/distribuidora-esqueleto\/src\/images\/logo\/masterfuel_connect_blanco.png","message":"Ruta ingresada inexistente, ruta: \/src\/images\/logo\/masterfuel_connect_blanco.png","context":[]}
{"timestamp":"2026-03-03 07:45:19","level":"MODULE","user":"guest","ip":"::1","url":"\/distribuidora-esqueleto\/src\/images\/logo\/Favicon_master_gota_blanco.png","message":"Ruta ingresada inexistente, ruta: \/src\/images\/logo\/Favicon_master_gota_blanco.png","context":[]}
{"timestamp":"2026-03-03 07:45:19","level":"MODULE","user":"guest","ip":"::1","url":"\/distribuidora-esqueleto\/src\/images\/user\/user-02.jpg","message":"Ruta ingresada inexistente, ruta: \/src\/images\/user\/user-02.jpg","context":[]}
{"timestamp":"2026-03-03 07:45:19","level":"MODULE","user":"guest","ip":"::1","url":"\/distribuidora-esqueleto\/src\/images\/user\/user-05.jpg","message":"Ruta ingresada inexistente, ruta: \/src\/images\/user\/user-05.jpg","context":[]}
{"timestamp":"2026-03-03 07:45:19","level":"MODULE","user":"guest","ip":"::1","url":"\/distribuidora-esqueleto\/src\/images\/user\/owner.jpg","message":"Ruta ingresada inexistente, ruta: \/src\/images\/user\/owner.jpg","context":[]}
{"timestamp":"2026-03-03 07:45:19","level":"MODULE","user":"guest","ip":"::1","url":"\/distribuidora-esqueleto\/src\/images\/user\/user-04.jpg","message":"Ruta ingresada inexistente, ruta: \/src\/images\/user\/user-04.jpg","context":[]}
{"timestamp":"2026-03-03 07:45:19","level":"MODULE","user":"guest","ip":"::1","url":"\/distribuidora-esqueleto\/src\/images\/user\/user-03.jpg","message":"Ruta ingresada inexistente, ruta: \/src\/images\/user\/user-03.jpg","context":[]}
{"timestamp":"2026-03-03 07:45:19","level":"MODULE","user":"guest","ip":"::1","url":"\/distribuidora-esqueleto\/src\/images\/country\/country-01.svg","message":"Ruta ingresada inexistente, ruta: \/src\/images\/country\/country-01.svg","context":[]}
{"timestamp":"2026-03-03 07:45:19","level":"MODULE","user":"guest","ip":"::1","url":"\/distribuidora-esqueleto\/src\/images\/product\/product-02.jpg","message":"Ruta ingresada inexistente, ruta: \/src\/images\/product\/product-02.jpg","context":[]}
{"timestamp":"2026-03-03 07:45:19","level":"MODULE","user":"guest","ip":"::1","url":"\/distribuidora-esqueleto\/src\/images\/product\/product-03.jpg","message":"Ruta ingresada inexistente, ruta: \/src\/images\/product\/product-03.jpg","context":[]}
{"timestamp":"2026-03-03 07:45:19","level":"MODULE","user":"guest","ip":"::1","url":"\/distribuidora-esqueleto\/src\/images\/product\/product-01.jpg","message":"Ruta ingresada inexistente, ruta: \/src\/images\/product\/product-01.jpg","context":[]}
{"timestamp":"2026-03-03 07:45:19","level":"MODULE","user":"guest","ip":"::1","url":"\/distribuidora-esqueleto\/src\/images\/product\/product-04.jpg","message":"Ruta ingresada inexistente, ruta: \/src\/images\/product\/product-04.jpg","context":[]}
{"timestamp":"2026-03-03 07:45:19","level":"MODULE","user":"guest","ip":"::1","url":"\/distribuidora-esqueleto\/src\/images\/country\/country-02.svg","message":"Ruta ingresada inexistente, ruta: \/src\/images\/country\/country-02.svg","context":[]}
{"timestamp":"2026-03-03 07:45:19","level":"MODULE","user":"guest","ip":"::1","url":"\/distribuidora-esqueleto\/src\/images\/product\/product-05.jpg","message":"Ruta ingresada inexistente, ruta: \/src\/images\/product\/product-05.jpg","context":[]}
{"timestamp":"2026-03-03 07:45:19","level":"MODULE","user":"guest","ip":"::1","url":"\/distribuidora-esqueleto\/src\/images\/logo\/masterfuel_connect.png","message":"Ruta ingresada inexistente, ruta: \/src\/images\/logo\/masterfuel_connect.png","context":[]}
{"timestamp":"2026-03-03 07:45:19","level":"MODULE","user":"guest","ip":"::1","url":"\/distribuidora-esqueleto\/src\/images\/logo\/masterfuel_connect_blanco.png","message":"Ruta ingresada inexistente, ruta: \/src\/images\/logo\/masterfuel_connect_blanco.png","context":[]}
{"timestamp":"2026-03-03 07:45:34","level":"MODULE","user":"guest","ip":"::1","url":"\/distribuidora-esqueleto\/src\/images\/logo\/masterfuel_connect.png","message":"Ruta ingresada inexistente, ruta: \/src\/images\/logo\/masterfuel_connect.png","context":[]}
{"timestamp":"2026-03-03 07:45:34","level":"MODULE","user":"guest","ip":"::1","url":"\/distribuidora-esqueleto\/src\/images\/logo\/masterfuel_connect_blanco.png","message":"Ruta ingresada inexistente, ruta: \/src\/images\/logo\/masterfuel_connect_blanco.png","context":[]}
{"timestamp":"2026-03-03 07:45:34","level":"MODULE","user":"guest","ip":"::1","url":"\/distribuidora-esqueleto\/src\/images\/logo\/Favicon_master_gota_blanco.png","message":"Ruta ingresada inexistente, ruta: \/src\/images\/logo\/Favicon_master_gota_blanco.png","context":[]}
{"timestamp":"2026-03-03 07:45:34","level":"MODULE","user":"guest","ip":"::1","url":"\/distribuidora-esqueleto\/src\/images\/user\/user-04.jpg","message":"Ruta ingresada inexistente, ruta: \/src\/images\/user\/user-04.jpg","context":[]}
{"timestamp":"2026-03-03 07:45:34","level":"MODULE","user":"guest","ip":"::1","url":"\/distribuidora-esqueleto\/src\/images\/user\/user-03.jpg","message":"Ruta ingresada inexistente, ruta: \/src\/images\/user\/user-03.jpg","context":[]}
{"timestamp":"2026-03-03 07:45:34","level":"MODULE","user":"guest","ip":"::1","url":"\/distribuidora-esqueleto\/src\/images\/user\/user-05.jpg","message":"Ruta ingresada inexistente, ruta: \/src\/images\/user\/user-05.jpg","context":[]}
{"timestamp":"2026-03-03 07:45:34","level":"MODULE","user":"guest","ip":"::1","url":"\/distribuidora-esqueleto\/src\/images\/user\/owner.jpg","message":"Ruta ingresada inexistente, ruta: \/src\/images\/user\/owner.jpg","context":[]}
{"timestamp":"2026-03-03 07:45:34","level":"MODULE","user":"guest","ip":"::1","url":"\/distribuidora-esqueleto\/src\/images\/user\/user-02.jpg","message":"Ruta ingresada inexistente, ruta: \/src\/images\/user\/user-02.jpg","context":[]}
{"timestamp":"2026-03-03 07:45:34","level":"MODULE","user":"guest","ip":"::1","url":"\/distribuidora-esqueleto\/src\/images\/country\/country-02.svg","message":"Ruta ingresada inexistente, ruta: \/src\/images\/country\/country-02.svg","context":[]}
{"timestamp":"2026-03-03 07:45:34","level":"MODULE","user":"guest","ip":"::1","url":"\/distribuidora-esqueleto\/src\/images\/country\/country-01.svg","message":"Ruta ingresada inexistente, ruta: \/src\/images\/country\/country-01.svg","context":[]}
{"timestamp":"2026-03-03 07:45:34","level":"MODULE","user":"guest","ip":"::1","url":"\/distribuidora-esqueleto\/src\/images\/product\/product-02.jpg","message":"Ruta ingresada inexistente, ruta: \/src\/images\/product\/product-02.jpg","context":[]}
{"timestamp":"2026-03-03 07:45:34","level":"MODULE","user":"guest","ip":"::1","url":"\/distribuidora-esqueleto\/src\/images\/product\/product-04.jpg","message":"Ruta ingresada inexistente, ruta: \/src\/images\/product\/product-04.jpg","context":[]}
{"timestamp":"2026-03-03 07:45:34","level":"MODULE","user":"guest","ip":"::1","url":"\/distribuidora-esqueleto\/src\/images\/product\/product-03.jpg","message":"Ruta ingresada inexistente, ruta: \/src\/images\/product\/product-03.jpg","context":[]}
{"timestamp":"2026-03-03 07:45:34","level":"MODULE","user":"guest","ip":"::1","url":"\/distribuidora-esqueleto\/src\/images\/product\/product-01.jpg","message":"Ruta ingresada inexistente, ruta: \/src\/images\/product\/product-01.jpg","context":[]}
{"timestamp":"2026-03-03 07:45:34","level":"MODULE","user":"guest","ip":"::1","url":"\/distribuidora-esqueleto\/src\/images\/product\/product-05.jpg","message":"Ruta ingresada inexistente, ruta: \/src\/images\/product\/product-05.jpg","context":[]}
{"timestamp":"2026-03-03 07:45:34","level":"MODULE","user":"guest","ip":"::1","url":"\/distribuidora-esqueleto\/src\/images\/logo\/masterfuel_connect.png","message":"Ruta ingresada inexistente, ruta: \/src\/images\/logo\/masterfuel_connect.png","context":[]}
{"timestamp":"2026-03-03 07:45:34","level":"MODULE","user":"guest","ip":"::1","url":"\/distribuidora-esqueleto\/src\/images\/logo\/masterfuel_connect_blanco.png","message":"Ruta ingresada inexistente, ruta: \/src\/images\/logo\/masterfuel_connect_blanco.png","context":[]}
{"timestamp":"2026-03-03 07:45:40","level":"MODULE","user":"guest","ip":"::1","url":"\/distribuidora-esqueleto\/src\/images\/logo\/masterfuel_connect.png","message":"Ruta ingresada inexistente, ruta: \/src\/images\/logo\/masterfuel_connect.png","context":[]}
{"timestamp":"2026-03-03 07:45:40","level":"MODULE","user":"guest","ip":"::1","url":"\/distribuidora-esqueleto\/src\/images\/logo\/masterfuel_connect_blanco.png","message":"Ruta ingresada inexistente, ruta: \/src\/images\/logo\/masterfuel_connect_blanco.png","context":[]}
{"timestamp":"2026-03-03 07:45:40","level":"MODULE","user":"guest","ip":"::1","url":"\/distribuidora-esqueleto\/src\/images\/logo\/Favicon_master_gota_blanco.png","message":"Ruta ingresada inexistente, ruta: \/src\/images\/logo\/Favicon_master_gota_blanco.png","context":[]}
{"timestamp":"2026-03-03 07:45:40","level":"MODULE","user":"guest","ip":"::1","url":"\/distribuidora-esqueleto\/src\/images\/user\/user-02.jpg","message":"Ruta ingresada inexistente, ruta: \/src\/images\/user\/user-02.jpg","context":[]}
{"timestamp":"2026-03-03 07:45:40","level":"MODULE","user":"guest","ip":"::1","url":"\/distribuidora-esqueleto\/src\/images\/user\/user-03.jpg","message":"Ruta ingresada inexistente, ruta: \/src\/images\/user\/user-03.jpg","context":[]}
{"timestamp":"2026-03-03 07:45:40","level":"MODULE","user":"guest","ip":"::1","url":"\/distribuidora-esqueleto\/src\/images\/user\/user-04.jpg","message":"Ruta ingresada inexistente, ruta: \/src\/images\/user\/user-04.jpg","context":[]}
{"timestamp":"2026-03-03 07:45:40","level":"MODULE","user":"guest","ip":"::1","url":"\/distribuidora-esqueleto\/src\/images\/user\/owner.jpg","message":"Ruta ingresada inexistente, ruta: \/src\/images\/user\/owner.jpg","context":[]}
{"timestamp":"2026-03-03 07:45:40","level":"MODULE","user":"guest","ip":"::1","url":"\/distribuidora-esqueleto\/src\/images\/user\/user-05.jpg","message":"Ruta ingresada inexistente, ruta: \/src\/images\/user\/user-05.jpg","context":[]}
{"timestamp":"2026-03-03 07:45:40","level":"MODULE","user":"guest","ip":"::1","url":"\/distribuidora-esqueleto\/src\/images\/country\/country-01.svg","message":"Ruta ingresada inexistente, ruta: \/src\/images\/country\/country-01.svg","context":[]}
{"timestamp":"2026-03-03 07:45:40","level":"MODULE","user":"guest","ip":"::1","url":"\/distribuidora-esqueleto\/src\/images\/country\/country-02.svg","message":"Ruta ingresada inexistente, ruta: \/src\/images\/country\/country-02.svg","context":[]}
{"timestamp":"2026-03-03 07:45:40","level":"MODULE","user":"guest","ip":"::1","url":"\/distribuidora-esqueleto\/src\/images\/product\/product-01.jpg","message":"Ruta ingresada inexistente, ruta: \/src\/images\/product\/product-01.jpg","context":[]}
{"timestamp":"2026-03-03 07:45:40","level":"MODULE","user":"guest","ip":"::1","url":"\/distribuidora-esqueleto\/src\/images\/product\/product-03.jpg","message":"Ruta ingresada inexistente, ruta: \/src\/images\/product\/product-03.jpg","context":[]}
{"timestamp":"2026-03-03 07:45:40","level":"MODULE","user":"guest","ip":"::1","url":"\/distribuidora-esqueleto\/src\/images\/product\/product-02.jpg","message":"Ruta ingresada inexistente, ruta: \/src\/images\/product\/product-02.jpg","context":[]}
{"timestamp":"2026-03-03 07:45:40","level":"MODULE","user":"guest","ip":"::1","url":"\/distribuidora-esqueleto\/src\/images\/product\/product-05.jpg","message":"Ruta ingresada inexistente, ruta: \/src\/images\/product\/product-05.jpg","context":[]}
{"timestamp":"2026-03-03 07:45:40","level":"MODULE","user":"guest","ip":"::1","url":"\/distribuidora-esqueleto\/src\/images\/product\/product-04.jpg","message":"Ruta ingresada inexistente, ruta: \/src\/images\/product\/product-04.jpg","context":[]}
{"timestamp":"2026-03-03 07:45:40","level":"MODULE","user":"guest","ip":"::1","url":"\/distribuidora-esqueleto\/src\/images\/logo\/masterfuel_connect.png","message":"Ruta ingresada inexistente, ruta: \/src\/images\/logo\/masterfuel_connect.png","context":[]}
{"timestamp":"2026-03-03 07:45:40","level":"MODULE","user":"guest","ip":"::1","url":"\/distribuidora-esqueleto\/src\/images\/logo\/masterfuel_connect_blanco.png","message":"Ruta ingresada inexistente, ruta: \/src\/images\/logo\/masterfuel_connect_blanco.png","context":[]}
{"timestamp":"2026-03-03 07:45:41","level":"MODULE","user":"guest","ip":"::1","url":"\/distribuidora-esqueleto\/src\/images\/logo\/masterfuel_connect.png","message":"Ruta ingresada inexistente, ruta: \/src\/images\/logo\/masterfuel_connect.png","context":[]}
{"timestamp":"2026-03-03 07:45:41","level":"MODULE","user":"guest","ip":"::1","url":"\/distribuidora-esqueleto\/src\/images\/logo\/masterfuel_connect_blanco.png","message":"Ruta ingresada inexistente, ruta: \/src\/images\/logo\/masterfuel_connect_blanco.png","context":[]}
{"timestamp":"2026-03-03 07:45:41","level":"MODULE","user":"guest","ip":"::1","url":"\/distribuidora-esqueleto\/src\/images\/logo\/Favicon_master_gota_blanco.png","message":"Ruta ingresada inexistente, ruta: \/src\/images\/logo\/Favicon_master_gota_blanco.png","context":[]}
{"timestamp":"2026-03-03 07:45:41","level":"MODULE","user":"guest","ip":"::1","url":"\/distribuidora-esqueleto\/src\/images\/user\/user-03.jpg","message":"Ruta ingresada inexistente, ruta: \/src\/images\/user\/user-03.jpg","context":[]}
{"timestamp":"2026-03-03 07:45:41","level":"MODULE","user":"guest","ip":"::1","url":"\/distribuidora-esqueleto\/src\/images\/user\/user-02.jpg","message":"Ruta ingresada inexistente, ruta: \/src\/images\/user\/user-02.jpg","context":[]}
{"timestamp":"2026-03-03 07:45:41","level":"MODULE","user":"guest","ip":"::1","url":"\/distribuidora-esqueleto\/src\/images\/user\/user-05.jpg","message":"Ruta ingresada inexistente, ruta: \/src\/images\/user\/user-05.jpg","context":[]}
{"timestamp":"2026-03-03 07:45:41","level":"MODULE","user":"guest","ip":"::1","url":"\/distribuidora-esqueleto\/src\/images\/user\/user-04.jpg","message":"Ruta ingresada inexistente, ruta: \/src\/images\/user\/user-04.jpg","context":[]}
{"timestamp":"2026-03-03 07:45:41","level":"MODULE","user":"guest","ip":"::1","url":"\/distribuidora-esqueleto\/src\/images\/user\/owner.jpg","message":"Ruta ingresada inexistente, ruta: \/src\/images\/user\/owner.jpg","context":[]}
{"timestamp":"2026-03-03 07:45:41","level":"MODULE","user":"guest","ip":"::1","url":"\/distribuidora-esqueleto\/src\/images\/country\/country-01.svg","message":"Ruta ingresada inexistente, ruta: \/src\/images\/country\/country-01.svg","context":[]}
{"timestamp":"2026-03-03 07:45:41","level":"MODULE","user":"guest","ip":"::1","url":"\/distribuidora-esqueleto\/src\/images\/product\/product-01.jpg","message":"Ruta ingresada inexistente, ruta: \/src\/images\/product\/product-01.jpg","context":[]}
{"timestamp":"2026-03-03 07:45:41","level":"MODULE","user":"guest","ip":"::1","url":"\/distribuidora-esqueleto\/src\/images\/country\/country-02.svg","message":"Ruta ingresada inexistente, ruta: \/src\/images\/country\/country-02.svg","context":[]}
{"timestamp":"2026-03-03 07:45:41","level":"MODULE","user":"guest","ip":"::1","url":"\/distribuidora-esqueleto\/src\/images\/product\/product-03.jpg","message":"Ruta ingresada inexistente, ruta: \/src\/images\/product\/product-03.jpg","context":[]}
{"timestamp":"2026-03-03 07:45:41","level":"MODULE","user":"guest","ip":"::1","url":"\/distribuidora-esqueleto\/src\/images\/product\/product-02.jpg","message":"Ruta ingresada inexistente, ruta: \/src\/images\/product\/product-02.jpg","context":[]}
{"timestamp":"2026-03-03 07:45:41","level":"MODULE","user":"guest","ip":"::1","url":"\/distribuidora-esqueleto\/src\/images\/product\/product-04.jpg","message":"Ruta ingresada inexistente, ruta: \/src\/images\/product\/product-04.jpg","context":[]}
{"timestamp":"2026-03-03 07:45:41","level":"MODULE","user":"guest","ip":"::1","url":"\/distribuidora-esqueleto\/src\/images\/product\/product-05.jpg","message":"Ruta ingresada inexistente, ruta: \/src\/images\/product\/product-05.jpg","context":[]}
{"timestamp":"2026-03-03 07:45:41","level":"MODULE","user":"guest","ip":"::1","url":"\/distribuidora-esqueleto\/src\/images\/logo\/masterfuel_connect.png","message":"Ruta ingresada inexistente, ruta: \/src\/images\/logo\/masterfuel_connect.png","context":[]}
{"timestamp":"2026-03-03 07:45:41","level":"MODULE","user":"guest","ip":"::1","url":"\/distribuidora-esqueleto\/src\/images\/logo\/masterfuel_connect_blanco.png","message":"Ruta ingresada inexistente, ruta: \/src\/images\/logo\/masterfuel_connect_blanco.png","context":[]}
{"timestamp":"2026-03-03 07:46:08","level":"MODULE","user":"guest","ip":"::1","url":"\/distribuidora-esqueleto\/src\/images\/logo\/masterfuel_connect.png","message":"Ruta ingresada inexistente, ruta: \/src\/images\/logo\/masterfuel_connect.png","context":[]}
{"timestamp":"2026-03-03 07:46:08","level":"MODULE","user":"guest","ip":"::1","url":"\/distribuidora-esqueleto\/src\/images\/logo\/masterfuel_connect_blanco.png","message":"Ruta ingresada inexistente, ruta: \/src\/images\/logo\/masterfuel_connect_blanco.png","context":[]}
{"timestamp":"2026-03-03 07:46:08","level":"MODULE","user":"guest","ip":"::1","url":"\/distribuidora-esqueleto\/src\/images\/logo\/Favicon_master_gota_blanco.png","message":"Ruta ingresada inexistente, ruta: \/src\/images\/logo\/Favicon_master_gota_blanco.png","context":[]}
{"timestamp":"2026-03-03 07:46:08","level":"MODULE","user":"guest","ip":"::1","url":"\/distribuidora-esqueleto\/src\/images\/user\/user-02.jpg","message":"Ruta ingresada inexistente, ruta: \/src\/images\/user\/user-02.jpg","context":[]}
{"timestamp":"2026-03-03 07:46:08","level":"MODULE","user":"guest","ip":"::1","url":"\/distribuidora-esqueleto\/src\/images\/user\/user-03.jpg","message":"Ruta ingresada inexistente, ruta: \/src\/images\/user\/user-03.jpg","context":[]}
{"timestamp":"2026-03-03 07:46:08","level":"MODULE","user":"guest","ip":"::1","url":"\/distribuidora-esqueleto\/src\/images\/user\/user-04.jpg","message":"Ruta ingresada inexistente, ruta: \/src\/images\/user\/user-04.jpg","context":[]}
{"timestamp":"2026-03-03 07:46:08","level":"MODULE","user":"guest","ip":"::1","url":"\/distribuidora-esqueleto\/src\/images\/user\/owner.jpg","message":"Ruta ingresada inexistente, ruta: \/src\/images\/user\/owner.jpg","context":[]}
{"timestamp":"2026-03-03 07:46:08","level":"MODULE","user":"guest","ip":"::1","url":"\/distribuidora-esqueleto\/src\/images\/user\/user-05.jpg","message":"Ruta ingresada inexistente, ruta: \/src\/images\/user\/user-05.jpg","context":[]}
{"timestamp":"2026-03-03 07:46:08","level":"MODULE","user":"guest","ip":"::1","url":"\/distribuidora-esqueleto\/src\/images\/country\/country-01.svg","message":"Ruta ingresada inexistente, ruta: \/src\/images\/country\/country-01.svg","context":[]}
{"timestamp":"2026-03-03 07:46:08","level":"MODULE","user":"guest","ip":"::1","url":"\/distribuidora-esqueleto\/src\/images\/product\/product-03.jpg","message":"Ruta ingresada inexistente, ruta: \/src\/images\/product\/product-03.jpg","context":[]}
{"timestamp":"2026-03-03 07:46:08","level":"MODULE","user":"guest","ip":"::1","url":"\/distribuidora-esqueleto\/src\/images\/product\/product-01.jpg","message":"Ruta ingresada inexistente, ruta: \/src\/images\/product\/product-01.jpg","context":[]}
{"timestamp":"2026-03-03 07:46:08","level":"MODULE","user":"guest","ip":"::1","url":"\/distribuidora-esqueleto\/src\/images\/product\/product-02.jpg","message":"Ruta ingresada inexistente, ruta: \/src\/images\/product\/product-02.jpg","context":[]}
{"timestamp":"2026-03-03 07:46:08","level":"MODULE","user":"guest","ip":"::1","url":"\/distribuidora-esqueleto\/src\/images\/product\/product-04.jpg","message":"Ruta ingresada inexistente, ruta: \/src\/images\/product\/product-04.jpg","context":[]}
{"timestamp":"2026-03-03 07:46:08","level":"MODULE","user":"guest","ip":"::1","url":"\/distribuidora-esqueleto\/src\/images\/country\/country-02.svg","message":"Ruta ingresada inexistente, ruta: \/src\/images\/country\/country-02.svg","context":[]}
{"timestamp":"2026-03-03 07:46:08","level":"MODULE","user":"guest","ip":"::1","url":"\/distribuidora-esqueleto\/src\/images\/product\/product-05.jpg","message":"Ruta ingresada inexistente, ruta: \/src\/images\/product\/product-05.jpg","context":[]}
{"timestamp":"2026-03-03 07:46:08","level":"MODULE","user":"guest","ip":"::1","url":"\/distribuidora-esqueleto\/src\/images\/logo\/masterfuel_connect_blanco.png","message":"Ruta ingresada inexistente, ruta: \/src\/images\/logo\/masterfuel_connect_blanco.png","context":[]}
{"timestamp":"2026-03-03 07:46:08","level":"MODULE","user":"guest","ip":"::1","url":"\/distribuidora-esqueleto\/src\/images\/logo\/masterfuel_connect.png","message":"Ruta ingresada inexistente, ruta: \/src\/images\/logo\/masterfuel_connect.png","context":[]}
{"timestamp":"2026-03-03 07:46:08","level":"MODULE","user":"guest","ip":"::1","url":"\/distribuidora-esqueleto\/src\/images\/user\/user-02.jpg","message":"Ruta ingresada inexistente, ruta: \/src\/images\/user\/user-02.jpg","context":[]}
{"timestamp":"2026-03-03 07:46:08","level":"MODULE","user":"guest","ip":"::1","url":"\/distribuidora-esqueleto\/src\/images\/user\/user-03.jpg","message":"Ruta ingresada inexistente, ruta: \/src\/images\/user\/user-03.jpg","context":[]}
{"timestamp":"2026-03-03 07:46:08","level":"MODULE","user":"guest","ip":"::1","url":"\/distribuidora-esqueleto\/src\/images\/user\/user-04.jpg","message":"Ruta ingresada inexistente, ruta: \/src\/images\/user\/user-04.jpg","context":[]}
{"timestamp":"2026-03-03 07:46:08","level":"MODULE","user":"guest","ip":"::1","url":"\/distribuidora-esqueleto\/src\/images\/user\/user-05.jpg","message":"Ruta ingresada inexistente, ruta: \/src\/images\/user\/user-05.jpg","context":[]}
{"timestamp":"2026-03-03 07:46:59","level":"MODULE","user":"guest","ip":"::1","url":"\/distribuidora-esqueleto\/src\/images\/logo\/masterfuel_connect.png","message":"Ruta ingresada inexistente, ruta: \/src\/images\/logo\/masterfuel_connect.png","context":[]}
{"timestamp":"2026-03-03 07:46:59","level":"MODULE","user":"guest","ip":"::1","url":"\/distribuidora-esqueleto\/src\/images\/logo\/masterfuel_connect_blanco.png","message":"Ruta ingresada inexistente, ruta: \/src\/images\/logo\/masterfuel_connect_blanco.png","context":[]}
{"timestamp":"2026-03-03 07:46:59","level":"MODULE","user":"guest","ip":"::1","url":"\/distribuidora-esqueleto\/src\/images\/logo\/Favicon_master_gota_blanco.png","message":"Ruta ingresada inexistente, ruta: \/src\/images\/logo\/Favicon_master_gota_blanco.png","context":[]}
{"timestamp":"2026-03-03 07:46:59","level":"MODULE","user":"guest","ip":"::1","url":"\/distribuidora-esqueleto\/src\/images\/user\/user-02.jpg","message":"Ruta ingresada inexistente, ruta: \/src\/images\/user\/user-02.jpg","context":[]}
{"timestamp":"2026-03-03 07:46:59","level":"MODULE","user":"guest","ip":"::1","url":"\/distribuidora-esqueleto\/src\/images\/user\/owner.jpg","message":"Ruta ingresada inexistente, ruta: \/src\/images\/user\/owner.jpg","context":[]}
{"timestamp":"2026-03-03 07:46:59","level":"MODULE","user":"guest","ip":"::1","url":"\/distribuidora-esqueleto\/src\/images\/user\/user-03.jpg","message":"Ruta ingresada inexistente, ruta: \/src\/images\/user\/user-03.jpg","context":[]}
{"timestamp":"2026-03-03 07:46:59","level":"MODULE","user":"guest","ip":"::1","url":"\/distribuidora-esqueleto\/src\/images\/user\/user-05.jpg","message":"Ruta ingresada inexistente, ruta: \/src\/images\/user\/user-05.jpg","context":[]}
{"timestamp":"2026-03-03 07:46:59","level":"MODULE","user":"guest","ip":"::1","url":"\/distribuidora-esqueleto\/src\/images\/user\/user-04.jpg","message":"Ruta ingresada inexistente, ruta: \/src\/images\/user\/user-04.jpg","context":[]}
{"timestamp":"2026-03-03 07:46:59","level":"MODULE","user":"guest","ip":"::1","url":"\/distribuidora-esqueleto\/src\/images\/product\/product-01.jpg","message":"Ruta ingresada inexistente, ruta: \/src\/images\/product\/product-01.jpg","context":[]}
{"timestamp":"2026-03-03 07:46:59","level":"MODULE","user":"guest","ip":"::1","url":"\/distribuidora-esqueleto\/src\/images\/country\/country-01.svg","message":"Ruta ingresada inexistente, ruta: \/src\/images\/country\/country-01.svg","context":[]}
{"timestamp":"2026-03-03 07:46:59","level":"MODULE","user":"guest","ip":"::1","url":"\/distribuidora-esqueleto\/src\/images\/product\/product-02.jpg","message":"Ruta ingresada inexistente, ruta: \/src\/images\/product\/product-02.jpg","context":[]}
{"timestamp":"2026-03-03 07:46:59","level":"MODULE","user":"guest","ip":"::1","url":"\/distribuidora-esqueleto\/src\/images\/country\/country-02.svg","message":"Ruta ingresada inexistente, ruta: \/src\/images\/country\/country-02.svg","context":[]}
{"timestamp":"2026-03-03 07:46:59","level":"MODULE","user":"guest","ip":"::1","url":"\/distribuidora-esqueleto\/src\/images\/product\/product-03.jpg","message":"Ruta ingresada inexistente, ruta: \/src\/images\/product\/product-03.jpg","context":[]}
{"timestamp":"2026-03-03 07:46:59","level":"MODULE","user":"guest","ip":"::1","url":"\/distribuidora-esqueleto\/src\/images\/product\/product-04.jpg","message":"Ruta ingresada inexistente, ruta: \/src\/images\/product\/product-04.jpg","context":[]}
{"timestamp":"2026-03-03 07:46:59","level":"MODULE","user":"guest","ip":"::1","url":"\/distribuidora-esqueleto\/src\/images\/product\/product-05.jpg","message":"Ruta ingresada inexistente, ruta: \/src\/images\/product\/product-05.jpg","context":[]}
{"timestamp":"2026-03-03 07:46:59","level":"MODULE","user":"guest","ip":"::1","url":"\/distribuidora-esqueleto\/src\/images\/logo\/masterfuel_connect_blanco.png","message":"Ruta ingresada inexistente, ruta: \/src\/images\/logo\/masterfuel_connect_blanco.png","context":[]}
{"timestamp":"2026-03-03 07:46:59","level":"MODULE","user":"guest","ip":"::1","url":"\/distribuidora-esqueleto\/src\/images\/logo\/masterfuel_connect.png","message":"Ruta ingresada inexistente, ruta: \/src\/images\/logo\/masterfuel_connect.png","context":[]}
{"timestamp":"2026-03-03 07:46:59","level":"MODULE","user":"guest","ip":"::1","url":"\/distribuidora-esqueleto\/src\/images\/user\/user-02.jpg","message":"Ruta ingresada inexistente, ruta: \/src\/images\/user\/user-02.jpg","context":[]}
{"timestamp":"2026-03-03 07:46:59","level":"MODULE","user":"guest","ip":"::1","url":"\/distribuidora-esqueleto\/src\/images\/user\/user-03.jpg","message":"Ruta ingresada inexistente, ruta: \/src\/images\/user\/user-03.jpg","context":[]}
{"timestamp":"2026-03-03 08:00:24","level":"MODULE","user":"guest","ip":"::1","url":"\/prueba\/distribuidora-esqueleto\/","message":"Ruta ingresada inexistente, ruta: \/prueba\/distribuidora-esqueleto\/","context":[]}
{"timestamp":"2026-03-03 08:05:15","level":"MODULE","user":"guest","ip":"::1","url":"\/prueba\/distribuidora-esqueleto\/","message":"Ruta ingresada inexistente, ruta: \/prueba\/distribuidora-esqueleto\/","context":[]}
{"timestamp":"2026-03-03 08:07:16","level":"MODULE","user":"guest","ip":"::1","url":"\/prueba\/distribuidora-esqueleto\/","message":"Ruta ingresada inexistente, ruta: \/prueba\/distribuidora-esqueleto\/","context":[]}
{"timestamp":"2026-03-03 08:08:07","level":"MODULE","user":"guest","ip":"::1","url":"\/prueba\/distribuidora-esqueleto\/","message":"Ruta ingresada inexistente, ruta: \/prueba\/distribuidora-esqueleto\/","context":[]}
{"timestamp":"2026-03-03 08:10:03","level":"MODULE","user":"guest","ip":"::1","url":"\/prueba\/distribuidora-esqueleto\/","message":"Ruta ingresada inexistente, ruta: \/prueba\/distribuidora-esqueleto\/","context":[]}
{"timestamp":"2026-03-03 08:11:14","level":"MODULE","user":"guest","ip":"::1","url":"\/prueba\/distribuidora-esqueleto\/","message":"Ruta ingresada inexistente, ruta: \/prueba\/distribuidora-esqueleto\/","context":[]}
{"timestamp":"2026-03-03 08:17:17","level":"MODULE","user":"guest","ip":"::1","url":"\/prueba\/distribuidora-esqueleto\/assets\/js\/bundle.js","message":"Ruta ingresada inexistente, ruta: \/assets\/js\/bundle.js","context":[]}
{"timestamp":"2026-03-03 08:17:27","level":"MODULE","user":"guest","ip":"::1","url":"\/prueba\/distribuidora-esqueleto\/assets\/js\/bundle.js","message":"Ruta ingresada inexistente, ruta: \/assets\/js\/bundle.js","context":[]}
{"timestamp":"2026-03-03 08:27:21","level":"MODULE","user":"guest","ip":"::1","url":"\/prueba\/distribuidora-esqueleto\/src\/js\/bundle.js.map","message":"Ruta ingresada inexistente, ruta: \/src\/js\/bundle.js.map","context":[]}
{"timestamp":"2026-03-03 08:32:08","level":"MODULE","user":"guest","ip":"::1","url":"\/prueba\/distribuidora-esqueleto\/dhsajkhfadsf","message":"Ruta ingresada inexistente, ruta: \/dhsajkhfadsf","context":[]}
{"timestamp":"2026-03-03 08:33:39","level":"MODULE","user":"guest","ip":"::1","url":"\/prueba\/distribuidora-esqueleto\/asdfsadfa","message":"Ruta ingresada inexistente, ruta: \/asdfsadfa","context":[]}
{"timestamp":"2026-03-03 08:34:18","level":"MODULE","user":"guest","ip":"::1","url":"\/prueba\/distribuidora-esqueleto\/shkjhsdf","message":"Ruta ingresada inexistente, ruta: \/shkjhsdf","context":[]}
{"timestamp":"2026-03-03 08:50:12","level":"MODULE","user":"guest","ip":"::1","url":"\/prueba\/distribuidora-esqueleto\/login","message":"Ruta ingresada inexistente, ruta: \/login","context":[]}
{"timestamp":"2026-03-03 10:14:22","level":"MODULE","user":"guest","ip":"::1","url":"\/prueba\/distribuidora-esqueleto\/src\/js\/modules\/auth\/bundle.js","message":"Ruta ingresada inexistente, ruta: \/src\/js\/modules\/auth\/bundle.js","context":[]}
{"timestamp":"2026-03-03 10:24:21","level":"MODULE","user":"guest","ip":"::1","url":"\/prueba\/distribuidora-esqueleto\/","message":"Ruta ingresada inexistente, ruta: \/","context":[]}
{"timestamp":"2026-03-03 10:24:45","level":"MODULE","user":"guest","ip":"::1","url":"\/prueba\/distribuidora-esqueleto\/","message":"Ruta ingresada inexistente, ruta: \/","context":[]}
{"timestamp":"2026-03-03 11:22:50","level":"MODULE","user":"guest","ip":"::1","url":"\/prueba\/distribuidora-esqueleto\/login","message":"Ruta ingresada inexistente, ruta: \/login","context":[]}
{"timestamp":"2026-03-03 11:42:16","level":"MODULE","user":"Erick Adrian Retes López","ip":"::1","url":"\/prueba\/distribuidora-esqueleto\/hola","message":"Ruta ingresada inexistente, ruta: \/hola","context":[]}
{"timestamp":"2026-03-03 12:09:15","level":"MODULE","user":"Erick Adrian Retes López","ip":"::1","url":"\/prueba\/distribuidora-esqueleto\/asdasd","message":"Ruta ingresada inexistente, ruta: \/asdasd","context":[]}
{"timestamp":"2026-03-03 13:26:41","level":"MODULE","user":"Erick Adrian Retes López","ip":"::1","url":"\/prueba\/distribuidora-esqueleto\/asdas","message":"Ruta ingresada inexistente, ruta: \/asdas","context":[]}
{"timestamp":"2026-03-03 13:27:25","level":"MODULE","user":"Erick Adrian Retes López","ip":"::1","url":"\/prueba\/distribuidora-esqueleto\/asdas","message":"Ruta ingresada inexistente, ruta: \/asdas","context":[]}
{"timestamp":"2026-03-03 13:27:43","level":"MODULE","user":"Erick Adrian Retes López","ip":"::1","url":"\/prueba\/distribuidora-esqueleto\/asdas","message":"Ruta ingresada inexistente, ruta: \/asdas","context":[]}
{"timestamp":"2026-03-03 14:11:44","level":"MODULE","user":"guest","ip":"::1","url":"\/prueba\/distribuidora-esqueleto\/lsgadf","message":"Ruta ingresada inexistente, ruta: \/lsgadf","context":[]}
{"timestamp":"2026-03-03 14:14:49","level":"MODULE","user":"guest","ip":"::1","url":"\/prueba\/distribuidora-esqueleto\/lsgadf","message":"Ruta ingresada inexistente, ruta: \/lsgadf","context":[]}
{"timestamp":"2026-03-03 14:17:32","level":"MODULE","user":"Admin Yesenia","ip":"::1","url":"\/prueba\/distribuidora-esqueleto\/asdas","message":"Ruta ingresada inexistente, ruta: \/asdas","context":[]}
{"timestamp":"2026-03-03 14:24:40","level":"MODULE","user":"Admin Yesenia","ip":"::1","url":"\/prueba\/distribuidora-esqueleto\/asdas","message":"Ruta ingresada inexistente, ruta: \/asdas","context":[]}
{"timestamp":"2026-03-03 14:45:15","level":"MODULE","user":"guest","ip":"::1","url":"\/prueba\/distribuidora-esqueleto\/login\/src\/css\/style.css","message":"Ruta ingresada inexistente, ruta: \/login\/src\/css\/style.css","context":[]}
{"timestamp":"2026-03-03 14:45:15","level":"MODULE","user":"guest","ip":"::1","url":"\/prueba\/distribuidora-esqueleto\/login\/src\/img\/shape\/grid-01.svg","message":"Ruta ingresada inexistente, ruta: \/login\/src\/img\/shape\/grid-01.svg","context":[]}
{"timestamp":"2026-03-03 14:45:15","level":"MODULE","user":"guest","ip":"::1","url":"\/prueba\/distribuidora-esqueleto\/login\/src\/img\/logo\/masterfuel_connect_blanco.png","message":"Ruta ingresada inexistente, ruta: \/login\/src\/img\/logo\/masterfuel_connect_blanco.png","context":[]}
{"timestamp":"2026-03-03 14:45:15","level":"MODULE","user":"guest","ip":"::1","url":"\/prueba\/distribuidora-esqueleto\/login\/src\/js\/modules\/auth\/signin.js","message":"Ruta ingresada inexistente, ruta: \/login\/src\/js\/modules\/auth\/signin.js","context":[]}
{"timestamp":"2026-03-03 14:45:16","level":"MODULE","user":"guest","ip":"::1","url":"\/prueba\/distribuidora-esqueleto\/login\/src\/js\/bundle.js","message":"Ruta ingresada inexistente, ruta: \/login\/src\/js\/bundle.js","context":[]}
{"timestamp":"2026-03-03 14:45:16","level":"MODULE","user":"guest","ip":"::1","url":"\/prueba\/distribuidora-esqueleto\/login\/src\/img\/shape\/grid-01.svg","message":"Ruta ingresada inexistente, ruta: \/login\/src\/img\/shape\/grid-01.svg","context":[]}
{"timestamp":"2026-03-03 14:47:55","level":"MODULE","user":"guest","ip":"::1","url":"\/prueba\/distribuidora-esqueleto\/login\/src\/css\/style.css","message":"Ruta ingresada inexistente, ruta: \/login\/src\/css\/style.css","context":[]}
{"timestamp":"2026-03-03 14:47:55","level":"MODULE","user":"guest","ip":"::1","url":"\/prueba\/distribuidora-esqueleto\/login\/src\/img\/shape\/grid-01.svg","message":"Ruta ingresada inexistente, ruta: \/login\/src\/img\/shape\/grid-01.svg","context":[]}
{"timestamp":"2026-03-03 14:47:55","level":"MODULE","user":"guest","ip":"::1","url":"\/prueba\/distribuidora-esqueleto\/login\/src\/js\/modules\/auth\/signin.js","message":"Ruta ingresada inexistente, ruta: \/login\/src\/js\/modules\/auth\/signin.js","context":[]}
{"timestamp":"2026-03-03 14:47:55","level":"MODULE","user":"guest","ip":"::1","url":"\/prueba\/distribuidora-esqueleto\/login\/src\/img\/logo\/masterfuel_connect_blanco.png","message":"Ruta ingresada inexistente, ruta: \/login\/src\/img\/logo\/masterfuel_connect_blanco.png","context":[]}
{"timestamp":"2026-03-03 14:47:56","level":"MODULE","user":"guest","ip":"::1","url":"\/prueba\/distribuidora-esqueleto\/login\/src\/js\/bundle.js","message":"Ruta ingresada inexistente, ruta: \/login\/src\/js\/bundle.js","context":[]}
{"timestamp":"2026-03-03 14:47:56","level":"MODULE","user":"guest","ip":"::1","url":"\/prueba\/distribuidora-esqueleto\/login\/src\/img\/shape\/grid-01.svg","message":"Ruta ingresada inexistente, ruta: \/login\/src\/img\/shape\/grid-01.svg","context":[]}
{"timestamp":"2026-03-03 15:06:26","level":"MODULE","user":"guest","ip":"::1","url":"\/prueba\/distribuidora-esqueleto\/login\/src\/css\/style.css","message":"Ruta ingresada inexistente, ruta: \/login\/src\/css\/style.css","context":[]}
{"timestamp":"2026-03-03 15:06:26","level":"MODULE","user":"guest","ip":"::1","url":"\/prueba\/distribuidora-esqueleto\/login\/src\/img\/shape\/grid-01.svg","message":"Ruta ingresada inexistente, ruta: \/login\/src\/img\/shape\/grid-01.svg","context":[]}
{"timestamp":"2026-03-03 15:06:26","level":"MODULE","user":"guest","ip":"::1","url":"\/prueba\/distribuidora-esqueleto\/login\/src\/img\/logo\/masterfuel_connect_blanco.png","message":"Ruta ingresada inexistente, ruta: \/login\/src\/img\/logo\/masterfuel_connect_blanco.png","context":[]}
{"timestamp":"2026-03-03 15:06:26","level":"MODULE","user":"guest","ip":"::1","url":"\/prueba\/distribuidora-esqueleto\/login\/src\/js\/modules\/auth\/signin.js","message":"Ruta ingresada inexistente, ruta: \/login\/src\/js\/modules\/auth\/signin.js","context":[]}
{"timestamp":"2026-03-03 15:06:26","level":"MODULE","user":"guest","ip":"::1","url":"\/prueba\/distribuidora-esqueleto\/login\/src\/js\/bundle.js","message":"Ruta ingresada inexistente, ruta: \/login\/src\/js\/bundle.js","context":[]}
{"timestamp":"2026-03-03 15:06:26","level":"MODULE","user":"guest","ip":"::1","url":"\/prueba\/distribuidora-esqueleto\/login\/src\/img\/shape\/grid-01.svg","message":"Ruta ingresada inexistente, ruta: \/login\/src\/img\/shape\/grid-01.svg","context":[]}
{"timestamp":"2026-03-03 15:08:34","level":"MODULE","user":"guest","ip":"::1","url":"\/prueba\/distribuidora-esqueleto\/login\/src\/css\/style.css","message":"Ruta ingresada inexistente, ruta: \/login\/src\/css\/style.css","context":[]}
{"timestamp":"2026-03-03 15:08:34","level":"MODULE","user":"guest","ip":"::1","url":"\/prueba\/distribuidora-esqueleto\/login\/src\/img\/shape\/grid-01.svg","message":"Ruta ingresada inexistente, ruta: \/login\/src\/img\/shape\/grid-01.svg","context":[]}
{"timestamp":"2026-03-03 15:08:34","level":"MODULE","user":"guest","ip":"::1","url":"\/prueba\/distribuidora-esqueleto\/login\/src\/img\/logo\/masterfuel_connect_blanco.png","message":"Ruta ingresada inexistente, ruta: \/login\/src\/img\/logo\/masterfuel_connect_blanco.png","context":[]}
{"timestamp":"2026-03-03 15:08:34","level":"MODULE","user":"guest","ip":"::1","url":"\/prueba\/distribuidora-esqueleto\/login\/src\/js\/modules\/auth\/signin.js","message":"Ruta ingresada inexistente, ruta: \/login\/src\/js\/modules\/auth\/signin.js","context":[]}
{"timestamp":"2026-03-03 15:08:34","level":"MODULE","user":"guest","ip":"::1","url":"\/prueba\/distribuidora-esqueleto\/login\/src\/js\/bundle.js","message":"Ruta ingresada inexistente, ruta: \/login\/src\/js\/bundle.js","context":[]}
{"timestamp":"2026-03-03 15:08:34","level":"MODULE","user":"guest","ip":"::1","url":"\/prueba\/distribuidora-esqueleto\/login\/src\/img\/shape\/grid-01.svg","message":"Ruta ingresada inexistente, ruta: \/login\/src\/img\/shape\/grid-01.svg","context":[]}
{"timestamp":"2026-03-03 15:12:52","level":"MODULE","user":"guest","ip":"::1","url":"\/prueba\/distribuidora-esqueleto\/login\/src\/css\/style.css","message":"Ruta ingresada inexistente, ruta: \/login\/src\/css\/style.css","context":[]}
{"timestamp":"2026-03-03 15:12:52","level":"MODULE","user":"guest","ip":"::1","url":"\/prueba\/distribuidora-esqueleto\/login\/src\/img\/shape\/grid-01.svg","message":"Ruta ingresada inexistente, ruta: \/login\/src\/img\/shape\/grid-01.svg","context":[]}
{"timestamp":"2026-03-03 15:12:52","level":"MODULE","user":"guest","ip":"::1","url":"\/prueba\/distribuidora-esqueleto\/login\/src\/img\/logo\/masterfuel_connect_blanco.png","message":"Ruta ingresada inexistente, ruta: \/login\/src\/img\/logo\/masterfuel_connect_blanco.png","context":[]}
{"timestamp":"2026-03-03 15:12:52","level":"MODULE","user":"guest","ip":"::1","url":"\/prueba\/distribuidora-esqueleto\/login\/src\/js\/modules\/auth\/signin.js","message":"Ruta ingresada inexistente, ruta: \/login\/src\/js\/modules\/auth\/signin.js","context":[]}
{"timestamp":"2026-03-03 15:12:52","level":"MODULE","user":"guest","ip":"::1","url":"\/prueba\/distribuidora-esqueleto\/login\/src\/js\/bundle.js","message":"Ruta ingresada inexistente, ruta: \/login\/src\/js\/bundle.js","context":[]}
{"timestamp":"2026-03-03 15:12:52","level":"MODULE","user":"guest","ip":"::1","url":"\/prueba\/distribuidora-esqueleto\/login\/src\/img\/shape\/grid-01.svg","message":"Ruta ingresada inexistente, ruta: \/login\/src\/img\/shape\/grid-01.svg","context":[]}
{"timestamp":"2026-03-03 15:13:20","level":"MODULE","user":"guest","ip":"::1","url":"\/prueba\/distribuidora-esqueleto\/login\/src\/css\/style.css","message":"Ruta ingresada inexistente, ruta: \/login\/src\/css\/style.css","context":[]}
{"timestamp":"2026-03-03 15:13:20","level":"MODULE","user":"guest","ip":"::1","url":"\/prueba\/distribuidora-esqueleto\/login\/src\/img\/shape\/grid-01.svg","message":"Ruta ingresada inexistente, ruta: \/login\/src\/img\/shape\/grid-01.svg","context":[]}
{"timestamp":"2026-03-03 15:13:20","level":"MODULE","user":"guest","ip":"::1","url":"\/prueba\/distribuidora-esqueleto\/login\/src\/img\/logo\/masterfuel_connect_blanco.png","message":"Ruta ingresada inexistente, ruta: \/login\/src\/img\/logo\/masterfuel_connect_blanco.png","context":[]}
{"timestamp":"2026-03-03 15:13:20","level":"MODULE","user":"guest","ip":"::1","url":"\/prueba\/distribuidora-esqueleto\/login\/src\/js\/modules\/auth\/signin.js","message":"Ruta ingresada inexistente, ruta: \/login\/src\/js\/modules\/auth\/signin.js","context":[]}
{"timestamp":"2026-03-03 15:13:21","level":"MODULE","user":"guest","ip":"::1","url":"\/prueba\/distribuidora-esqueleto\/login\/src\/js\/bundle.js","message":"Ruta ingresada inexistente, ruta: \/login\/src\/js\/bundle.js","context":[]}
{"timestamp":"2026-03-03 15:13:21","level":"MODULE","user":"guest","ip":"::1","url":"\/prueba\/distribuidora-esqueleto\/login\/src\/img\/shape\/grid-01.svg","message":"Ruta ingresada inexistente, ruta: \/login\/src\/img\/shape\/grid-01.svg","context":[]}
