{"timestamp":"2026-03-25 06:44:23","level":"MODULE","user":"Admin Yesenia","ip":"::1","url":"\/prueba\/distribuidora-esqueleto\/src\/js\/lib\/DataTables\/datatables-min.js","message":"Ruta ingresada inexistente, ruta: \/src\/js\/lib\/DataTables\/datatables-min.js","context":[]}
{"timestamp":"2026-03-25 06:44:41","level":"MODULE","user":"Admin Yesenia","ip":"::1","url":"\/prueba\/distribuidora-esqueleto\/src\/js\/lib\/DataTables\/pdfmake.js.map","message":"Ruta ingresada inexistente, ruta: \/src\/js\/lib\/DataTables\/pdfmake.js.map","context":[]}
{"timestamp":"2026-03-25 06:59:16","level":"MODULE","user":"Admin Yesenia","ip":"::1","url":"\/prueba\/distribuidora-esqueleto\/src\/js\/lib\/DataTables\/datatables-min.js","message":"Ruta ingresada inexistente, ruta: \/src\/js\/lib\/DataTables\/datatables-min.js","context":[]}
{"timestamp":"2026-03-25 06:59:17","level":"MODULE","user":"Admin Yesenia","ip":"::1","url":"\/prueba\/distribuidora-esqueleto\/src\/js\/lib\/DataTables\/pdfmake.js.map","message":"Ruta ingresada inexistente, ruta: \/src\/js\/lib\/DataTables\/pdfmake.js.map","context":[]}
{"timestamp":"2026-03-25 07:00:26","level":"MODULE","user":"Admin Yesenia","ip":"::1","url":"\/prueba\/distribuidora-esqueleto\/src\/js\/lib\/DataTables\/datatables-min.js","message":"Ruta ingresada inexistente, ruta: \/src\/js\/lib\/DataTables\/datatables-min.js","context":[]}
{"timestamp":"2026-03-25 07:00:26","level":"MODULE","user":"Admin Yesenia","ip":"::1","url":"\/prueba\/distribuidora-esqueleto\/src\/js\/lib\/DataTables\/pdfmake.js.map","message":"Ruta ingresada inexistente, ruta: \/src\/js\/lib\/DataTables\/pdfmake.js.map","context":[]}
{"timestamp":"2026-03-25 07:02:04","level":"MODULE","user":"Maria Luisa Galaz Palma","ip":"::1","url":"\/prueba\/distribuidora-esqueleto\/src\/js\/lib\/DataTables\/datatables-min.js","message":"Ruta ingresada inexistente, ruta: \/src\/js\/lib\/DataTables\/datatables-min.js","context":[]}
{"timestamp":"2026-03-25 07:02:04","level":"MODULE","user":"Maria Luisa Galaz Palma","ip":"::1","url":"\/prueba\/distribuidora-esqueleto\/src\/js\/lib\/DataTables\/pdfmake.js.map","message":"Ruta ingresada inexistente, ruta: \/src\/js\/lib\/DataTables\/pdfmake.js.map","context":[]}
{"timestamp":"2026-03-25 07:19:13","level":"MODULE","user":"Maria Luisa Galaz Palma","ip":"::1","url":"\/prueba\/distribuidora-esqueleto\/src\/js\/lib\/DataTables\/datatables-min.js","message":"Ruta ingresada inexistente, ruta: \/src\/js\/lib\/DataTables\/datatables-min.js","context":[]}
{"timestamp":"2026-03-25 07:19:14","level":"MODULE","user":"Maria Luisa Galaz Palma","ip":"::1","url":"\/prueba\/distribuidora-esqueleto\/src\/js\/lib\/DataTables\/pdfmake.js.map","message":"Ruta ingresada inexistente, ruta: \/src\/js\/lib\/DataTables\/pdfmake.js.map","context":[]}
{"timestamp":"2026-03-25 07:31:24","level":"MODULE","user":"Maria Luisa Galaz Palma","ip":"::1","url":"\/prueba\/distribuidora-esqueleto\/src\/js\/lib\/DataTables\/datatables-min.js","message":"Ruta ingresada inexistente, ruta: \/src\/js\/lib\/DataTables\/datatables-min.js","context":[]}
{"timestamp":"2026-03-25 07:31:25","level":"MODULE","user":"Maria Luisa Galaz Palma","ip":"::1","url":"\/prueba\/distribuidora-esqueleto\/src\/js\/lib\/DataTables\/pdfmake.js.map","message":"Ruta ingresada inexistente, ruta: \/src\/js\/lib\/DataTables\/pdfmake.js.map","context":[]}
{"timestamp":"2026-03-25 07:45:16","level":"MODULE","user":"Maria Luisa Galaz Palma","ip":"::1","url":"\/prueba\/distribuidora-esqueleto\/src\/js\/lib\/DataTables\/datatables-min.js","message":"Ruta ingresada inexistente, ruta: \/src\/js\/lib\/DataTables\/datatables-min.js","context":[]}
{"timestamp":"2026-03-25 07:45:17","level":"MODULE","user":"Maria Luisa Galaz Palma","ip":"::1","url":"\/prueba\/distribuidora-esqueleto\/src\/js\/lib\/DataTables\/pdfmake.js.map","message":"Ruta ingresada inexistente, ruta: \/src\/js\/lib\/DataTables\/pdfmake.js.map","context":[]}
{"timestamp":"2026-03-25 07:47:50","level":"MODULE","user":"Maria Luisa Galaz Palma","ip":"::1","url":"\/prueba\/distribuidora-esqueleto\/src\/js\/lib\/DataTables\/datatables-min.js","message":"Ruta ingresada inexistente, ruta: \/src\/js\/lib\/DataTables\/datatables-min.js","context":[]}
{"timestamp":"2026-03-25 07:47:50","level":"MODULE","user":"Maria Luisa Galaz Palma","ip":"::1","url":"\/prueba\/distribuidora-esqueleto\/src\/js\/lib\/DataTables\/pdfmake.js.map","message":"Ruta ingresada inexistente, ruta: \/src\/js\/lib\/DataTables\/pdfmake.js.map","context":[]}
{"timestamp":"2026-03-25 07:48:40","level":"MODULE","user":"Maria Luisa Galaz Palma","ip":"::1","url":"\/prueba\/distribuidora-esqueleto\/src\/js\/lib\/DataTables\/datatables-min.js","message":"Ruta ingresada inexistente, ruta: \/src\/js\/lib\/DataTables\/datatables-min.js","context":[]}
{"timestamp":"2026-03-25 07:48:40","level":"MODULE","user":"Maria Luisa Galaz Palma","ip":"::1","url":"\/prueba\/distribuidora-esqueleto\/src\/js\/lib\/DataTables\/pdfmake.js.map","message":"Ruta ingresada inexistente, ruta: \/src\/js\/lib\/DataTables\/pdfmake.js.map","context":[]}
{"timestamp":"2026-03-25 07:49:35","level":"MODULE","user":"Maria Luisa Galaz Palma","ip":"::1","url":"\/prueba\/distribuidora-esqueleto\/src\/js\/lib\/DataTables\/datatables-min.js","message":"Ruta ingresada inexistente, ruta: \/src\/js\/lib\/DataTables\/datatables-min.js","context":[]}
{"timestamp":"2026-03-25 07:49:35","level":"MODULE","user":"Maria Luisa Galaz Palma","ip":"::1","url":"\/prueba\/distribuidora-esqueleto\/src\/js\/lib\/DataTables\/pdfmake.js.map","message":"Ruta ingresada inexistente, ruta: \/src\/js\/lib\/DataTables\/pdfmake.js.map","context":[]}
{"timestamp":"2026-03-25 07:50:43","level":"MODULE","user":"Maria Luisa Galaz Palma","ip":"::1","url":"\/prueba\/distribuidora-esqueleto\/src\/js\/lib\/DataTables\/datatables-min.js","message":"Ruta ingresada inexistente, ruta: \/src\/js\/lib\/DataTables\/datatables-min.js","context":[]}
{"timestamp":"2026-03-25 07:50:43","level":"MODULE","user":"Maria Luisa Galaz Palma","ip":"::1","url":"\/prueba\/distribuidora-esqueleto\/src\/js\/lib\/DataTables\/pdfmake.js.map","message":"Ruta ingresada inexistente, ruta: \/src\/js\/lib\/DataTables\/pdfmake.js.map","context":[]}
{"timestamp":"2026-03-25 07:51:30","level":"MODULE","user":"Maria Luisa Galaz Palma","ip":"::1","url":"\/prueba\/distribuidora-esqueleto\/src\/js\/lib\/DataTables\/datatables-min.js","message":"Ruta ingresada inexistente, ruta: \/src\/js\/lib\/DataTables\/datatables-min.js","context":[]}
{"timestamp":"2026-03-25 07:51:30","level":"MODULE","user":"Maria Luisa Galaz Palma","ip":"::1","url":"\/prueba\/distribuidora-esqueleto\/src\/js\/lib\/DataTables\/pdfmake.js.map","message":"Ruta ingresada inexistente, ruta: \/src\/js\/lib\/DataTables\/pdfmake.js.map","context":[]}
{"timestamp":"2026-03-25 07:52:58","level":"MODULE","user":"Maria Luisa Galaz Palma","ip":"::1","url":"\/prueba\/distribuidora-esqueleto\/src\/js\/lib\/DataTables\/datatables-min.js","message":"Ruta ingresada inexistente, ruta: \/src\/js\/lib\/DataTables\/datatables-min.js","context":[]}
{"timestamp":"2026-03-25 07:52:59","level":"MODULE","user":"Maria Luisa Galaz Palma","ip":"::1","url":"\/prueba\/distribuidora-esqueleto\/src\/js\/lib\/DataTables\/pdfmake.js.map","message":"Ruta ingresada inexistente, ruta: \/src\/js\/lib\/DataTables\/pdfmake.js.map","context":[]}
{"timestamp":"2026-03-25 08:05:58","level":"MODULE","user":"Maria Luisa Galaz Palma","ip":"::1","url":"\/prueba\/distribuidora-esqueleto\/src\/js\/lib\/DataTables\/datatables-min.js","message":"Ruta ingresada inexistente, ruta: \/src\/js\/lib\/DataTables\/datatables-min.js","context":[]}
{"timestamp":"2026-03-25 08:05:59","level":"MODULE","user":"Maria Luisa Galaz Palma","ip":"::1","url":"\/prueba\/distribuidora-esqueleto\/src\/js\/lib\/DataTables\/pdfmake.js.map","message":"Ruta ingresada inexistente, ruta: \/src\/js\/lib\/DataTables\/pdfmake.js.map","context":[]}
{"timestamp":"2026-03-25 08:06:27","level":"MODULE","user":"Admin Yesenia","ip":"::1","url":"\/prueba\/distribuidora-esqueleto\/src\/js\/lib\/DataTables\/datatables-min.js","message":"Ruta ingresada inexistente, ruta: \/src\/js\/lib\/DataTables\/datatables-min.js","context":[]}
{"timestamp":"2026-03-25 08:06:27","level":"MODULE","user":"Admin Yesenia","ip":"::1","url":"\/prueba\/distribuidora-esqueleto\/src\/js\/lib\/DataTables\/pdfmake.js.map","message":"Ruta ingresada inexistente, ruta: \/src\/js\/lib\/DataTables\/pdfmake.js.map","context":[]}
{"timestamp":"2026-03-25 08:28:12","level":"MODULE","user":"Admin Yesenia","ip":"::1","url":"\/prueba\/distribuidora-esqueleto\/src\/js\/lib\/DataTables\/datatables-min.js","message":"Ruta ingresada inexistente, ruta: \/src\/js\/lib\/DataTables\/datatables-min.js","context":[]}
{"timestamp":"2026-03-25 08:28:12","level":"MODULE","user":"Admin Yesenia","ip":"::1","url":"\/prueba\/distribuidora-esqueleto\/src\/js\/lib\/DataTables\/pdfmake.js.map","message":"Ruta ingresada inexistente, ruta: \/src\/js\/lib\/DataTables\/pdfmake.js.map","context":[]}
{"timestamp":"2026-03-25 08:31:19","level":"MODULE","user":"Admin Yesenia","ip":"::1","url":"\/prueba\/distribuidora-esqueleto\/src\/js\/lib\/DataTables\/datatables-min.js","message":"Ruta ingresada inexistente, ruta: \/src\/js\/lib\/DataTables\/datatables-min.js","context":[]}
{"timestamp":"2026-03-25 08:31:19","level":"MODULE","user":"Admin Yesenia","ip":"::1","url":"\/prueba\/distribuidora-esqueleto\/src\/js\/lib\/DataTables\/pdfmake.js.map","message":"Ruta ingresada inexistente, ruta: \/src\/js\/lib\/DataTables\/pdfmake.js.map","context":[]}
{"timestamp":"2026-03-25 08:31:31","level":"MODULE","user":"Admin Yesenia","ip":"::1","url":"\/prueba\/distribuidora-esqueleto\/src\/js\/lib\/DataTables\/datatables-min.js","message":"Ruta ingresada inexistente, ruta: \/src\/js\/lib\/DataTables\/datatables-min.js","context":[]}
{"timestamp":"2026-03-25 08:31:31","level":"MODULE","user":"Admin Yesenia","ip":"::1","url":"\/prueba\/distribuidora-esqueleto\/src\/js\/lib\/DataTables\/pdfmake.js.map","message":"Ruta ingresada inexistente, ruta: \/src\/js\/lib\/DataTables\/pdfmake.js.map","context":[]}
{"timestamp":"2026-03-25 08:36:14","level":"MODULE","user":"Admin Yesenia","ip":"::1","url":"\/prueba\/distribuidora-esqueleto\/ticket-editar","message":"Ruta ingresada inexistente, ruta: \/ticket-editar","context":[]}
{"timestamp":"2026-03-25 08:36:49","level":"MODULE","user":"Admin Yesenia","ip":"::1","url":"\/prueba\/distribuidora-esqueleto\/src\/js\/lib\/DataTables\/datatables-min.js","message":"Ruta ingresada inexistente, ruta: \/src\/js\/lib\/DataTables\/datatables-min.js","context":[]}
{"timestamp":"2026-03-25 08:36:50","level":"MODULE","user":"Admin Yesenia","ip":"::1","url":"\/prueba\/distribuidora-esqueleto\/src\/js\/lib\/DataTables\/pdfmake.js.map","message":"Ruta ingresada inexistente, ruta: \/src\/js\/lib\/DataTables\/pdfmake.js.map","context":[]}
{"timestamp":"2026-03-25 08:36:58","level":"MODULE","user":"Admin Yesenia","ip":"::1","url":"\/prueba\/distribuidora-esqueleto\/ticket-editar","message":"Ruta ingresada inexistente, ruta: \/ticket-editar","context":[]}
{"timestamp":"2026-03-25 08:37:17","level":"MODULE","user":"Admin Yesenia","ip":"::1","url":"\/prueba\/distribuidora-esqueleto\/src\/js\/lib\/DataTables\/datatables-min.js","message":"Ruta ingresada inexistente, ruta: \/src\/js\/lib\/DataTables\/datatables-min.js","context":[]}
{"timestamp":"2026-03-25 08:37:18","level":"MODULE","user":"Admin Yesenia","ip":"::1","url":"\/prueba\/distribuidora-esqueleto\/src\/js\/lib\/DataTables\/pdfmake.js.map","message":"Ruta ingresada inexistente, ruta: \/src\/js\/lib\/DataTables\/pdfmake.js.map","context":[]}
{"timestamp":"2026-03-25 08:53:22","level":"MODULE","user":"Admin Yesenia","ip":"::1","url":"\/prueba\/distribuidora-esqueleto\/src\/js\/lib\/DataTables\/datatables-min.js","message":"Ruta ingresada inexistente, ruta: \/src\/js\/lib\/DataTables\/datatables-min.js","context":[]}
{"timestamp":"2026-03-25 08:53:23","level":"MODULE","user":"Admin Yesenia","ip":"::1","url":"\/prueba\/distribuidora-esqueleto\/src\/js\/lib\/DataTables\/pdfmake.js.map","message":"Ruta ingresada inexistente, ruta: \/src\/js\/lib\/DataTables\/pdfmake.js.map","context":[]}
{"timestamp":"2026-03-25 09:07:13","level":"MODULE","user":"Admin Yesenia","ip":"::1","url":"\/prueba\/distribuidora-esqueleto\/src\/js\/lib\/DataTables\/datatables-min.js","message":"Ruta ingresada inexistente, ruta: \/src\/js\/lib\/DataTables\/datatables-min.js","context":[]}
{"timestamp":"2026-03-25 09:07:13","level":"MODULE","user":"Admin Yesenia","ip":"::1","url":"\/prueba\/distribuidora-esqueleto\/src\/js\/lib\/DataTables\/pdfmake.js.map","message":"Ruta ingresada inexistente, ruta: \/src\/js\/lib\/DataTables\/pdfmake.js.map","context":[]}
{"timestamp":"2026-03-25 09:13:09","level":"MODULE","user":"Admin Yesenia","ip":"::1","url":"\/prueba\/distribuidora-esqueleto\/src\/js\/lib\/DataTables\/datatables-min.js","message":"Ruta ingresada inexistente, ruta: \/src\/js\/lib\/DataTables\/datatables-min.js","context":[]}
{"timestamp":"2026-03-25 09:13:09","level":"MODULE","user":"Admin Yesenia","ip":"::1","url":"\/prueba\/distribuidora-esqueleto\/src\/js\/lib\/DataTables\/pdfmake.js.map","message":"Ruta ingresada inexistente, ruta: \/src\/js\/lib\/DataTables\/pdfmake.js.map","context":[]}
{"timestamp":"2026-03-25 09:13:44","level":"MODULE","user":"Admin Yesenia","ip":"::1","url":"\/prueba\/distribuidora-esqueleto\/src\/js\/lib\/DataTables\/datatables-min.js","message":"Ruta ingresada inexistente, ruta: \/src\/js\/lib\/DataTables\/datatables-min.js","context":[]}
{"timestamp":"2026-03-25 09:13:44","level":"MODULE","user":"Admin Yesenia","ip":"::1","url":"\/prueba\/distribuidora-esqueleto\/src\/js\/lib\/DataTables\/pdfmake.js.map","message":"Ruta ingresada inexistente, ruta: \/src\/js\/lib\/DataTables\/pdfmake.js.map","context":[]}
{"timestamp":"2026-03-25 09:13:53","level":"MODULE","user":"Admin Yesenia","ip":"::1","url":"\/prueba\/distribuidora-esqueleto\/tickets\/editar?id=62","message":"Ruta ingresada inexistente, ruta: \/tickets\/editar","context":[]}
{"timestamp":"2026-03-25 09:13:53","level":"MODULE","user":"Admin Yesenia","ip":"::1","url":"\/prueba\/distribuidora-esqueleto\/tickets\/assets\/css\/style.css","message":"Ruta ingresada inexistente, ruta: \/tickets\/assets\/css\/style.css","context":[]}
{"timestamp":"2026-03-25 09:13:53","level":"MODULE","user":"Admin Yesenia","ip":"::1","url":"\/prueba\/distribuidora-esqueleto\/tickets\/assets\/img\/error\/404.svg","message":"Ruta ingresada inexistente, ruta: \/tickets\/assets\/img\/error\/404.svg","context":[]}
{"timestamp":"2026-03-25 09:13:53","level":"MODULE","user":"Admin Yesenia","ip":"::1","url":"\/prueba\/distribuidora-esqueleto\/tickets\/assets\/img\/shape\/grid-01.svg","message":"Ruta ingresada inexistente, ruta: \/tickets\/assets\/img\/shape\/grid-01.svg","context":[]}
{"timestamp":"2026-03-25 09:13:53","level":"MODULE","user":"Admin Yesenia","ip":"::1","url":"\/prueba\/distribuidora-esqueleto\/tickets\/assets\/img\/error\/404-dark.svg","message":"Ruta ingresada inexistente, ruta: \/tickets\/assets\/img\/error\/404-dark.svg","context":[]}
{"timestamp":"2026-03-25 09:13:53","level":"MODULE","user":"Admin Yesenia","ip":"::1","url":"\/prueba\/distribuidora-esqueleto\/tickets\/src\/js\/modules\/auth\/error.js","message":"Ruta ingresada inexistente, ruta: \/tickets\/src\/js\/modules\/auth\/error.js","context":[]}
{"timestamp":"2026-03-25 09:13:53","level":"MODULE","user":"Admin Yesenia","ip":"::1","url":"\/prueba\/distribuidora-esqueleto\/tickets\/assets\/img\/shape\/grid-01.svg","message":"Ruta ingresada inexistente, ruta: \/tickets\/assets\/img\/shape\/grid-01.svg","context":[]}
{"timestamp":"2026-03-25 09:13:53","level":"MODULE","user":"Admin Yesenia","ip":"::1","url":"\/prueba\/distribuidora-esqueleto\/tickets\/assets\/js\/bundle.js","message":"Ruta ingresada inexistente, ruta: \/tickets\/assets\/js\/bundle.js","context":[]}
{"timestamp":"2026-03-25 09:16:18","level":"MODULE","user":"Admin Yesenia","ip":"::1","url":"\/prueba\/distribuidora-esqueleto\/src\/js\/lib\/DataTables\/datatables-min.js","message":"Ruta ingresada inexistente, ruta: \/src\/js\/lib\/DataTables\/datatables-min.js","context":[]}
{"timestamp":"2026-03-25 09:16:18","level":"MODULE","user":"Admin Yesenia","ip":"::1","url":"\/prueba\/distribuidora-esqueleto\/src\/js\/lib\/DataTables\/pdfmake.js.map","message":"Ruta ingresada inexistente, ruta: \/src\/js\/lib\/DataTables\/pdfmake.js.map","context":[]}
{"timestamp":"2026-03-25 09:16:22","level":"MODULE","user":"Admin Yesenia","ip":"::1","url":"\/prueba\/distribuidora-esqueleto\/src\/js\/lib\/DataTables\/datatables-min.js","message":"Ruta ingresada inexistente, ruta: \/src\/js\/lib\/DataTables\/datatables-min.js","context":[]}
{"timestamp":"2026-03-25 09:16:22","level":"MODULE","user":"Admin Yesenia","ip":"::1","url":"\/prueba\/distribuidora-esqueleto\/src\/js\/lib\/DataTables\/pdfmake.js.map","message":"Ruta ingresada inexistente, ruta: \/src\/js\/lib\/DataTables\/pdfmake.js.map","context":[]}
{"timestamp":"2026-03-25 09:16:50","level":"MODULE","user":"Admin Yesenia","ip":"::1","url":"\/prueba\/distribuidora-esqueleto\/src\/js\/lib\/DataTables\/datatables-min.js","message":"Ruta ingresada inexistente, ruta: \/src\/js\/lib\/DataTables\/datatables-min.js","context":[]}
{"timestamp":"2026-03-25 09:16:51","level":"MODULE","user":"Admin Yesenia","ip":"::1","url":"\/prueba\/distribuidora-esqueleto\/src\/js\/lib\/DataTables\/pdfmake.js.map","message":"Ruta ingresada inexistente, ruta: \/src\/js\/lib\/DataTables\/pdfmake.js.map","context":[]}
{"timestamp":"2026-03-25 09:18:42","level":"MODULE","user":"Admin Yesenia","ip":"::1","url":"\/prueba\/distribuidora-esqueleto\/src\/js\/lib\/DataTables\/datatables-min.js","message":"Ruta ingresada inexistente, ruta: \/src\/js\/lib\/DataTables\/datatables-min.js","context":[]}
{"timestamp":"2026-03-25 09:18:43","level":"MODULE","user":"Admin Yesenia","ip":"::1","url":"\/prueba\/distribuidora-esqueleto\/src\/js\/lib\/DataTables\/pdfmake.js.map","message":"Ruta ingresada inexistente, ruta: \/src\/js\/lib\/DataTables\/pdfmake.js.map","context":[]}
{"timestamp":"2026-03-25 09:24:28","level":"MODULE","user":"Admin Yesenia","ip":"::1","url":"\/prueba\/distribuidora-esqueleto\/src\/js\/lib\/DataTables\/datatables-min.js","message":"Ruta ingresada inexistente, ruta: \/src\/js\/lib\/DataTables\/datatables-min.js","context":[]}
{"timestamp":"2026-03-25 09:24:28","level":"MODULE","user":"Admin Yesenia","ip":"::1","url":"\/prueba\/distribuidora-esqueleto\/src\/js\/lib\/DataTables\/pdfmake.js.map","message":"Ruta ingresada inexistente, ruta: \/src\/js\/lib\/DataTables\/pdfmake.js.map","context":[]}
{"timestamp":"2026-03-25 09:25:55","level":"MODULE","user":"Admin Yesenia","ip":"::1","url":"\/prueba\/distribuidora-esqueleto\/src\/js\/lib\/DataTables\/datatables-min.js","message":"Ruta ingresada inexistente, ruta: \/src\/js\/lib\/DataTables\/datatables-min.js","context":[]}
{"timestamp":"2026-03-25 09:25:55","level":"MODULE","user":"Admin Yesenia","ip":"::1","url":"\/prueba\/distribuidora-esqueleto\/src\/js\/lib\/DataTables\/pdfmake.js.map","message":"Ruta ingresada inexistente, ruta: \/src\/js\/lib\/DataTables\/pdfmake.js.map","context":[]}
{"timestamp":"2026-03-25 09:33:10","level":"MODULE","user":"Admin Yesenia","ip":"::1","url":"\/prueba\/distribuidora-esqueleto\/src\/js\/lib\/DataTables\/datatables-min.js","message":"Ruta ingresada inexistente, ruta: \/src\/js\/lib\/DataTables\/datatables-min.js","context":[]}
{"timestamp":"2026-03-25 09:33:10","level":"MODULE","user":"Admin Yesenia","ip":"::1","url":"\/prueba\/distribuidora-esqueleto\/src\/js\/lib\/DataTables\/pdfmake.js.map","message":"Ruta ingresada inexistente, ruta: \/src\/js\/lib\/DataTables\/pdfmake.js.map","context":[]}
{"timestamp":"2026-03-25 09:34:27","level":"MODULE","user":"Admin Yesenia","ip":"::1","url":"\/prueba\/distribuidora-esqueleto\/src\/js\/lib\/DataTables\/datatables-min.js","message":"Ruta ingresada inexistente, ruta: \/src\/js\/lib\/DataTables\/datatables-min.js","context":[]}
{"timestamp":"2026-03-25 09:34:27","level":"MODULE","user":"Admin Yesenia","ip":"::1","url":"\/prueba\/distribuidora-esqueleto\/src\/js\/lib\/DataTables\/pdfmake.js.map","message":"Ruta ingresada inexistente, ruta: \/src\/js\/lib\/DataTables\/pdfmake.js.map","context":[]}
{"timestamp":"2026-03-25 09:34:39","level":"MODULE","user":"Admin Yesenia","ip":"::1","url":"\/prueba\/distribuidora-esqueleto\/ticket-edit?id=62","message":"Ruta ingresada inexistente, ruta: \/ticket-edit","context":[]}
{"timestamp":"2026-03-25 09:34:39","level":"MODULE","user":"Admin Yesenia","ip":"::1","url":"\/prueba\/distribuidora-esqueleto\/src\/js\/modules\/auth\/error.js","message":"Ruta ingresada inexistente, ruta: \/src\/js\/modules\/auth\/error.js","context":[]}
{"timestamp":"2026-03-25 09:34:53","level":"MODULE","user":"Admin Yesenia","ip":"::1","url":"\/prueba\/distribuidora-esqueleto\/ticket-edit","message":"Ruta ingresada inexistente, ruta: \/ticket-edit","context":[]}
{"timestamp":"2026-03-25 09:34:53","level":"MODULE","user":"Admin Yesenia","ip":"::1","url":"\/prueba\/distribuidora-esqueleto\/src\/js\/modules\/auth\/error.js","message":"Ruta ingresada inexistente, ruta: \/src\/js\/modules\/auth\/error.js","context":[]}
{"timestamp":"2026-03-25 09:35:57","level":"MODULE","user":"Admin Yesenia","ip":"::1","url":"\/prueba\/distribuidora-esqueleto\/ticket-editar","message":"Ruta ingresada inexistente, ruta: \/ticket-editar","context":[]}
{"timestamp":"2026-03-25 09:35:57","level":"MODULE","user":"Admin Yesenia","ip":"::1","url":"\/prueba\/distribuidora-esqueleto\/src\/js\/modules\/auth\/error.js","message":"Ruta ingresada inexistente, ruta: \/src\/js\/modules\/auth\/error.js","context":[]}
{"timestamp":"2026-03-25 09:36:03","level":"MODULE","user":"Admin Yesenia","ip":"::1","url":"\/prueba\/distribuidora-esqueleto\/src\/js\/lib\/DataTables\/datatables-min.js","message":"Ruta ingresada inexistente, ruta: \/src\/js\/lib\/DataTables\/datatables-min.js","context":[]}
{"timestamp":"2026-03-25 09:36:03","level":"MODULE","user":"Admin Yesenia","ip":"::1","url":"\/prueba\/distribuidora-esqueleto\/src\/js\/lib\/DataTables\/pdfmake.js.map","message":"Ruta ingresada inexistente, ruta: \/src\/js\/lib\/DataTables\/pdfmake.js.map","context":[]}
{"timestamp":"2026-03-25 09:36:13","level":"MODULE","user":"Admin Yesenia","ip":"::1","url":"\/prueba\/distribuidora-esqueleto\/ticket-editar?id=62","message":"Ruta ingresada inexistente, ruta: \/ticket-editar","context":[]}
{"timestamp":"2026-03-25 09:36:13","level":"MODULE","user":"Admin Yesenia","ip":"::1","url":"\/prueba\/distribuidora-esqueleto\/src\/js\/modules\/auth\/error.js","message":"Ruta ingresada inexistente, ruta: \/src\/js\/modules\/auth\/error.js","context":[]}
{"timestamp":"2026-03-25 09:39:00","level":"MODULE","user":"Admin Yesenia","ip":"::1","url":"\/prueba\/distribuidora-esqueleto\/src\/js\/lib\/DataTables\/datatables-min.js","message":"Ruta ingresada inexistente, ruta: \/src\/js\/lib\/DataTables\/datatables-min.js","context":[]}
{"timestamp":"2026-03-25 09:39:01","level":"MODULE","user":"Admin Yesenia","ip":"::1","url":"\/prueba\/distribuidora-esqueleto\/src\/js\/lib\/DataTables\/pdfmake.js.map","message":"Ruta ingresada inexistente, ruta: \/src\/js\/lib\/DataTables\/pdfmake.js.map","context":[]}
{"timestamp":"2026-03-25 09:57:23","level":"MODULE","user":"Admin Yesenia","ip":"::1","url":"\/prueba\/distribuidora-esqueleto\/src\/js\/modules\/tickets\/editar-ticket.js","message":"Ruta ingresada inexistente, ruta: \/src\/js\/modules\/tickets\/editar-ticket.js","context":[]}
{"timestamp":"2026-03-25 09:57:23","level":"MODULE","user":"Admin Yesenia","ip":"::1","url":"\/prueba\/distribuidora-esqueleto\/src\/js\/lib\/DataTables\/datatables-min.js","message":"Ruta ingresada inexistente, ruta: \/src\/js\/lib\/DataTables\/datatables-min.js","context":[]}
{"timestamp":"2026-03-25 09:57:23","level":"MODULE","user":"Admin Yesenia","ip":"::1","url":"\/prueba\/distribuidora-esqueleto\/src\/js\/lib\/DataTables\/pdfmake.js.map","message":"Ruta ingresada inexistente, ruta: \/src\/js\/lib\/DataTables\/pdfmake.js.map","context":[]}
{"timestamp":"2026-03-25 09:57:33","level":"MODULE","user":"Admin Yesenia","ip":"::1","url":"\/prueba\/distribuidora-esqueleto\/ticket-editar-partial","message":"Ruta ingresada inexistente, ruta: \/ticket-editar-partial","context":[]}
{"timestamp":"2026-03-25 09:58:47","level":"MODULE","user":"Admin Yesenia","ip":"::1","url":"\/prueba\/distribuidora-esqueleto\/src\/js\/modules\/tickets\/editar-ticket.js","message":"Ruta ingresada inexistente, ruta: \/src\/js\/modules\/tickets\/editar-ticket.js","context":[]}
{"timestamp":"2026-03-25 09:58:47","level":"MODULE","user":"Admin Yesenia","ip":"::1","url":"\/prueba\/distribuidora-esqueleto\/src\/js\/lib\/DataTables\/datatables-min.js","message":"Ruta ingresada inexistente, ruta: \/src\/js\/lib\/DataTables\/datatables-min.js","context":[]}
{"timestamp":"2026-03-25 09:58:47","level":"MODULE","user":"Admin Yesenia","ip":"::1","url":"\/prueba\/distribuidora-esqueleto\/src\/js\/lib\/DataTables\/pdfmake.js.map","message":"Ruta ingresada inexistente, ruta: \/src\/js\/lib\/DataTables\/pdfmake.js.map","context":[]}
{"timestamp":"2026-03-25 09:59:31","level":"MODULE","user":"Admin Yesenia","ip":"::1","url":"\/prueba\/distribuidora-esqueleto\/component\/editar-ticket.php","message":"Ruta ingresada inexistente, ruta: \/component\/editar-ticket.php","context":[]}
{"timestamp":"2026-03-25 10:00:39","level":"MODULE","user":"Admin Yesenia","ip":"::1","url":"\/prueba\/distribuidora-esqueleto\/src\/js\/modules\/tickets\/editar-ticket.js","message":"Ruta ingresada inexistente, ruta: \/src\/js\/modules\/tickets\/editar-ticket.js","context":[]}
{"timestamp":"2026-03-25 10:00:39","level":"MODULE","user":"Admin Yesenia","ip":"::1","url":"\/prueba\/distribuidora-esqueleto\/src\/js\/lib\/DataTables\/datatables-min.js","message":"Ruta ingresada inexistente, ruta: \/src\/js\/lib\/DataTables\/datatables-min.js","context":[]}
{"timestamp":"2026-03-25 10:00:39","level":"MODULE","user":"Admin Yesenia","ip":"::1","url":"\/prueba\/distribuidora-esqueleto\/src\/js\/lib\/DataTables\/pdfmake.js.map","message":"Ruta ingresada inexistente, ruta: \/src\/js\/lib\/DataTables\/pdfmake.js.map","context":[]}
{"timestamp":"2026-03-25 10:00:49","level":"MODULE","user":"Admin Yesenia","ip":"::1","url":"\/prueba\/distribuidora-esqueleto\/componentes\/editar-ticket.php","message":"Ruta ingresada inexistente, ruta: \/componentes\/editar-ticket.php","context":[]}
{"timestamp":"2026-03-25 10:04:02","level":"MODULE","user":"Admin Yesenia","ip":"::1","url":"\/prueba\/distribuidora-esqueleto\/src\/js\/lib\/DataTables\/datatables-min.js","message":"Ruta ingresada inexistente, ruta: \/src\/js\/lib\/DataTables\/datatables-min.js","context":[]}
{"timestamp":"2026-03-25 10:04:02","level":"MODULE","user":"Admin Yesenia","ip":"::1","url":"\/prueba\/distribuidora-esqueleto\/src\/js\/modules\/tickets\/editar-ticket.js","message":"Ruta ingresada inexistente, ruta: \/src\/js\/modules\/tickets\/editar-ticket.js","context":[]}
{"timestamp":"2026-03-25 10:04:02","level":"MODULE","user":"Admin Yesenia","ip":"::1","url":"\/prueba\/distribuidora-esqueleto\/src\/js\/lib\/DataTables\/pdfmake.js.map","message":"Ruta ingresada inexistente, ruta: \/src\/js\/lib\/DataTables\/pdfmake.js.map","context":[]}
{"timestamp":"2026-03-25 10:04:10","level":"MODULE","user":"Admin Yesenia","ip":"::1","url":"\/prueba\/distribuidora-esqueleto\/componentes\/editar-ticket.php","message":"Ruta ingresada inexistente, ruta: \/componentes\/editar-ticket.php","context":[]}
{"timestamp":"2026-03-25 10:05:24","level":"MODULE","user":"Admin Yesenia","ip":"::1","url":"\/prueba\/distribuidora-esqueleto\/src\/js\/modules\/tickets\/editar-ticket.js","message":"Ruta ingresada inexistente, ruta: \/src\/js\/modules\/tickets\/editar-ticket.js","context":[]}
{"timestamp":"2026-03-25 10:05:24","level":"MODULE","user":"Admin Yesenia","ip":"::1","url":"\/prueba\/distribuidora-esqueleto\/src\/js\/lib\/DataTables\/datatables-min.js","message":"Ruta ingresada inexistente, ruta: \/src\/js\/lib\/DataTables\/datatables-min.js","context":[]}
{"timestamp":"2026-03-25 10:05:25","level":"MODULE","user":"Admin Yesenia","ip":"::1","url":"\/prueba\/distribuidora-esqueleto\/src\/js\/lib\/DataTables\/pdfmake.js.map","message":"Ruta ingresada inexistente, ruta: \/src\/js\/lib\/DataTables\/pdfmake.js.map","context":[]}
{"timestamp":"2026-03-25 10:05:57","level":"MODULE","user":"Admin Yesenia","ip":"::1","url":"\/prueba\/distribuidora-esqueleto\/src\/js\/modules\/tickets\/editar-ticket.js","message":"Ruta ingresada inexistente, ruta: \/src\/js\/modules\/tickets\/editar-ticket.js","context":[]}
{"timestamp":"2026-03-25 10:05:57","level":"MODULE","user":"Admin Yesenia","ip":"::1","url":"\/prueba\/distribuidora-esqueleto\/src\/js\/lib\/DataTables\/datatables-min.js","message":"Ruta ingresada inexistente, ruta: \/src\/js\/lib\/DataTables\/datatables-min.js","context":[]}
{"timestamp":"2026-03-25 10:05:57","level":"MODULE","user":"Admin Yesenia","ip":"::1","url":"\/prueba\/distribuidora-esqueleto\/src\/js\/lib\/DataTables\/pdfmake.js.map","message":"Ruta ingresada inexistente, ruta: \/src\/js\/lib\/DataTables\/pdfmake.js.map","context":[]}
{"timestamp":"2026-03-25 10:06:45","level":"MODULE","user":"Admin Yesenia","ip":"::1","url":"\/prueba\/distribuidora-esqueleto\/src\/js\/modules\/tickets\/editar-ticket.js","message":"Ruta ingresada inexistente, ruta: \/src\/js\/modules\/tickets\/editar-ticket.js","context":[]}
{"timestamp":"2026-03-25 10:06:45","level":"MODULE","user":"Admin Yesenia","ip":"::1","url":"\/prueba\/distribuidora-esqueleto\/src\/js\/lib\/DataTables\/datatables-min.js","message":"Ruta ingresada inexistente, ruta: \/src\/js\/lib\/DataTables\/datatables-min.js","context":[]}
{"timestamp":"2026-03-25 10:06:45","level":"MODULE","user":"Admin Yesenia","ip":"::1","url":"\/prueba\/distribuidora-esqueleto\/src\/js\/lib\/DataTables\/pdfmake.js.map","message":"Ruta ingresada inexistente, ruta: \/src\/js\/lib\/DataTables\/pdfmake.js.map","context":[]}
{"timestamp":"2026-03-25 10:06:54","level":"MODULE","user":"Admin Yesenia","ip":"::1","url":"\/prueba\/distribuidora-esqueleto\/src\/js\/modules\/tickets\/editar-ticket.js","message":"Ruta ingresada inexistente, ruta: \/src\/js\/modules\/tickets\/editar-ticket.js","context":[]}
{"timestamp":"2026-03-25 10:06:54","level":"MODULE","user":"Admin Yesenia","ip":"::1","url":"\/prueba\/distribuidora-esqueleto\/src\/js\/lib\/DataTables\/datatables-min.js","message":"Ruta ingresada inexistente, ruta: \/src\/js\/lib\/DataTables\/datatables-min.js","context":[]}
{"timestamp":"2026-03-25 10:06:55","level":"MODULE","user":"Admin Yesenia","ip":"::1","url":"\/prueba\/distribuidora-esqueleto\/src\/js\/lib\/DataTables\/pdfmake.js.map","message":"Ruta ingresada inexistente, ruta: \/src\/js\/lib\/DataTables\/pdfmake.js.map","context":[]}
{"timestamp":"2026-03-25 10:10:28","level":"MODULE","user":"Admin Yesenia","ip":"::1","url":"\/prueba\/distribuidora-esqueleto\/src\/js\/modules\/tickets\/editar-ticket.js","message":"Ruta ingresada inexistente, ruta: \/src\/js\/modules\/tickets\/editar-ticket.js","context":[]}
{"timestamp":"2026-03-25 10:10:29","level":"MODULE","user":"Admin Yesenia","ip":"::1","url":"\/prueba\/distribuidora-esqueleto\/src\/js\/lib\/DataTables\/datatables-min.js","message":"Ruta ingresada inexistente, ruta: \/src\/js\/lib\/DataTables\/datatables-min.js","context":[]}
{"timestamp":"2026-03-25 10:10:29","level":"MODULE","user":"Admin Yesenia","ip":"::1","url":"\/prueba\/distribuidora-esqueleto\/src\/js\/lib\/DataTables\/pdfmake.js.map","message":"Ruta ingresada inexistente, ruta: \/src\/js\/lib\/DataTables\/pdfmake.js.map","context":[]}
{"timestamp":"2026-03-25 10:10:55","level":"MODULE","user":"Admin Yesenia","ip":"::1","url":"\/prueba\/distribuidora-esqueleto\/src\/js\/modules\/tickets\/editar-ticket.js","message":"Ruta ingresada inexistente, ruta: \/src\/js\/modules\/tickets\/editar-ticket.js","context":[]}
{"timestamp":"2026-03-25 10:10:55","level":"MODULE","user":"Admin Yesenia","ip":"::1","url":"\/prueba\/distribuidora-esqueleto\/src\/js\/lib\/DataTables\/datatables-min.js","message":"Ruta ingresada inexistente, ruta: \/src\/js\/lib\/DataTables\/datatables-min.js","context":[]}
{"timestamp":"2026-03-25 10:10:55","level":"MODULE","user":"Admin Yesenia","ip":"::1","url":"\/prueba\/distribuidora-esqueleto\/src\/js\/lib\/DataTables\/pdfmake.js.map","message":"Ruta ingresada inexistente, ruta: \/src\/js\/lib\/DataTables\/pdfmake.js.map","context":[]}
{"timestamp":"2026-03-25 10:11:58","level":"MODULE","user":"Admin Yesenia","ip":"::1","url":"\/prueba\/distribuidora-esqueleto\/src\/js\/modules\/tickets\/editar-ticket.js","message":"Ruta ingresada inexistente, ruta: \/src\/js\/modules\/tickets\/editar-ticket.js","context":[]}
{"timestamp":"2026-03-25 10:11:58","level":"MODULE","user":"Admin Yesenia","ip":"::1","url":"\/prueba\/distribuidora-esqueleto\/src\/js\/lib\/DataTables\/datatables-min.js","message":"Ruta ingresada inexistente, ruta: \/src\/js\/lib\/DataTables\/datatables-min.js","context":[]}
{"timestamp":"2026-03-25 10:11:58","level":"MODULE","user":"Admin Yesenia","ip":"::1","url":"\/prueba\/distribuidora-esqueleto\/src\/js\/lib\/DataTables\/pdfmake.js.map","message":"Ruta ingresada inexistente, ruta: \/src\/js\/lib\/DataTables\/pdfmake.js.map","context":[]}
{"timestamp":"2026-03-25 10:12:34","level":"MODULE","user":"Admin Yesenia","ip":"::1","url":"\/prueba\/distribuidora-esqueleto\/src\/js\/modules\/tickets\/editar-ticket.js","message":"Ruta ingresada inexistente, ruta: \/src\/js\/modules\/tickets\/editar-ticket.js","context":[]}
{"timestamp":"2026-03-25 10:12:34","level":"MODULE","user":"Admin Yesenia","ip":"::1","url":"\/prueba\/distribuidora-esqueleto\/src\/js\/lib\/DataTables\/datatables-min.js","message":"Ruta ingresada inexistente, ruta: \/src\/js\/lib\/DataTables\/datatables-min.js","context":[]}
{"timestamp":"2026-03-25 10:12:35","level":"MODULE","user":"Admin Yesenia","ip":"::1","url":"\/prueba\/distribuidora-esqueleto\/src\/js\/lib\/DataTables\/pdfmake.js.map","message":"Ruta ingresada inexistente, ruta: \/src\/js\/lib\/DataTables\/pdfmake.js.map","context":[]}
{"timestamp":"2026-03-25 10:14:29","level":"MODULE","user":"Admin Yesenia","ip":"::1","url":"\/prueba\/distribuidora-esqueleto\/src\/js\/modules\/tickets\/editar-ticket.js","message":"Ruta ingresada inexistente, ruta: \/src\/js\/modules\/tickets\/editar-ticket.js","context":[]}
{"timestamp":"2026-03-25 10:14:29","level":"MODULE","user":"Admin Yesenia","ip":"::1","url":"\/prueba\/distribuidora-esqueleto\/src\/js\/lib\/DataTables\/datatables-min.js","message":"Ruta ingresada inexistente, ruta: \/src\/js\/lib\/DataTables\/datatables-min.js","context":[]}
{"timestamp":"2026-03-25 10:14:30","level":"MODULE","user":"Admin Yesenia","ip":"::1","url":"\/prueba\/distribuidora-esqueleto\/src\/js\/lib\/DataTables\/pdfmake.js.map","message":"Ruta ingresada inexistente, ruta: \/src\/js\/lib\/DataTables\/pdfmake.js.map","context":[]}
{"timestamp":"2026-03-25 10:15:20","level":"MODULE","user":"Admin Yesenia","ip":"::1","url":"\/prueba\/distribuidora-esqueleto\/src\/js\/modules\/tickets\/editar-ticket.js","message":"Ruta ingresada inexistente, ruta: \/src\/js\/modules\/tickets\/editar-ticket.js","context":[]}
{"timestamp":"2026-03-25 10:15:20","level":"MODULE","user":"Admin Yesenia","ip":"::1","url":"\/prueba\/distribuidora-esqueleto\/src\/js\/lib\/DataTables\/datatables-min.js","message":"Ruta ingresada inexistente, ruta: \/src\/js\/lib\/DataTables\/datatables-min.js","context":[]}
{"timestamp":"2026-03-25 10:15:20","level":"MODULE","user":"Admin Yesenia","ip":"::1","url":"\/prueba\/distribuidora-esqueleto\/src\/js\/lib\/DataTables\/pdfmake.js.map","message":"Ruta ingresada inexistente, ruta: \/src\/js\/lib\/DataTables\/pdfmake.js.map","context":[]}
{"timestamp":"2026-03-25 10:17:38","level":"MODULE","user":"Admin Yesenia","ip":"::1","url":"\/prueba\/distribuidora-esqueleto\/src\/js\/modules\/tickets\/editar-ticket.js","message":"Ruta ingresada inexistente, ruta: \/src\/js\/modules\/tickets\/editar-ticket.js","context":[]}
{"timestamp":"2026-03-25 10:17:38","level":"MODULE","user":"Admin Yesenia","ip":"::1","url":"\/prueba\/distribuidora-esqueleto\/src\/js\/lib\/DataTables\/datatables-min.js","message":"Ruta ingresada inexistente, ruta: \/src\/js\/lib\/DataTables\/datatables-min.js","context":[]}
{"timestamp":"2026-03-25 10:17:39","level":"MODULE","user":"Admin Yesenia","ip":"::1","url":"\/prueba\/distribuidora-esqueleto\/src\/js\/lib\/DataTables\/pdfmake.js.map","message":"Ruta ingresada inexistente, ruta: \/src\/js\/lib\/DataTables\/pdfmake.js.map","context":[]}
{"timestamp":"2026-03-25 10:18:12","level":"MODULE","user":"Admin Yesenia","ip":"::1","url":"\/prueba\/distribuidora-esqueleto\/src\/js\/lib\/DataTables\/datatables-min.js","message":"Ruta ingresada inexistente, ruta: \/src\/js\/lib\/DataTables\/datatables-min.js","context":[]}
{"timestamp":"2026-03-25 10:18:12","level":"MODULE","user":"Admin Yesenia","ip":"::1","url":"\/prueba\/distribuidora-esqueleto\/src\/js\/modules\/tickets\/editar-ticket.js","message":"Ruta ingresada inexistente, ruta: \/src\/js\/modules\/tickets\/editar-ticket.js","context":[]}
{"timestamp":"2026-03-25 10:18:12","level":"MODULE","user":"Admin Yesenia","ip":"::1","url":"\/prueba\/distribuidora-esqueleto\/src\/js\/lib\/DataTables\/pdfmake.js.map","message":"Ruta ingresada inexistente, ruta: \/src\/js\/lib\/DataTables\/pdfmake.js.map","context":[]}
{"timestamp":"2026-03-25 10:18:24","level":"MODULE","user":"Admin Yesenia","ip":"::1","url":"\/prueba\/distribuidora-esqueleto\/src\/js\/modules\/tickets\/editar-ticket.js","message":"Ruta ingresada inexistente, ruta: \/src\/js\/modules\/tickets\/editar-ticket.js","context":[]}
{"timestamp":"2026-03-25 10:18:24","level":"MODULE","user":"Admin Yesenia","ip":"::1","url":"\/prueba\/distribuidora-esqueleto\/src\/js\/lib\/DataTables\/datatables-min.js","message":"Ruta ingresada inexistente, ruta: \/src\/js\/lib\/DataTables\/datatables-min.js","context":[]}
{"timestamp":"2026-03-25 10:18:24","level":"MODULE","user":"Admin Yesenia","ip":"::1","url":"\/prueba\/distribuidora-esqueleto\/src\/js\/lib\/DataTables\/pdfmake.js.map","message":"Ruta ingresada inexistente, ruta: \/src\/js\/lib\/DataTables\/pdfmake.js.map","context":[]}
{"timestamp":"2026-03-25 10:18:45","level":"MODULE","user":"Admin Yesenia","ip":"::1","url":"\/prueba\/distribuidora-esqueleto\/src\/js\/modules\/tickets\/editar-ticket.js","message":"Ruta ingresada inexistente, ruta: \/src\/js\/modules\/tickets\/editar-ticket.js","context":[]}
{"timestamp":"2026-03-25 10:18:45","level":"MODULE","user":"Admin Yesenia","ip":"::1","url":"\/prueba\/distribuidora-esqueleto\/src\/js\/lib\/DataTables\/datatables-min.js","message":"Ruta ingresada inexistente, ruta: \/src\/js\/lib\/DataTables\/datatables-min.js","context":[]}
{"timestamp":"2026-03-25 10:18:45","level":"MODULE","user":"Admin Yesenia","ip":"::1","url":"\/prueba\/distribuidora-esqueleto\/src\/js\/lib\/DataTables\/pdfmake.js.map","message":"Ruta ingresada inexistente, ruta: \/src\/js\/lib\/DataTables\/pdfmake.js.map","context":[]}
{"timestamp":"2026-03-25 10:18:50","level":"MODULE","user":"Admin Yesenia","ip":"::1","url":"\/prueba\/distribuidora-esqueleto\/tickets\/componentes\/editar-ticket","message":"Ruta ingresada inexistente, ruta: \/tickets\/componentes\/editar-ticket","context":[]}
{"timestamp":"2026-03-25 10:19:48","level":"MODULE","user":"Admin Yesenia","ip":"::1","url":"\/prueba\/distribuidora-esqueleto\/src\/js\/modules\/tickets\/editar-ticket.js","message":"Ruta ingresada inexistente, ruta: \/src\/js\/modules\/tickets\/editar-ticket.js","context":[]}
{"timestamp":"2026-03-25 10:19:48","level":"MODULE","user":"Admin Yesenia","ip":"::1","url":"\/prueba\/distribuidora-esqueleto\/src\/js\/lib\/DataTables\/datatables-min.js","message":"Ruta ingresada inexistente, ruta: \/src\/js\/lib\/DataTables\/datatables-min.js","context":[]}
{"timestamp":"2026-03-25 10:19:49","level":"MODULE","user":"Admin Yesenia","ip":"::1","url":"\/prueba\/distribuidora-esqueleto\/src\/js\/lib\/DataTables\/pdfmake.js.map","message":"Ruta ingresada inexistente, ruta: \/src\/js\/lib\/DataTables\/pdfmake.js.map","context":[]}
{"timestamp":"2026-03-25 10:19:54","level":"MODULE","user":"Admin Yesenia","ip":"::1","url":"\/prueba\/distribuidora-esqueleto\/editar-ticket","message":"Ruta ingresada inexistente, ruta: \/editar-ticket","context":[]}
{"timestamp":"2026-03-25 10:20:11","level":"MODULE","user":"Admin Yesenia","ip":"::1","url":"\/prueba\/distribuidora-esqueleto\/editar-ticket","message":"Ruta ingresada inexistente, ruta: \/editar-ticket","context":[]}
{"timestamp":"2026-03-25 10:20:11","level":"MODULE","user":"Admin Yesenia","ip":"::1","url":"\/prueba\/distribuidora-esqueleto\/src\/js\/modules\/auth\/error.js","message":"Ruta ingresada inexistente, ruta: \/src\/js\/modules\/auth\/error.js","context":[]}
{"timestamp":"2026-03-25 10:20:55","level":"MODULE","user":"Admin Yesenia","ip":"::1","url":"\/prueba\/distribuidora-esqueleto\/editar-ticket","message":"Ruta ingresada inexistente, ruta: \/editar-ticket","context":[]}
{"timestamp":"2026-03-25 10:20:55","level":"MODULE","user":"Admin Yesenia","ip":"::1","url":"\/prueba\/distribuidora-esqueleto\/src\/js\/modules\/auth\/error.js","message":"Ruta ingresada inexistente, ruta: \/src\/js\/modules\/auth\/error.js","context":[]}
{"timestamp":"2026-03-25 10:20:59","level":"MODULE","user":"Admin Yesenia","ip":"::1","url":"\/prueba\/distribuidora-esqueleto\/editar-ticket","message":"Ruta ingresada inexistente, ruta: \/editar-ticket","context":[]}
{"timestamp":"2026-03-25 10:20:59","level":"MODULE","user":"Admin Yesenia","ip":"::1","url":"\/prueba\/distribuidora-esqueleto\/src\/js\/modules\/auth\/error.js","message":"Ruta ingresada inexistente, ruta: \/src\/js\/modules\/auth\/error.js","context":[]}
{"timestamp":"2026-03-25 10:22:37","level":"MODULE","user":"Admin Yesenia","ip":"::1","url":"\/prueba\/distribuidora-esqueleto\/src\/js\/modules\/tickets\/editar-ticket.js","message":"Ruta ingresada inexistente, ruta: \/src\/js\/modules\/tickets\/editar-ticket.js","context":[]}
{"timestamp":"2026-03-25 10:22:37","level":"MODULE","user":"Admin Yesenia","ip":"::1","url":"\/prueba\/distribuidora-esqueleto\/src\/js\/lib\/DataTables\/datatables-min.js","message":"Ruta ingresada inexistente, ruta: \/src\/js\/lib\/DataTables\/datatables-min.js","context":[]}
{"timestamp":"2026-03-25 10:22:38","level":"MODULE","user":"Admin Yesenia","ip":"::1","url":"\/prueba\/distribuidora-esqueleto\/src\/js\/lib\/DataTables\/pdfmake.js.map","message":"Ruta ingresada inexistente, ruta: \/src\/js\/lib\/DataTables\/pdfmake.js.map","context":[]}
{"timestamp":"2026-03-25 10:23:08","level":"MODULE","user":"Admin Yesenia","ip":"::1","url":"\/prueba\/distribuidora-esqueleto\/src\/js\/modules\/tickets\/editar-ticket.js","message":"Ruta ingresada inexistente, ruta: \/src\/js\/modules\/tickets\/editar-ticket.js","context":[]}
{"timestamp":"2026-03-25 10:23:08","level":"MODULE","user":"Admin Yesenia","ip":"::1","url":"\/prueba\/distribuidora-esqueleto\/src\/js\/lib\/DataTables\/datatables-min.js","message":"Ruta ingresada inexistente, ruta: \/src\/js\/lib\/DataTables\/datatables-min.js","context":[]}
{"timestamp":"2026-03-25 10:23:08","level":"MODULE","user":"Admin Yesenia","ip":"::1","url":"\/prueba\/distribuidora-esqueleto\/src\/js\/lib\/DataTables\/pdfmake.js.map","message":"Ruta ingresada inexistente, ruta: \/src\/js\/lib\/DataTables\/pdfmake.js.map","context":[]}
{"timestamp":"2026-03-25 10:23:48","level":"MODULE","user":"Admin Yesenia","ip":"::1","url":"\/prueba\/distribuidora-esqueleto\/src\/js\/modules\/tickets\/editar-ticket.js","message":"Ruta ingresada inexistente, ruta: \/src\/js\/modules\/tickets\/editar-ticket.js","context":[]}
{"timestamp":"2026-03-25 10:23:49","level":"MODULE","user":"Admin Yesenia","ip":"::1","url":"\/prueba\/distribuidora-esqueleto\/src\/js\/lib\/DataTables\/datatables-min.js","message":"Ruta ingresada inexistente, ruta: \/src\/js\/lib\/DataTables\/datatables-min.js","context":[]}
{"timestamp":"2026-03-25 10:23:49","level":"MODULE","user":"Admin Yesenia","ip":"::1","url":"\/prueba\/distribuidora-esqueleto\/src\/js\/lib\/DataTables\/pdfmake.js.map","message":"Ruta ingresada inexistente, ruta: \/src\/js\/lib\/DataTables\/pdfmake.js.map","context":[]}
{"timestamp":"2026-03-25 10:24:21","level":"MODULE","user":"Admin Yesenia","ip":"::1","url":"\/prueba\/distribuidora-esqueleto\/src\/js\/modules\/tickets\/editar-ticket.js","message":"Ruta ingresada inexistente, ruta: \/src\/js\/modules\/tickets\/editar-ticket.js","context":[]}
{"timestamp":"2026-03-25 10:24:21","level":"MODULE","user":"Admin Yesenia","ip":"::1","url":"\/prueba\/distribuidora-esqueleto\/src\/js\/lib\/DataTables\/datatables-min.js","message":"Ruta ingresada inexistente, ruta: \/src\/js\/lib\/DataTables\/datatables-min.js","context":[]}
{"timestamp":"2026-03-25 10:24:21","level":"MODULE","user":"Admin Yesenia","ip":"::1","url":"\/prueba\/distribuidora-esqueleto\/src\/js\/lib\/DataTables\/pdfmake.js.map","message":"Ruta ingresada inexistente, ruta: \/src\/js\/lib\/DataTables\/pdfmake.js.map","context":[]}
{"timestamp":"2026-03-25 10:25:15","level":"MODULE","user":"Admin Yesenia","ip":"::1","url":"\/prueba\/distribuidora-esqueleto\/src\/js\/modules\/tickets\/editar-ticket.js","message":"Ruta ingresada inexistente, ruta: \/src\/js\/modules\/tickets\/editar-ticket.js","context":[]}
{"timestamp":"2026-03-25 10:25:15","level":"MODULE","user":"Admin Yesenia","ip":"::1","url":"\/prueba\/distribuidora-esqueleto\/src\/js\/lib\/DataTables\/datatables-min.js","message":"Ruta ingresada inexistente, ruta: \/src\/js\/lib\/DataTables\/datatables-min.js","context":[]}
{"timestamp":"2026-03-25 10:25:15","level":"MODULE","user":"Admin Yesenia","ip":"::1","url":"\/prueba\/distribuidora-esqueleto\/src\/js\/lib\/DataTables\/pdfmake.js.map","message":"Ruta ingresada inexistente, ruta: \/src\/js\/lib\/DataTables\/pdfmake.js.map","context":[]}
{"timestamp":"2026-03-25 10:25:23","level":"MODULE","user":"Admin Yesenia","ip":"::1","url":"\/prueba\/distribuidora-esqueleto\/src\/js\/modules\/tickets\/editar-ticket.js","message":"Ruta ingresada inexistente, ruta: \/src\/js\/modules\/tickets\/editar-ticket.js","context":[]}
{"timestamp":"2026-03-25 10:25:23","level":"MODULE","user":"Admin Yesenia","ip":"::1","url":"\/prueba\/distribuidora-esqueleto\/src\/js\/lib\/DataTables\/datatables-min.js","message":"Ruta ingresada inexistente, ruta: \/src\/js\/lib\/DataTables\/datatables-min.js","context":[]}
{"timestamp":"2026-03-25 10:25:23","level":"MODULE","user":"Admin Yesenia","ip":"::1","url":"\/prueba\/distribuidora-esqueleto\/src\/js\/lib\/DataTables\/pdfmake.js.map","message":"Ruta ingresada inexistente, ruta: \/src\/js\/lib\/DataTables\/pdfmake.js.map","context":[]}
{"timestamp":"2026-03-25 10:25:41","level":"MODULE","user":"Admin Yesenia","ip":"::1","url":"\/prueba\/distribuidora-esqueleto\/src\/js\/modules\/tickets\/editar-ticket.js","message":"Ruta ingresada inexistente, ruta: \/src\/js\/modules\/tickets\/editar-ticket.js","context":[]}
{"timestamp":"2026-03-25 10:25:41","level":"MODULE","user":"Admin Yesenia","ip":"::1","url":"\/prueba\/distribuidora-esqueleto\/src\/js\/lib\/DataTables\/datatables-min.js","message":"Ruta ingresada inexistente, ruta: \/src\/js\/lib\/DataTables\/datatables-min.js","context":[]}
{"timestamp":"2026-03-25 10:25:41","level":"MODULE","user":"Admin Yesenia","ip":"::1","url":"\/prueba\/distribuidora-esqueleto\/src\/js\/lib\/DataTables\/pdfmake.js.map","message":"Ruta ingresada inexistente, ruta: \/src\/js\/lib\/DataTables\/pdfmake.js.map","context":[]}
{"timestamp":"2026-03-25 10:26:48","level":"MODULE","user":"Admin Yesenia","ip":"::1","url":"\/prueba\/distribuidora-esqueleto\/src\/js\/modules\/tickets\/editar-ticket.js","message":"Ruta ingresada inexistente, ruta: \/src\/js\/modules\/tickets\/editar-ticket.js","context":[]}
{"timestamp":"2026-03-25 10:26:48","level":"MODULE","user":"Admin Yesenia","ip":"::1","url":"\/prueba\/distribuidora-esqueleto\/src\/js\/lib\/DataTables\/datatables-min.js","message":"Ruta ingresada inexistente, ruta: \/src\/js\/lib\/DataTables\/datatables-min.js","context":[]}
{"timestamp":"2026-03-25 10:26:49","level":"MODULE","user":"Admin Yesenia","ip":"::1","url":"\/prueba\/distribuidora-esqueleto\/src\/js\/lib\/DataTables\/pdfmake.js.map","message":"Ruta ingresada inexistente, ruta: \/src\/js\/lib\/DataTables\/pdfmake.js.map","context":[]}
{"timestamp":"2026-03-25 10:31:34","level":"MODULE","user":"Admin Yesenia","ip":"::1","url":"\/prueba\/distribuidora-esqueleto\/src\/js\/modules\/tickets\/editar-ticket.js","message":"Ruta ingresada inexistente, ruta: \/src\/js\/modules\/tickets\/editar-ticket.js","context":[]}
{"timestamp":"2026-03-25 10:31:34","level":"MODULE","user":"Admin Yesenia","ip":"::1","url":"\/prueba\/distribuidora-esqueleto\/src\/js\/lib\/DataTables\/datatables-min.js","message":"Ruta ingresada inexistente, ruta: \/src\/js\/lib\/DataTables\/datatables-min.js","context":[]}
{"timestamp":"2026-03-25 10:31:34","level":"MODULE","user":"Admin Yesenia","ip":"::1","url":"\/prueba\/distribuidora-esqueleto\/src\/js\/lib\/DataTables\/pdfmake.js.map","message":"Ruta ingresada inexistente, ruta: \/src\/js\/lib\/DataTables\/pdfmake.js.map","context":[]}
{"timestamp":"2026-03-25 10:41:08","level":"MODULE","user":"Admin Yesenia","ip":"::1","url":"\/prueba\/distribuidora-esqueleto\/src\/js\/modules\/tickets\/editar-ticket.js","message":"Ruta ingresada inexistente, ruta: \/src\/js\/modules\/tickets\/editar-ticket.js","context":[]}
{"timestamp":"2026-03-25 10:41:08","level":"MODULE","user":"Admin Yesenia","ip":"::1","url":"\/prueba\/distribuidora-esqueleto\/src\/js\/lib\/DataTables\/datatables-min.js","message":"Ruta ingresada inexistente, ruta: \/src\/js\/lib\/DataTables\/datatables-min.js","context":[]}
{"timestamp":"2026-03-25 10:41:52","level":"MODULE","user":"Admin Yesenia","ip":"::1","url":"\/prueba\/distribuidora-esqueleto\/src\/js\/lib\/DataTables\/datatables-min.js","message":"Ruta ingresada inexistente, ruta: \/src\/js\/lib\/DataTables\/datatables-min.js","context":[]}
{"timestamp":"2026-03-25 10:41:52","level":"MODULE","user":"Admin Yesenia","ip":"::1","url":"\/prueba\/distribuidora-esqueleto\/src\/js\/modules\/tickets\/editar-ticket.js","message":"Ruta ingresada inexistente, ruta: \/src\/js\/modules\/tickets\/editar-ticket.js","context":[]}
{"timestamp":"2026-03-25 10:41:52","level":"MODULE","user":"Admin Yesenia","ip":"::1","url":"\/prueba\/distribuidora-esqueleto\/src\/js\/lib\/DataTables\/pdfmake.js.map","message":"Ruta ingresada inexistente, ruta: \/src\/js\/lib\/DataTables\/pdfmake.js.map","context":[]}
{"timestamp":"2026-03-25 10:42:05","level":"MODULE","user":"Admin Yesenia","ip":"::1","url":"\/prueba\/distribuidora-esqueleto\/src\/js\/lib\/DataTables\/datatables-min.js","message":"Ruta ingresada inexistente, ruta: \/src\/js\/lib\/DataTables\/datatables-min.js","context":[]}
{"timestamp":"2026-03-25 10:42:05","level":"MODULE","user":"Admin Yesenia","ip":"::1","url":"\/prueba\/distribuidora-esqueleto\/src\/js\/modules\/tickets\/editar-ticket.js","message":"Ruta ingresada inexistente, ruta: \/src\/js\/modules\/tickets\/editar-ticket.js","context":[]}
{"timestamp":"2026-03-25 10:42:05","level":"MODULE","user":"Admin Yesenia","ip":"::1","url":"\/prueba\/distribuidora-esqueleto\/src\/js\/lib\/DataTables\/pdfmake.js.map","message":"Ruta ingresada inexistente, ruta: \/src\/js\/lib\/DataTables\/pdfmake.js.map","context":[]}
{"timestamp":"2026-03-25 10:42:22","level":"MODULE","user":"Admin Yesenia","ip":"::1","url":"\/prueba\/distribuidora-esqueleto\/src\/js\/lib\/DataTables\/datatables-min.js","message":"Ruta ingresada inexistente, ruta: \/src\/js\/lib\/DataTables\/datatables-min.js","context":[]}
{"timestamp":"2026-03-25 10:42:22","level":"MODULE","user":"Admin Yesenia","ip":"::1","url":"\/prueba\/distribuidora-esqueleto\/src\/js\/modules\/tickets\/editar-ticket.js","message":"Ruta ingresada inexistente, ruta: \/src\/js\/modules\/tickets\/editar-ticket.js","context":[]}
{"timestamp":"2026-03-25 10:42:23","level":"MODULE","user":"Admin Yesenia","ip":"::1","url":"\/prueba\/distribuidora-esqueleto\/src\/js\/lib\/DataTables\/pdfmake.js.map","message":"Ruta ingresada inexistente, ruta: \/src\/js\/lib\/DataTables\/pdfmake.js.map","context":[]}
{"timestamp":"2026-03-25 10:42:28","level":"MODULE","user":"Admin Yesenia","ip":"::1","url":"\/prueba\/distribuidora-esqueleto\/src\/js\/modules\/tickets\/editar-ticket.js","message":"Ruta ingresada inexistente, ruta: \/src\/js\/modules\/tickets\/editar-ticket.js","context":[]}
{"timestamp":"2026-03-25 10:42:28","level":"MODULE","user":"Admin Yesenia","ip":"::1","url":"\/prueba\/distribuidora-esqueleto\/src\/js\/lib\/DataTables\/datatables-min.js","message":"Ruta ingresada inexistente, ruta: \/src\/js\/lib\/DataTables\/datatables-min.js","context":[]}
{"timestamp":"2026-03-25 10:42:28","level":"MODULE","user":"Admin Yesenia","ip":"::1","url":"\/prueba\/distribuidora-esqueleto\/src\/js\/lib\/DataTables\/pdfmake.js.map","message":"Ruta ingresada inexistente, ruta: \/src\/js\/lib\/DataTables\/pdfmake.js.map","context":[]}
{"timestamp":"2026-03-25 11:18:00","level":"MODULE","user":"Admin Yesenia","ip":"::1","url":"\/prueba\/distribuidora-esqueleto\/src\/js\/lib\/DataTables\/datatables-min.js","message":"Ruta ingresada inexistente, ruta: \/src\/js\/lib\/DataTables\/datatables-min.js","context":[]}
{"timestamp":"2026-03-25 11:18:00","level":"MODULE","user":"Admin Yesenia","ip":"::1","url":"\/prueba\/distribuidora-esqueleto\/src\/js\/modules\/tickets\/editar-ticket.js","message":"Ruta ingresada inexistente, ruta: \/src\/js\/modules\/tickets\/editar-ticket.js","context":[]}
{"timestamp":"2026-03-25 11:18:00","level":"MODULE","user":"Admin Yesenia","ip":"::1","url":"\/prueba\/distribuidora-esqueleto\/src\/js\/lib\/DataTables\/pdfmake.js.map","message":"Ruta ingresada inexistente, ruta: \/src\/js\/lib\/DataTables\/pdfmake.js.map","context":[]}
{"timestamp":"2026-03-25 11:18:48","level":"MODULE","user":"Admin Yesenia","ip":"::1","url":"\/prueba\/distribuidora-esqueleto\/src\/js\/lib\/DataTables\/datatables-min.js","message":"Ruta ingresada inexistente, ruta: \/src\/js\/lib\/DataTables\/datatables-min.js","context":[]}
{"timestamp":"2026-03-25 11:18:48","level":"MODULE","user":"Admin Yesenia","ip":"::1","url":"\/prueba\/distribuidora-esqueleto\/src\/js\/modules\/tickets\/editar-ticket.js","message":"Ruta ingresada inexistente, ruta: \/src\/js\/modules\/tickets\/editar-ticket.js","context":[]}
{"timestamp":"2026-03-25 11:18:48","level":"MODULE","user":"Admin Yesenia","ip":"::1","url":"\/prueba\/distribuidora-esqueleto\/src\/js\/lib\/DataTables\/pdfmake.js.map","message":"Ruta ingresada inexistente, ruta: \/src\/js\/lib\/DataTables\/pdfmake.js.map","context":[]}
{"timestamp":"2026-03-25 11:21:05","level":"MODULE","user":"Admin Yesenia","ip":"::1","url":"\/prueba\/distribuidora-esqueleto\/src\/js\/modules\/tickets\/editar-ticket.js","message":"Ruta ingresada inexistente, ruta: \/src\/js\/modules\/tickets\/editar-ticket.js","context":[]}
{"timestamp":"2026-03-25 11:21:05","level":"MODULE","user":"Admin Yesenia","ip":"::1","url":"\/prueba\/distribuidora-esqueleto\/src\/js\/lib\/DataTables\/datatables-min.js","message":"Ruta ingresada inexistente, ruta: \/src\/js\/lib\/DataTables\/datatables-min.js","context":[]}
{"timestamp":"2026-03-25 11:21:05","level":"MODULE","user":"Admin Yesenia","ip":"::1","url":"\/prueba\/distribuidora-esqueleto\/src\/js\/lib\/DataTables\/pdfmake.js.map","message":"Ruta ingresada inexistente, ruta: \/src\/js\/lib\/DataTables\/pdfmake.js.map","context":[]}
{"timestamp":"2026-03-25 11:37:23","level":"MODULE","user":"Admin Yesenia","ip":"::1","url":"\/prueba\/distribuidora-esqueleto\/src\/js\/lib\/DataTables\/datatables-min.js","message":"Ruta ingresada inexistente, ruta: \/src\/js\/lib\/DataTables\/datatables-min.js","context":[]}
{"timestamp":"2026-03-25 11:37:23","level":"MODULE","user":"Admin Yesenia","ip":"::1","url":"\/prueba\/distribuidora-esqueleto\/src\/js\/modules\/tickets\/editar-ticket.js","message":"Ruta ingresada inexistente, ruta: \/src\/js\/modules\/tickets\/editar-ticket.js","context":[]}
{"timestamp":"2026-03-25 11:37:23","level":"MODULE","user":"Admin Yesenia","ip":"::1","url":"\/prueba\/distribuidora-esqueleto\/src\/js\/lib\/DataTables\/pdfmake.js.map","message":"Ruta ingresada inexistente, ruta: \/src\/js\/lib\/DataTables\/pdfmake.js.map","context":[]}
{"timestamp":"2026-03-25 11:43:30","level":"MODULE","user":"Admin Yesenia","ip":"::1","url":"\/prueba\/distribuidora-esqueleto\/src\/js\/modules\/tickets\/editar-ticket.js","message":"Ruta ingresada inexistente, ruta: \/src\/js\/modules\/tickets\/editar-ticket.js","context":[]}
{"timestamp":"2026-03-25 11:43:30","level":"MODULE","user":"Admin Yesenia","ip":"::1","url":"\/prueba\/distribuidora-esqueleto\/src\/js\/lib\/DataTables\/datatables-min.js","message":"Ruta ingresada inexistente, ruta: \/src\/js\/lib\/DataTables\/datatables-min.js","context":[]}
{"timestamp":"2026-03-25 11:43:30","level":"MODULE","user":"Admin Yesenia","ip":"::1","url":"\/prueba\/distribuidora-esqueleto\/src\/js\/lib\/DataTables\/pdfmake.js.map","message":"Ruta ingresada inexistente, ruta: \/src\/js\/lib\/DataTables\/pdfmake.js.map","context":[]}
{"timestamp":"2026-03-25 11:44:15","level":"MODULE","user":"Admin Yesenia","ip":"::1","url":"\/prueba\/distribuidora-esqueleto\/src\/js\/lib\/DataTables\/datatables-min.js","message":"Ruta ingresada inexistente, ruta: \/src\/js\/lib\/DataTables\/datatables-min.js","context":[]}
{"timestamp":"2026-03-25 11:44:15","level":"MODULE","user":"Admin Yesenia","ip":"::1","url":"\/prueba\/distribuidora-esqueleto\/src\/js\/modules\/tickets\/editar-ticket.js","message":"Ruta ingresada inexistente, ruta: \/src\/js\/modules\/tickets\/editar-ticket.js","context":[]}
{"timestamp":"2026-03-25 11:44:15","level":"MODULE","user":"Admin Yesenia","ip":"::1","url":"\/prueba\/distribuidora-esqueleto\/src\/js\/lib\/DataTables\/pdfmake.js.map","message":"Ruta ingresada inexistente, ruta: \/src\/js\/lib\/DataTables\/pdfmake.js.map","context":[]}
{"timestamp":"2026-03-25 11:48:19","level":"MODULE","user":"Admin Yesenia","ip":"::1","url":"\/prueba\/distribuidora-esqueleto\/src\/js\/modules\/tickets\/editar-ticket.js","message":"Ruta ingresada inexistente, ruta: \/src\/js\/modules\/tickets\/editar-ticket.js","context":[]}
{"timestamp":"2026-03-25 11:48:19","level":"MODULE","user":"Admin Yesenia","ip":"::1","url":"\/prueba\/distribuidora-esqueleto\/src\/js\/lib\/DataTables\/datatables-min.js","message":"Ruta ingresada inexistente, ruta: \/src\/js\/lib\/DataTables\/datatables-min.js","context":[]}
{"timestamp":"2026-03-25 11:48:19","level":"MODULE","user":"Admin Yesenia","ip":"::1","url":"\/prueba\/distribuidora-esqueleto\/src\/js\/lib\/DataTables\/pdfmake.js.map","message":"Ruta ingresada inexistente, ruta: \/src\/js\/lib\/DataTables\/pdfmake.js.map","context":[]}
{"timestamp":"2026-03-25 11:48:34","level":"MODULE","user":"Admin Yesenia","ip":"::1","url":"\/prueba\/distribuidora-esqueleto\/src\/js\/modules\/tickets\/editar-ticket.js","message":"Ruta ingresada inexistente, ruta: \/src\/js\/modules\/tickets\/editar-ticket.js","context":[]}
{"timestamp":"2026-03-25 11:48:34","level":"MODULE","user":"Admin Yesenia","ip":"::1","url":"\/prueba\/distribuidora-esqueleto\/src\/js\/lib\/DataTables\/datatables-min.js","message":"Ruta ingresada inexistente, ruta: \/src\/js\/lib\/DataTables\/datatables-min.js","context":[]}
{"timestamp":"2026-03-25 11:48:34","level":"MODULE","user":"Admin Yesenia","ip":"::1","url":"\/prueba\/distribuidora-esqueleto\/src\/js\/lib\/DataTables\/pdfmake.js.map","message":"Ruta ingresada inexistente, ruta: \/src\/js\/lib\/DataTables\/pdfmake.js.map","context":[]}
{"timestamp":"2026-03-25 11:49:21","level":"MODULE","user":"Admin Yesenia","ip":"::1","url":"\/prueba\/distribuidora-esqueleto\/src\/js\/modules\/tickets\/editar-ticket.js","message":"Ruta ingresada inexistente, ruta: \/src\/js\/modules\/tickets\/editar-ticket.js","context":[]}
{"timestamp":"2026-03-25 11:49:21","level":"MODULE","user":"Admin Yesenia","ip":"::1","url":"\/prueba\/distribuidora-esqueleto\/src\/js\/lib\/DataTables\/datatables-min.js","message":"Ruta ingresada inexistente, ruta: \/src\/js\/lib\/DataTables\/datatables-min.js","context":[]}
{"timestamp":"2026-03-25 11:49:22","level":"MODULE","user":"Admin Yesenia","ip":"::1","url":"\/prueba\/distribuidora-esqueleto\/src\/js\/lib\/DataTables\/pdfmake.js.map","message":"Ruta ingresada inexistente, ruta: \/src\/js\/lib\/DataTables\/pdfmake.js.map","context":[]}
{"timestamp":"2026-03-25 11:50:50","level":"MODULE","user":"Admin Yesenia","ip":"::1","url":"\/prueba\/distribuidora-esqueleto\/src\/js\/lib\/DataTables\/datatables-min.js","message":"Ruta ingresada inexistente, ruta: \/src\/js\/lib\/DataTables\/datatables-min.js","context":[]}
{"timestamp":"2026-03-25 11:50:50","level":"MODULE","user":"Admin Yesenia","ip":"::1","url":"\/prueba\/distribuidora-esqueleto\/src\/js\/modules\/tickets\/editar-ticket.js","message":"Ruta ingresada inexistente, ruta: \/src\/js\/modules\/tickets\/editar-ticket.js","context":[]}
{"timestamp":"2026-03-25 11:50:50","level":"MODULE","user":"Admin Yesenia","ip":"::1","url":"\/prueba\/distribuidora-esqueleto\/src\/js\/lib\/DataTables\/pdfmake.js.map","message":"Ruta ingresada inexistente, ruta: \/src\/js\/lib\/DataTables\/pdfmake.js.map","context":[]}
{"timestamp":"2026-03-25 11:51:53","level":"MODULE","user":"Admin Yesenia","ip":"::1","url":"\/prueba\/distribuidora-esqueleto\/src\/js\/modules\/tickets\/editar-ticket.js","message":"Ruta ingresada inexistente, ruta: \/src\/js\/modules\/tickets\/editar-ticket.js","context":[]}
{"timestamp":"2026-03-25 11:51:53","level":"MODULE","user":"Admin Yesenia","ip":"::1","url":"\/prueba\/distribuidora-esqueleto\/src\/js\/lib\/DataTables\/datatables-min.js","message":"Ruta ingresada inexistente, ruta: \/src\/js\/lib\/DataTables\/datatables-min.js","context":[]}
{"timestamp":"2026-03-25 11:51:53","level":"MODULE","user":"Admin Yesenia","ip":"::1","url":"\/prueba\/distribuidora-esqueleto\/src\/js\/lib\/DataTables\/pdfmake.js.map","message":"Ruta ingresada inexistente, ruta: \/src\/js\/lib\/DataTables\/pdfmake.js.map","context":[]}
{"timestamp":"2026-03-25 11:52:07","level":"MODULE","user":"Admin Yesenia","ip":"::1","url":"\/prueba\/distribuidora-esqueleto\/src\/js\/modules\/tickets\/editar-ticket.js","message":"Ruta ingresada inexistente, ruta: \/src\/js\/modules\/tickets\/editar-ticket.js","context":[]}
{"timestamp":"2026-03-25 11:52:07","level":"MODULE","user":"Admin Yesenia","ip":"::1","url":"\/prueba\/distribuidora-esqueleto\/src\/js\/lib\/DataTables\/datatables-min.js","message":"Ruta ingresada inexistente, ruta: \/src\/js\/lib\/DataTables\/datatables-min.js","context":[]}
{"timestamp":"2026-03-25 11:52:07","level":"MODULE","user":"Admin Yesenia","ip":"::1","url":"\/prueba\/distribuidora-esqueleto\/src\/js\/lib\/DataTables\/pdfmake.js.map","message":"Ruta ingresada inexistente, ruta: \/src\/js\/lib\/DataTables\/pdfmake.js.map","context":[]}
{"timestamp":"2026-03-25 11:54:21","level":"MODULE","user":"Admin Yesenia","ip":"::1","url":"\/prueba\/distribuidora-esqueleto\/src\/js\/lib\/DataTables\/datatables-min.js","message":"Ruta ingresada inexistente, ruta: \/src\/js\/lib\/DataTables\/datatables-min.js","context":[]}
{"timestamp":"2026-03-25 11:54:21","level":"MODULE","user":"Admin Yesenia","ip":"::1","url":"\/prueba\/distribuidora-esqueleto\/src\/js\/modules\/tickets\/editar-ticket.js","message":"Ruta ingresada inexistente, ruta: \/src\/js\/modules\/tickets\/editar-ticket.js","context":[]}
{"timestamp":"2026-03-25 11:54:22","level":"MODULE","user":"Admin Yesenia","ip":"::1","url":"\/prueba\/distribuidora-esqueleto\/src\/js\/lib\/DataTables\/pdfmake.js.map","message":"Ruta ingresada inexistente, ruta: \/src\/js\/lib\/DataTables\/pdfmake.js.map","context":[]}
{"timestamp":"2026-03-25 11:54:56","level":"MODULE","user":"Admin Yesenia","ip":"::1","url":"\/prueba\/distribuidora-esqueleto\/src\/js\/lib\/DataTables\/datatables-min.js","message":"Ruta ingresada inexistente, ruta: \/src\/js\/lib\/DataTables\/datatables-min.js","context":[]}
{"timestamp":"2026-03-25 11:54:56","level":"MODULE","user":"Admin Yesenia","ip":"::1","url":"\/prueba\/distribuidora-esqueleto\/src\/js\/modules\/tickets\/editar-ticket.js","message":"Ruta ingresada inexistente, ruta: \/src\/js\/modules\/tickets\/editar-ticket.js","context":[]}
{"timestamp":"2026-03-25 11:54:56","level":"MODULE","user":"Admin Yesenia","ip":"::1","url":"\/prueba\/distribuidora-esqueleto\/src\/js\/lib\/DataTables\/pdfmake.js.map","message":"Ruta ingresada inexistente, ruta: \/src\/js\/lib\/DataTables\/pdfmake.js.map","context":[]}
{"timestamp":"2026-03-25 11:56:27","level":"MODULE","user":"Admin Yesenia","ip":"::1","url":"\/prueba\/distribuidora-esqueleto\/src\/js\/lib\/DataTables\/datatables-min.js","message":"Ruta ingresada inexistente, ruta: \/src\/js\/lib\/DataTables\/datatables-min.js","context":[]}
{"timestamp":"2026-03-25 11:56:27","level":"MODULE","user":"Admin Yesenia","ip":"::1","url":"\/prueba\/distribuidora-esqueleto\/src\/js\/modules\/tickets\/editar-ticket.js","message":"Ruta ingresada inexistente, ruta: \/src\/js\/modules\/tickets\/editar-ticket.js","context":[]}
{"timestamp":"2026-03-25 11:56:27","level":"MODULE","user":"Admin Yesenia","ip":"::1","url":"\/prueba\/distribuidora-esqueleto\/src\/js\/lib\/DataTables\/pdfmake.js.map","message":"Ruta ingresada inexistente, ruta: \/src\/js\/lib\/DataTables\/pdfmake.js.map","context":[]}
{"timestamp":"2026-03-25 11:57:10","level":"MODULE","user":"Admin Yesenia","ip":"::1","url":"\/prueba\/distribuidora-esqueleto\/src\/js\/lib\/DataTables\/datatables-min.js","message":"Ruta ingresada inexistente, ruta: \/src\/js\/lib\/DataTables\/datatables-min.js","context":[]}
{"timestamp":"2026-03-25 11:57:10","level":"MODULE","user":"Admin Yesenia","ip":"::1","url":"\/prueba\/distribuidora-esqueleto\/src\/js\/modules\/tickets\/editar-ticket.js","message":"Ruta ingresada inexistente, ruta: \/src\/js\/modules\/tickets\/editar-ticket.js","context":[]}
{"timestamp":"2026-03-25 11:57:10","level":"MODULE","user":"Admin Yesenia","ip":"::1","url":"\/prueba\/distribuidora-esqueleto\/src\/js\/lib\/DataTables\/pdfmake.js.map","message":"Ruta ingresada inexistente, ruta: \/src\/js\/lib\/DataTables\/pdfmake.js.map","context":[]}
{"timestamp":"2026-03-25 13:19:53","level":"MODULE","user":"Admin Yesenia","ip":"::1","url":"\/prueba\/distribuidora-esqueleto\/src\/js\/lib\/DataTables\/datatables-min.js","message":"Ruta ingresada inexistente, ruta: \/src\/js\/lib\/DataTables\/datatables-min.js","context":[]}
{"timestamp":"2026-03-25 13:19:53","level":"MODULE","user":"Admin Yesenia","ip":"::1","url":"\/prueba\/distribuidora-esqueleto\/src\/js\/modules\/tickets\/editar-ticket.js","message":"Ruta ingresada inexistente, ruta: \/src\/js\/modules\/tickets\/editar-ticket.js","context":[]}
{"timestamp":"2026-03-25 13:19:53","level":"MODULE","user":"Admin Yesenia","ip":"::1","url":"\/prueba\/distribuidora-esqueleto\/src\/js\/lib\/DataTables\/pdfmake.js.map","message":"Ruta ingresada inexistente, ruta: \/src\/js\/lib\/DataTables\/pdfmake.js.map","context":[]}
{"timestamp":"2026-03-25 13:37:02","level":"MODULE","user":"Admin Yesenia","ip":"::1","url":"\/prueba\/distribuidora-esqueleto\/src\/js\/modules\/tickets\/editar-ticket.js","message":"Ruta ingresada inexistente, ruta: \/src\/js\/modules\/tickets\/editar-ticket.js","context":[]}
{"timestamp":"2026-03-25 13:37:02","level":"MODULE","user":"Admin Yesenia","ip":"::1","url":"\/prueba\/distribuidora-esqueleto\/src\/js\/lib\/DataTables\/datatables-min.js","message":"Ruta ingresada inexistente, ruta: \/src\/js\/lib\/DataTables\/datatables-min.js","context":[]}
{"timestamp":"2026-03-25 13:37:03","level":"MODULE","user":"Admin Yesenia","ip":"::1","url":"\/prueba\/distribuidora-esqueleto\/src\/js\/lib\/DataTables\/pdfmake.js.map","message":"Ruta ingresada inexistente, ruta: \/src\/js\/lib\/DataTables\/pdfmake.js.map","context":[]}
{"timestamp":"2026-03-25 13:39:23","level":"MODULE","user":"Admin Yesenia","ip":"::1","url":"\/prueba\/distribuidora-esqueleto\/src\/js\/lib\/DataTables\/datatables-min.js","message":"Ruta ingresada inexistente, ruta: \/src\/js\/lib\/DataTables\/datatables-min.js","context":[]}
{"timestamp":"2026-03-25 13:39:23","level":"MODULE","user":"Admin Yesenia","ip":"::1","url":"\/prueba\/distribuidora-esqueleto\/src\/js\/modules\/tickets\/editar-ticket.js","message":"Ruta ingresada inexistente, ruta: \/src\/js\/modules\/tickets\/editar-ticket.js","context":[]}
{"timestamp":"2026-03-25 13:39:23","level":"MODULE","user":"Admin Yesenia","ip":"::1","url":"\/prueba\/distribuidora-esqueleto\/src\/js\/lib\/DataTables\/pdfmake.js.map","message":"Ruta ingresada inexistente, ruta: \/src\/js\/lib\/DataTables\/pdfmake.js.map","context":[]}
{"timestamp":"2026-03-25 13:39:57","level":"MODULE","user":"Admin Yesenia","ip":"::1","url":"\/prueba\/distribuidora-esqueleto\/src\/js\/lib\/DataTables\/datatables-min.js","message":"Ruta ingresada inexistente, ruta: \/src\/js\/lib\/DataTables\/datatables-min.js","context":[]}
{"timestamp":"2026-03-25 13:39:57","level":"MODULE","user":"Admin Yesenia","ip":"::1","url":"\/prueba\/distribuidora-esqueleto\/src\/js\/modules\/tickets\/editar-ticket.js","message":"Ruta ingresada inexistente, ruta: \/src\/js\/modules\/tickets\/editar-ticket.js","context":[]}
{"timestamp":"2026-03-25 13:39:57","level":"MODULE","user":"Admin Yesenia","ip":"::1","url":"\/prueba\/distribuidora-esqueleto\/src\/js\/lib\/DataTables\/pdfmake.js.map","message":"Ruta ingresada inexistente, ruta: \/src\/js\/lib\/DataTables\/pdfmake.js.map","context":[]}
{"timestamp":"2026-03-25 13:40:43","level":"MODULE","user":"Admin Yesenia","ip":"::1","url":"\/prueba\/distribuidora-esqueleto\/src\/js\/lib\/DataTables\/datatables-min.js","message":"Ruta ingresada inexistente, ruta: \/src\/js\/lib\/DataTables\/datatables-min.js","context":[]}
{"timestamp":"2026-03-25 13:40:43","level":"MODULE","user":"Admin Yesenia","ip":"::1","url":"\/prueba\/distribuidora-esqueleto\/src\/js\/modules\/tickets\/editar-ticket.js","message":"Ruta ingresada inexistente, ruta: \/src\/js\/modules\/tickets\/editar-ticket.js","context":[]}
{"timestamp":"2026-03-25 13:40:43","level":"MODULE","user":"Admin Yesenia","ip":"::1","url":"\/prueba\/distribuidora-esqueleto\/src\/js\/lib\/DataTables\/pdfmake.js.map","message":"Ruta ingresada inexistente, ruta: \/src\/js\/lib\/DataTables\/pdfmake.js.map","context":[]}
{"timestamp":"2026-03-25 14:06:27","level":"MODULE","user":"Admin Yesenia","ip":"::1","url":"\/prueba\/distribuidora-esqueleto\/src\/js\/modules\/tickets\/editar-ticket.js","message":"Ruta ingresada inexistente, ruta: \/src\/js\/modules\/tickets\/editar-ticket.js","context":[]}
{"timestamp":"2026-03-25 14:06:28","level":"MODULE","user":"Admin Yesenia","ip":"::1","url":"\/prueba\/distribuidora-esqueleto\/src\/js\/lib\/DataTables\/datatables-min.js","message":"Ruta ingresada inexistente, ruta: \/src\/js\/lib\/DataTables\/datatables-min.js","context":[]}
{"timestamp":"2026-03-25 14:06:28","level":"MODULE","user":"Admin Yesenia","ip":"::1","url":"\/prueba\/distribuidora-esqueleto\/src\/js\/lib\/DataTables\/pdfmake.js.map","message":"Ruta ingresada inexistente, ruta: \/src\/js\/lib\/DataTables\/pdfmake.js.map","context":[]}
{"timestamp":"2026-03-25 14:09:54","level":"MODULE","user":"Admin Yesenia","ip":"::1","url":"\/prueba\/distribuidora-esqueleto\/src\/js\/modules\/tickets\/editar-ticket.js","message":"Ruta ingresada inexistente, ruta: \/src\/js\/modules\/tickets\/editar-ticket.js","context":[]}
{"timestamp":"2026-03-25 14:09:54","level":"MODULE","user":"Admin Yesenia","ip":"::1","url":"\/prueba\/distribuidora-esqueleto\/src\/js\/lib\/DataTables\/datatables-min.js","message":"Ruta ingresada inexistente, ruta: \/src\/js\/lib\/DataTables\/datatables-min.js","context":[]}
{"timestamp":"2026-03-25 14:09:55","level":"MODULE","user":"Admin Yesenia","ip":"::1","url":"\/prueba\/distribuidora-esqueleto\/src\/js\/lib\/DataTables\/pdfmake.js.map","message":"Ruta ingresada inexistente, ruta: \/src\/js\/lib\/DataTables\/pdfmake.js.map","context":[]}
{"timestamp":"2026-03-25 14:11:12","level":"MODULE","user":"Admin Yesenia","ip":"::1","url":"\/prueba\/distribuidora-esqueleto\/src\/js\/modules\/tickets\/editar-ticket.js","message":"Ruta ingresada inexistente, ruta: \/src\/js\/modules\/tickets\/editar-ticket.js","context":[]}
{"timestamp":"2026-03-25 14:11:13","level":"MODULE","user":"Admin Yesenia","ip":"::1","url":"\/prueba\/distribuidora-esqueleto\/src\/js\/lib\/DataTables\/datatables-min.js","message":"Ruta ingresada inexistente, ruta: \/src\/js\/lib\/DataTables\/datatables-min.js","context":[]}
{"timestamp":"2026-03-25 14:11:13","level":"MODULE","user":"Admin Yesenia","ip":"::1","url":"\/prueba\/distribuidora-esqueleto\/src\/js\/lib\/DataTables\/pdfmake.js.map","message":"Ruta ingresada inexistente, ruta: \/src\/js\/lib\/DataTables\/pdfmake.js.map","context":[]}
{"timestamp":"2026-03-25 14:15:16","level":"MODULE","user":"Admin Yesenia","ip":"::1","url":"\/prueba\/distribuidora-esqueleto\/src\/js\/modules\/tickets\/editar-ticket.js","message":"Ruta ingresada inexistente, ruta: \/src\/js\/modules\/tickets\/editar-ticket.js","context":[]}
{"timestamp":"2026-03-25 14:15:16","level":"MODULE","user":"Admin Yesenia","ip":"::1","url":"\/prueba\/distribuidora-esqueleto\/src\/js\/lib\/DataTables\/datatables-min.js","message":"Ruta ingresada inexistente, ruta: \/src\/js\/lib\/DataTables\/datatables-min.js","context":[]}
{"timestamp":"2026-03-25 14:15:16","level":"MODULE","user":"Admin Yesenia","ip":"::1","url":"\/prueba\/distribuidora-esqueleto\/src\/js\/lib\/DataTables\/pdfmake.js.map","message":"Ruta ingresada inexistente, ruta: \/src\/js\/lib\/DataTables\/pdfmake.js.map","context":[]}
{"timestamp":"2026-03-25 14:49:37","level":"MODULE","user":"Admin Yesenia","ip":"::1","url":"\/prueba\/distribuidora-esqueleto\/src\/js\/modules\/tickets\/editar-ticket.js","message":"Ruta ingresada inexistente, ruta: \/src\/js\/modules\/tickets\/editar-ticket.js","context":[]}
{"timestamp":"2026-03-25 14:49:37","level":"MODULE","user":"Admin Yesenia","ip":"::1","url":"\/prueba\/distribuidora-esqueleto\/src\/js\/lib\/DataTables\/datatables-min.js","message":"Ruta ingresada inexistente, ruta: \/src\/js\/lib\/DataTables\/datatables-min.js","context":[]}
{"timestamp":"2026-03-25 14:49:37","level":"MODULE","user":"Admin Yesenia","ip":"::1","url":"\/prueba\/distribuidora-esqueleto\/src\/js\/lib\/DataTables\/pdfmake.js.map","message":"Ruta ingresada inexistente, ruta: \/src\/js\/lib\/DataTables\/pdfmake.js.map","context":[]}
{"timestamp":"2026-03-25 14:50:12","level":"MODULE","user":"Admin Yesenia","ip":"::1","url":"\/prueba\/distribuidora-esqueleto\/src\/js\/lib\/DataTables\/datatables-min.js","message":"Ruta ingresada inexistente, ruta: \/src\/js\/lib\/DataTables\/datatables-min.js","context":[]}
{"timestamp":"2026-03-25 14:50:12","level":"MODULE","user":"Admin Yesenia","ip":"::1","url":"\/prueba\/distribuidora-esqueleto\/src\/js\/modules\/tickets\/editar-ticket.js","message":"Ruta ingresada inexistente, ruta: \/src\/js\/modules\/tickets\/editar-ticket.js","context":[]}
{"timestamp":"2026-03-25 14:50:12","level":"MODULE","user":"Admin Yesenia","ip":"::1","url":"\/prueba\/distribuidora-esqueleto\/src\/js\/lib\/DataTables\/pdfmake.js.map","message":"Ruta ingresada inexistente, ruta: \/src\/js\/lib\/DataTables\/pdfmake.js.map","context":[]}
{"timestamp":"2026-03-25 14:51:49","level":"MODULE","user":"Admin Yesenia","ip":"::1","url":"\/prueba\/distribuidora-esqueleto\/src\/js\/modules\/tickets\/editar-ticket.js","message":"Ruta ingresada inexistente, ruta: \/src\/js\/modules\/tickets\/editar-ticket.js","context":[]}
{"timestamp":"2026-03-25 14:51:49","level":"MODULE","user":"Admin Yesenia","ip":"::1","url":"\/prueba\/distribuidora-esqueleto\/src\/js\/lib\/DataTables\/datatables-min.js","message":"Ruta ingresada inexistente, ruta: \/src\/js\/lib\/DataTables\/datatables-min.js","context":[]}
{"timestamp":"2026-03-25 14:51:49","level":"MODULE","user":"Admin Yesenia","ip":"::1","url":"\/prueba\/distribuidora-esqueleto\/src\/js\/lib\/DataTables\/pdfmake.js.map","message":"Ruta ingresada inexistente, ruta: \/src\/js\/lib\/DataTables\/pdfmake.js.map","context":[]}
{"timestamp":"2026-03-25 14:55:13","level":"MODULE","user":"Admin Yesenia","ip":"::1","url":"\/prueba\/distribuidora-esqueleto\/src\/js\/modules\/tickets\/editar-ticket.js","message":"Ruta ingresada inexistente, ruta: \/src\/js\/modules\/tickets\/editar-ticket.js","context":[]}
{"timestamp":"2026-03-25 14:55:13","level":"MODULE","user":"Admin Yesenia","ip":"::1","url":"\/prueba\/distribuidora-esqueleto\/src\/js\/lib\/DataTables\/datatables-min.js","message":"Ruta ingresada inexistente, ruta: \/src\/js\/lib\/DataTables\/datatables-min.js","context":[]}
{"timestamp":"2026-03-25 14:55:13","level":"MODULE","user":"Admin Yesenia","ip":"::1","url":"\/prueba\/distribuidora-esqueleto\/src\/js\/lib\/DataTables\/pdfmake.js.map","message":"Ruta ingresada inexistente, ruta: \/src\/js\/lib\/DataTables\/pdfmake.js.map","context":[]}
{"timestamp":"2026-03-25 14:55:57","level":"MODULE","user":"Admin Yesenia","ip":"::1","url":"\/prueba\/distribuidora-esqueleto\/src\/js\/modules\/tickets\/editar-ticket.js","message":"Ruta ingresada inexistente, ruta: \/src\/js\/modules\/tickets\/editar-ticket.js","context":[]}
{"timestamp":"2026-03-25 14:55:57","level":"MODULE","user":"Admin Yesenia","ip":"::1","url":"\/prueba\/distribuidora-esqueleto\/src\/js\/lib\/DataTables\/datatables-min.js","message":"Ruta ingresada inexistente, ruta: \/src\/js\/lib\/DataTables\/datatables-min.js","context":[]}
{"timestamp":"2026-03-25 14:55:58","level":"MODULE","user":"Admin Yesenia","ip":"::1","url":"\/prueba\/distribuidora-esqueleto\/src\/js\/lib\/DataTables\/pdfmake.js.map","message":"Ruta ingresada inexistente, ruta: \/src\/js\/lib\/DataTables\/pdfmake.js.map","context":[]}
{"timestamp":"2026-03-25 14:56:19","level":"MODULE","user":"Admin Yesenia","ip":"::1","url":"\/prueba\/distribuidora-esqueleto\/src\/js\/modules\/tickets\/editar-ticket.js","message":"Ruta ingresada inexistente, ruta: \/src\/js\/modules\/tickets\/editar-ticket.js","context":[]}
{"timestamp":"2026-03-25 14:56:19","level":"MODULE","user":"Admin Yesenia","ip":"::1","url":"\/prueba\/distribuidora-esqueleto\/src\/js\/lib\/DataTables\/datatables-min.js","message":"Ruta ingresada inexistente, ruta: \/src\/js\/lib\/DataTables\/datatables-min.js","context":[]}
{"timestamp":"2026-03-25 14:56:20","level":"MODULE","user":"Admin Yesenia","ip":"::1","url":"\/prueba\/distribuidora-esqueleto\/src\/js\/lib\/DataTables\/pdfmake.js.map","message":"Ruta ingresada inexistente, ruta: \/src\/js\/lib\/DataTables\/pdfmake.js.map","context":[]}
{"timestamp":"2026-03-25 15:02:36","level":"MODULE","user":"Admin Yesenia","ip":"::1","url":"\/prueba\/distribuidora-esqueleto\/src\/js\/modules\/tickets\/editar-ticket.js","message":"Ruta ingresada inexistente, ruta: \/src\/js\/modules\/tickets\/editar-ticket.js","context":[]}
{"timestamp":"2026-03-25 15:02:36","level":"MODULE","user":"Admin Yesenia","ip":"::1","url":"\/prueba\/distribuidora-esqueleto\/src\/js\/lib\/DataTables\/datatables-min.js","message":"Ruta ingresada inexistente, ruta: \/src\/js\/lib\/DataTables\/datatables-min.js","context":[]}
{"timestamp":"2026-03-25 15:02:37","level":"MODULE","user":"Admin Yesenia","ip":"::1","url":"\/prueba\/distribuidora-esqueleto\/src\/js\/lib\/DataTables\/pdfmake.js.map","message":"Ruta ingresada inexistente, ruta: \/src\/js\/lib\/DataTables\/pdfmake.js.map","context":[]}
{"timestamp":"2026-03-25 15:04:21","level":"MODULE","user":"Admin Yesenia","ip":"::1","url":"\/prueba\/distribuidora-esqueleto\/src\/js\/modules\/tickets\/editar-ticket.js","message":"Ruta ingresada inexistente, ruta: \/src\/js\/modules\/tickets\/editar-ticket.js","context":[]}
{"timestamp":"2026-03-25 15:04:21","level":"MODULE","user":"Admin Yesenia","ip":"::1","url":"\/prueba\/distribuidora-esqueleto\/src\/js\/lib\/DataTables\/datatables-min.js","message":"Ruta ingresada inexistente, ruta: \/src\/js\/lib\/DataTables\/datatables-min.js","context":[]}
{"timestamp":"2026-03-25 15:04:21","level":"MODULE","user":"Admin Yesenia","ip":"::1","url":"\/prueba\/distribuidora-esqueleto\/src\/js\/lib\/DataTables\/pdfmake.js.map","message":"Ruta ingresada inexistente, ruta: \/src\/js\/lib\/DataTables\/pdfmake.js.map","context":[]}
{"timestamp":"2026-03-25 15:10:30","level":"MODULE","user":"Admin Yesenia","ip":"::1","url":"\/prueba\/distribuidora-esqueleto\/src\/js\/modules\/tickets\/editar-ticket.js","message":"Ruta ingresada inexistente, ruta: \/src\/js\/modules\/tickets\/editar-ticket.js","context":[]}
{"timestamp":"2026-03-25 15:10:30","level":"MODULE","user":"Admin Yesenia","ip":"::1","url":"\/prueba\/distribuidora-esqueleto\/src\/js\/lib\/DataTables\/datatables-min.js","message":"Ruta ingresada inexistente, ruta: \/src\/js\/lib\/DataTables\/datatables-min.js","context":[]}
{"timestamp":"2026-03-25 15:10:30","level":"MODULE","user":"Admin Yesenia","ip":"::1","url":"\/prueba\/distribuidora-esqueleto\/src\/js\/lib\/DataTables\/pdfmake.js.map","message":"Ruta ingresada inexistente, ruta: \/src\/js\/lib\/DataTables\/pdfmake.js.map","context":[]}
{"timestamp":"2026-03-25 15:11:35","level":"MODULE","user":"Admin Yesenia","ip":"::1","url":"\/prueba\/distribuidora-esqueleto\/src\/js\/modules\/tickets\/editar-ticket.js","message":"Ruta ingresada inexistente, ruta: \/src\/js\/modules\/tickets\/editar-ticket.js","context":[]}
{"timestamp":"2026-03-25 15:11:35","level":"MODULE","user":"Admin Yesenia","ip":"::1","url":"\/prueba\/distribuidora-esqueleto\/src\/js\/lib\/DataTables\/datatables-min.js","message":"Ruta ingresada inexistente, ruta: \/src\/js\/lib\/DataTables\/datatables-min.js","context":[]}
{"timestamp":"2026-03-25 15:11:35","level":"MODULE","user":"Admin Yesenia","ip":"::1","url":"\/prueba\/distribuidora-esqueleto\/src\/js\/lib\/DataTables\/pdfmake.js.map","message":"Ruta ingresada inexistente, ruta: \/src\/js\/lib\/DataTables\/pdfmake.js.map","context":[]}
{"timestamp":"2026-03-25 15:14:01","level":"MODULE","user":"Admin Yesenia","ip":"::1","url":"\/prueba\/distribuidora-esqueleto\/src\/js\/modules\/tickets\/editar-ticket.js","message":"Ruta ingresada inexistente, ruta: \/src\/js\/modules\/tickets\/editar-ticket.js","context":[]}
{"timestamp":"2026-03-25 15:14:01","level":"MODULE","user":"Admin Yesenia","ip":"::1","url":"\/prueba\/distribuidora-esqueleto\/src\/js\/lib\/DataTables\/datatables-min.js","message":"Ruta ingresada inexistente, ruta: \/src\/js\/lib\/DataTables\/datatables-min.js","context":[]}
{"timestamp":"2026-03-25 15:14:01","level":"MODULE","user":"Admin Yesenia","ip":"::1","url":"\/prueba\/distribuidora-esqueleto\/src\/js\/lib\/DataTables\/pdfmake.js.map","message":"Ruta ingresada inexistente, ruta: \/src\/js\/lib\/DataTables\/pdfmake.js.map","context":[]}
{"timestamp":"2026-03-25 15:39:51","level":"MODULE","user":"Admin Yesenia","ip":"::1","url":"\/prueba\/distribuidora-esqueleto\/src\/js\/lib\/DataTables\/datatables-min.js","message":"Ruta ingresada inexistente, ruta: \/src\/js\/lib\/DataTables\/datatables-min.js","context":[]}
{"timestamp":"2026-03-25 15:39:51","level":"MODULE","user":"Admin Yesenia","ip":"::1","url":"\/prueba\/distribuidora-esqueleto\/src\/js\/modules\/tickets\/editar-ticket.js","message":"Ruta ingresada inexistente, ruta: \/src\/js\/modules\/tickets\/editar-ticket.js","context":[]}
{"timestamp":"2026-03-25 15:39:51","level":"MODULE","user":"Admin Yesenia","ip":"::1","url":"\/prueba\/distribuidora-esqueleto\/src\/js\/lib\/DataTables\/pdfmake.js.map","message":"Ruta ingresada inexistente, ruta: \/src\/js\/lib\/DataTables\/pdfmake.js.map","context":[]}
{"timestamp":"2026-03-25 15:44:44","level":"MODULE","user":"Admin Yesenia","ip":"::1","url":"\/prueba\/distribuidora-esqueleto\/src\/js\/lib\/DataTables\/datatables-min.js","message":"Ruta ingresada inexistente, ruta: \/src\/js\/lib\/DataTables\/datatables-min.js","context":[]}
{"timestamp":"2026-03-25 15:44:44","level":"MODULE","user":"Admin Yesenia","ip":"::1","url":"\/prueba\/distribuidora-esqueleto\/src\/js\/modules\/tickets\/editar-ticket.js","message":"Ruta ingresada inexistente, ruta: \/src\/js\/modules\/tickets\/editar-ticket.js","context":[]}
{"timestamp":"2026-03-25 15:44:44","level":"MODULE","user":"Admin Yesenia","ip":"::1","url":"\/prueba\/distribuidora-esqueleto\/src\/js\/lib\/DataTables\/pdfmake.js.map","message":"Ruta ingresada inexistente, ruta: \/src\/js\/lib\/DataTables\/pdfmake.js.map","context":[]}
{"timestamp":"2026-03-25 15:45:05","level":"MODULE","user":"Admin Yesenia","ip":"::1","url":"\/prueba\/distribuidora-esqueleto\/src\/js\/lib\/DataTables\/datatables-min.js","message":"Ruta ingresada inexistente, ruta: \/src\/js\/lib\/DataTables\/datatables-min.js","context":[]}
{"timestamp":"2026-03-25 15:45:05","level":"MODULE","user":"Admin Yesenia","ip":"::1","url":"\/prueba\/distribuidora-esqueleto\/src\/js\/modules\/tickets\/editar-ticket.js","message":"Ruta ingresada inexistente, ruta: \/src\/js\/modules\/tickets\/editar-ticket.js","context":[]}
{"timestamp":"2026-03-25 15:45:05","level":"MODULE","user":"Admin Yesenia","ip":"::1","url":"\/prueba\/distribuidora-esqueleto\/src\/js\/lib\/DataTables\/pdfmake.js.map","message":"Ruta ingresada inexistente, ruta: \/src\/js\/lib\/DataTables\/pdfmake.js.map","context":[]}
{"timestamp":"2026-03-25 15:45:48","level":"MODULE","user":"Admin Yesenia","ip":"::1","url":"\/prueba\/distribuidora-esqueleto\/src\/js\/lib\/DataTables\/datatables-min.js","message":"Ruta ingresada inexistente, ruta: \/src\/js\/lib\/DataTables\/datatables-min.js","context":[]}
{"timestamp":"2026-03-25 15:45:48","level":"MODULE","user":"Admin Yesenia","ip":"::1","url":"\/prueba\/distribuidora-esqueleto\/src\/js\/modules\/tickets\/editar-ticket.js","message":"Ruta ingresada inexistente, ruta: \/src\/js\/modules\/tickets\/editar-ticket.js","context":[]}
{"timestamp":"2026-03-25 15:45:48","level":"MODULE","user":"Admin Yesenia","ip":"::1","url":"\/prueba\/distribuidora-esqueleto\/src\/js\/lib\/DataTables\/pdfmake.js.map","message":"Ruta ingresada inexistente, ruta: \/src\/js\/lib\/DataTables\/pdfmake.js.map","context":[]}
{"timestamp":"2026-03-25 15:46:46","level":"MODULE","user":"Admin Yesenia","ip":"::1","url":"\/prueba\/distribuidora-esqueleto\/src\/js\/lib\/DataTables\/datatables-min.js","message":"Ruta ingresada inexistente, ruta: \/src\/js\/lib\/DataTables\/datatables-min.js","context":[]}
{"timestamp":"2026-03-25 15:46:46","level":"MODULE","user":"Admin Yesenia","ip":"::1","url":"\/prueba\/distribuidora-esqueleto\/src\/js\/modules\/tickets\/editar-ticket.js","message":"Ruta ingresada inexistente, ruta: \/src\/js\/modules\/tickets\/editar-ticket.js","context":[]}
{"timestamp":"2026-03-25 15:46:50","level":"MODULE","user":"Admin Yesenia","ip":"::1","url":"\/prueba\/distribuidora-esqueleto\/src\/js\/lib\/DataTables\/pdfmake.js.map","message":"Ruta ingresada inexistente, ruta: \/src\/js\/lib\/DataTables\/pdfmake.js.map","context":[]}
{"timestamp":"2026-03-25 15:55:26","level":"MODULE","user":"Admin Yesenia","ip":"::1","url":"\/prueba\/distribuidora-esqueleto\/src\/js\/modules\/tickets\/editar-ticket.js","message":"Ruta ingresada inexistente, ruta: \/src\/js\/modules\/tickets\/editar-ticket.js","context":[]}
{"timestamp":"2026-03-25 15:55:26","level":"MODULE","user":"Admin Yesenia","ip":"::1","url":"\/prueba\/distribuidora-esqueleto\/src\/js\/lib\/DataTables\/datatables-min.js","message":"Ruta ingresada inexistente, ruta: \/src\/js\/lib\/DataTables\/datatables-min.js","context":[]}
{"timestamp":"2026-03-25 15:55:27","level":"MODULE","user":"Admin Yesenia","ip":"::1","url":"\/prueba\/distribuidora-esqueleto\/src\/js\/lib\/DataTables\/pdfmake.js.map","message":"Ruta ingresada inexistente, ruta: \/src\/js\/lib\/DataTables\/pdfmake.js.map","context":[]}
{"timestamp":"2026-03-25 15:57:11","level":"MODULE","user":"Admin Yesenia","ip":"::1","url":"\/prueba\/distribuidora-esqueleto\/src\/js\/modules\/tickets\/editar-ticket.js","message":"Ruta ingresada inexistente, ruta: \/src\/js\/modules\/tickets\/editar-ticket.js","context":[]}
{"timestamp":"2026-03-25 15:57:11","level":"MODULE","user":"Admin Yesenia","ip":"::1","url":"\/prueba\/distribuidora-esqueleto\/src\/js\/lib\/DataTables\/datatables-min.js","message":"Ruta ingresada inexistente, ruta: \/src\/js\/lib\/DataTables\/datatables-min.js","context":[]}
{"timestamp":"2026-03-25 15:57:11","level":"MODULE","user":"Admin Yesenia","ip":"::1","url":"\/prueba\/distribuidora-esqueleto\/src\/js\/lib\/DataTables\/pdfmake.js.map","message":"Ruta ingresada inexistente, ruta: \/src\/js\/lib\/DataTables\/pdfmake.js.map","context":[]}
{"timestamp":"2026-03-25 15:58:12","level":"MODULE","user":"Admin Yesenia","ip":"::1","url":"\/prueba\/distribuidora-esqueleto\/src\/js\/lib\/DataTables\/datatables-min.js","message":"Ruta ingresada inexistente, ruta: \/src\/js\/lib\/DataTables\/datatables-min.js","context":[]}
{"timestamp":"2026-03-25 15:58:12","level":"MODULE","user":"Admin Yesenia","ip":"::1","url":"\/prueba\/distribuidora-esqueleto\/src\/js\/modules\/tickets\/editar-ticket.js","message":"Ruta ingresada inexistente, ruta: \/src\/js\/modules\/tickets\/editar-ticket.js","context":[]}
{"timestamp":"2026-03-25 15:58:12","level":"MODULE","user":"Admin Yesenia","ip":"::1","url":"\/prueba\/distribuidora-esqueleto\/src\/js\/lib\/DataTables\/pdfmake.js.map","message":"Ruta ingresada inexistente, ruta: \/src\/js\/lib\/DataTables\/pdfmake.js.map","context":[]}
{"timestamp":"2026-03-25 16:00:45","level":"MODULE","user":"Admin Yesenia","ip":"::1","url":"\/prueba\/distribuidora-esqueleto\/src\/js\/lib\/DataTables\/datatables-min.js","message":"Ruta ingresada inexistente, ruta: \/src\/js\/lib\/DataTables\/datatables-min.js","context":[]}
{"timestamp":"2026-03-25 16:00:45","level":"MODULE","user":"Admin Yesenia","ip":"::1","url":"\/prueba\/distribuidora-esqueleto\/src\/js\/modules\/tickets\/editar-ticket.js","message":"Ruta ingresada inexistente, ruta: \/src\/js\/modules\/tickets\/editar-ticket.js","context":[]}
{"timestamp":"2026-03-25 16:00:45","level":"MODULE","user":"Admin Yesenia","ip":"::1","url":"\/prueba\/distribuidora-esqueleto\/src\/js\/lib\/DataTables\/pdfmake.js.map","message":"Ruta ingresada inexistente, ruta: \/src\/js\/lib\/DataTables\/pdfmake.js.map","context":[]}
{"timestamp":"2026-03-25 16:12:40","level":"MODULE","user":"Admin Yesenia","ip":"::1","url":"\/prueba\/distribuidora-esqueleto\/src\/js\/lib\/DataTables\/datatables-min.js","message":"Ruta ingresada inexistente, ruta: \/src\/js\/lib\/DataTables\/datatables-min.js","context":[]}
{"timestamp":"2026-03-25 16:12:40","level":"MODULE","user":"Admin Yesenia","ip":"::1","url":"\/prueba\/distribuidora-esqueleto\/src\/js\/lib\/DataTables\/pdfmake.js.map","message":"Ruta ingresada inexistente, ruta: \/src\/js\/lib\/DataTables\/pdfmake.js.map","context":[]}
{"timestamp":"2026-03-25 16:27:59","level":"MODULE","user":"Admin Yesenia","ip":"::1","url":"\/prueba\/distribuidora-esqueleto\/src\/js\/lib\/DataTables\/datatables-min.js","message":"Ruta ingresada inexistente, ruta: \/src\/js\/lib\/DataTables\/datatables-min.js","context":[]}
{"timestamp":"2026-03-25 16:28:00","level":"MODULE","user":"Admin Yesenia","ip":"::1","url":"\/prueba\/distribuidora-esqueleto\/src\/js\/lib\/DataTables\/pdfmake.js.map","message":"Ruta ingresada inexistente, ruta: \/src\/js\/lib\/DataTables\/pdfmake.js.map","context":[]}
{"timestamp":"2026-03-25 16:29:29","level":"MODULE","user":"Admin Yesenia","ip":"::1","url":"\/prueba\/distribuidora-esqueleto\/src\/js\/lib\/DataTables\/datatables-min.js","message":"Ruta ingresada inexistente, ruta: \/src\/js\/lib\/DataTables\/datatables-min.js","context":[]}
{"timestamp":"2026-03-25 16:29:29","level":"MODULE","user":"Admin Yesenia","ip":"::1","url":"\/prueba\/distribuidora-esqueleto\/src\/js\/lib\/DataTables\/pdfmake.js.map","message":"Ruta ingresada inexistente, ruta: \/src\/js\/lib\/DataTables\/pdfmake.js.map","context":[]}
{"timestamp":"2026-03-25 16:29:51","level":"MODULE","user":"Admin Yesenia","ip":"::1","url":"\/prueba\/distribuidora-esqueleto\/src\/js\/lib\/DataTables\/datatables-min.js","message":"Ruta ingresada inexistente, ruta: \/src\/js\/lib\/DataTables\/datatables-min.js","context":[]}
{"timestamp":"2026-03-25 16:29:51","level":"MODULE","user":"Admin Yesenia","ip":"::1","url":"\/prueba\/distribuidora-esqueleto\/src\/js\/lib\/DataTables\/pdfmake.js.map","message":"Ruta ingresada inexistente, ruta: \/src\/js\/lib\/DataTables\/pdfmake.js.map","context":[]}
{"timestamp":"2026-03-25 16:30:49","level":"MODULE","user":"Admin Yesenia","ip":"::1","url":"\/prueba\/distribuidora-esqueleto\/src\/js\/lib\/DataTables\/datatables-min.js","message":"Ruta ingresada inexistente, ruta: \/src\/js\/lib\/DataTables\/datatables-min.js","context":[]}
{"timestamp":"2026-03-25 16:30:49","level":"MODULE","user":"Admin Yesenia","ip":"::1","url":"\/prueba\/distribuidora-esqueleto\/src\/js\/lib\/DataTables\/pdfmake.js.map","message":"Ruta ingresada inexistente, ruta: \/src\/js\/lib\/DataTables\/pdfmake.js.map","context":[]}
{"timestamp":"2026-03-25 16:31:45","level":"MODULE","user":"Admin Yesenia","ip":"::1","url":"\/prueba\/distribuidora-esqueleto\/src\/js\/lib\/DataTables\/datatables-min.js","message":"Ruta ingresada inexistente, ruta: \/src\/js\/lib\/DataTables\/datatables-min.js","context":[]}
{"timestamp":"2026-03-25 16:31:45","level":"MODULE","user":"Admin Yesenia","ip":"::1","url":"\/prueba\/distribuidora-esqueleto\/src\/js\/lib\/DataTables\/pdfmake.js.map","message":"Ruta ingresada inexistente, ruta: \/src\/js\/lib\/DataTables\/pdfmake.js.map","context":[]}
{"timestamp":"2026-03-25 16:32:05","level":"MODULE","user":"Admin Yesenia","ip":"::1","url":"\/prueba\/distribuidora-esqueleto\/src\/js\/lib\/DataTables\/datatables-min.js","message":"Ruta ingresada inexistente, ruta: \/src\/js\/lib\/DataTables\/datatables-min.js","context":[]}
{"timestamp":"2026-03-25 16:32:05","level":"MODULE","user":"Admin Yesenia","ip":"::1","url":"\/prueba\/distribuidora-esqueleto\/src\/js\/lib\/DataTables\/pdfmake.js.map","message":"Ruta ingresada inexistente, ruta: \/src\/js\/lib\/DataTables\/pdfmake.js.map","context":[]}
{"timestamp":"2026-03-25 16:32:52","level":"MODULE","user":"Admin Yesenia","ip":"::1","url":"\/prueba\/distribuidora-esqueleto\/src\/js\/lib\/DataTables\/datatables-min.js","message":"Ruta ingresada inexistente, ruta: \/src\/js\/lib\/DataTables\/datatables-min.js","context":[]}
{"timestamp":"2026-03-25 16:32:53","level":"MODULE","user":"Admin Yesenia","ip":"::1","url":"\/prueba\/distribuidora-esqueleto\/src\/js\/lib\/DataTables\/pdfmake.js.map","message":"Ruta ingresada inexistente, ruta: \/src\/js\/lib\/DataTables\/pdfmake.js.map","context":[]}
{"timestamp":"2026-03-25 16:33:16","level":"MODULE","user":"Admin Yesenia","ip":"::1","url":"\/prueba\/distribuidora-esqueleto\/src\/js\/lib\/DataTables\/datatables-min.js","message":"Ruta ingresada inexistente, ruta: \/src\/js\/lib\/DataTables\/datatables-min.js","context":[]}
{"timestamp":"2026-03-25 16:33:16","level":"MODULE","user":"Admin Yesenia","ip":"::1","url":"\/prueba\/distribuidora-esqueleto\/src\/js\/lib\/DataTables\/pdfmake.js.map","message":"Ruta ingresada inexistente, ruta: \/src\/js\/lib\/DataTables\/pdfmake.js.map","context":[]}
{"timestamp":"2026-03-25 16:34:40","level":"MODULE","user":"Admin Yesenia","ip":"::1","url":"\/prueba\/distribuidora-esqueleto\/src\/js\/lib\/DataTables\/datatables-min.js","message":"Ruta ingresada inexistente, ruta: \/src\/js\/lib\/DataTables\/datatables-min.js","context":[]}
{"timestamp":"2026-03-25 16:34:40","level":"MODULE","user":"Admin Yesenia","ip":"::1","url":"\/prueba\/distribuidora-esqueleto\/src\/js\/lib\/DataTables\/pdfmake.js.map","message":"Ruta ingresada inexistente, ruta: \/src\/js\/lib\/DataTables\/pdfmake.js.map","context":[]}
{"timestamp":"2026-03-25 16:35:34","level":"MODULE","user":"Admin Yesenia","ip":"::1","url":"\/prueba\/distribuidora-esqueleto\/src\/js\/lib\/DataTables\/datatables-min.js","message":"Ruta ingresada inexistente, ruta: \/src\/js\/lib\/DataTables\/datatables-min.js","context":[]}
{"timestamp":"2026-03-25 16:35:34","level":"MODULE","user":"Admin Yesenia","ip":"::1","url":"\/prueba\/distribuidora-esqueleto\/src\/js\/lib\/DataTables\/pdfmake.js.map","message":"Ruta ingresada inexistente, ruta: \/src\/js\/lib\/DataTables\/pdfmake.js.map","context":[]}
{"timestamp":"2026-03-25 16:35:55","level":"MODULE","user":"Admin Yesenia","ip":"::1","url":"\/prueba\/distribuidora-esqueleto\/src\/js\/lib\/DataTables\/datatables-min.js","message":"Ruta ingresada inexistente, ruta: \/src\/js\/lib\/DataTables\/datatables-min.js","context":[]}
{"timestamp":"2026-03-25 16:35:55","level":"MODULE","user":"Admin Yesenia","ip":"::1","url":"\/prueba\/distribuidora-esqueleto\/src\/js\/lib\/DataTables\/pdfmake.js.map","message":"Ruta ingresada inexistente, ruta: \/src\/js\/lib\/DataTables\/pdfmake.js.map","context":[]}
{"timestamp":"2026-03-25 16:43:43","level":"MODULE","user":"Admin Yesenia","ip":"::1","url":"\/prueba\/distribuidora-esqueleto\/src\/js\/lib\/DataTables\/datatables-min.js","message":"Ruta ingresada inexistente, ruta: \/src\/js\/lib\/DataTables\/datatables-min.js","context":[]}
{"timestamp":"2026-03-25 16:43:43","level":"MODULE","user":"Admin Yesenia","ip":"::1","url":"\/prueba\/distribuidora-esqueleto\/src\/js\/lib\/DataTables\/pdfmake.js.map","message":"Ruta ingresada inexistente, ruta: \/src\/js\/lib\/DataTables\/pdfmake.js.map","context":[]}
{"timestamp":"2026-03-25 16:43:57","level":"MODULE","user":"Admin Yesenia","ip":"::1","url":"\/prueba\/distribuidora-esqueleto\/src\/js\/lib\/DataTables\/datatables-min.js","message":"Ruta ingresada inexistente, ruta: \/src\/js\/lib\/DataTables\/datatables-min.js","context":[]}
{"timestamp":"2026-03-25 16:43:57","level":"MODULE","user":"Admin Yesenia","ip":"::1","url":"\/prueba\/distribuidora-esqueleto\/src\/js\/lib\/DataTables\/pdfmake.js.map","message":"Ruta ingresada inexistente, ruta: \/src\/js\/lib\/DataTables\/pdfmake.js.map","context":[]}
{"timestamp":"2026-03-25 16:44:31","level":"MODULE","user":"Admin Yesenia","ip":"::1","url":"\/prueba\/distribuidora-esqueleto\/src\/js\/lib\/DataTables\/datatables-min.js","message":"Ruta ingresada inexistente, ruta: \/src\/js\/lib\/DataTables\/datatables-min.js","context":[]}
{"timestamp":"2026-03-25 16:44:31","level":"MODULE","user":"Admin Yesenia","ip":"::1","url":"\/prueba\/distribuidora-esqueleto\/src\/js\/lib\/DataTables\/pdfmake.js.map","message":"Ruta ingresada inexistente, ruta: \/src\/js\/lib\/DataTables\/pdfmake.js.map","context":[]}
{"timestamp":"2026-03-25 16:45:57","level":"MODULE","user":"Admin Yesenia","ip":"::1","url":"\/prueba\/distribuidora-esqueleto\/src\/js\/lib\/DataTables\/datatables-min.js","message":"Ruta ingresada inexistente, ruta: \/src\/js\/lib\/DataTables\/datatables-min.js","context":[]}
{"timestamp":"2026-03-25 16:45:58","level":"MODULE","user":"Admin Yesenia","ip":"::1","url":"\/prueba\/distribuidora-esqueleto\/src\/js\/lib\/DataTables\/pdfmake.js.map","message":"Ruta ingresada inexistente, ruta: \/src\/js\/lib\/DataTables\/pdfmake.js.map","context":[]}
