{"timestamp":"2026-03-04 08:09:46","level":"MODULE","user":"Admin Yesenia","ip":"::1","url":"\/prueba\/distribuidora-esqueleto\/asdas","message":"Ruta ingresada inexistente, ruta: \/asdas","context":[]}
{"timestamp":"2026-03-04 08:10:08","level":"MODULE","user":"Admin Yesenia","ip":"::1","url":"\/prueba\/distribuidora-esqueleto\/asdas","message":"Ruta ingresada inexistente, ruta: \/asdas","context":[]}
{"timestamp":"2026-03-04 08:44:04","level":"MODULE","user":"Admin Yesenia","ip":"::1","url":"\/prueba\/distribuidora-esqueleto\/tickets","message":"Ruta ingresada inexistente, ruta: \/tickets","context":[]}
{"timestamp":"2026-03-04 10:12:36","level":"MODULE","user":"Admin Yesenia","ip":"::1","url":"\/prueba\/distribuidora-esqueleto\/tickets","message":"Ruta ingresada inexistente, ruta: \/tickets","context":[]}
{"timestamp":"2026-03-04 10:12:38","level":"MODULE","user":"Admin Yesenia","ip":"::1","url":"\/prueba\/distribuidora-esqueleto\/tickets","message":"Ruta ingresada inexistente, ruta: \/tickets","context":[]}
{"timestamp":"2026-03-04 10:14:56","level":"MODULE","user":"Admin Yesenia","ip":"::1","url":"\/prueba\/distribuidora-esqueleto\/api\/get-tickets","message":"Ruta ingresada inexistente, ruta: \/get-tickets","context":[]}
{"timestamp":"2026-03-04 10:14:57","level":"MODULE","user":"Admin Yesenia","ip":"::1","url":"\/prueba\/distribuidora-esqueleto\/api\/get-tickets","message":"Ruta ingresada inexistente, ruta: \/get-tickets","context":[]}
{"timestamp":"2026-03-04 10:15:24","level":"MODULE","user":"Admin Yesenia","ip":"::1","url":"\/prueba\/distribuidora-esqueleto\/api\/get-tickets","message":"Ruta ingresada inexistente, ruta: \/get-tickets","context":[]}
{"timestamp":"2026-03-04 10:16:25","level":"MODULE","user":"Admin Yesenia","ip":"::1","url":"\/prueba\/distribuidora-esqueleto\/asdas","message":"Ruta ingresada inexistente, ruta: \/asdas","context":[]}
{"timestamp":"2026-03-04 10:18:23","level":"MODULE","user":"Admin Yesenia","ip":"::1","url":"\/prueba\/distribuidora-esqueleto\/asdas","message":"Ruta ingresada inexistente, ruta: \/asdas","context":[]}
{"timestamp":"2026-03-04 11:38:03","level":"MODULE","user":"Admin Yesenia","ip":"::1","url":"\/prueba\/distribuidora-esqueleto\/api\/tickets","message":"Ruta ingresada inexistente, ruta: \/tickets","context":[]}
{"timestamp":"2026-03-04 11:38:19","level":"MODULE","user":"Admin Yesenia","ip":"::1","url":"\/prueba\/distribuidora-esqueleto\/api\/tickets","message":"Ruta ingresada inexistente, ruta: \/tickets","context":[]}
{"timestamp":"2026-03-04 15:05:31","level":"MODULE","user":"Admin Yesenia","ip":"::1","url":"\/prueba\/distribuidora-esqueleto\/blank","message":"Ruta ingresada inexistente, ruta: \/blank","context":[]}
{"timestamp":"2026-03-04 15:05:31","level":"MODULE","user":"Admin Yesenia","ip":"::1","url":"\/prueba\/distribuidora-esqueleto\/src\/js\/modules\/auth\/error.js","message":"Ruta ingresada inexistente, ruta: \/src\/js\/modules\/auth\/error.js","context":[]}
{"timestamp":"2026-03-04 15:22:49","level":"MODULE","user":"Admin Yesenia","ip":"::1","url":"\/prueba\/distribuidora-esqueleto\/ticket-index","message":"Ruta ingresada inexistente, ruta: \/ticket-index","context":[]}
{"timestamp":"2026-03-04 15:22:49","level":"MODULE","user":"Admin Yesenia","ip":"::1","url":"\/prueba\/distribuidora-esqueleto\/src\/js\/modules\/auth\/error.js","message":"Ruta ingresada inexistente, ruta: \/src\/js\/modules\/auth\/error.js","context":[]}
{"timestamp":"2026-03-04 15:22:55","level":"MODULE","user":"Admin Yesenia","ip":"::1","url":"\/prueba\/distribuidora-esqueleto\/ticket-index","message":"Ruta ingresada inexistente, ruta: \/ticket-index","context":[]}
{"timestamp":"2026-03-04 15:22:55","level":"MODULE","user":"Admin Yesenia","ip":"::1","url":"\/prueba\/distribuidora-esqueleto\/src\/js\/modules\/auth\/error.js","message":"Ruta ingresada inexistente, ruta: \/src\/js\/modules\/auth\/error.js","context":[]}
{"timestamp":"2026-03-04 15:23:00","level":"MODULE","user":"Admin Yesenia","ip":"::1","url":"\/prueba\/distribuidora-esqueleto\/ticket-index","message":"Ruta ingresada inexistente, ruta: \/ticket-index","context":[]}
{"timestamp":"2026-03-04 15:23:00","level":"MODULE","user":"Admin Yesenia","ip":"::1","url":"\/prueba\/distribuidora-esqueleto\/src\/js\/modules\/auth\/error.js","message":"Ruta ingresada inexistente, ruta: \/src\/js\/modules\/auth\/error.js","context":[]}
{"timestamp":"2026-03-04 15:23:22","level":"MODULE","user":"Admin Yesenia","ip":"::1","url":"\/prueba\/distribuidora-esqueleto\/ticket-index","message":"Ruta ingresada inexistente, ruta: \/ticket-index","context":[]}
{"timestamp":"2026-03-04 15:23:22","level":"MODULE","user":"Admin Yesenia","ip":"::1","url":"\/prueba\/distribuidora-esqueleto\/src\/js\/modules\/auth\/error.js","message":"Ruta ingresada inexistente, ruta: \/src\/js\/modules\/auth\/error.js","context":[]}
{"timestamp":"2026-03-04 15:24:20","level":"MODULE","user":"Admin Yesenia","ip":"::1","url":"\/prueba\/distribuidora-esqueleto\/ticket-index","message":"Ruta ingresada inexistente, ruta: \/ticket-index","context":[]}
{"timestamp":"2026-03-04 15:24:20","level":"MODULE","user":"Admin Yesenia","ip":"::1","url":"\/prueba\/distribuidora-esqueleto\/src\/js\/modules\/auth\/error.js","message":"Ruta ingresada inexistente, ruta: \/src\/js\/modules\/auth\/error.js","context":[]}
{"timestamp":"2026-03-04 15:25:23","level":"MODULE","user":"Admin Yesenia","ip":"::1","url":"\/prueba\/distribuidora-esqueleto\/ticket-index","message":"Ruta ingresada inexistente, ruta: \/ticket-index","context":[]}
{"timestamp":"2026-03-04 15:25:23","level":"MODULE","user":"Admin Yesenia","ip":"::1","url":"\/prueba\/distribuidora-esqueleto\/src\/js\/modules\/auth\/error.js","message":"Ruta ingresada inexistente, ruta: \/src\/js\/modules\/auth\/error.js","context":[]}
{"timestamp":"2026-03-04 15:25:28","level":"MODULE","user":"Admin Yesenia","ip":"::1","url":"\/prueba\/distribuidora-esqueleto\/ticket-index","message":"Ruta ingresada inexistente, ruta: \/ticket-index","context":[]}
{"timestamp":"2026-03-04 15:25:28","level":"MODULE","user":"Admin Yesenia","ip":"::1","url":"\/prueba\/distribuidora-esqueleto\/src\/js\/modules\/auth\/error.js","message":"Ruta ingresada inexistente, ruta: \/src\/js\/modules\/auth\/error.js","context":[]}
{"timestamp":"2026-03-04 15:26:21","level":"MODULE","user":"Admin Yesenia","ip":"::1","url":"\/prueba\/distribuidora-esqueleto\/ticket-index","message":"Ruta ingresada inexistente, ruta: \/ticket-index","context":[]}
{"timestamp":"2026-03-04 15:26:21","level":"MODULE","user":"Admin Yesenia","ip":"::1","url":"\/prueba\/distribuidora-esqueleto\/src\/js\/modules\/auth\/error.js","message":"Ruta ingresada inexistente, ruta: \/src\/js\/modules\/auth\/error.js","context":[]}
{"timestamp":"2026-03-04 15:28:32","level":"MODULE","user":"Admin Yesenia","ip":"::1","url":"\/prueba\/distribuidora-esqueleto\/ticket-index","message":"Ruta ingresada inexistente, ruta: \/ticket-index","context":[]}
{"timestamp":"2026-03-04 15:28:33","level":"MODULE","user":"Admin Yesenia","ip":"::1","url":"\/prueba\/distribuidora-esqueleto\/src\/js\/modules\/auth\/error.js","message":"Ruta ingresada inexistente, ruta: \/src\/js\/modules\/auth\/error.js","context":[]}
{"timestamp":"2026-03-04 15:28:56","level":"MODULE","user":"Admin Yesenia","ip":"::1","url":"\/prueba\/distribuidora-esqueleto\/ticket-index","message":"Ruta ingresada inexistente, ruta: \/ticket-index","context":[]}
{"timestamp":"2026-03-04 15:28:56","level":"MODULE","user":"Admin Yesenia","ip":"::1","url":"\/prueba\/distribuidora-esqueleto\/src\/js\/modules\/auth\/error.js","message":"Ruta ingresada inexistente, ruta: \/src\/js\/modules\/auth\/error.js","context":[]}
{"timestamp":"2026-03-04 15:29:14","level":"MODULE","user":"Admin Yesenia","ip":"::1","url":"\/prueba\/distribuidora-esqueleto\/ticket","message":"Ruta ingresada inexistente, ruta: \/ticket","context":[]}
{"timestamp":"2026-03-04 15:29:15","level":"MODULE","user":"Admin Yesenia","ip":"::1","url":"\/prueba\/distribuidora-esqueleto\/src\/js\/modules\/auth\/error.js","message":"Ruta ingresada inexistente, ruta: \/src\/js\/modules\/auth\/error.js","context":[]}
